{"numTotalTestSuites":26,"numPassedTestSuites":26,"numFailedTestSuites":0,"numPendingTestSuites":0,"numTotalTests":0,"numPassedTests":0,"numFailedTests":0,"numPendingTests":0,"numTodoTests":0,"snapshot":{"added":0,"failure":false,"filesAdded":0,"filesRemoved":0,"filesRemovedList":[],"filesUnmatched":0,"filesUpdated":0,"matched":0,"total":0,"unchecked":0,"uncheckedKeysByFile":[],"unmatched":0,"updated":0,"didUpdate":false},"startTime":1749954920742,"success":true,"testResults":[{"assertionResults":[],"startTime":1749954920742,"endTime":1749954920742,"status":"passed","message":"","name":"/Users/jono/Documents/GitHub/starcom-app/starcom-mk2/src/globe-engine/GlobeEngine.test.ts"},{"assertionResults":[],"startTime":1749954920742,"endTime":1749954920742,"status":"passed","message":"","name":"/Users/jono/Documents/GitHub/starcom-app/starcom-mk2/src/services/data-services.all.test.ts"},{"assertionResults":[],"startTime":1749954920742,"endTime":1749954920742,"status":"passed","message":"","name":"/Users/jono/Documents/GitHub/starcom-app/starcom-mk2/src/components/Auth/AuthErrorBoundary.test.tsx"},{"assertionResults":[],"startTime":1749954920742,"endTime":1749954920742,"status":"passed","message":"","name":"/Users/jono/Documents/GitHub/starcom-app/starcom-mk2/src/components/Auth/TermsModal.test.tsx"},{"assertionResults":[],"startTime":1749954920742,"endTime":1749954920742,"status":"passed","message":"","name":"/Users/jono/Documents/GitHub/starcom-app/starcom-mk2/src/components/Auth/TokenGatedPage.test.tsx"},{"assertionResults":[],"startTime":1749954920742,"endTime":1749954920742,"status":"passed","message":"","name":"/Users/jono/Documents/GitHub/starcom-app/starcom-mk2/src/components/Auth/WalletStatus.modal.test.tsx"},{"assertionResults":[],"startTime":1749954920742,"endTime":1749954920742,"status":"passed","message":"","name":"/Users/jono/Documents/GitHub/starcom-app/starcom-mk2/src/components/Auth/WalletStatus.network.test.tsx"},{"assertionResults":[],"startTime":1749954920742,"endTime":1749954920742,"status":"passed","message":"","name":"/Users/jono/Documents/GitHub/starcom-app/starcom-mk2/src/components/Auth/WalletStatus.session.test.tsx"},{"assertionResults":[],"startTime":1749954920742,"endTime":1749954920742,"status":"passed","message":"","name":"/Users/jono/Documents/GitHub/starcom-app/starcom-mk2/src/components/Auth/WalletStatus.test.tsx"},{"assertionResults":[],"startTime":1749954920742,"endTime":1749954920742,"status":"passed","message":"","name":"/Users/jono/Documents/GitHub/starcom-app/starcom-mk2/src/components/Auth/WalletStatus.unit.test.tsx"},{"assertionResults":[],"startTime":1749954920742,"endTime":1749954920742,"status":"passed","message":"","name":"/Users/jono/Documents/GitHub/starcom-app/starcom-mk2/src/components/Auth/Web3Login.accessibility.test.tsx"},{"assertionResults":[],"startTime":1749954920742,"endTime":1749954920742,"status":"passed","message":"","name":"/Users/jono/Documents/GitHub/starcom-app/starcom-mk2/src/components/Auth/Web3Login.protected.test.tsx"},{"assertionResults":[],"startTime":1749954920742,"endTime":1749954920742,"status":"passed","message":"","name":"/Users/jono/Documents/GitHub/starcom-app/starcom-mk2/src/components/Auth/Web3Login.wallet.test.tsx"},{"assertionResults":[],"startTime":1749954920742,"endTime":1749954920742,"status":"passed","message":"","name":"/Users/jono/Documents/GitHub/starcom-app/starcom-mk2/src/components/Shared/SessionExpiryCountdown.test.tsx"},{"assertionResults":[],"startTime":1749954920742,"endTime":1749954920742,"status":"passed","message":"","name":"/Users/jono/Documents/GitHub/starcom-app/starcom-mk2/src/components/TinyGlobe/TinyGlobe.test.tsx"},{"assertionResults":[],"startTime":1749954920742,"endTime":1749954920742,"status":"passed","message":"","name":"/Users/jono/Documents/GitHub/starcom-app/starcom-mk2/src/services/eia/EIADataCacheService.observability.test.ts"},{"assertionResults":[],"startTime":1749954920742,"endTime":1749954920742,"status":"passed","message":"","name":"/Users/jono/Documents/GitHub/starcom-app/starcom-mk2/src/services/eia/EIADataCacheService.unit.test.ts"},{"assertionResults":[],"startTime":1749954920742,"endTime":1749954920742,"status":"passed","message":"","name":"/Users/jono/Documents/GitHub/starcom-app/starcom-mk2/src/services/eia/EIADataProvider.observability.test.ts"},{"assertionResults":[],"startTime":1749954920742,"endTime":1749954920742,"status":"passed","message":"","name":"/Users/jono/Documents/GitHub/starcom-app/starcom-mk2/src/services/eia/EIADataProvider.unit.test.ts"},{"assertionResults":[],"startTime":1749954920742,"endTime":1749954920742,"status":"passed","message":"","name":"/Users/jono/Documents/GitHub/starcom-app/starcom-mk2/src/services/eia/EIAService.e2e.test.ts"},{"assertionResults":[],"startTime":1749954920742,"endTime":1749954920742,"status":"passed","message":"","name":"/Users/jono/Documents/GitHub/starcom-app/starcom-mk2/src/services/eia/EIAService.test.ts"},{"assertionResults":[],"startTime":1749954920742,"endTime":1749954920742,"status":"passed","message":"","name":"/Users/jono/Documents/GitHub/starcom-app/starcom-mk2/src/services/market/MarketDataCacheService.unit.test.ts"},{"assertionResults":[],"startTime":1749954920742,"endTime":1749954920742,"status":"passed","message":"","name":"/Users/jono/Documents/GitHub/starcom-app/starcom-mk2/src/services/market/MarketDataProvider.unit.test.ts"},{"assertionResults":[],"startTime":1749954920742,"endTime":1749954920742,"status":"passed","message":"","name":"/Users/jono/Documents/GitHub/starcom-app/starcom-mk2/src/services/shared/FallbackProvider.unit.test.ts"},{"assertionResults":[],"startTime":1749954920742,"endTime":1749954920742,"status":"passed","message":"","name":"/Users/jono/Documents/GitHub/starcom-app/starcom-mk2/src/components/HUD/Bars/TopBar/Marquee.test.tsx"},{"assertionResults":[],"startTime":1749954920742,"endTime":1749954920742,"status":"passed","message":"","name":"/Users/jono/Documents/GitHub/starcom-app/starcom-mk2/src/components/HUD/Bars/TopBar/TopBar.test.tsx"}]}