{"numTotalTestSuites":121,"numPassedTestSuites":92,"numFailedTestSuites":29,"numPendingTestSuites":0,"numTotalTests":216,"numPassedTests":161,"numFailedTests":55,"numPendingTests":0,"numTodoTests":0,"snapshot":{"added":0,"failure":false,"filesAdded":0,"filesRemoved":0,"filesRemovedList":[],"filesUnmatched":0,"filesUpdated":0,"matched":0,"total":0,"unchecked":0,"uncheckedKeysByFile":[],"unmatched":0,"updated":0,"didUpdate":false},"startTime":1750769871631,"success":false,"testResults":[{"assertionResults":[{"ancestorTitles":["IntelReportData Models","IntelReportData interface"],"fullName":"IntelReportData Models IntelReportData interface should accept all required fields","status":"passed","title":"should accept all required fields","duration":0.14958300000034797,"failureMessages":[],"meta":{}},{"ancestorTitles":["IntelReportData Models","IntelReportData interface"],"fullName":"IntelReportData Models IntelReportData interface should accept optional fields","status":"passed","title":"should accept optional fields","duration":0.09833299999991141,"failureMessages":[],"meta":{}},{"ancestorTitles":["IntelReportData Models","IntelReportFormData interface"],"fullName":"IntelReportData Models IntelReportFormData interface should represent form data structure correctly","status":"passed","title":"should represent form data structure correctly","duration":0.1014999999988504,"failureMessages":[],"meta":{}},{"ancestorTitles":["IntelReportData Models","IntelReportTransformer","formToBlockchain"],"fullName":"IntelReportData Models IntelReportTransformer formToBlockchain should convert form data to blockchain data correctly","status":"passed","title":"should convert form data to blockchain data correctly","duration":0.1314589999983582,"failureMessages":[],"meta":{}},{"ancestorTitles":["IntelReportData Models","IntelReportTransformer","formToBlockchain"],"fullName":"IntelReportData Models IntelReportTransformer formToBlockchain should handle empty tags","status":"passed","title":"should handle empty tags","duration":0.04033299999900919,"failureMessages":[],"meta":{}},{"ancestorTitles":["IntelReportData Models","IntelReportTransformer","formToBlockchain"],"fullName":"IntelReportData Models IntelReportTransformer formToBlockchain should trim whitespace from tags","status":"passed","title":"should trim whitespace from tags","duration":0.16887499999938882,"failureMessages":[],"meta":{}},{"ancestorTitles":["IntelReportData Models","IntelReportTransformer","blockchainToData"],"fullName":"IntelReportData Models IntelReportTransformer blockchainToData should convert blockchain data to unified data correctly","status":"passed","title":"should convert blockchain data to unified data correctly","duration":0.16491599999972095,"failureMessages":[],"meta":{}},{"ancestorTitles":["IntelReportData Models","IntelReportTransformer","blockchainToData"],"fullName":"IntelReportData Models IntelReportTransformer blockchainToData should handle missing optional parameters","status":"passed","title":"should handle missing optional parameters","duration":0.08899999999994179,"failureMessages":[],"meta":{}},{"ancestorTitles":["IntelReportData Models","IntelReportTransformer","dataToOverlayMarker"],"fullName":"IntelReportData Models IntelReportTransformer dataToOverlayMarker should convert unified data to overlay marker correctly","status":"passed","title":"should convert unified data to overlay marker correctly","duration":0.10425000000032014,"failureMessages":[],"meta":{}},{"ancestorTitles":["IntelReportData Models","IntelReportTransformer","dataToOverlayMarker"],"fullName":"IntelReportData Models IntelReportTransformer dataToOverlayMarker should handle missing pubkey","status":"passed","title":"should handle missing pubkey","duration":0.03350000000136788,"failureMessages":[],"meta":{}},{"ancestorTitles":["IntelReportData Models","IntelReportTransformer","validate"],"fullName":"IntelReportData Models IntelReportTransformer validate should validate complete intel report data","status":"passed","title":"should validate complete intel report data","duration":0.06608299999970768,"failureMessages":[],"meta":{}},{"ancestorTitles":["IntelReportData Models","IntelReportTransformer","validate"],"fullName":"IntelReportData Models IntelReportTransformer validate should identify missing required fields","status":"passed","title":"should identify missing required fields","duration":0.13783300000068266,"failureMessages":[],"meta":{}},{"ancestorTitles":["IntelReportData Models","IntelReportTransformer","validate"],"fullName":"IntelReportData Models IntelReportTransformer validate should handle invalid numeric values","status":"passed","title":"should handle invalid numeric values","duration":0.06666600000062317,"failureMessages":[],"meta":{}}],"startTime":1750769880496,"endTime":1750769880497.138,"status":"passed","message":"","name":"/Users/jono/Documents/GitHub/starcom-app/starcom-mk2/test/IntelReportData.test.ts"},{"assertionResults":[{"ancestorTitles":["IntelReportPopup"],"fullName":"IntelReportPopup should render the Intel Report form","status":"passed","title":"should render the Intel Report form","duration":8.791541999999026,"failureMessages":[],"meta":{}},{"ancestorTitles":["IntelReportPopup"],"fullName":"IntelReportPopup should have proper form structure","status":"passed","title":"should have proper form structure","duration":4.647750000000087,"failureMessages":[],"meta":{}},{"ancestorTitles":["IntelReportPopup"],"fullName":"IntelReportPopup should have wallet and minting section","status":"passed","title":"should have wallet and minting section","duration":2.965374999999767,"failureMessages":[],"meta":{}}],"startTime":1750769880300,"endTime":1750769880315.9653,"status":"passed","message":"","name":"/Users/jono/Documents/GitHub/starcom-app/starcom-mk2/test/IntelReportPopup.test.tsx"},{"assertionResults":[{"ancestorTitles":["IntelReportService","constructor"],"fullName":"IntelReportService constructor should initialize with valid connection and program ID","status":"passed","title":"should initialize with valid connection and program ID","duration":0.8932910000003176,"failureMessages":[],"meta":{}},{"ancestorTitles":["IntelReportService","constructor"],"fullName":"IntelReportService constructor should handle invalid program ID gracefully","status":"passed","title":"should handle invalid program ID gracefully","duration":1.536792000000787,"failureMessages":[],"meta":{}},{"ancestorTitles":["IntelReportService","enableAnchorMode"],"fullName":"IntelReportService enableAnchorMode should log message indicating Anchor mode is disabled for MVP","status":"passed","title":"should log message indicating Anchor mode is disabled for MVP","duration":0.951666999999361,"failureMessages":[],"meta":{}},{"ancestorTitles":["IntelReportService","submitIntelReport"],"fullName":"IntelReportService submitIntelReport should successfully submit intel report with valid data","status":"passed","title":"should successfully submit intel report with valid data","duration":1.1497500000004948,"failureMessages":[],"meta":{}},{"ancestorTitles":["IntelReportService","submitIntelReport"],"fullName":"IntelReportService submitIntelReport should throw error when wallet is not connected","status":"passed","title":"should throw error when wallet is not connected","duration":1.2223749999993743,"failureMessages":[],"meta":{}},{"ancestorTitles":["IntelReportService","submitIntelReport"],"fullName":"IntelReportService submitIntelReport should throw error when wallet does not support transaction signing","status":"passed","title":"should throw error when wallet does not support transaction signing","duration":0.8524579999993875,"failureMessages":[],"meta":{}},{"ancestorTitles":["IntelReportService","submitIntelReport"],"fullName":"IntelReportService submitIntelReport should handle connection errors gracefully","status":"passed","title":"should handle connection errors gracefully","duration":1.045749999999316,"failureMessages":[],"meta":{}},{"ancestorTitles":["IntelReportService","fetchIntelReports"],"fullName":"IntelReportService fetchIntelReports should return placeholder data for MVP","status":"passed","title":"should return placeholder data for MVP","duration":0.9022920000006707,"failureMessages":[],"meta":{}},{"ancestorTitles":["IntelReportService","fetchIntelReports"],"fullName":"IntelReportService fetchIntelReports should handle errors gracefully and return placeholder data","status":"passed","title":"should handle errors gracefully and return placeholder data","duration":0.6502919999984442,"failureMessages":[],"meta":{}},{"ancestorTitles":["IntelReportService","data validation"],"fullName":"IntelReportService data validation should handle intel report with all required fields","status":"passed","title":"should handle intel report with all required fields","duration":0.912333000000217,"failureMessages":[],"meta":{}},{"ancestorTitles":["IntelReportService","data validation"],"fullName":"IntelReportService data validation should handle intel report with optional fields","status":"passed","title":"should handle intel report with optional fields","duration":1.2035420000011072,"failureMessages":[],"meta":{}}],"startTime":1750769880366,"endTime":1750769880377.2036,"status":"passed","message":"","name":"/Users/jono/Documents/GitHub/starcom-app/starcom-mk2/test/IntelReportService.test.ts"},{"assertionResults":[{"ancestorTitles":["SpaceWeatherContext Electric Field Toggle"],"fullName":"SpaceWeatherContext Electric Field Toggle should show overlay when electric fields are enabled","status":"failed","title":"should show overlay when electric fields are enabled","duration":0.8285000000000764,"failureMessages":["Error: Cannot find module '../hooks/useEcoNaturalSettings'\nRequire stack:\n- /Users/jono/Documents/GitHub/starcom-app/starcom-mk2/src/context/SpaceWeatherContext.test.tsx\n    at Function._resolveFilename (node:internal/modules/cjs/loader:1249:15)\n    at Function._load (node:internal/modules/cjs/loader:1075:27)\n    at TracingChannel.traceSync (node:diagnostics_channel:322:14)\n    at wrapModuleLoad (node:internal/modules/cjs/loader:219:24)\n    at Module.require (node:internal/modules/cjs/loader:1340:12)\n    at require (node:internal/modules/helpers:138:16)\n    at /Users/jono/Documents/GitHub/starcom-app/starcom-mk2/src/context/SpaceWeatherContext.test.tsx:64:13\n    at file:///Users/jono/Documents/GitHub/starcom-app/starcom-mk2/node_modules/@vitest/runner/dist/chunk-hooks.js:155:11\n    at file:///Users/jono/Documents/GitHub/starcom-app/starcom-mk2/node_modules/@vitest/runner/dist/chunk-hooks.js:1894:20\n    at new Promise (<anonymous>)"],"meta":{}},{"ancestorTitles":["SpaceWeatherContext Electric Field Toggle"],"fullName":"SpaceWeatherContext Electric Field Toggle should hide overlay when electric fields are disabled","status":"failed","title":"should hide overlay when electric fields are disabled","duration":0.15287499999999454,"failureMessages":["Error: Cannot find module '../hooks/useEcoNaturalSettings'\nRequire stack:\n- /Users/jono/Documents/GitHub/starcom-app/starcom-mk2/src/context/SpaceWeatherContext.test.tsx\n    at Function._resolveFilename (node:internal/modules/cjs/loader:1249:15)\n    at Function._load (node:internal/modules/cjs/loader:1075:27)\n    at TracingChannel.traceSync (node:diagnostics_channel:322:14)\n    at wrapModuleLoad (node:internal/modules/cjs/loader:219:24)\n    at Module.require (node:internal/modules/cjs/loader:1340:12)\n    at require (node:internal/modules/helpers:138:16)\n    at /Users/jono/Documents/GitHub/starcom-app/starcom-mk2/src/context/SpaceWeatherContext.test.tsx:64:13\n    at file:///Users/jono/Documents/GitHub/starcom-app/starcom-mk2/node_modules/@vitest/runner/dist/chunk-hooks.js:155:11\n    at file:///Users/jono/Documents/GitHub/starcom-app/starcom-mk2/node_modules/@vitest/runner/dist/chunk-hooks.js:1894:20\n    at new Promise (<anonymous>)"],"meta":{}},{"ancestorTitles":["SpaceWeatherContext Electric Field Toggle"],"fullName":"SpaceWeatherContext Electric Field Toggle should provide normalization settings","status":"failed","title":"should provide normalization settings","duration":0.1260420000000977,"failureMessages":["Error: Cannot find module '../hooks/useEcoNaturalSettings'\nRequire stack:\n- /Users/jono/Documents/GitHub/starcom-app/starcom-mk2/src/context/SpaceWeatherContext.test.tsx\n    at Function._resolveFilename (node:internal/modules/cjs/loader:1249:15)\n    at Function._load (node:internal/modules/cjs/loader:1075:27)\n    at TracingChannel.traceSync (node:diagnostics_channel:322:14)\n    at wrapModuleLoad (node:internal/modules/cjs/loader:219:24)\n    at Module.require (node:internal/modules/cjs/loader:1340:12)\n    at require (node:internal/modules/helpers:138:16)\n    at /Users/jono/Documents/GitHub/starcom-app/starcom-mk2/src/context/SpaceWeatherContext.test.tsx:64:13\n    at file:///Users/jono/Documents/GitHub/starcom-app/starcom-mk2/node_modules/@vitest/runner/dist/chunk-hooks.js:155:11\n    at file:///Users/jono/Documents/GitHub/starcom-app/starcom-mk2/node_modules/@vitest/runner/dist/chunk-hooks.js:1894:20\n    at new Promise (<anonymous>)"],"meta":{}},{"ancestorTitles":["SpaceWeatherContext Electric Field Toggle"],"fullName":"SpaceWeatherContext Electric Field Toggle should provide update function","status":"failed","title":"should provide update function","duration":0.11479199999985212,"failureMessages":["Error: Cannot find module '../hooks/useEcoNaturalSettings'\nRequire stack:\n- /Users/jono/Documents/GitHub/starcom-app/starcom-mk2/src/context/SpaceWeatherContext.test.tsx\n    at Function._resolveFilename (node:internal/modules/cjs/loader:1249:15)\n    at Function._load (node:internal/modules/cjs/loader:1075:27)\n    at TracingChannel.traceSync (node:diagnostics_channel:322:14)\n    at wrapModuleLoad (node:internal/modules/cjs/loader:219:24)\n    at Module.require (node:internal/modules/cjs/loader:1340:12)\n    at require (node:internal/modules/helpers:138:16)\n    at /Users/jono/Documents/GitHub/starcom-app/starcom-mk2/src/context/SpaceWeatherContext.test.tsx:64:13\n    at file:///Users/jono/Documents/GitHub/starcom-app/starcom-mk2/node_modules/@vitest/runner/dist/chunk-hooks.js:155:11\n    at file:///Users/jono/Documents/GitHub/starcom-app/starcom-mk2/node_modules/@vitest/runner/dist/chunk-hooks.js:1894:20\n    at new Promise (<anonymous>)"],"meta":{}},{"ancestorTitles":["SpaceWeatherContext Electric Field Toggle"],"fullName":"SpaceWeatherContext Electric Field Toggle should provide empty visualization vectors when no data","status":"failed","title":"should provide empty visualization vectors when no data","duration":0.11179199999992306,"failureMessages":["Error: Cannot find module '../hooks/useEcoNaturalSettings'\nRequire stack:\n- /Users/jono/Documents/GitHub/starcom-app/starcom-mk2/src/context/SpaceWeatherContext.test.tsx\n    at Function._resolveFilename (node:internal/modules/cjs/loader:1249:15)\n    at Function._load (node:internal/modules/cjs/loader:1075:27)\n    at TracingChannel.traceSync (node:diagnostics_channel:322:14)\n    at wrapModuleLoad (node:internal/modules/cjs/loader:219:24)\n    at Module.require (node:internal/modules/cjs/loader:1340:12)\n    at require (node:internal/modules/helpers:138:16)\n    at /Users/jono/Documents/GitHub/starcom-app/starcom-mk2/src/context/SpaceWeatherContext.test.tsx:64:13\n    at file:///Users/jono/Documents/GitHub/starcom-app/starcom-mk2/node_modules/@vitest/runner/dist/chunk-hooks.js:155:11\n    at file:///Users/jono/Documents/GitHub/starcom-app/starcom-mk2/node_modules/@vitest/runner/dist/chunk-hooks.js:1894:20\n    at new Promise (<anonymous>)"],"meta":{}}],"startTime":1750769873631,"endTime":1750769873633.1118,"status":"failed","message":"","name":"/Users/jono/Documents/GitHub/starcom-app/starcom-mk2/src/context/SpaceWeatherContext.test.tsx"},{"assertionResults":[{"ancestorTitles":["Globe Space Weather Integration"],"fullName":"Globe Space Weather Integration should add space weather InterMag overlay and fetch data","status":"passed","title":"should add space weather InterMag overlay and fetch data","duration":100.97629200000029,"failureMessages":[],"meta":{}},{"ancestorTitles":["Globe Space Weather Integration"],"fullName":"Globe Space Weather Integration should add space weather US-Canada overlay and fetch data","status":"passed","title":"should add space weather US-Canada overlay and fetch data","duration":100.59116699999959,"failureMessages":[],"meta":{}},{"ancestorTitles":["Globe Space Weather Integration"],"fullName":"Globe Space Weather Integration should handle space weather data fetch errors gracefully","status":"passed","title":"should handle space weather data fetch errors gracefully","duration":100.54012500000044,"failureMessages":[],"meta":{}},{"ancestorTitles":["Globe Space Weather Integration"],"fullName":"Globe Space Weather Integration should remove space weather overlays correctly","status":"passed","title":"should remove space weather overlays correctly","duration":0.5378340000006574,"failureMessages":[],"meta":{}},{"ancestorTitles":["Globe Space Weather Integration"],"fullName":"Globe Space Weather Integration should include space weather overlays in CyberCommand mode defaults","status":"passed","title":"should include space weather overlays in CyberCommand mode defaults","duration":0.2962499999994179,"failureMessages":[],"meta":{}},{"ancestorTitles":["Globe Space Weather Integration"],"fullName":"Globe Space Weather Integration should transform NOAA data to proper intelligence markers format","status":"passed","title":"should transform NOAA data to proper intelligence markers format","duration":0.601542000000336,"failureMessages":[],"meta":{}}],"startTime":1750769879481,"endTime":1750769879784.6016,"status":"passed","message":"","name":"/Users/jono/Documents/GitHub/starcom-app/starcom-mk2/src/globe-engine/GlobeEngine.spaceWeather.test.ts"},{"assertionResults":[{"ancestorTitles":["GlobeEngine Overlay Logic"],"fullName":"GlobeEngine Overlay Logic should add overlays and cache overlay data","status":"passed","title":"should add overlays and cache overlay data","duration":637.1251669999999,"failureMessages":[],"meta":{}},{"ancestorTitles":["GlobeEngine Overlay Logic"],"fullName":"GlobeEngine Overlay Logic should reset overlays to mode defaults on setMode","status":"passed","title":"should reset overlays to mode defaults on setMode","duration":601.7814579999999,"failureMessages":[],"meta":{}},{"ancestorTitles":["GlobeEngine Overlay Logic"],"fullName":"GlobeEngine Overlay Logic should emit overlayDataUpdated event","status":"passed","title":"should emit overlayDataUpdated event","duration":4.112041999999747,"failureMessages":[],"meta":{}},{"ancestorTitles":["GlobeEngine Integration (artifact-driven)"],"fullName":"GlobeEngine Integration (artifact-driven) should fetch and cache overlay data for weather and naturalEvents (mocked)","status":"passed","title":"should fetch and cache overlay data for weather and naturalEvents (mocked)","duration":701.8477080000002,"failureMessages":[],"meta":{}},{"ancestorTitles":["GlobeEngine Integration (artifact-driven)"],"fullName":"GlobeEngine Integration (artifact-driven) should allow toggling overlays and emit correct events","status":"passed","title":"should allow toggling overlays and emit correct events","duration":0.5535829999998896,"failureMessages":[],"meta":{}},{"ancestorTitles":["GlobeEngine Integration (artifact-driven)"],"fullName":"GlobeEngine Integration (artifact-driven) should fetch and cache overlay data for spaceAssets (mocked)","status":"passed","title":"should fetch and cache overlay data for spaceAssets (mocked)","duration":601.1459999999997,"failureMessages":[],"meta":{}},{"ancestorTitles":["GlobeEngine Integration (artifact-driven)"],"fullName":"GlobeEngine Integration (artifact-driven) should emit overlayDataLoading and overlayDataError for spaceAssets","status":"passed","title":"should emit overlayDataLoading and overlayDataError for spaceAssets","duration":601.3108339999999,"failureMessages":[],"meta":{}},{"ancestorTitles":["GlobeEngine Integration (artifact-driven)"],"fullName":"GlobeEngine Integration (artifact-driven) should periodically update spaceAssets overlay (artifact-driven, fake timers)","status":"passed","title":"should periodically update spaceAssets overlay (artifact-driven, fake timers)","duration":2.015374999999949,"failureMessages":[],"meta":{}}],"startTime":1750769873870,"endTime":1750769877021.0154,"status":"passed","message":"","name":"/Users/jono/Documents/GitHub/starcom-app/starcom-mk2/src/globe-engine/GlobeEngine.test.ts"},{"assertionResults":[{"ancestorTitles":["NOAAGeomagneticService"],"fullName":"NOAAGeomagneticService should have tests implemented","status":"passed","title":"should have tests implemented","duration":0.05866699999933189,"failureMessages":[],"meta":{}}],"startTime":1750769880550,"endTime":1750769880550.0586,"status":"passed","message":"","name":"/Users/jono/Documents/GitHub/starcom-app/starcom-mk2/src/services/NOAAGeomagneticService.test.ts"},{"assertionResults":[{"ancestorTitles":["EIADataProvider"],"fullName":"EIADataProvider returns data on success","status":"passed","title":"returns data on success","duration":572.8159169999999,"failureMessages":[],"meta":{}},{"ancestorTitles":["EIADataProvider"],"fullName":"EIADataProvider calls observer hooks","status":"passed","title":"calls observer hooks","duration":332.92491599999994,"failureMessages":[],"meta":{}},{"ancestorTitles":["EIADataProvider observability"],"fullName":"EIADataProvider observability calls observer hooks on fetch success","status":"passed","title":"calls observer hooks on fetch success","duration":360.8386249999994,"failureMessages":[],"meta":{}},{"ancestorTitles":["EIADataCacheService"],"fullName":"EIADataCacheService returns cached value on hit","status":"passed","title":"returns cached value on hit","duration":0.15508299999964947,"failureMessages":[],"meta":{}},{"ancestorTitles":["EIADataCacheService"],"fullName":"EIADataCacheService expires value after TTL","status":"passed","title":"expires value after TTL","duration":0.3882499999999709,"failureMessages":[],"meta":{}},{"ancestorTitles":["EIADataCacheService"],"fullName":"EIADataCacheService calls observer hooks","status":"passed","title":"calls observer hooks","duration":0.23237500000050204,"failureMessages":[],"meta":{}},{"ancestorTitles":["EIADataCacheService observability"],"fullName":"EIADataCacheService observability calls observer hooks on cache hit/miss/evict","status":"passed","title":"calls observer hooks on cache hit/miss/evict","duration":0.11570899999969697,"failureMessages":[],"meta":{}},{"ancestorTitles":["MarketDataProvider.unit (placeholder)"],"fullName":"MarketDataProvider.unit (placeholder) should have real tests implemented","status":"passed","title":"should have real tests implemented","duration":0.03154199999971752,"failureMessages":[],"meta":{}},{"ancestorTitles":["MarketDataCacheService.unit (placeholder)"],"fullName":"MarketDataCacheService.unit (placeholder) should have real tests implemented","status":"passed","title":"should have real tests implemented","duration":0.024750000000494765,"failureMessages":[],"meta":{}},{"ancestorTitles":["FallbackProvider"],"fullName":"FallbackProvider returns data from the first successful provider","status":"passed","title":"returns data from the first successful provider","duration":0.16383400000086112,"failureMessages":[],"meta":{}},{"ancestorTitles":["FallbackProvider"],"fullName":"FallbackProvider throws if all providers fail","status":"passed","title":"throws if all providers fail","duration":0.14316599999983737,"failureMessages":[],"meta":{}},{"ancestorTitles":["EIAService.e2e (placeholder)"],"fullName":"EIAService.e2e (placeholder) should have real tests implemented","status":"passed","title":"should have real tests implemented","duration":0.02641700000003766,"failureMessages":[],"meta":{}},{"ancestorTitles":["EIAService"],"fullName":"EIAService fetches the latest oil price successfully","status":"passed","title":"fetches the latest oil price successfully","duration":13.816583000000719,"failureMessages":[],"meta":{}},{"ancestorTitles":["EIAService"],"fullName":"EIAService fetches the latest gasoline price successfully","status":"passed","title":"fetches the latest gasoline price successfully","duration":0.9379170000001977,"failureMessages":[],"meta":{}},{"ancestorTitles":["EIAService"],"fullName":"EIAService fetches the latest oil inventory successfully","status":"passed","title":"fetches the latest oil inventory successfully","duration":1.0277080000005299,"failureMessages":[],"meta":{}},{"ancestorTitles":["EIAService"],"fullName":"EIAService handles fetch errors","status":"passed","title":"handles fetch errors","duration":1.0450419999997393,"failureMessages":[],"meta":{}}],"startTime":1750769877069,"endTime":1750769878354.045,"status":"passed","message":"","name":"/Users/jono/Documents/GitHub/starcom-app/starcom-mk2/src/services/data-services.all.test.ts"},{"assertionResults":[{"ancestorTitles":["NOAA Electric Field Data - Real API Integration"],"fullName":"NOAA Electric Field Data - Real API Integration should discover what the NOAA InterMag directory actually contains","status":"failed","title":"should discover what the NOAA InterMag directory actually contains","duration":0.2879579999998896,"failureMessages":["TypeError: Cannot read properties of undefined (reading 'ok')\n    at /Users/jono/Documents/GitHub/starcom-app/starcom-mk2/src/services/noaaSpaceWeather.integration.test.ts:10:21\n    at processTicksAndRejections (node:internal/process/task_queues:105:5)\n    at file:///Users/jono/Documents/GitHub/starcom-app/starcom-mk2/node_modules/@vitest/runner/dist/chunk-hooks.js:752:20"],"meta":{}},{"ancestorTitles":["NOAA Electric Field Data - Real API Integration"],"fullName":"NOAA Electric Field Data - Real API Integration should discover what the NOAA US-Canada directory actually contains","status":"failed","title":"should discover what the NOAA US-Canada directory actually contains","duration":0.07375000000001819,"failureMessages":["TypeError: Cannot read properties of undefined (reading 'ok')\n    at /Users/jono/Documents/GitHub/starcom-app/starcom-mk2/src/services/noaaSpaceWeather.integration.test.ts:18:21\n    at processTicksAndRejections (node:internal/process/task_queues:105:5)\n    at file:///Users/jono/Documents/GitHub/starcom-app/starcom-mk2/node_modules/@vitest/runner/dist/chunk-hooks.js:752:20"],"meta":{}},{"ancestorTitles":["NOAA Electric Field Data - Real API Integration"],"fullName":"NOAA Electric Field Data - Real API Integration should fetch and parse actual InterMag electric field data","status":"failed","title":"should fetch and parse actual InterMag electric field data","duration":0.08341700000005403,"failureMessages":["TypeError: Cannot read properties of undefined (reading 'text')\n    at /Users/jono/Documents/GitHub/starcom-app/starcom-mk2/src/services/noaaSpaceWeather.integration.test.ts:26:36\n    at processTicksAndRejections (node:internal/process/task_queues:105:5)\n    at file:///Users/jono/Documents/GitHub/starcom-app/starcom-mk2/node_modules/@vitest/runner/dist/chunk-hooks.js:752:20"],"meta":{}},{"ancestorTitles":["NOAA Electric Field Data - Real API Integration"],"fullName":"NOAA Electric Field Data - Real API Integration should fetch and parse actual US-Canada electric field data","status":"failed","title":"should fetch and parse actual US-Canada electric field data","duration":0.06970799999999144,"failureMessages":["TypeError: Cannot read properties of undefined (reading 'text')\n    at /Users/jono/Documents/GitHub/starcom-app/starcom-mk2/src/services/noaaSpaceWeather.integration.test.ts:42:36\n    at processTicksAndRejections (node:internal/process/task_queues:105:5)\n    at file:///Users/jono/Documents/GitHub/starcom-app/starcom-mk2/node_modules/@vitest/runner/dist/chunk-hooks.js:752:20"],"meta":{}}],"startTime":1750769873644,"endTime":1750769873644.2878,"status":"failed","message":"","name":"/Users/jono/Documents/GitHub/starcom-app/starcom-mk2/src/services/noaaSpaceWeather.integration.test.ts"},{"assertionResults":[{"ancestorTitles":["NOAA Electric Field Data Quality"],"fullName":"NOAA Electric Field Data Quality should validate InterMag data has reasonable electric field values","status":"failed","title":"should validate InterMag data has reasonable electric field values","duration":0.22458300000016607,"failureMessages":["TypeError: Cannot read properties of undefined (reading 'ok')\n    at fetchLatestElectricFieldData (/Users/jono/Documents/GitHub/starcom-app/starcom-mk2/src/services/noaaSpaceWeather.ts:78:20)\n    at processTicksAndRejections (node:internal/process/task_queues:105:5)\n    at /Users/jono/Documents/GitHub/starcom-app/starcom-mk2/src/services/noaaSpaceWeather.quality.test.ts:8:18\n    at file:///Users/jono/Documents/GitHub/starcom-app/starcom-mk2/node_modules/@vitest/runner/dist/chunk-hooks.js:752:20"],"meta":{}},{"ancestorTitles":["NOAA to Starcom Intelligence Integration"],"fullName":"NOAA to Starcom Intelligence Integration should transform NOAA electric field data into intelligence overlay markers","status":"failed","title":"should transform NOAA electric field data into intelligence overlay markers","duration":0.10991699999999582,"failureMessages":["TypeError: Cannot read properties of undefined (reading 'ok')\n    at fetchLatestElectricFieldData (/Users/jono/Documents/GitHub/starcom-app/starcom-mk2/src/services/noaaSpaceWeather.ts:78:20)\n    at processTicksAndRejections (node:internal/process/task_queues:105:5)\n    at /Users/jono/Documents/GitHub/starcom-app/starcom-mk2/src/services/noaaSpaceWeather.quality.test.ts:29:22\n    at file:///Users/jono/Documents/GitHub/starcom-app/starcom-mk2/node_modules/@vitest/runner/dist/chunk-hooks.js:752:20"],"meta":{}}],"startTime":1750769873664,"endTime":1750769873665.1099,"status":"failed","message":"","name":"/Users/jono/Documents/GitHub/starcom-app/starcom-mk2/src/services/noaaSpaceWeather.quality.test.ts"},{"assertionResults":[{"ancestorTitles":["NOAA Electric Field Data - Real API Discovery"],"fullName":"NOAA Electric Field Data - Real API Discovery should discover what the NOAA InterMag directory actually contains","status":"failed","title":"should discover what the NOAA InterMag directory actually contains","duration":0.3751249999997981,"failureMessages":["TypeError: Cannot read properties of undefined (reading 'ok')\n    at /Users/jono/Documents/GitHub/starcom-app/starcom-mk2/src/services/noaaSpaceWeather.test.ts:19:21\n    at processTicksAndRejections (node:internal/process/task_queues:105:5)\n    at file:///Users/jono/Documents/GitHub/starcom-app/starcom-mk2/node_modules/@vitest/runner/dist/chunk-hooks.js:752:20"],"meta":{}},{"ancestorTitles":["NOAA Electric Field Data - Real API Discovery"],"fullName":"NOAA Electric Field Data - Real API Discovery should discover what the NOAA US-Canada directory actually contains","status":"failed","title":"should discover what the NOAA US-Canada directory actually contains","duration":0.08425000000011096,"failureMessages":["TypeError: Cannot read properties of undefined (reading 'ok')\n    at /Users/jono/Documents/GitHub/starcom-app/starcom-mk2/src/services/noaaSpaceWeather.test.ts:33:21\n    at processTicksAndRejections (node:internal/process/task_queues:105:5)\n    at file:///Users/jono/Documents/GitHub/starcom-app/starcom-mk2/node_modules/@vitest/runner/dist/chunk-hooks.js:752:20"],"meta":{}},{"ancestorTitles":["NOAA Electric Field Data - Real API Discovery"],"fullName":"NOAA Electric Field Data - Real API Discovery should fetch and parse actual InterMag electric field data","status":"failed","title":"should fetch and parse actual InterMag electric field data","duration":0.1166249999998854,"failureMessages":["TypeError: Cannot read properties of undefined (reading 'text')\n    at /Users/jono/Documents/GitHub/starcom-app/starcom-mk2/src/services/noaaSpaceWeather.test.ts:48:36\n    at processTicksAndRejections (node:internal/process/task_queues:105:5)\n    at file:///Users/jono/Documents/GitHub/starcom-app/starcom-mk2/node_modules/@vitest/runner/dist/chunk-hooks.js:752:20"],"meta":{}},{"ancestorTitles":["NOAA Electric Field Data - Real API Discovery"],"fullName":"NOAA Electric Field Data - Real API Discovery should fetch and parse actual US-Canada electric field data","status":"failed","title":"should fetch and parse actual US-Canada electric field data","duration":0.08699999999998909,"failureMessages":["TypeError: Cannot read properties of undefined (reading 'text')\n    at /Users/jono/Documents/GitHub/starcom-app/starcom-mk2/src/services/noaaSpaceWeather.test.ts:97:36\n    at processTicksAndRejections (node:internal/process/task_queues:105:5)\n    at file:///Users/jono/Documents/GitHub/starcom-app/starcom-mk2/node_modules/@vitest/runner/dist/chunk-hooks.js:752:20"],"meta":{}},{"ancestorTitles":["NOAA Filename Extraction"],"fullName":"NOAA Filename Extraction should extract latest InterMag filename from real directory HTML","status":"failed","title":"should extract latest InterMag filename from real directory HTML","duration":0.061749999999847205,"failureMessages":["TypeError: Cannot read properties of undefined (reading 'text')\n    at /Users/jono/Documents/GitHub/starcom-app/starcom-mk2/src/services/noaaSpaceWeather.test.ts:136:33\n    at processTicksAndRejections (node:internal/process/task_queues:105:5)\n    at file:///Users/jono/Documents/GitHub/starcom-app/starcom-mk2/node_modules/@vitest/runner/dist/chunk-hooks.js:752:20"],"meta":{}},{"ancestorTitles":["NOAA Filename Extraction"],"fullName":"NOAA Filename Extraction should extract latest US-Canada filename from real directory HTML","status":"failed","title":"should extract latest US-Canada filename from real directory HTML","duration":0.05679200000008677,"failureMessages":["TypeError: Cannot read properties of undefined (reading 'text')\n    at /Users/jono/Documents/GitHub/starcom-app/starcom-mk2/src/services/noaaSpaceWeather.test.ts:151:33\n    at processTicksAndRejections (node:internal/process/task_queues:105:5)\n    at file:///Users/jono/Documents/GitHub/starcom-app/starcom-mk2/node_modules/@vitest/runner/dist/chunk-hooks.js:752:20"],"meta":{}},{"ancestorTitles":["NOAA Electric Field Data Fetcher"],"fullName":"NOAA Electric Field Data Fetcher should fetch latest InterMag electric field data","status":"failed","title":"should fetch latest InterMag electric field data","duration":0.23670800000013514,"failureMessages":["TypeError: Cannot read properties of undefined (reading 'ok')\n    at fetchLatestElectricFieldData (/Users/jono/Documents/GitHub/starcom-app/starcom-mk2/src/services/noaaSpaceWeather.ts:78:20)\n    at processTicksAndRejections (node:internal/process/task_queues:105:5)\n    at /Users/jono/Documents/GitHub/starcom-app/starcom-mk2/src/services/noaaSpaceWeather.test.ts:168:18\n    at file:///Users/jono/Documents/GitHub/starcom-app/starcom-mk2/node_modules/@vitest/runner/dist/chunk-hooks.js:752:20"],"meta":{}},{"ancestorTitles":["NOAA Electric Field Data Fetcher"],"fullName":"NOAA Electric Field Data Fetcher should fetch latest US-Canada electric field data","status":"failed","title":"should fetch latest US-Canada electric field data","duration":0.07012500000018917,"failureMessages":["TypeError: Cannot read properties of undefined (reading 'ok')\n    at fetchLatestElectricFieldData (/Users/jono/Documents/GitHub/starcom-app/starcom-mk2/src/services/noaaSpaceWeather.ts:78:20)\n    at processTicksAndRejections (node:internal/process/task_queues:105:5)\n    at /Users/jono/Documents/GitHub/starcom-app/starcom-mk2/src/services/noaaSpaceWeather.test.ts:184:18\n    at file:///Users/jono/Documents/GitHub/starcom-app/starcom-mk2/node_modules/@vitest/runner/dist/chunk-hooks.js:752:20"],"meta":{}},{"ancestorTitles":["NOAA Electric Field Data Error Handling"],"fullName":"NOAA Electric Field Data Error Handling should throw error for invalid dataset type","status":"passed","title":"should throw error for invalid dataset type","duration":0.32037500000001273,"failureMessages":[],"meta":{}},{"ancestorTitles":["NOAA Electric Field Data Error Handling"],"fullName":"NOAA Electric Field Data Error Handling should handle network errors gracefully","status":"passed","title":"should handle network errors gracefully","duration":0.14620800000011513,"failureMessages":[],"meta":{}},{"ancestorTitles":["NOAA Electric Field Data Error Handling"],"fullName":"NOAA Electric Field Data Error Handling should handle empty directory listings","status":"passed","title":"should handle empty directory listings","duration":0.07454099999995378,"failureMessages":[],"meta":{}},{"ancestorTitles":["NOAA Electric Field Data Quality"],"fullName":"NOAA Electric Field Data Quality should validate InterMag data has reasonable electric field values","status":"failed","title":"should validate InterMag data has reasonable electric field values","duration":0.09516700000017408,"failureMessages":["TypeError: Cannot read properties of undefined (reading 'ok')\n    at fetchLatestElectricFieldData (/Users/jono/Documents/GitHub/starcom-app/starcom-mk2/src/services/noaaSpaceWeather.ts:78:20)\n    at processTicksAndRejections (node:internal/process/task_queues:105:5)\n    at /Users/jono/Documents/GitHub/starcom-app/starcom-mk2/src/services/noaaSpaceWeather.test.ts:239:18\n    at file:///Users/jono/Documents/GitHub/starcom-app/starcom-mk2/node_modules/@vitest/runner/dist/chunk-hooks.js:752:20"],"meta":{}},{"ancestorTitles":["NOAA Electric Field Data Quality"],"fullName":"NOAA Electric Field Data Quality should validate US-Canada data has reasonable electric field values","status":"failed","title":"should validate US-Canada data has reasonable electric field values","duration":0.0805000000000291,"failureMessages":["TypeError: Cannot read properties of undefined (reading 'ok')\n    at fetchLatestElectricFieldData (/Users/jono/Documents/GitHub/starcom-app/starcom-mk2/src/services/noaaSpaceWeather.ts:78:20)\n    at processTicksAndRejections (node:internal/process/task_queues:105:5)\n    at /Users/jono/Documents/GitHub/starcom-app/starcom-mk2/src/services/noaaSpaceWeather.test.ts:266:18\n    at file:///Users/jono/Documents/GitHub/starcom-app/starcom-mk2/node_modules/@vitest/runner/dist/chunk-hooks.js:752:20"],"meta":{}},{"ancestorTitles":["NOAA Electric Field Data Quality"],"fullName":"NOAA Electric Field Data Quality should have recent time_tag data","status":"failed","title":"should have recent time_tag data","duration":0.07020799999986593,"failureMessages":["TypeError: Cannot read properties of undefined (reading 'ok')\n    at fetchLatestElectricFieldData (/Users/jono/Documents/GitHub/starcom-app/starcom-mk2/src/services/noaaSpaceWeather.ts:78:20)\n    at processTicksAndRejections (node:internal/process/task_queues:105:5)\n    at /Users/jono/Documents/GitHub/starcom-app/starcom-mk2/src/services/noaaSpaceWeather.test.ts:290:26\n    at file:///Users/jono/Documents/GitHub/starcom-app/starcom-mk2/node_modules/@vitest/runner/dist/chunk-hooks.js:752:20"],"meta":{}},{"ancestorTitles":["NOAA to Starcom Intelligence Integration"],"fullName":"NOAA to Starcom Intelligence Integration should transform NOAA electric field data into intelligence overlay markers","status":"failed","title":"should transform NOAA electric field data into intelligence overlay markers","duration":0.07787500000017644,"failureMessages":["TypeError: Cannot read properties of undefined (reading 'ok')\n    at fetchLatestElectricFieldData (/Users/jono/Documents/GitHub/starcom-app/starcom-mk2/src/services/noaaSpaceWeather.ts:78:20)\n    at processTicksAndRejections (node:internal/process/task_queues:105:5)\n    at /Users/jono/Documents/GitHub/starcom-app/starcom-mk2/src/services/noaaSpaceWeather.test.ts:313:22\n    at file:///Users/jono/Documents/GitHub/starcom-app/starcom-mk2/node_modules/@vitest/runner/dist/chunk-hooks.js:752:20"],"meta":{}},{"ancestorTitles":["NOAA to Starcom Intelligence Integration"],"fullName":"NOAA to Starcom Intelligence Integration should create space weather alerts from high electric field values","status":"failed","title":"should create space weather alerts from high electric field values","duration":0.06725000000005821,"failureMessages":["TypeError: Cannot read properties of undefined (reading 'ok')\n    at fetchLatestElectricFieldData (/Users/jono/Documents/GitHub/starcom-app/starcom-mk2/src/services/noaaSpaceWeather.ts:78:20)\n    at processTicksAndRejections (node:internal/process/task_queues:105:5)\n    at /Users/jono/Documents/GitHub/starcom-app/starcom-mk2/src/services/noaaSpaceWeather.test.ts:346:22\n    at file:///Users/jono/Documents/GitHub/starcom-app/starcom-mk2/node_modules/@vitest/runner/dist/chunk-hooks.js:752:20"],"meta":{}},{"ancestorTitles":["NOAA to Starcom Intelligence Integration"],"fullName":"NOAA to Starcom Intelligence Integration should provide regional electric field analysis for intelligence","status":"failed","title":"should provide regional electric field analysis for intelligence","duration":0.1408329999999296,"failureMessages":["TypeError: Cannot read properties of undefined (reading 'ok')\n    at fetchLatestElectricFieldData (/Users/jono/Documents/GitHub/starcom-app/starcom-mk2/src/services/noaaSpaceWeather.ts:78:20)\n    at processTicksAndRejections (node:internal/process/task_queues:105:5)\n    at /Users/jono/Documents/GitHub/starcom-app/starcom-mk2/src/services/noaaSpaceWeather.test.ts:366:26\n    at file:///Users/jono/Documents/GitHub/starcom-app/starcom-mk2/node_modules/@vitest/runner/dist/chunk-hooks.js:752:20"],"meta":{}}],"startTime":1750769873587,"endTime":1750769873589.1462,"status":"failed","message":"","name":"/Users/jono/Documents/GitHub/starcom-app/starcom-mk2/src/services/noaaSpaceWeather.test.ts"},{"assertionResults":[{"ancestorTitles":["NOAA Filename Extraction"],"fullName":"NOAA Filename Extraction should extract latest InterMag filename from real directory HTML","status":"failed","title":"should extract latest InterMag filename from real directory HTML","duration":0.1592910000001666,"failureMessages":["TypeError: Cannot read properties of undefined (reading 'text')\n    at /Users/jono/Documents/GitHub/starcom-app/starcom-mk2/src/services/noaaSpaceWeather.unit.test.ts:9:33\n    at processTicksAndRejections (node:internal/process/task_queues:105:5)\n    at file:///Users/jono/Documents/GitHub/starcom-app/starcom-mk2/node_modules/@vitest/runner/dist/chunk-hooks.js:752:20"],"meta":{}},{"ancestorTitles":["NOAA Filename Extraction"],"fullName":"NOAA Filename Extraction should extract latest US-Canada filename from real directory HTML","status":"failed","title":"should extract latest US-Canada filename from real directory HTML","duration":0.07141599999999926,"failureMessages":["TypeError: Cannot read properties of undefined (reading 'text')\n    at /Users/jono/Documents/GitHub/starcom-app/starcom-mk2/src/services/noaaSpaceWeather.unit.test.ts:17:33\n    at processTicksAndRejections (node:internal/process/task_queues:105:5)\n    at file:///Users/jono/Documents/GitHub/starcom-app/starcom-mk2/node_modules/@vitest/runner/dist/chunk-hooks.js:752:20"],"meta":{}},{"ancestorTitles":["NOAA Filename Extraction"],"fullName":"NOAA Filename Extraction should handle malformed HTML and empty directory listings","status":"passed","title":"should handle malformed HTML and empty directory listings","duration":0.12487499999997453,"failureMessages":[],"meta":{}}],"startTime":1750769873655,"endTime":1750769873655.1592,"status":"failed","message":"","name":"/Users/jono/Documents/GitHub/starcom-app/starcom-mk2/src/services/noaaSpaceWeather.unit.test.ts"},{"assertionResults":[{"ancestorTitles":["TDD: Session Auto-Refresh (GREEN - Implementing)"],"fullName":"TDD: Session Auto-Refresh (GREEN - Implementing) should have a useAutoRefreshSession hook","status":"passed","title":"should have a useAutoRefreshSession hook","duration":0.6423750000001291,"failureMessages":[],"meta":{}},{"ancestorTitles":["TDD: Session Auto-Refresh (GREEN - Implementing)"],"fullName":"TDD: Session Auto-Refresh (GREEN - Implementing) should refresh session automatically when 75% of TTL has passed","status":"passed","title":"should refresh session automatically when 75% of TTL has passed","duration":0.15354200000001583,"failureMessages":[],"meta":{}},{"ancestorTitles":["TDD: Session Auto-Refresh (GREEN - Implementing)"],"fullName":"TDD: Session Auto-Refresh (GREEN - Implementing) should provide manual refresh with rate limiting","status":"passed","title":"should provide manual refresh with rate limiting","duration":0.0724999999999909,"failureMessages":[],"meta":{}},{"ancestorTitles":["TDD: Enhanced Session Security (GREEN - Implementing)"],"fullName":"TDD: Enhanced Session Security (GREEN - Implementing) should encrypt session data in localStorage","status":"passed","title":"should encrypt session data in localStorage","duration":0.1617909999999938,"failureMessages":[],"meta":{}},{"ancestorTitles":["TDD: Enhanced Session Security (GREEN - Implementing)"],"fullName":"TDD: Enhanced Session Security (GREEN - Implementing) should validate session integrity with checksums","status":"passed","title":"should validate session integrity with checksums","duration":0.13554199999998673,"failureMessages":[],"meta":{}},{"ancestorTitles":["TDD: Enhanced Session Security (GREEN - Implementing)"],"fullName":"TDD: Enhanced Session Security (GREEN - Implementing) should detect session tampering","status":"passed","title":"should detect session tampering","duration":0.07383299999992232,"failureMessages":[],"meta":{}},{"ancestorTitles":["TDD: Hardware Wallet Detection (GREEN - Implementing)"],"fullName":"TDD: Hardware Wallet Detection (GREEN - Implementing) should detect Ledger hardware wallets","status":"passed","title":"should detect Ledger hardware wallets","duration":0.14104199999997036,"failureMessages":[],"meta":{}},{"ancestorTitles":["TDD: Hardware Wallet Detection (GREEN - Implementing)"],"fullName":"TDD: Hardware Wallet Detection (GREEN - Implementing) should detect Trezor hardware wallets","status":"passed","title":"should detect Trezor hardware wallets","duration":0.06550000000015643,"failureMessages":[],"meta":{}},{"ancestorTitles":["TDD: Hardware Wallet Detection (GREEN - Implementing)"],"fullName":"TDD: Hardware Wallet Detection (GREEN - Implementing) should provide enhanced security flow for hardware wallets","status":"passed","title":"should provide enhanced security flow for hardware wallets","duration":0.19308399999999892,"failureMessages":[],"meta":{}},{"ancestorTitles":["TDD: Enhanced Session Security (RED - Not Implemented)"],"fullName":"TDD: Enhanced Session Security (RED - Not Implemented) should encrypt session data in localStorage","status":"failed","title":"should encrypt session data in localStorage","duration":4.230874999999969,"failureMessages":["AssertionError: expected false to be true // Object.is equality\n    at /Users/jono/Documents/GitHub/starcom-app/starcom-mk2/src/testing/auth-tdd.test.ts:150:30\n    at file:///Users/jono/Documents/GitHub/starcom-app/starcom-mk2/node_modules/@vitest/runner/dist/chunk-hooks.js:155:11\n    at file:///Users/jono/Documents/GitHub/starcom-app/starcom-mk2/node_modules/@vitest/runner/dist/chunk-hooks.js:752:26\n    at file:///Users/jono/Documents/GitHub/starcom-app/starcom-mk2/node_modules/@vitest/runner/dist/chunk-hooks.js:1894:20\n    at new Promise (<anonymous>)\n    at runWithTimeout (file:///Users/jono/Documents/GitHub/starcom-app/starcom-mk2/node_modules/@vitest/runner/dist/chunk-hooks.js:1860:10)\n    at runTest (file:///Users/jono/Documents/GitHub/starcom-app/starcom-mk2/node_modules/@vitest/runner/dist/chunk-hooks.js:1571:12)\n    at processTicksAndRejections (node:internal/process/task_queues:105:5)\n    at runSuite (file:///Users/jono/Documents/GitHub/starcom-app/starcom-mk2/node_modules/@vitest/runner/dist/chunk-hooks.js:1726:8)\n    at runSuite (file:///Users/jono/Documents/GitHub/starcom-app/starcom-mk2/node_modules/@vitest/runner/dist/chunk-hooks.js:1726:8)"],"meta":{}},{"ancestorTitles":["TDD: Enhanced Session Security (RED - Not Implemented)"],"fullName":"TDD: Enhanced Session Security (RED - Not Implemented) should validate session integrity with checksums","status":"failed","title":"should validate session integrity with checksums","duration":0.35095799999999144,"failureMessages":["AssertionError: expected false to be true // Object.is equality\n    at /Users/jono/Documents/GitHub/starcom-app/starcom-mk2/src/testing/auth-tdd.test.ts:159:31\n    at file:///Users/jono/Documents/GitHub/starcom-app/starcom-mk2/node_modules/@vitest/runner/dist/chunk-hooks.js:155:11\n    at file:///Users/jono/Documents/GitHub/starcom-app/starcom-mk2/node_modules/@vitest/runner/dist/chunk-hooks.js:752:26\n    at file:///Users/jono/Documents/GitHub/starcom-app/starcom-mk2/node_modules/@vitest/runner/dist/chunk-hooks.js:1894:20\n    at new Promise (<anonymous>)\n    at runWithTimeout (file:///Users/jono/Documents/GitHub/starcom-app/starcom-mk2/node_modules/@vitest/runner/dist/chunk-hooks.js:1860:10)\n    at runTest (file:///Users/jono/Documents/GitHub/starcom-app/starcom-mk2/node_modules/@vitest/runner/dist/chunk-hooks.js:1571:12)\n    at processTicksAndRejections (node:internal/process/task_queues:105:5)\n    at runSuite (file:///Users/jono/Documents/GitHub/starcom-app/starcom-mk2/node_modules/@vitest/runner/dist/chunk-hooks.js:1726:8)\n    at runSuite (file:///Users/jono/Documents/GitHub/starcom-app/starcom-mk2/node_modules/@vitest/runner/dist/chunk-hooks.js:1726:8)"],"meta":{}},{"ancestorTitles":["TDD: Enhanced Session Security (RED - Not Implemented)"],"fullName":"TDD: Enhanced Session Security (RED - Not Implemented) should detect session tampering","status":"failed","title":"should detect session tampering","duration":0.42937499999993634,"failureMessages":["AssertionError: expected false to be true // Object.is equality\n    at /Users/jono/Documents/GitHub/starcom-app/starcom-mk2/src/testing/auth-tdd.test.ts:168:31\n    at file:///Users/jono/Documents/GitHub/starcom-app/starcom-mk2/node_modules/@vitest/runner/dist/chunk-hooks.js:155:11\n    at file:///Users/jono/Documents/GitHub/starcom-app/starcom-mk2/node_modules/@vitest/runner/dist/chunk-hooks.js:752:26\n    at file:///Users/jono/Documents/GitHub/starcom-app/starcom-mk2/node_modules/@vitest/runner/dist/chunk-hooks.js:1894:20\n    at new Promise (<anonymous>)\n    at runWithTimeout (file:///Users/jono/Documents/GitHub/starcom-app/starcom-mk2/node_modules/@vitest/runner/dist/chunk-hooks.js:1860:10)\n    at runTest (file:///Users/jono/Documents/GitHub/starcom-app/starcom-mk2/node_modules/@vitest/runner/dist/chunk-hooks.js:1571:12)\n    at processTicksAndRejections (node:internal/process/task_queues:105:5)\n    at runSuite (file:///Users/jono/Documents/GitHub/starcom-app/starcom-mk2/node_modules/@vitest/runner/dist/chunk-hooks.js:1726:8)\n    at runSuite (file:///Users/jono/Documents/GitHub/starcom-app/starcom-mk2/node_modules/@vitest/runner/dist/chunk-hooks.js:1726:8)"],"meta":{}},{"ancestorTitles":["TDD: Hardware Wallet Detection (RED - Not Implemented)"],"fullName":"TDD: Hardware Wallet Detection (RED - Not Implemented) should detect Ledger hardware wallets","status":"failed","title":"should detect Ledger hardware wallets","duration":0.35370899999998073,"failureMessages":["AssertionError: expected false to be true // Object.is equality\n    at /Users/jono/Documents/GitHub/starcom-app/starcom-mk2/src/testing/auth-tdd.test.ts:181:30\n    at file:///Users/jono/Documents/GitHub/starcom-app/starcom-mk2/node_modules/@vitest/runner/dist/chunk-hooks.js:155:11\n    at file:///Users/jono/Documents/GitHub/starcom-app/starcom-mk2/node_modules/@vitest/runner/dist/chunk-hooks.js:752:26\n    at file:///Users/jono/Documents/GitHub/starcom-app/starcom-mk2/node_modules/@vitest/runner/dist/chunk-hooks.js:1894:20\n    at new Promise (<anonymous>)\n    at runWithTimeout (file:///Users/jono/Documents/GitHub/starcom-app/starcom-mk2/node_modules/@vitest/runner/dist/chunk-hooks.js:1860:10)\n    at runTest (file:///Users/jono/Documents/GitHub/starcom-app/starcom-mk2/node_modules/@vitest/runner/dist/chunk-hooks.js:1571:12)\n    at processTicksAndRejections (node:internal/process/task_queues:105:5)\n    at runSuite (file:///Users/jono/Documents/GitHub/starcom-app/starcom-mk2/node_modules/@vitest/runner/dist/chunk-hooks.js:1726:8)\n    at runSuite (file:///Users/jono/Documents/GitHub/starcom-app/starcom-mk2/node_modules/@vitest/runner/dist/chunk-hooks.js:1726:8)"],"meta":{}},{"ancestorTitles":["TDD: Hardware Wallet Detection (RED - Not Implemented)"],"fullName":"TDD: Hardware Wallet Detection (RED - Not Implemented) should detect Trezor hardware wallets","status":"failed","title":"should detect Trezor hardware wallets","duration":0.5158750000000509,"failureMessages":["AssertionError: expected false to be true // Object.is equality\n    at /Users/jono/Documents/GitHub/starcom-app/starcom-mk2/src/testing/auth-tdd.test.ts:190:30\n    at file:///Users/jono/Documents/GitHub/starcom-app/starcom-mk2/node_modules/@vitest/runner/dist/chunk-hooks.js:155:11\n    at file:///Users/jono/Documents/GitHub/starcom-app/starcom-mk2/node_modules/@vitest/runner/dist/chunk-hooks.js:752:26\n    at file:///Users/jono/Documents/GitHub/starcom-app/starcom-mk2/node_modules/@vitest/runner/dist/chunk-hooks.js:1894:20\n    at new Promise (<anonymous>)\n    at runWithTimeout (file:///Users/jono/Documents/GitHub/starcom-app/starcom-mk2/node_modules/@vitest/runner/dist/chunk-hooks.js:1860:10)\n    at runTest (file:///Users/jono/Documents/GitHub/starcom-app/starcom-mk2/node_modules/@vitest/runner/dist/chunk-hooks.js:1571:12)\n    at processTicksAndRejections (node:internal/process/task_queues:105:5)\n    at runSuite (file:///Users/jono/Documents/GitHub/starcom-app/starcom-mk2/node_modules/@vitest/runner/dist/chunk-hooks.js:1726:8)\n    at runSuite (file:///Users/jono/Documents/GitHub/starcom-app/starcom-mk2/node_modules/@vitest/runner/dist/chunk-hooks.js:1726:8)"],"meta":{}},{"ancestorTitles":["TDD: Hardware Wallet Detection (RED - Not Implemented)"],"fullName":"TDD: Hardware Wallet Detection (RED - Not Implemented) should provide enhanced security flow for hardware wallets","status":"failed","title":"should provide enhanced security flow for hardware wallets","duration":0.2300000000000182,"failureMessages":["AssertionError: expected false to be true // Object.is equality\n    at /Users/jono/Documents/GitHub/starcom-app/starcom-mk2/src/testing/auth-tdd.test.ts:199:32\n    at file:///Users/jono/Documents/GitHub/starcom-app/starcom-mk2/node_modules/@vitest/runner/dist/chunk-hooks.js:155:11\n    at file:///Users/jono/Documents/GitHub/starcom-app/starcom-mk2/node_modules/@vitest/runner/dist/chunk-hooks.js:752:26\n    at file:///Users/jono/Documents/GitHub/starcom-app/starcom-mk2/node_modules/@vitest/runner/dist/chunk-hooks.js:1894:20\n    at new Promise (<anonymous>)\n    at runWithTimeout (file:///Users/jono/Documents/GitHub/starcom-app/starcom-mk2/node_modules/@vitest/runner/dist/chunk-hooks.js:1860:10)\n    at runTest (file:///Users/jono/Documents/GitHub/starcom-app/starcom-mk2/node_modules/@vitest/runner/dist/chunk-hooks.js:1571:12)\n    at processTicksAndRejections (node:internal/process/task_queues:105:5)\n    at runSuite (file:///Users/jono/Documents/GitHub/starcom-app/starcom-mk2/node_modules/@vitest/runner/dist/chunk-hooks.js:1726:8)\n    at runSuite (file:///Users/jono/Documents/GitHub/starcom-app/starcom-mk2/node_modules/@vitest/runner/dist/chunk-hooks.js:1726:8)"],"meta":{}},{"ancestorTitles":["TDD: Progressive Authentication (RED - Not Implemented)"],"fullName":"TDD: Progressive Authentication (RED - Not Implemented) should support guest mode with limited access","status":"passed","title":"should support guest mode with limited access","duration":0.4230000000000018,"failureMessages":[],"meta":{}},{"ancestorTitles":["TDD: Progressive Authentication (RED - Not Implemented)"],"fullName":"TDD: Progressive Authentication (RED - Not Implemented) should allow upgrading from guest to full authentication","status":"passed","title":"should allow upgrading from guest to full authentication","duration":0.11279100000001563,"failureMessages":[],"meta":{}},{"ancestorTitles":["TDD: Progressive Authentication (RED - Not Implemented)"],"fullName":"TDD: Progressive Authentication (RED - Not Implemented) should preserve guest session data during upgrade","status":"passed","title":"should preserve guest session data during upgrade","duration":0.2085829999998623,"failureMessages":[],"meta":{}},{"ancestorTitles":["TDD: Dynamic Role Loading (RED - Not Implemented)"],"fullName":"TDD: Dynamic Role Loading (RED - Not Implemented) should load roles from NFT collections","status":"passed","title":"should load roles from NFT collections","duration":0.1011670000000322,"failureMessages":[],"meta":{}},{"ancestorTitles":["TDD: Dynamic Role Loading (RED - Not Implemented)"],"fullName":"TDD: Dynamic Role Loading (RED - Not Implemented) should cache roles with intelligent invalidation","status":"passed","title":"should cache roles with intelligent invalidation","duration":0.0572909999998501,"failureMessages":[],"meta":{}},{"ancestorTitles":["TDD: Dynamic Role Loading (RED - Not Implemented)"],"fullName":"TDD: Dynamic Role Loading (RED - Not Implemented) should merge roles from multiple sources","status":"passed","title":"should merge roles from multiple sources","duration":0.18624999999997272,"failureMessages":[],"meta":{}},{"ancestorTitles":["TDD: Login Anomaly Detection (RED - Not Implemented)"],"fullName":"TDD: Login Anomaly Detection (RED - Not Implemented) should detect unusual login patterns","status":"passed","title":"should detect unusual login patterns","duration":0.09679099999993923,"failureMessages":[],"meta":{}},{"ancestorTitles":["TDD: Login Anomaly Detection (RED - Not Implemented)"],"fullName":"TDD: Login Anomaly Detection (RED - Not Implemented) should implement progressive rate limiting","status":"passed","title":"should implement progressive rate limiting","duration":0.04899999999997817,"failureMessages":[],"meta":{}},{"ancestorTitles":["TDD: Login Anomaly Detection (RED - Not Implemented)"],"fullName":"TDD: Login Anomaly Detection (RED - Not Implemented) should log security events for analysis","status":"passed","title":"should log security events for analysis","duration":0.14412500000003092,"failureMessages":[],"meta":{}},{"ancestorTitles":["TDD: Cross-Device Authentication (GREEN - Implementing)"],"fullName":"TDD: Cross-Device Authentication (GREEN - Implementing) should generate QR codes for mobile authentication","status":"passed","title":"should generate QR codes for mobile authentication","duration":21.410041999999976,"failureMessages":[],"meta":{}},{"ancestorTitles":["TDD: Cross-Device Authentication (GREEN - Implementing)"],"fullName":"TDD: Cross-Device Authentication (GREEN - Implementing) should sync authentication state across devices","status":"failed","title":"should sync authentication state across devices","duration":1.4795830000000478,"failureMessages":["AssertionError: expected false to be true // Object.is equality\n    at /Users/jono/Documents/GitHub/starcom-app/starcom-mk2/src/testing/auth-tdd.test.ts:445:42\n    at file:///Users/jono/Documents/GitHub/starcom-app/starcom-mk2/node_modules/@vitest/runner/dist/chunk-hooks.js:752:20"],"meta":{}},{"ancestorTitles":["TDD: Biometric Authentication (GREEN - Implementing)"],"fullName":"TDD: Biometric Authentication (GREEN - Implementing) should support WebAuthn for biometric auth","status":"passed","title":"should support WebAuthn for biometric auth","duration":17.19445799999994,"failureMessages":[],"meta":{}},{"ancestorTitles":["TDD: Biometric Authentication (GREEN - Implementing)"],"fullName":"TDD: Biometric Authentication (GREEN - Implementing) should fallback gracefully when biometrics unavailable","status":"passed","title":"should fallback gracefully when biometrics unavailable","duration":1.0892499999999927,"failureMessages":[],"meta":{}},{"ancestorTitles":["TDD: Comprehensive Audit Trail (GREEN - Implementing)"],"fullName":"TDD: Comprehensive Audit Trail (GREEN - Implementing) should log all authentication events","status":"passed","title":"should log all authentication events","duration":13.138584000000037,"failureMessages":[],"meta":{}},{"ancestorTitles":["TDD: Comprehensive Audit Trail (GREEN - Implementing)"],"fullName":"TDD: Comprehensive Audit Trail (GREEN - Implementing) should support GDPR compliance features","status":"passed","title":"should support GDPR compliance features","duration":0.7216660000001411,"failureMessages":[],"meta":{}},{"ancestorTitles":["TDD: Enhanced Error Handling (GREEN - Implementing)"],"fullName":"TDD: Enhanced Error Handling (GREEN - Implementing) should provide detailed error context","status":"passed","title":"should provide detailed error context","duration":12.973749999999882,"failureMessages":[],"meta":{}},{"ancestorTitles":["TDD: Enhanced Error Handling (GREEN - Implementing)"],"fullName":"TDD: Enhanced Error Handling (GREEN - Implementing) should implement error recovery strategies","status":"passed","title":"should implement error recovery strategies","duration":0.546875,"failureMessages":[],"meta":{}}],"startTime":1750769873104,"endTime":1750769873181.5469,"status":"failed","message":"","name":"/Users/jono/Documents/GitHub/starcom-app/starcom-mk2/src/testing/auth-tdd.test.ts"},{"assertionResults":[{"ancestorTitles":["Authentication Configuration Tests","Configuration Validation"],"fullName":"Authentication Configuration Tests Configuration Validation should validate auth configuration structure","status":"passed","title":"should validate auth configuration structure","duration":0.585917000000336,"failureMessages":[],"meta":{}},{"ancestorTitles":["Authentication Configuration Tests","Configuration Validation"],"fullName":"Authentication Configuration Tests Configuration Validation should get environment configuration correctly","status":"passed","title":"should get environment configuration correctly","duration":0.3740830000006099,"failureMessages":[],"meta":{}},{"ancestorTitles":["Authentication Configuration Tests","Configuration Validation"],"fullName":"Authentication Configuration Tests Configuration Validation should get role configuration with defaults","status":"passed","title":"should get role configuration with defaults","duration":0.4171249999999418,"failureMessages":[],"meta":{}},{"ancestorTitles":["Authentication Configuration Tests","Configuration Validation"],"fullName":"Authentication Configuration Tests Configuration Validation should handle configuration overrides","status":"passed","title":"should handle configuration overrides","duration":0.14412499999889405,"failureMessages":[],"meta":{}},{"ancestorTitles":["Authentication Configuration Tests","Cryptographic Functions Tests"],"fullName":"Authentication Configuration Tests Cryptographic Functions Tests should test Ed25519 signature verification mock","status":"passed","title":"should test Ed25519 signature verification mock","duration":0.3634169999986625,"failureMessages":[],"meta":{}},{"ancestorTitles":["Authentication Configuration Tests","Cryptographic Functions Tests"],"fullName":"Authentication Configuration Tests Cryptographic Functions Tests should test base58 encoding/decoding mock","status":"passed","title":"should test base58 encoding/decoding mock","duration":0.23533300000053714,"failureMessages":[],"meta":{}},{"ancestorTitles":["Authentication Configuration Tests","Role Logic Tests"],"fullName":"Authentication Configuration Tests Role Logic Tests should test role hierarchy logic","status":"passed","title":"should test role hierarchy logic","duration":15.386415999999372,"failureMessages":[],"meta":{}},{"ancestorTitles":["Authentication Configuration Tests","Role Logic Tests"],"fullName":"Authentication Configuration Tests Role Logic Tests should test empty roles array","status":"passed","title":"should test empty roles array","duration":0.17137499999989814,"failureMessages":[],"meta":{}},{"ancestorTitles":["Authentication Configuration Tests","Address Validation Tests"],"fullName":"Authentication Configuration Tests Address Validation Tests should validate Solana addresses","status":"passed","title":"should validate Solana addresses","duration":0.2909170000002632,"failureMessages":[],"meta":{}},{"ancestorTitles":["Authentication Integration Test Suite"],"fullName":"Authentication Integration Test Suite should run comprehensive authentication system test","status":"passed","title":"should run comprehensive authentication system test","duration":0.47920800000065356,"failureMessages":[],"meta":{}}],"startTime":1750769880143,"endTime":1750769880161.4792,"status":"passed","message":"","name":"/Users/jono/Documents/GitHub/starcom-app/starcom-mk2/src/testing/auth-unit.test.ts"},{"assertionResults":[],"startTime":1750769871631,"endTime":1750769871631,"status":"failed","message":"  x Expected '>', got 'client'\n     ,-[/Users/jono/Documents/GitHub/starcom-app/starcom-mk2/src/testing/auth.test.ts:101:1]\n  98 |   const endpoint = clusterApiUrl(network);\n  99 | \n 100 |   return (\n 101 |     <QueryClientProvider client={queryClient}>\n     :                          ^^^^^^\n 102 |       <ConnectionProvider endpoint={endpoint}>\n 103 |         <WalletProvider wallets={[]} autoConnect>\n 104 |           {children}\n     `----\n\n\nCaused by:\n    Syntax Error","name":"/Users/jono/Documents/GitHub/starcom-app/starcom-mk2/src/testing/auth.test.ts"},{"assertionResults":[{"ancestorTitles":["Electric Field Normalization","Basic normalization functionality"],"fullName":"Electric Field Normalization Basic normalization functionality should normalize vectors with linear method","status":"passed","title":"should normalize vectors with linear method","duration":0.5229999999992287,"failureMessages":[],"meta":{}},{"ancestorTitles":["Electric Field Normalization","Basic normalization functionality"],"fullName":"Electric Field Normalization Basic normalization functionality should handle logarithmic normalization","status":"passed","title":"should handle logarithmic normalization","duration":0.2039999999997235,"failureMessages":[],"meta":{}},{"ancestorTitles":["Electric Field Normalization","Basic normalization functionality"],"fullName":"Electric Field Normalization Basic normalization functionality should detect outliers correctly","status":"passed","title":"should detect outliers correctly","duration":0.13145799999983865,"failureMessages":[],"meta":{}},{"ancestorTitles":["Electric Field Normalization","Basic normalization functionality"],"fullName":"Electric Field Normalization Basic normalization functionality should calculate percentile ranks correctly","status":"passed","title":"should calculate percentile ranks correctly","duration":0.12850000000071304,"failureMessages":[],"meta":{}},{"ancestorTitles":["Electric Field Normalization","Normalization presets"],"fullName":"Electric Field Normalization Normalization presets should apply conservative preset correctly","status":"passed","title":"should apply conservative preset correctly","duration":0.26299999999901047,"failureMessages":[],"meta":{}},{"ancestorTitles":["Electric Field Normalization","Normalization presets"],"fullName":"Electric Field Normalization Normalization presets should apply balanced preset correctly","status":"passed","title":"should apply balanced preset correctly","duration":0.19916600000033213,"failureMessages":[],"meta":{}},{"ancestorTitles":["Electric Field Normalization","Normalization presets"],"fullName":"Electric Field Normalization Normalization presets should apply aggressive preset correctly","status":"passed","title":"should apply aggressive preset correctly","duration":0.0643339999987802,"failureMessages":[],"meta":{}},{"ancestorTitles":["Electric Field Normalization","Edge cases"],"fullName":"Electric Field Normalization Edge cases should handle empty vector array","status":"passed","title":"should handle empty vector array","duration":0.04104199999892444,"failureMessages":[],"meta":{}},{"ancestorTitles":["Electric Field Normalization","Edge cases"],"fullName":"Electric Field Normalization Edge cases should handle single vector","status":"passed","title":"should handle single vector","duration":0.10108300000138115,"failureMessages":[],"meta":{}},{"ancestorTitles":["Electric Field Normalization","Edge cases"],"fullName":"Electric Field Normalization Edge cases should handle all zero magnitudes","status":"passed","title":"should handle all zero magnitudes","duration":0.061916000000564964,"failureMessages":[],"meta":{}},{"ancestorTitles":["Electric Field Normalization","Edge cases"],"fullName":"Electric Field Normalization Edge cases should handle identical magnitudes","status":"passed","title":"should handle identical magnitudes","duration":0.06533400000080292,"failureMessages":[],"meta":{}},{"ancestorTitles":["Electric Field Normalization","Edge cases"],"fullName":"Electric Field Normalization Edge cases should respect clamp maximum","status":"passed","title":"should respect clamp maximum","duration":0.10024999999950523,"failureMessages":[],"meta":{}},{"ancestorTitles":["Electric Field Normalization","Data distribution analysis"],"fullName":"Electric Field Normalization Data distribution analysis should handle normal distribution","status":"passed","title":"should handle normal distribution","duration":0.0415419999990263,"failureMessages":[],"meta":{}},{"ancestorTitles":["Electric Field Normalization","Data distribution analysis"],"fullName":"Electric Field Normalization Data distribution analysis should handle highly skewed distribution","status":"passed","title":"should handle highly skewed distribution","duration":0.04520799999954761,"failureMessages":[],"meta":{}},{"ancestorTitles":["Electric Field Normalization","Data distribution analysis"],"fullName":"Electric Field Normalization Data distribution analysis should handle high variability data","status":"passed","title":"should handle high variability data","duration":0.03691699999944831,"failureMessages":[],"meta":{}}],"startTime":1750769880473,"endTime":1750769880475.1992,"status":"passed","message":"","name":"/Users/jono/Documents/GitHub/starcom-app/starcom-mk2/src/utils/electricFieldNormalization.test.ts"},{"assertionResults":[{"ancestorTitles":["Web3Login AuthErrorBoundary"],"fullName":"Web3Login AuthErrorBoundary shows error boundary UI if an auth error occurs","status":"passed","title":"shows error boundary UI if an auth error occurs","duration":3.2778330000001006,"failureMessages":[],"meta":{}},{"ancestorTitles":["Web3Login AuthErrorBoundary"],"fullName":"Web3Login AuthErrorBoundary renders children if no error is thrown","status":"passed","title":"renders children if no error is thrown","duration":0.37687499999992724,"failureMessages":[],"meta":{}},{"ancestorTitles":["Web3Login AuthErrorBoundary"],"fullName":"Web3Login AuthErrorBoundary resets error boundary on rerender","status":"passed","title":"resets error boundary on rerender","duration":1.6173340000004828,"failureMessages":[],"meta":{}}],"startTime":1750769880408,"endTime":1750769880413.6174,"status":"passed","message":"","name":"/Users/jono/Documents/GitHub/starcom-app/starcom-mk2/src/components/Auth/AuthErrorBoundary.test.tsx"},{"assertionResults":[{"ancestorTitles":["TermsModal (removed feature)"],"fullName":"TermsModal (removed feature) feature was removed - see artifact: removed-terms-modal-feature-2025-06-14.artifact","status":"passed","title":"feature was removed - see artifact: removed-terms-modal-feature-2025-06-14.artifact","duration":0.061792000000423286,"failureMessages":[],"meta":{}}],"startTime":1750769880559,"endTime":1750769880559.0618,"status":"passed","message":"","name":"/Users/jono/Documents/GitHub/starcom-app/starcom-mk2/src/components/Auth/TermsModal.test.tsx"},{"assertionResults":[{"ancestorTitles":["WalletStatus (split tests)"],"fullName":"WalletStatus (split tests) tests split into category files - see other WalletStatus.*.test.tsx files","status":"passed","title":"tests split into category files - see other WalletStatus.*.test.tsx files","duration":0.05445800000052259,"failureMessages":[],"meta":{}}],"startTime":1750769880567,"endTime":1750769880567.0544,"status":"passed","message":"","name":"/Users/jono/Documents/GitHub/starcom-app/starcom-mk2/src/components/Auth/WalletStatus.test.tsx"},{"assertionResults":[{"ancestorTitles":["SessionExpiryCountdown"],"fullName":"SessionExpiryCountdown renders and updates countdown, triggers onWarning and onExpire","status":"passed","title":"renders and updates countdown, triggers onWarning and onExpire","duration":3.1874580000003334,"failureMessages":[],"meta":{}}],"startTime":1750769880426,"endTime":1750769880429.1875,"status":"passed","message":"","name":"/Users/jono/Documents/GitHub/starcom-app/starcom-mk2/src/components/Shared/SessionExpiryCountdown.test.tsx"},{"assertionResults":[{"ancestorTitles":["TinyGlobe Mode Synchronization"],"fullName":"TinyGlobe Mode Synchronization renders without crashing","status":"passed","title":"renders without crashing","duration":9.122416999999587,"failureMessages":[],"meta":{}},{"ancestorTitles":["TinyGlobe Mode Synchronization"],"fullName":"TinyGlobe Mode Synchronization UI buttons update VisualizationMode context","status":"passed","title":"UI buttons update VisualizationMode context","duration":17.105333999999857,"failureMessages":[],"meta":{}}],"startTime":1750769880033,"endTime":1750769880059.1052,"status":"passed","message":"","name":"/Users/jono/Documents/GitHub/starcom-app/starcom-mk2/src/components/TinyGlobe/TinyGlobe.test.tsx"},{"assertionResults":[{"ancestorTitles":["EIADataCacheService observability"],"fullName":"EIADataCacheService observability calls observer hooks on cache hit/miss/evict","status":"passed","title":"calls observer hooks on cache hit/miss/evict","duration":0.1489579999997659,"failureMessages":[],"meta":{}}],"startTime":1750769880520,"endTime":1750769880520.149,"status":"passed","message":"","name":"/Users/jono/Documents/GitHub/starcom-app/starcom-mk2/src/services/eia/EIADataCacheService.observability.test.ts"},{"assertionResults":[{"ancestorTitles":["EIADataCacheService"],"fullName":"EIADataCacheService returns cached value on hit","status":"passed","title":"returns cached value on hit","duration":0.051124999999956344,"failureMessages":[],"meta":{}},{"ancestorTitles":["EIADataCacheService"],"fullName":"EIADataCacheService expires value after TTL","status":"passed","title":"expires value after TTL","duration":0.15975000000071304,"failureMessages":[],"meta":{}},{"ancestorTitles":["EIADataCacheService"],"fullName":"EIADataCacheService calls observer hooks","status":"passed","title":"calls observer hooks","duration":0.12104200000067067,"failureMessages":[],"meta":{}}],"startTime":1750769880504,"endTime":1750769880504.1597,"status":"passed","message":"","name":"/Users/jono/Documents/GitHub/starcom-app/starcom-mk2/src/services/eia/EIADataCacheService.unit.test.ts"},{"assertionResults":[{"ancestorTitles":["EIADataProvider observability"],"fullName":"EIADataProvider observability calls observer hooks on fetch success","status":"passed","title":"calls observer hooks on fetch success","duration":349.7008340000002,"failureMessages":[],"meta":{}}],"startTime":1750769879113,"endTime":1750769879462.701,"status":"passed","message":"","name":"/Users/jono/Documents/GitHub/starcom-app/starcom-mk2/src/services/eia/EIADataProvider.observability.test.ts"},{"assertionResults":[{"ancestorTitles":["EIADataProvider"],"fullName":"EIADataProvider returns data on success","status":"passed","title":"returns data on success","duration":401.6541669999997,"failureMessages":[],"meta":{}},{"ancestorTitles":["EIADataProvider"],"fullName":"EIADataProvider calls observer hooks","status":"passed","title":"calls observer hooks","duration":339.56275000000005,"failureMessages":[],"meta":{}}],"startTime":1750769878361,"endTime":1750769879102.5627,"status":"passed","message":"","name":"/Users/jono/Documents/GitHub/starcom-app/starcom-mk2/src/services/eia/EIADataProvider.unit.test.ts"},{"assertionResults":[{"ancestorTitles":["EIAService.e2e (placeholder)"],"fullName":"EIAService.e2e (placeholder) should have real tests implemented","status":"passed","title":"should have real tests implemented","duration":0.052624999998442945,"failureMessages":[],"meta":{}}],"startTime":1750769880540,"endTime":1750769880540.0527,"status":"passed","message":"","name":"/Users/jono/Documents/GitHub/starcom-app/starcom-mk2/src/services/eia/EIAService.e2e.test.ts"},{"assertionResults":[{"ancestorTitles":["EIAService"],"fullName":"EIAService fetches the latest oil price successfully","status":"passed","title":"fetches the latest oil price successfully","duration":1.022584000000279,"failureMessages":[],"meta":{}},{"ancestorTitles":["EIAService"],"fullName":"EIAService fetches the latest gasoline price successfully","status":"passed","title":"fetches the latest gasoline price successfully","duration":1.0181250000005093,"failureMessages":[],"meta":{}},{"ancestorTitles":["EIAService"],"fullName":"EIAService fetches the latest oil inventory successfully","status":"passed","title":"fetches the latest oil inventory successfully","duration":0.9417080000002898,"failureMessages":[],"meta":{}},{"ancestorTitles":["EIAService"],"fullName":"EIAService handles fetch errors","status":"passed","title":"handles fetch errors","duration":1.0560409999998228,"failureMessages":[],"meta":{}}],"startTime":1750769880386,"endTime":1750769880390.0562,"status":"passed","message":"","name":"/Users/jono/Documents/GitHub/starcom-app/starcom-mk2/src/services/eia/EIAService.test.ts"},{"assertionResults":[{"ancestorTitles":["MarketDataCacheService.unit (placeholder)"],"fullName":"MarketDataCacheService.unit (placeholder) should have real tests implemented","status":"passed","title":"should have real tests implemented","duration":0.037582999999358435,"failureMessages":[],"meta":{}}],"startTime":1750769880534,"endTime":1750769880534.0376,"status":"passed","message":"","name":"/Users/jono/Documents/GitHub/starcom-app/starcom-mk2/src/services/market/MarketDataCacheService.unit.test.ts"},{"assertionResults":[{"ancestorTitles":["MarketDataProvider.unit (placeholder)"],"fullName":"MarketDataProvider.unit (placeholder) should have real tests implemented","status":"passed","title":"should have real tests implemented","duration":0.042625000000043656,"failureMessages":[],"meta":{}}],"startTime":1750769880527,"endTime":1750769880527.0427,"status":"passed","message":"","name":"/Users/jono/Documents/GitHub/starcom-app/starcom-mk2/src/services/market/MarketDataProvider.unit.test.ts"},{"assertionResults":[{"ancestorTitles":["FallbackProvider"],"fullName":"FallbackProvider returns data from the first successful provider","status":"passed","title":"returns data from the first successful provider","duration":0.0974580000001879,"failureMessages":[],"meta":{}},{"ancestorTitles":["FallbackProvider"],"fullName":"FallbackProvider throws if all providers fail","status":"passed","title":"throws if all providers fail","duration":0.2672500000007858,"failureMessages":[],"meta":{}}],"startTime":1750769880511,"endTime":1750769880511.2673,"status":"passed","message":"","name":"/Users/jono/Documents/GitHub/starcom-app/starcom-mk2/src/services/shared/FallbackProvider.unit.test.ts"},{"assertionResults":[],"startTime":1750769871631,"endTime":1750769871631,"status":"failed","message":"Failed to resolve import \"../../../src/context/GlobalCommandContext\" from \"test/integration/adaptive/BridgeProviderTest.test.tsx\". Does the file exist?","name":"/Users/jono/Documents/GitHub/starcom-app/star
[...]
,"status":"failed","title":"should support high contrast mode","duration":0.6160419999998794,"failureMessages":["Error: Element type is invalid: expected a string (for built-in components) or a class/function (for composite components) but got: undefined. You likely forgot to export your component from the file it's defined in, or you might have mixed up default and named imports.\n\nCheck the render method of `TestWrapper`.\n    at createFiberFromTypeAndProps (/Users/jono/Documents/GitHub/starcom-app/starcom-mk2/node_modules/react-dom/cjs/react-dom.development.js:28478:17)\n    at createFiberFromElement (/Users/jono/Documents/GitHub/starcom-app/starcom-mk2/node_modules/react-dom/cjs/react-dom.development.js:28504:15)\n    at reconcileSingleElement (/Users/jono/Documents/GitHub/starcom-app/starcom-mk2/node_modules/react-dom/cjs/react-dom.development.js:13986:23)\n    at reconcileChildFibers (/Users/jono/Documents/GitHub/starcom-app/starcom-mk2/node_modules/react-dom/cjs/react-dom.development.js:14044:35)\n    at reconcileChildren (/Users/jono/Documents/GitHub/starcom-app/starcom-mk2/node_modules/react-dom/cjs/react-dom.development.js:19186:28)\n    at updateContextProvider (/Users/jono/Documents/GitHub/starcom-app/starcom-mk2/node_modules/react-dom/cjs/react-dom.development.js:21193:3)\n    at beginWork (/Users/jono/Documents/GitHub/starcom-app/starcom-mk2/node_modules/react-dom/cjs/react-dom.development.js:21688:14)\n    at beginWork$1 (/Users/jono/Documents/GitHub/starcom-app/starcom-mk2/node_modules/react-dom/cjs/react-dom.development.js:27465:14)\n    at performUnitOfWork (/Users/jono/Documents/GitHub/starcom-app/starcom-mk2/node_modules/react-dom/cjs/react-dom.development.js:26599:12)\n    at workLoopSync (/Users/jono/Documents/GitHub/starcom-app/starcom-mk2/node_modules/react-dom/cjs/react-dom.development.js:26505:5)"],"meta":{}},{"ancestorTitles":["Enhanced Adaptive Interface Accessibility"],"fullName":"Enhanced Adaptive Interface Accessibility should support reduced motion preferences","status":"failed","title":"should support reduced motion preferences","duration":0.6334580000000187,"failureMessages":["Error: Element type is invalid: expected a string (for built-in components) or a class/function (for composite components) but got: undefined. You likely forgot to export your component from the file it's defined in, or you might have mixed up default and named imports.\n\nCheck the render method of `TestWrapper`.\n    at createFiberFromTypeAndProps (/Users/jono/Documents/GitHub/starcom-app/starcom-mk2/node_modules/react-dom/cjs/react-dom.development.js:28478:17)\n    at createFiberFromElement (/Users/jono/Documents/GitHub/starcom-app/starcom-mk2/node_modules/react-dom/cjs/react-dom.development.js:28504:15)\n    at reconcileSingleElement (/Users/jono/Documents/GitHub/starcom-app/starcom-mk2/node_modules/react-dom/cjs/react-dom.development.js:13986:23)\n    at reconcileChildFibers (/Users/jono/Documents/GitHub/starcom-app/starcom-mk2/node_modules/react-dom/cjs/react-dom.development.js:14044:35)\n    at reconcileChildren (/Users/jono/Documents/GitHub/starcom-app/starcom-mk2/node_modules/react-dom/cjs/react-dom.development.js:19186:28)\n    at updateContextProvider (/Users/jono/Documents/GitHub/starcom-app/starcom-mk2/node_modules/react-dom/cjs/react-dom.development.js:21193:3)\n    at beginWork (/Users/jono/Documents/GitHub/starcom-app/starcom-mk2/node_modules/react-dom/cjs/react-dom.development.js:21688:14)\n    at beginWork$1 (/Users/jono/Documents/GitHub/starcom-app/starcom-mk2/node_modules/react-dom/cjs/react-dom.development.js:27465:14)\n    at performUnitOfWork (/Users/jono/Documents/GitHub/starcom-app/starcom-mk2/node_modules/react-dom/cjs/react-dom.development.js:26599:12)\n    at workLoopSync (/Users/jono/Documents/GitHub/starcom-app/starcom-mk2/node_modules/react-dom/cjs/react-dom.development.js:26505:5)"],"meta":{}}],"startTime":1750769873534,"endTime":1750769873555.6335,"status":"failed","message":"","name":"/Users/jono/Documents/GitHub/starcom-app/starcom-mk2/test/integration/adaptive/EnhancedAdaptiveInterface.test.tsx"},{"assertionResults":[],"startTime":1750769871631,"endTime":1750769871631,"status":"failed","message":"Failed to resolve import \"../../../src/context/GlobalCommandContext\" from \"test/integration/adaptive/ProviderTest.test.tsx\". Does the file exist?","name":"/Users/jono/Documents/GitHub/starcom-app/starcom-mk2/test/integration/adaptive/ProviderTest.test.tsx"},{"assertionResults":[{"ancestorTitles":["Unified Global Command Context Migration"],"fullName":"Unified Global Command Context Migration should provide unified context with default state","status":"passed","title":"should provide unified context with default state","duration":1.6867500000007567,"failureMessages":[],"meta":{}},{"ancestorTitles":["Unified Global Command Context Migration"],"fullName":"Unified Global Command Context Migration should render without throwing errors","status":"passed","title":"should render without throwing errors","duration":0.6030419999988226,"failureMessages":[],"meta":{}},{"ancestorTitles":["Unified Global Command Context Migration"],"fullName":"Unified Global Command Context Migration should provide context methods","status":"passed","title":"should provide context methods","duration":0.5169170000008307,"failureMessages":[],"meta":{}}],"startTime":1750769880456,"endTime":1750769880458.5168,"status":"passed","message":"","name":"/Users/jono/Documents/GitHub/starcom-app/starcom-mk2/test/integration/migration/UnifiedContextMigration.test.tsx"},{"assertionResults":[],"startTime":1750769871631,"endTime":1750769871631,"status":"failed","message":"Failed to resolve import \"../../../src/context/EnhancedGlobalCommandContext\" from \"test/integration/phase4/Phase4Integration.test.tsx\". Does the file exist?","name":"/Users/jono/Documents/GitHub/starcom-app/starcom-mk2/test/integration/phase4/Phase4Integration.test.tsx"},{"assertionResults":[{"ancestorTitles":["Phase5Integration"],"fullName":"Phase5Integration renders without crashing","status":"passed","title":"renders without crashing","duration":4.346749999999702,"failureMessages":[],"meta":{}},{"ancestorTitles":["Phase5Integration"],"fullName":"Phase5Integration displays the Phase 5 control panel","status":"passed","title":"displays the Phase 5 control panel","duration":25.45429200000035,"failureMessages":[],"meta":{}},{"ancestorTitles":["Phase5Integration"],"fullName":"Phase5Integration toggles dashboard visibility when control button is clicked","status":"passed","title":"toggles dashboard visibility when control button is clicked","duration":11.206874999999854,"failureMessages":[],"meta":{}},{"ancestorTitles":["Phase5Integration"],"fullName":"Phase5Integration displays performance and security dashboards when enabled","status":"passed","title":"displays performance and security dashboards when enabled","duration":5.6368750000001455,"failureMessages":[],"meta":{}},{"ancestorTitles":["Phase5Integration"],"fullName":"Phase5Integration does not display performance dashboard when disabled","status":"passed","title":"does not display performance dashboard when disabled","duration":4.880165999999917,"failureMessages":[],"meta":{}},{"ancestorTitles":["Phase5Integration"],"fullName":"Phase5Integration displays system metrics in the dashboard","status":"passed","title":"displays system metrics in the dashboard","duration":5.28979100000015,"failureMessages":[],"meta":{}},{"ancestorTitles":["Phase5Integration"],"fullName":"Phase5Integration handles real-time monitoring when enabled","status":"passed","title":"handles real-time monitoring when enabled","duration":1.6507910000000265,"failureMessages":[],"meta":{}},{"ancestorTitles":["Phase5Integration"],"fullName":"Phase5Integration disables real-time monitoring when feature flag is disabled","status":"passed","title":"disables real-time monitoring when feature flag is disabled","duration":0.5923339999999371,"failureMessages":[],"meta":{}},{"ancestorTitles":["Phase5Integration"],"fullName":"Phase5Integration allows clearing alerts","status":"passed","title":"allows clearing alerts","duration":4.438124999999673,"failureMessages":[],"meta":{}},{"ancestorTitles":["Phase5Integration"],"fullName":"Phase5Integration handles custom performance thresholds","status":"passed","title":"handles custom performance thresholds","duration":0.7647919999999431,"failureMessages":[],"meta":{}},{"ancestorTitles":["Phase5Integration"],"fullName":"Phase5Integration disables automatic optimizations when configured","status":"passed","title":"disables automatic optimizations when configured","duration":0.6693340000001626,"failureMessages":[],"meta":{}},{"ancestorTitles":["Phase5Integration"],"fullName":"Phase5Integration disables security alerts when configured","status":"passed","title":"disables security alerts when configured","duration":0.5659999999998035,"failureMessages":[],"meta":{}},{"ancestorTitles":["Phase5Integration"],"fullName":"Phase5Integration closes dashboard when close button is clicked","status":"passed","title":"closes dashboard when close button is clicked","duration":7.77154100000007,"failureMessages":[],"meta":{}},{"ancestorTitles":["Phase5Integration"],"fullName":"Phase5Integration maintains dashboard state correctly","status":"passed","title":"maintains dashboard state correctly","duration":9.083666999999878,"failureMessages":[],"meta":{}}],"startTime":1750769879885,"endTime":1750769879968.0837,"status":"passed","message":"","name":"/Users/jono/Documents/GitHub/starcom-app/starcom-mk2/test/integration/phase5/Phase5Integration.test.tsx"},{"assertionResults":[{"ancestorTitles":["Marquee"],"fullName":"Marquee renders data points","status":"passed","title":"renders data points","duration":3.2939589999996315,"failureMessages":[],"meta":{}},{"ancestorTitles":["Marquee"],"fullName":"Marquee shows loading state","status":"passed","title":"shows loading state","duration":1.4142090000004828,"failureMessages":[],"meta":{}},{"ancestorTitles":["Marquee"],"fullName":"Marquee shows error state","status":"passed","title":"shows error state","duration":1.1978339999996024,"failureMessages":[],"meta":{}},{"ancestorTitles":["Marquee"],"fullName":"Marquee shows empty state","status":"passed","title":"shows empty state","duration":0.4104589999997188,"failureMessages":[],"meta":{}},{"ancestorTitles":["Marquee"],"fullName":"Marquee is keyboard focusable and shows visible focus","status":"passed","title":"is keyboard focusable and shows visible focus","duration":5.5772079999997,"failureMessages":[],"meta":{}},{"ancestorTitles":["Marquee"],"fullName":"Marquee pauses and resumes on Space/Enter","status":"passed","title":"pauses and resumes on Space/Enter","duration":2.124457999999322,"failureMessages":[],"meta":{}},{"ancestorTitles":["Marquee"],"fullName":"Marquee pauses on mouse enter and resumes on mouse leave","status":"passed","title":"pauses on mouse enter and resumes on mouse leave","duration":3.2990419999996448,"failureMessages":[],"meta":{}},{"ancestorTitles":["Marquee"],"fullName":"Marquee has aria-live polite for updates","status":"passed","title":"has aria-live polite for updates","duration":2.5243749999999636,"failureMessages":[],"meta":{}}],"startTime":1750769880074,"endTime":1750769880094.5244,"status":"passed","message":"","name":"/Users/jono/Documents/GitHub/starcom-app/starcom-mk2/src/components/HUD/Bars/TopBar/Marquee.test.tsx"},{"assertionResults":[{"ancestorTitles":["TopBar artifact-driven"],"fullName":"TopBar artifact-driven renders logo, settings button, and marquee","status":"failed","title":"renders logo, settings button, and marquee","duration":16.991833000000042,"failureMessages":["Error: useAuth must be used within an AuthProvider\n    at useAuth (/Users/jono/Documents/GitHub/starcom-app/starcom-mk2/src/hooks/useAuth.ts:7:11)\n    at WalletStatusMini (/Users/jono/Documents/GitHub/starcom-app/starcom-mk2/src/components/Auth/WalletStatusMini.tsx:250:7)\n    at renderWithHooks (/Users/jono/Documents/GitHub/starcom-app/starcom-mk2/node_modules/react-dom/cjs/react-dom.development.js:15486:18)\n    at mountIndeterminateComponent (/Users/jono/Documents/GitHub/starcom-app/starcom-mk2/node_modules/react-dom/cjs/react-dom.development.js:20103:13)\n    at beginWork (/Users/jono/Documents/GitHub/starcom-app/starcom-mk2/node_modules/react-dom/cjs/react-dom.development.js:21626:16)\n    at beginWork$1 (/Users/jono/Documents/GitHub/starcom-app/starcom-mk2/node_modules/react-dom/cjs/react-dom.development.js:27465:14)\n    at performUnitOfWork (/Users/jono/Documents/GitHub/starcom-app/starcom-mk2/node_modules/react-dom/cjs/react-dom.development.js:26599:12)\n    at workLoopSync (/Users/jono/Documents/GitHub/starcom-app/starcom-mk2/node_modules/react-dom/cjs/react-dom.development.js:26505:5)\n    at renderRootSync (/Users/jono/Documents/GitHub/starcom-app/starcom-mk2/node_modules/react-dom/cjs/react-dom.development.js:26473:7)\n    at recoverFromConcurrentError (/Users/jono/Documents/GitHub/starcom-app/starcom-mk2/node_modules/react-dom/cjs/react-dom.development.js:25889:20)"],"meta":{}},{"ancestorTitles":["TopBar artifact-driven"],"fullName":"TopBar artifact-driven opens and closes the settings modal","status":"failed","title":"opens and closes the settings modal","duration":5.429125000000113,"failureMessages":["Error: useAuth must be used within an AuthProvider\n    at useAuth (/Users/jono/Documents/GitHub/starcom-app/starcom-mk2/src/hooks/useAuth.ts:7:11)\n    at WalletStatusMini (/Users/jono/Documents/GitHub/starcom-app/starcom-mk2/src/components/Auth/WalletStatusMini.tsx:250:7)\n    at renderWithHooks (/Users/jono/Documents/GitHub/starcom-app/starcom-mk2/node_modules/react-dom/cjs/react-dom.development.js:15486:18)\n    at mountIndeterminateComponent (/Users/jono/Documents/GitHub/starcom-app/starcom-mk2/node_modules/react-dom/cjs/react-dom.development.js:20103:13)\n    at beginWork (/Users/jono/Documents/GitHub/starcom-app/starcom-mk2/node_modules/react-dom/cjs/react-dom.development.js:21626:16)\n    at beginWork$1 (/Users/jono/Documents/GitHub/starcom-app/starcom-mk2/node_modules/react-dom/cjs/react-dom.development.js:27465:14)\n    at performUnitOfWork (/Users/jono/Documents/GitHub/starcom-app/starcom-mk2/node_modules/react-dom/cjs/react-dom.development.js:26599:12)\n    at workLoopSync (/Users/jono/Documents/GitHub/starcom-app/starcom-mk2/node_modules/react-dom/cjs/react-dom.development.js:26505:5)\n    at renderRootSync (/Users/jono/Documents/GitHub/starcom-app/starcom-mk2/node_modules/react-dom/cjs/react-dom.development.js:26473:7)\n    at recoverFromConcurrentError (/Users/jono/Documents/GitHub/starcom-app/starcom-mk2/node_modules/react-dom/cjs/react-dom.development.js:25889:20)"],"meta":{}},{"ancestorTitles":["TopBar artifact-driven"],"fullName":"TopBar artifact-driven toggles a category and updates marquee","status":"failed","title":"toggles a category and updates marquee","duration":5.814000000000078,"failureMessages":["Error: useAuth must be used within an AuthProvider\n    at useAuth (/Users/jono/Documents/GitHub/starcom-app/starcom-mk2/src/hooks/useAuth.ts:7:11)\n    at WalletStatusMini (/Users/jono/Documents/GitHub/starcom-app/starcom-mk2/src/components/Auth/WalletStatusMini.tsx:250:7)\n    at renderWithHooks (/Users/jono/Documents/GitHub/starcom-app/starcom-mk2/node_modules/react-dom/cjs/react-dom.development.js:15486:18)\n    at mountIndeterminateComponent (/Users/jono/Documents/GitHub/starcom-app/starcom-mk2/node_modules/react-dom/cjs/react-dom.development.js:20103:13)\n    at beginWork (/Users/jono/Documents/GitHub/starcom-app/starcom-mk2/node_modules/react-dom/cjs/react-dom.development.js:21626:16)\n    at beginWork$1 (/Users/jono/Documents/GitHub/starcom-app/starcom-mk2/node_modules/react-dom/cjs/react-dom.development.js:27465:14)\n    at performUnitOfWork (/Users/jono/Documents/GitHub/starcom-app/starcom-mk2/node_modules/react-dom/cjs/react-dom.development.js:26599:12)\n    at workLoopSync (/Users/jono/Documents/GitHub/starcom-app/starcom-mk2/node_modules/react-dom/cjs/react-dom.development.js:26505:5)\n    at renderRootSync (/Users/jono/Documents/GitHub/starcom-app/starcom-mk2/node_modules/react-dom/cjs/react-dom.development.js:26473:7)\n    at recoverFromConcurrentError (/Users/jono/Documents/GitHub/starcom-app/starcom-mk2/node_modules/react-dom/cjs/react-dom.development.js:25889:20)"],"meta":{}},{"ancestorTitles":["TopBar artifact-driven"],"fullName":"TopBar artifact-driven marquee pauses on hover and resumes on mouse leave","status":"failed","title":"marquee pauses on hover and resumes on mouse leave","duration":4.564417000000049,"failureMessages":["Error: useAuth must be used within an AuthProvider\n    at useAuth (/Users/jono/Documents/GitHub/starcom-app/starcom-mk2/src/hooks/useAuth.ts:7:11)\n    at WalletStatusMini (/Users/jono/Documents/GitHub/starcom-app/starcom-mk2/src/components/Auth/WalletStatusMini.tsx:250:7)\n    at renderWithHooks (/Users/jono/Documents/GitHub/starcom-app/starcom-mk2/node_modules/react-dom/cjs/react-dom.development.js:15486:18)\n    at mountIndeterminateComponent (/Users/jono/Documents/GitHub/starcom-app/starcom-mk2/node_modules/react-dom/cjs/react-dom.development.js:20103:13)\n    at beginWork (/Users/jono/Documents/GitHub/starcom-app/starcom-mk2/node_modules/react-dom/cjs/react-dom.development.js:21626:16)\n    at beginWork$1 (/Users/jono/Documents/GitHub/starcom-app/starcom-mk2/node_modules/react-dom/cjs/react-dom.development.js:27465:14)\n    at performUnitOfWork (/Users/jono/Documents/GitHub/starcom-app/starcom-mk2/node_modules/react-dom/cjs/react-dom.development.js:26599:12)\n    at workLoopSync (/Users/jono/Documents/GitHub/starcom-app/starcom-mk2/node_modules/react-dom/cjs/react-dom.development.js:26505:5)\n    at renderRootSync (/Users/jono/Documents/GitHub/starcom-app/starcom-mk2/node_modules/react-dom/cjs/react-dom.development.js:26473:7)\n    at recoverFromConcurrentError (/Users/jono/Documents/GitHub/starcom-app/starcom-mk2/node_modules/react-dom/cjs/react-dom.development.js:25889:20)"],"meta":{}},{"ancestorTitles":["TopBar artifact-driven"],"fullName":"TopBar artifact-driven shows \"No data selected\" when all categories are disabled","status":"failed","title":"shows \"No data selected\" when all categories are disabled","duration":5.609042000000045,"failureMessages":["Error: useAuth must be used within an AuthProvider\n    at useAuth (/Users/jono/Documents/GitHub/starcom-app/starcom-mk2/src/hooks/useAuth.ts:7:11)\n    at WalletStatusMini (/Users/jono/Documents/GitHub/starcom-app/starcom-mk2/src/components/Auth/WalletStatusMini.tsx:250:7)\n    at renderWithHooks (/Users/jono/Documents/GitHub/starcom-app/starcom-mk2/node_modules/react-dom/cjs/react-dom.development.js:15486:18)\n    at mountIndeterminateComponent (/Users/jono/Documents/GitHub/starcom-app/starcom-mk2/node_modules/react-dom/cjs/react-dom.development.js:20103:13)\n    at beginWork (/Users/jono/Documents/GitHub/starcom-app/starcom-mk2/node_modules/react-dom/cjs/react-dom.development.js:21626:16)\n    at beginWork$1 (/Users/jono/Documents/GitHub/starcom-app/starcom-mk2/node_modules/react-dom/cjs/react-dom.development.js:27465:14)\n    at performUnitOfWork (/Users/jono/Documents/GitHub/starcom-app/starcom-mk2/node_modules/react-dom/cjs/react-dom.development.js:26599:12)\n    at workLoopSync (/Users/jono/Documents/GitHub/starcom-app/starcom-mk2/node_modules/react-dom/cjs/react-dom.development.js:26505:5)\n    at renderRootSync (/Users/jono/Documents/GitHub/starcom-app/starcom-mk2/node_modules/react-dom/cjs/react-dom.development.js:26473:7)\n    at recoverFromConcurrentError (/Users/jono/Documents/GitHub/starcom-app/starcom-mk2/node_modules/react-dom/cjs/react-dom.development.js:25889:20)"],"meta":{}}],"startTime":1750769873426,"endTime":1750769873464.6091,"status":"failed","message":"","name":"/Users/jono/Documents/GitHub/starcom-app/starcom-mk2/src/components/HUD/Bars/TopBar/TopBar.test.tsx"}]}