{"numTotalTestSuites":42,"numPassedTestSuites":42,"numFailedTestSuites":0,"numPendingTestSuites":0,"numTotalTests":58,"numPassedTests":58,"numFailedTests":0,"numPendingTests":0,"numTodoTests":0,"snapshot":{"added":0,"failure":false,"filesAdded":0,"filesRemoved":0,"filesRemovedList":[],"filesUnmatched":0,"filesUpdated":0,"matched":0,"total":0,"unchecked":0,"uncheckedKeysByFile":[],"unmatched":0,"updated":0,"didUpdate":false},"startTime":1749739019836,"success":true,"testResults":[{"assertionResults":[{"ancestorTitles":["EIADataProvider"],"fullName":"EIADataProvider returns data on success","status":"passed","title":"returns data on success","duration":927.7177080065012,"failureMessages":[],"meta":{}},{"ancestorTitles":["EIADataProvider"],"fullName":"EIADataProvider calls observer hooks","status":"passed","title":"calls observer hooks","duration":926.5940409898758,"failureMessages":[],"meta":{}},{"ancestorTitles":["EIADataProvider observability"],"fullName":"EIADataProvider observability calls observer hooks on fetch success","status":"passed","title":"calls observer hooks on fetch success","duration":698.7950419932604,"failureMessages":[],"meta":{}},{"ancestorTitles":["EIADataCacheService"],"fullName":"EIADataCacheService returns cached value on hit","status":"passed","title":"returns cached value on hit","duration":0.15587499737739563,"failureMessages":[],"meta":{}},{"ancestorTitles":["EIADataCacheService"],"fullName":"EIADataCacheService expires value after TTL","status":"passed","title":"expires value after TTL","duration":1.3350829929113388,"failureMessages":[],"meta":{}},{"ancestorTitles":["EIADataCacheService"],"fullName":"EIADataCacheService calls observer hooks","status":"passed","title":"calls observer hooks","duration":0.647040992975235,"failureMessages":[],"meta":{}},{"ancestorTitles":["EIADataCacheService observability"],"fullName":"EIADataCacheService observability calls observer hooks on cache hit/miss/evict","status":"passed","title":"calls observer hooks on cache hit/miss/evict","duration":0.2985830008983612,"failureMessages":[],"meta":{}},{"ancestorTitles":["MarketDataProvider.unit (placeholder)"],"fullName":"MarketDataProvider.unit (placeholder) should have real tests implemented","status":"passed","title":"should have real tests implemented","duration":0.05308400094509125,"failureMessages":[],"meta":{}},{"ancestorTitles":["MarketDataCacheService.unit (placeholder)"],"fullName":"MarketDataCacheService.unit (placeholder) should have real tests implemented","status":"passed","title":"should have real tests implemented","duration":0.13979199528694153,"failureMessages":[],"meta":{}},{"ancestorTitles":["FallbackProvider"],"fullName":"FallbackProvider returns data from the first successful provider","status":"passed","title":"returns data from the first successful provider","duration":0.3065420091152191,"failureMessages":[],"meta":{}},{"ancestorTitles":["FallbackProvider"],"fullName":"FallbackProvider throws if all providers fail","status":"passed","title":"throws if all providers fail","duration":0.6735410094261169,"failureMessages":[],"meta":{}},{"ancestorTitles":["EIAService.e2e (placeholder)"],"fullName":"EIAService.e2e (placeholder) should have real tests implemented","status":"passed","title":"should have real tests implemented","duration":0.04816699028015137,"failureMessages":[],"meta":{}},{"ancestorTitles":["EIAService"],"fullName":"EIAService fetches the latest oil price successfully","status":"passed","title":"fetches the latest oil price successfully","duration":3.0592909902334213,"failureMessages":[],"meta":{}},{"ancestorTitles":["EIAService"],"fullName":"EIAService fetches the latest gasoline price successfully","status":"passed","title":"fetches the latest gasoline price successfully","duration":1.965624988079071,"failureMessages":[],"meta":{}},{"ancestorTitles":["EIAService"],"fullName":"EIAService fetches the latest oil inventory successfully","status":"passed","title":"fetches the latest oil inventory successfully","duration":1.557790994644165,"failureMessages":[],"meta":{}},{"ancestorTitles":["EIAService"],"fullName":"EIAService handles fetch errors","status":"passed","title":"handles fetch errors","duration":1.6828339993953705,"failureMessages":[],"meta":{}}],"startTime":1749739027440,"endTime":1749739030005.6829,"status":"passed","message":"","name":"/Users/jono/Documents/GitHub/starcom-app/starcom-mk2/src/services/data-services.all.test.ts"},{"assertionResults":[{"ancestorTitles":["Web3Login AuthErrorBoundary"],"fullName":"Web3Login AuthErrorBoundary shows error boundary UI if an auth error occurs","status":"passed","title":"shows error boundary UI if an auth error occurs","duration":35.20879100263119,"failureMessages":[],"meta":{}},{"ancestorTitles":["Web3Login AuthErrorBoundary"],"fullName":"Web3Login AuthErrorBoundary renders children if no error is thrown","status":"passed","title":"renders children if no error is thrown","duration":1.9993330091238022,"failureMessages":[],"meta":{}},{"ancestorTitles":["Web3Login AuthErrorBoundary"],"fullName":"Web3Login AuthErrorBoundary resets error boundary on rerender","status":"passed","title":"resets error boundary on rerender","duration":5.524291008710861,"failureMessages":[],"meta":{}}],"startTime":1749739026744,"endTime":1749739026786.5242,"status":"passed","message":"","name":"/Users/jono/Documents/GitHub/starcom-app/starcom-mk2/src/components/Auth/AuthErrorBoundary.test.tsx"},{"assertionResults":[{"ancestorTitles":["TermsModal Flows"],"fullName":"TermsModal Flows shows TermsModal if terms not accepted","status":"passed","title":"shows TermsModal if terms not accepted","duration":18.475166007876396,"failureMessages":[],"meta":{}},{"ancestorTitles":["TermsModal Flows"],"fullName":"TermsModal Flows accepts terms and calls onAccept","status":"passed","title":"accepts terms and calls onAccept","duration":7.712833002209663,"failureMessages":[],"meta":{}},{"ancestorTitles":["TermsModal Flows"],"fullName":"TermsModal Flows does not show TermsModal if terms already accepted","status":"passed","title":"does not show TermsModal if terms already accepted","duration":2.1832079887390137,"failureMessages":[],"meta":{}},{"ancestorTitles":["TermsModal Flows"],"fullName":"TermsModal Flows TermsModal cannot be accepted twice","status":"passed","title":"TermsModal cannot be accepted twice","duration":3.199833005666733,"failureMessages":[],"meta":{}}],"startTime":1749739025731,"endTime":1749739025763.2,"status":"passed","message":"","name":"/Users/jono/Documents/GitHub/starcom-app/starcom-mk2/src/components/Auth/TermsModal.test.tsx"},{"assertionResults":[{"ancestorTitles":["TokenGatedPage"],"fullName":"TokenGatedPage prompts to connect wallet if not connected","status":"passed","title":"prompts to connect wallet if not connected","duration":119.49449999630451,"failureMessages":[],"meta":{}},{"ancestorTitles":["TokenGatedPage"],"fullName":"TokenGatedPage shows NFT access denied if user does not have NFT","status":"passed","title":"shows NFT access denied if user does not have NFT","duration":13.251999989151955,"failureMessages":[],"meta":{}},{"ancestorTitles":["TokenGatedPage"],"fullName":"TokenGatedPage shows admin access denied if user has NFT but not admin","status":"passed","title":"shows admin access denied if user has NFT but not admin","duration":23.44895799458027,"failureMessages":[],"meta":{}},{"ancestorTitles":["TokenGatedPage"],"fullName":"TokenGatedPage shows protected content if user has NFT and admin role","status":"passed","title":"shows protected content if user has NFT and admin role","duration":20.455957993865013,"failureMessages":[],"meta":{}}],"startTime":1749739027572,"endTime":1749739027748.456,"status":"passed","message":"","name":"/Users/jono/Documents/GitHub/starcom-app/starcom-mk2/src/components/Auth/TokenGatedPage.test.tsx"},{"assertionResults":[{"ancestorTitles":["WalletStatus (unit, artifact-driven)"],"fullName":"WalletStatus (unit, artifact-driven) renders error state","status":"passed","title":"renders error state","duration":121.06816700100899,"failureMessages":[],"meta":{}},{"ancestorTitles":["WalletStatus (unit, artifact-driven)"],"fullName":"WalletStatus (unit, artifact-driven) renders connected state","status":"passed","title":"renders connected state","duration":43.138291001319885,"failureMessages":[],"meta":{}},{"ancestorTitles":["WalletStatus (unit, artifact-driven)"],"fullName":"WalletStatus (unit, artifact-driven) renders idle state (connect button)","status":"passed","title":"renders idle state (connect button)","duration":122.2956250011921,"failureMessages":[],"meta":{}}],"startTime":1749739027564,"endTime":1749739027851.2957,"status":"passed","message":"","name":"/Users/jono/Documents/GitHub/starcom-app/starcom-mk2/src/components/Auth/WalletStatus.test.tsx"},{"assertionResults":[{"ancestorTitles":["Web3Login Accessibility Flows"],"fullName":"Web3Login Accessibility Flows all modal dialogs have correct ARIA roles and are announced to screen readers","status":"passed","title":"all modal dialogs have correct ARIA roles and are announced to screen readers","duration":108.38066600263119,"failureMessages":[],"meta":{}},{"ancestorTitles":["Web3Login Accessibility Flows"],"fullName":"Web3Login Accessibility Flows tab order is correct: TermsModal accept → wallet connect → main app","status":"passed","title":"tab order is correct: TermsModal accept → wallet connect → main app","duration":164.87883301079273,"failureMessages":[],"meta":{}},{"ancestorTitles":["Web3Login Accessibility Flows"],"fullName":"Web3Login Accessibility Flows focus returns to connect button after closing TermsModal","status":"passed","title":"focus returns to connect button after closing TermsModal","duration":53.1012080013752,"failureMessages":[],"meta":{}},{"ancestorTitles":["Web3Login Accessibility Flows"],"fullName":"Web3Login Accessibility Flows TermsModal is not present after acceptance","status":"passed","title":"TermsModal is not present after acceptance","duration":35.523832991719246,"failureMessages":[],"meta":{}},{"ancestorTitles":["Web3Login Accessibility Flows"],"fullName":"Web3Login Accessibility Flows wallet connect button is accessible by keyboard","status":"passed","title":"wallet connect button is accessible by keyboard","duration":19.497915998101234,"failureMessages":[],"meta":{}}],"startTime":1749739027564,"endTime":1749739027946.4978,"status":"passed","message":"","name":"/Users/jono/Documents/GitHub/starcom-app/starcom-mk2/src/components/Auth/Web3Login.accessibility.test.tsx"},{"assertionResults":[{"ancestorTitles":["TokenGatedPage Protected Route Flows"],"fullName":"TokenGatedPage Protected Route Flows denies access to protected route and shows fallback UI if not authenticated","status":"passed","title":"denies access to protected route and shows fallback UI if not authenticated","duration":82.93562500178814,"failureMessages":[],"meta":{}},{"ancestorTitles":["TokenGatedPage Protected Route Flows"],"fullName":"TokenGatedPage Protected Route Flows protected route shows denial UI if user lacks required token or role","status":"passed","title":"protected route shows denial UI if user lacks required token or role","duration":23.722124993801117,"failureMessages":[],"meta":{}},{"ancestorTitles":["TokenGatedPage Protected Route Flows"],"fullName":"TokenGatedPage Protected Route Flows shows protected content if user is authenticated and has access","status":"passed","title":"shows protected content if user is authenticated and has access","duration":22.481000006198883,"failureMessages":[],"meta":{}}],"startTime":1749739027570,"endTime":1749739027699.481,"status":"passed","message":"","name":"/Users/jono/Documents/GitHub/starcom-app/starcom-mk2/src/components/Auth/Web3Login.protected.test.tsx"},{"assertionResults":[{"ancestorTitles":["Web3Login Wallet Flows"],"fullName":"Web3Login Wallet Flows shows error if wallet provider is missing","status":"passed","title":"shows error if wallet provider is missing","duration":92.56599999964237,"failureMessages":[],"meta":{}},{"ancestorTitles":["Web3Login Wallet Flows"],"fullName":"Web3Login Wallet Flows shows error if user rejects connection","status":"passed","title":"shows error if user rejects connection","duration":40.99683399498463,"failureMessages":[],"meta":{}},{"ancestorTitles":["Web3Login Wallet Flows"],"fullName":"Web3Login Wallet Flows shows error if user is on the wrong network","status":"passed","title":"shows error if user is on the wrong network","duration":22.425750002264977,"failureMessages":[],"meta":{}},{"ancestorTitles":["Web3Login Wallet Flows"],"fullName":"Web3Login Wallet Flows disconnects wallet and returns to connect state","status":"passed","title":"disconnects wallet and returns to connect state","duration":75.14083299040794,"failureMessages":[],"meta":{}}],"startTime":1749739027569,"endTime":1749739027800.1409,"status":"passed","message":"","name":"/Users/jono/Documents/GitHub/starcom-app/starcom-mk2/src/components/Auth/Web3Login.wallet.test.tsx"},{"assertionResults":[{"ancestorTitles":["EIADataCacheService observability"],"fullName":"EIADataCacheService observability calls observer hooks on cache hit/miss/evict","status":"passed","title":"calls observer hooks on cache hit/miss/evict","duration":1.316208004951477,"failureMessages":[],"meta":{}}],"startTime":1749739028284,"endTime":1749739028285.3162,"status":"passed","message":"","name":"/Users/jono/Documents/GitHub/starcom-app/starcom-mk2/src/services/eia/EIADataCacheService.observability.test.ts"},{"assertionResults":[{"ancestorTitles":["EIADataCacheService"],"fullName":"EIADataCacheService returns cached value on hit","status":"passed","title":"returns cached value on hit","duration":0.5887909978628159,"failureMessages":[],"meta":{}},{"ancestorTitles":["EIADataCacheService"],"fullName":"EIADataCacheService expires value after TTL","status":"passed","title":"expires value after TTL","duration":2.136833995580673,"failureMessages":[],"meta":{}},{"ancestorTitles":["EIADataCacheService"],"fullName":"EIADataCacheService calls observer hooks","status":"passed","title":"calls observer hooks","duration":1.625791996717453,"failureMessages":[],"meta":{}}],"startTime":1749739027304,"endTime":1749739027308.6257,"status":"passed","message":"","name":"/Users/jono/Documents/GitHub/starcom-app/starcom-mk2/src/services/eia/EIADataCacheService.unit.test.ts"},{"assertionResults":[{"ancestorTitles":["EIADataProvider observability"],"fullName":"EIADataProvider observability calls observer hooks on fetch success","status":"passed","title":"calls observer hooks on fetch success","duration":861.2937500029802,"failureMessages":[],"meta":{}}],"startTime":1749739028705,"endTime":1749739029566.2937,"status":"passed","message":"","name":"/Users/jono/Documents/GitHub/starcom-app/starcom-mk2/src/services/eia/EIADataProvider.observability.test.ts"},{"assertionResults":[{"ancestorTitles":["EIADataProvider"],"fullName":"EIADataProvider returns data on success","status":"passed","title":"returns data on success","duration":789.0636250078678,"failureMessages":[],"meta":{}},{"ancestorTitles":["EIADataProvider"],"fullName":"EIADataProvider calls observer hooks","status":"passed","title":"calls observer hooks","duration":701.3146670013666,"failureMessages":[],"meta":{}}],"startTime":1749739028701,"endTime":1749739030191.3147,"status":"passed","message":"","name":"/Users/jono/Documents/GitHub/starcom-app/starcom-mk2/src/services/eia/EIADataProvider.unit.test.ts"},{"assertionResults":[{"ancestorTitles":["EIAService.e2e (placeholder)"],"fullName":"EIAService.e2e (placeholder) should have real tests implemented","status":"passed","title":"should have real tests implemented","duration":0.6007920056581497,"failureMessages":[],"meta":{}}],"startTime":1749739028710,"endTime":1749739028710.6008,"status":"passed","message":"","name":"/Users/jono/Documents/GitHub/starcom-app/starcom-mk2/src/services/eia/EIAService.e2e.test.ts"},{"assertionResults":[{"ancestorTitles":["EIAService"],"fullName":"EIAService fetches the latest oil price successfully","status":"passed","title":"fetches the latest oil price successfully","duration":30.58195799589157,"failureMessages":[],"meta":{}},{"ancestorTitles":["EIAService"],"fullName":"EIAService fetches the latest gasoline price successfully","status":"passed","title":"fetches the latest gasoline price successfully","duration":3.9287919998168945,"failureMessages":[],"meta":{}},{"ancestorTitles":["EIAService"],"fullName":"EIAService fetches the latest oil inventory successfully","status":"passed","title":"fetches the latest oil inventory successfully","duration":3.478624999523163,"failureMessages":[],"meta":{}},{"ancestorTitles":["EIAService"],"fullName":"EIAService handles fetch errors","status":"passed","title":"handles fetch errors","duration":4.418333008885384,"failureMessages":[],"meta":{}}],"startTime":1749739025631,"endTime":1749739025673.4182,"status":"passed","message":"","name":"/Users/jono/Documents/GitHub/starcom-app/starcom-mk2/src/services/eia/EIAService.test.ts"},{"assertionResults":[{"ancestorTitles":["MarketDataCacheService.unit (placeholder)"],"fullName":"MarketDataCacheService.unit (placeholder) should have real tests implemented","status":"passed","title":"should have real tests implemented","duration":0.596790999174118,"failureMessages":[],"meta":{}}],"startTime":1749739028743,"endTime":1749739028743.5967,"status":"passed","message":"","name":"/Users/jono/Documents/GitHub/starcom-app/starcom-mk2/src/services/market/MarketDataCacheService.unit.test.ts"},{"assertionResults":[{"ancestorTitles":["MarketDataProvider.unit (placeholder)"],"fullName":"MarketDataProvider.unit (placeholder) should have real tests implemented","status":"passed","title":"should have real tests implemented","duration":1.1879159957170486,"failureMessages":[],"meta":{}}],"startTime":1749739028704,"endTime":1749739028705.188,"status":"passed","message":"","name":"/Users/jono/Documents/GitHub/starcom-app/starcom-mk2/src/services/market/MarketDataProvider.unit.test.ts"},{"assertionResults":[{"ancestorTitles":["FallbackProvider"],"fullName":"FallbackProvider returns data from the first successful provider","status":"passed","title":"returns data from the first successful provider","duration":0.90174999833107,"failureMessages":[],"meta":{}},{"ancestorTitles":["FallbackProvider"],"fullName":"FallbackProvider throws if all providers fail","status":"passed","title":"throws if all providers fail","duration":0.7089999914169312,"failureMessages":[],"meta":{}}],"startTime":1749739026747,"endTime":1749739026748.709,"status":"passed","message":"","name":"/Users/jono/Documents/GitHub/starcom-app/starcom-mk2/src/services/shared/FallbackProvider.unit.test.ts"}]}