{"numTotalTestSuites":119,"numPassedTestSuites":85,"numFailedTestSuites":34,"numPendingTestSuites":0,"numTotalTests":213,"numPassedTests":155,"numFailedTests":58,"numPendingTests":0,"numTodoTests":0,"snapshot":{"added":0,"failure":false,"filesAdded":0,"filesRemoved":0,"filesRemovedList":[],"filesUnmatched":0,"filesUpdated":0,"matched":0,"total":0,"unchecked":0,"uncheckedKeysByFile":[],"unmatched":0,"updated":0,"didUpdate":false},"startTime":1750723871761,"success":false,"testResults":[{"assertionResults":[{"ancestorTitles":["IntelReportData Models","IntelReportData interface"],"fullName":"IntelReportData Models IntelReportData interface should accept all required fields","status":"passed","title":"should accept all required fields","duration":0.2006669994443655,"failureMessages":[],"meta":{}},{"ancestorTitles":["IntelReportData Models","IntelReportData interface"],"fullName":"IntelReportData Models IntelReportData interface should accept optional fields","status":"passed","title":"should accept optional fields","duration":0.11454199999570847,"failureMessages":[],"meta":{}},{"ancestorTitles":["IntelReportData Models","IntelReportFormData interface"],"fullName":"IntelReportData Models IntelReportFormData interface should represent form data structure correctly","status":"passed","title":"should represent form data structure correctly","duration":0.1112500000745058,"failureMessages":[],"meta":{}},{"ancestorTitles":["IntelReportData Models","IntelReportTransformer","formToBlockchain"],"fullName":"IntelReportData Models IntelReportTransformer formToBlockchain should convert form data to blockchain data correctly","status":"passed","title":"should convert form data to blockchain data correctly","duration":0.1443750001490116,"failureMessages":[],"meta":{}},{"ancestorTitles":["IntelReportData Models","IntelReportTransformer","formToBlockchain"],"fullName":"IntelReportData Models IntelReportTransformer formToBlockchain should handle empty tags","status":"passed","title":"should handle empty tags","duration":0.04541599936783314,"failureMessages":[],"meta":{}},{"ancestorTitles":["IntelReportData Models","IntelReportTransformer","formToBlockchain"],"fullName":"IntelReportData Models IntelReportTransformer formToBlockchain should trim whitespace from tags","status":"passed","title":"should trim whitespace from tags","duration":0.04583299998193979,"failureMessages":[],"meta":{}},{"ancestorTitles":["IntelReportData Models","IntelReportTransformer","blockchainToData"],"fullName":"IntelReportData Models IntelReportTransformer blockchainToData should convert blockchain data to unified data correctly","status":"passed","title":"should convert blockchain data to unified data correctly","duration":0.16558399982750416,"failureMessages":[],"meta":{}},{"ancestorTitles":["IntelReportData Models","IntelReportTransformer","blockchainToData"],"fullName":"IntelReportData Models IntelReportTransformer blockchainToData should handle missing optional parameters","status":"passed","title":"should handle missing optional parameters","duration":0.09433299954980612,"failureMessages":[],"meta":{}},{"ancestorTitles":["IntelReportData Models","IntelReportTransformer","dataToOverlayMarker"],"fullName":"IntelReportData Models IntelReportTransformer dataToOverlayMarker should convert unified data to overlay marker correctly","status":"passed","title":"should convert unified data to overlay marker correctly","duration":0.10825000051409006,"failureMessages":[],"meta":{}},{"ancestorTitles":["IntelReportData Models","IntelReportTransformer","dataToOverlayMarker"],"fullName":"IntelReportData Models IntelReportTransformer dataToOverlayMarker should handle missing pubkey","status":"passed","title":"should handle missing pubkey","duration":0.03504099976271391,"failureMessages":[],"meta":{}},{"ancestorTitles":["IntelReportData Models","IntelReportTransformer","validate"],"fullName":"IntelReportData Models IntelReportTransformer validate should validate complete intel report data","status":"passed","title":"should validate complete intel report data","duration":0.0744580002501607,"failureMessages":[],"meta":{}},{"ancestorTitles":["IntelReportData Models","IntelReportTransformer","validate"],"fullName":"IntelReportData Models IntelReportTransformer validate should identify missing required fields","status":"passed","title":"should identify missing required fields","duration":0.16862499993294477,"failureMessages":[],"meta":{}},{"ancestorTitles":["IntelReportData Models","IntelReportTransformer","validate"],"fullName":"IntelReportData Models IntelReportTransformer validate should handle invalid numeric values","status":"passed","title":"should handle invalid numeric values","duration":0.19775000028312206,"failureMessages":[],"meta":{}}],"startTime":1750723898606,"endTime":1750723898608.1978,"status":"passed","message":"","name":"/Users/jono/Documents/GitHub/starcom-app/starcom-mk2/test/IntelReportData.test.ts"},{"assertionResults":[{"ancestorTitles":["IntelReportService","constructor"],"fullName":"IntelReportService constructor should initialize with valid connection and program ID","status":"passed","title":"should initialize with valid connection and program ID","duration":2.6541670002043247,"failureMessages":[],"meta":{}},{"ancestorTitles":["IntelReportService","constructor"],"fullName":"IntelReportService constructor should handle invalid program ID gracefully","status":"passed","title":"should handle invalid program ID gracefully","duration":2.7901250002905726,"failureMessages":[],"meta":{}},{"ancestorTitles":["IntelReportService","enableAnchorMode"],"fullName":"IntelReportService enableAnchorMode should log message indicating Anchor mode is disabled for MVP","status":"passed","title":"should log message indicating Anchor mode is disabled for MVP","duration":2.0411250004544854,"failureMessages":[],"meta":{}},{"ancestorTitles":["IntelReportService","submitIntelReport"],"fullName":"IntelReportService submitIntelReport should successfully submit intel report with valid data","status":"passed","title":"should successfully submit intel report with valid data","duration":3.309709000401199,"failureMessages":[],"meta":{}},{"ancestorTitles":["IntelReportService","submitIntelReport"],"fullName":"IntelReportService submitIntelReport should throw error when wallet is not connected","status":"passed","title":"should throw error when wallet is not connected","duration":3.0982079999521375,"failureMessages":[],"meta":{}},{"ancestorTitles":["IntelReportService","submitIntelReport"],"fullName":"IntelReportService submitIntelReport should throw error when wallet does not support transaction signing","status":"passed","title":"should throw error when wallet does not support transaction signing","duration":1.543749999254942,"failureMessages":[],"meta":{}},{"ancestorTitles":["IntelReportService","submitIntelReport"],"fullName":"IntelReportService submitIntelReport should handle connection errors gracefully","status":"passed","title":"should handle connection errors gracefully","duration":1.513416999951005,"failureMessages":[],"meta":{}},{"ancestorTitles":["IntelReportService","fetchIntelReports"],"fullName":"IntelReportService fetchIntelReports should return placeholder data for MVP","status":"passed","title":"should return placeholder data for MVP","duration":1.7760830000042915,"failureMessages":[],"meta":{}},{"ancestorTitles":["IntelReportService","fetchIntelReports"],"fullName":"IntelReportService fetchIntelReports should handle errors gracefully and return placeholder data","status":"passed","title":"should handle errors gracefully and return placeholder data","duration":1.2079999996349216,"failureMessages":[],"meta":{}},{"ancestorTitles":["IntelReportService","data validation"],"fullName":"IntelReportService data validation should handle intel report with all required fields","status":"passed","title":"should handle intel report with all required fields","duration":1.850165999494493,"failureMessages":[],"meta":{}},{"ancestorTitles":["IntelReportService","data validation"],"fullName":"IntelReportService data validation should handle intel report with optional fields","status":"passed","title":"should handle intel report with optional fields","duration":1.5517080007120967,"failureMessages":[],"meta":{}}],"startTime":1750723898368,"endTime":1750723898391.5518,"status":"passed","message":"","name":"/Users/jono/Documents/GitHub/starcom-app/starcom-mk2/test/IntelReportService.test.ts"},{"assertionResults":[{"ancestorTitles":["SpaceWeatherContext Electric Field Toggle"],"fullName":"SpaceWeatherContext Electric Field Toggle should show overlay when electric fields are enabled","status":"failed","title":"should show overlay when electric fields are enabled","duration":1.1320000002160668,"failureMessages":["Error: Cannot find module '../hooks/useEcoNaturalSettings'\nRequire stack:\n- /Users/jono/Documents/GitHub/starcom-app/starcom-mk2/src/context/SpaceWeatherContext.test.tsx\n    at Function.Module._resolveFilename (node:internal/modules/cjs/loader:1075:15)\n    at Function.Module._load (node:internal/modules/cjs/loader:920:27)\n    at Module.require (node:internal/modules/cjs/loader:1141:19)\n    at require (node:internal/modules/cjs/helpers:110:18)\n    at /Users/jono/Documents/GitHub/starcom-app/starcom-mk2/src/context/SpaceWeatherContext.test.tsx:64:13\n    at file:///Users/jono/Documents/GitHub/starcom-app/starcom-mk2/node_modules/@vitest/runner/dist/chunk-hooks.js:155:11\n    at file:///Users/jono/Documents/GitHub/starcom-app/starcom-mk2/node_modules/@vitest/runner/dist/chunk-hooks.js:1894:20\n    at new Promise (<anonymous>)\n    at runWithTimeout (file:///Users/jono/Documents/GitHub/starcom-app/starcom-mk2/node_modules/@vitest/runner/dist/chunk-hooks.js:1860:10)\n    at runHook (file:///Users/jono/Documents/GitHub/starcom-app/starcom-mk2/node_modules/@vitest/runner/dist/chunk-hooks.js:1433:51)"],"meta":{}},{"ancestorTitles":["SpaceWeatherContext Electric Field Toggle"],"fullName":"SpaceWeatherContext Electric Field Toggle should hide overlay when electric fields are disabled","status":"failed","title":"should hide overlay when electric fields are disabled","duration":0.18549999967217445,"failureMessages":["Error: Cannot find module '../hooks/useEcoNaturalSettings'\nRequire stack:\n- /Users/jono/Documents/GitHub/starcom-app/starcom-mk2/src/context/SpaceWeatherContext.test.tsx\n    at Function.Module._resolveFilename (node:internal/modules/cjs/loader:1075:15)\n    at Function.Module._load (node:internal/modules/cjs/loader:920:27)\n    at Module.require (node:internal/modules/cjs/loader:1141:19)\n    at require (node:internal/modules/cjs/helpers:110:18)\n    at /Users/jono/Documents/GitHub/starcom-app/starcom-mk2/src/context/SpaceWeatherContext.test.tsx:64:13\n    at file:///Users/jono/Documents/GitHub/starcom-app/starcom-mk2/node_modules/@vitest/runner/dist/chunk-hooks.js:155:11\n    at file:///Users/jono/Documents/GitHub/starcom-app/starcom-mk2/node_modules/@vitest/runner/dist/chunk-hooks.js:1894:20\n    at new Promise (<anonymous>)\n    at runWithTimeout (file:///Users/jono/Documents/GitHub/starcom-app/starcom-mk2/node_modules/@vitest/runner/dist/chunk-hooks.js:1860:10)\n    at runHook (file:///Users/jono/Documents/GitHub/starcom-app/starcom-mk2/node_modules/@vitest/runner/dist/chunk-hooks.js:1433:51)"],"meta":{}},{"ancestorTitles":["SpaceWeatherContext Electric Field Toggle"],"fullName":"SpaceWeatherContext Electric Field Toggle should provide normalization settings","status":"failed","title":"should provide normalization settings","duration":0.13833399955183268,"failureMessages":["Error: Cannot find module '../hooks/useEcoNaturalSettings'\nRequire stack:\n- /Users/jono/Documents/GitHub/starcom-app/starcom-mk2/src/context/SpaceWeatherContext.test.tsx\n    at Function.Module._resolveFilename (node:internal/modules/cjs/loader:1075:15)\n    at Function.Module._load (node:internal/modules/cjs/loader:920:27)\n    at Module.require (node:internal/modules/cjs/loader:1141:19)\n    at require (node:internal/modules/cjs/helpers:110:18)\n    at /Users/jono/Documents/GitHub/starcom-app/starcom-mk2/src/context/SpaceWeatherContext.test.tsx:64:13\n    at file:///Users/jono/Documents/GitHub/starcom-app/starcom-mk2/node_modules/@vitest/runner/dist/chunk-hooks.js:155:11\n    at file:///Users/jono/Documents/GitHub/starcom-app/starcom-mk2/node_modules/@vitest/runner/dist/chunk-hooks.js:1894:20\n    at new Promise (<anonymous>)\n    at runWithTimeout (file:///Users/jono/Documents/GitHub/starcom-app/starcom-mk2/node_modules/@vitest/runner/dist/chunk-hooks.js:1860:10)\n    at runHook (file:///Users/jono/Documents/GitHub/starcom-app/starcom-mk2/node_modules/@vitest/runner/dist/chunk-hooks.js:1433:51)"],"meta":{}},{"ancestorTitles":["SpaceWeatherContext Electric Field Toggle"],"fullName":"SpaceWeatherContext Electric Field Toggle should provide update function","status":"failed","title":"should provide update function","duration":0.179666000418365,"failureMessages":["Error: Cannot find module '../hooks/useEcoNaturalSettings'\nRequire stack:\n- /Users/jono/Documents/GitHub/starcom-app/starcom-mk2/src/context/SpaceWeatherContext.test.tsx\n    at Function.Module._resolveFilename (node:internal/modules/cjs/loader:1075:15)\n    at Function.Module._load (node:internal/modules/cjs/loader:920:27)\n    at Module.require (node:internal/modules/cjs/loader:1141:19)\n    at require (node:internal/modules/cjs/helpers:110:18)\n    at /Users/jono/Documents/GitHub/starcom-app/starcom-mk2/src/context/SpaceWeatherContext.test.tsx:64:13\n    at file:///Users/jono/Documents/GitHub/starcom-app/starcom-mk2/node_modules/@vitest/runner/dist/chunk-hooks.js:155:11\n    at file:///Users/jono/Documents/GitHub/starcom-app/starcom-mk2/node_modules/@vitest/runner/dist/chunk-hooks.js:1894:20\n    at new Promise (<anonymous>)\n    at runWithTimeout (file:///Users/jono/Documents/GitHub/starcom-app/starcom-mk2/node_modules/@vitest/runner/dist/chunk-hooks.js:1860:10)\n    at runHook (file:///Users/jono/Documents/GitHub/starcom-app/starcom-mk2/node_modules/@vitest/runner/dist/chunk-hooks.js:1433:51)"],"meta":{}},{"ancestorTitles":["SpaceWeatherContext Electric Field Toggle"],"fullName":"SpaceWeatherContext Electric Field Toggle should provide empty visualization vectors when no data","status":"failed","title":"should provide empty visualization vectors when no data","duration":0.13324999995529652,"failureMessages":["Error: Cannot find module '../hooks/useEcoNaturalSettings'\nRequire stack:\n- /Users/jono/Documents/GitHub/starcom-app/starcom-mk2/src/context/SpaceWeatherContext.test.tsx\n    at Function.Module._resolveFilename (node:internal/modules/cjs/loader:1075:15)\n    at Function.Module._load (node:internal/modules/cjs/loader:920:27)\n    at Module.require (node:internal/modules/cjs/loader:1141:19)\n    at require (node:internal/modules/cjs/helpers:110:18)\n    at /Users/jono/Documents/GitHub/starcom-app/starcom-mk2/src/context/SpaceWeatherContext.test.tsx:64:13\n    at file:///Users/jono/Documents/GitHub/starcom-app/starcom-mk2/node_modules/@vitest/runner/dist/chunk-hooks.js:155:11\n    at file:///Users/jono/Documents/GitHub/starcom-app/starcom-mk2/node_modules/@vitest/runner/dist/chunk-hooks.js:1894:20\n    at new Promise (<anonymous>)\n    at runWithTimeout (file:///Users/jono/Documents/GitHub/starcom-app/starcom-mk2/node_modules/@vitest/runner/dist/chunk-hooks.js:1860:10)\n    at runHook (file:///Users/jono/Documents/GitHub/starcom-app/starcom-mk2/node_modules/@vitest/runner/dist/chunk-hooks.js:1433:51)"],"meta":{}}],"startTime":1750723876388,"endTime":1750723876390.1797,"status":"failed","message":"","name":"/Users/jono/Documents/GitHub/starcom-app/starcom-mk2/src/context/SpaceWeatherContext.test.tsx"},{"assertionResults":[{"ancestorTitles":["Globe Space Weather Integration"],"fullName":"Globe Space Weather Integration should add space weather InterMag overlay and fetch data","status":"passed","title":"should add space weather InterMag overlay and fetch data","duration":103.29241700004786,"failureMessages":[],"meta":{}},{"ancestorTitles":["Globe Space Weather Integration"],"fullName":"Globe Space Weather Integration should add space weather US-Canada overlay and fetch data","status":"passed","title":"should add space weather US-Canada overlay and fetch data","duration":100.69316700007766,"failureMessages":[],"meta":{}},{"ancestorTitles":["Globe Space Weather Integration"],"fullName":"Globe Space Weather Integration should handle space weather data fetch errors gracefully","status":"passed","title":"should handle space weather data fetch errors gracefully","duration":101.15125000011176,"failureMessages":[],"meta":{}},{"ancestorTitles":["Globe Space Weather Integration"],"fullName":"Globe Space Weather Integration should remove space weather overlays correctly","status":"passed","title":"should remove space weather overlays correctly","duration":1.3778339996933937,"failureMessages":[],"meta":{}},{"ancestorTitles":["Globe Space Weather Integration"],"fullName":"Globe Space Weather Integration should include space weather overlays in CyberCommand mode defaults","status":"passed","title":"should include space weather overlays in CyberCommand mode defaults","duration":0.7083330005407333,"failureMessages":[],"meta":{}},{"ancestorTitles":["Globe Space Weather Integration"],"fullName":"Globe Space Weather Integration should transform NOAA data to proper intelligence markers format","status":"passed","title":"should transform NOAA data to proper intelligence markers format","duration":0.92070799972862,"failureMessages":[],"meta":{}}],"startTime":1750723897539,"endTime":1750723897846.9207,"status":"passed","message":"","name":"/Users/jono/Documents/GitHub/starcom-app/starcom-mk2/src/globe-engine/GlobeEngine.spaceWeather.test.ts"},{"assertionResults":[{"ancestorTitles":["GlobeEngine Overlay Logic"],"fullName":"GlobeEngine Overlay Logic should add overlays and cache overlay data","status":"passed","title":"should add overlays and cache overlay data","duration":639.1485419999808,"failureMessages":[],"meta":{}},{"ancestorTitles":["GlobeEngine Overlay Logic"],"fullName":"GlobeEngine Overlay Logic should reset overlays to mode defaults on setMode","status":"passed","title":"should reset overlays to mode defaults on setMode","duration":602.4327499996871,"failureMessages":[],"meta":{}},{"ancestorTitles":["GlobeEngine Overlay Logic"],"fullName":"GlobeEngine Overlay Logic should emit overlayDataUpdated event","status":"passed","title":"should emit overlayDataUpdated event","duration":11.338125000707805,"failureMessages":[],"meta":{}},{"ancestorTitles":["GlobeEngine Integration (artifact-driven)"],"fullName":"GlobeEngine Integration (artifact-driven) should fetch and cache overlay data for weather and naturalEvents (mocked)","status":"passed","title":"should fetch and cache overlay data for weather and naturalEvents (mocked)","duration":701.1646250002086,"failureMessages":[],"meta":{}},{"ancestorTitles":["GlobeEngine Integration (artifact-driven)"],"fullName":"GlobeEngine Integration (artifact-driven) should allow toggling overlays and emit correct events","status":"passed","title":"should allow toggling overlays and emit correct events","duration":0.8749160002917051,"failureMessages":[],"meta":{}},{"ancestorTitles":["GlobeEngine Integration (artifact-driven)"],"fullName":"GlobeEngine Integration (artifact-driven) should fetch and cache overlay data for spaceAssets (mocked)","status":"passed","title":"should fetch and cache overlay data for spaceAssets (mocked)","duration":602.0352910002694,"failureMessages":[],"meta":{}},{"ancestorTitles":["GlobeEngine Integration (artifact-driven)"],"fullName":"GlobeEngine Integration (artifact-driven) should emit overlayDataLoading and overlayDataError for spaceAssets","status":"passed","title":"should emit overlayDataLoading and overlayDataError for spaceAssets","duration":601.5267500001937,"failureMessages":[],"meta":{}},{"ancestorTitles":["GlobeEngine Integration (artifact-driven)"],"fullName":"GlobeEngine Integration (artifact-driven) should periodically update spaceAssets overlay (artifact-driven, fake timers)","status":"passed","title":"should periodically update spaceAssets overlay (artifact-driven, fake timers)","duration":2.936166999861598,"failureMessages":[],"meta":{}}],"startTime":1750723876738,"endTime":1750723879900.9363,"status":"passed","message":"","name":"/Users/jono/Documents/GitHub/starcom-app/starcom-mk2/src/globe-engine/GlobeEngine.test.ts"},{"assertionResults":[{"ancestorTitles":["TDD: Session Auto-Refresh (GREEN - Implementing)"],"fullName":"TDD: Session Auto-Refresh (GREEN - Implementing) should have a useAutoRefreshSession hook","status":"passed","title":"should have a useAutoRefreshSession hook","duration":0.7537089996039867,"failureMessages":[],"meta":{}},{"ancestorTitles":["TDD: Session Auto-Refresh (GREEN - Implementing)"],"fullName":"TDD: Session Auto-Refresh (GREEN - Implementing) should refresh session automatically when 75% of TTL has passed","status":"passed","title":"should refresh session automatically when 75% of TTL has passed","duration":0.07866699993610382,"failureMessages":[],"meta":{}},{"ancestorTitles":["TDD: Session Auto-Refresh (GREEN - Implementing)"],"fullName":"TDD: Session Auto-Refresh (GREEN - Implementing) should provide manual refresh with rate limiting","status":"passed","title":"should provide manual refresh with rate limiting","duration":0.15749999973922968,"failureMessages":[],"meta":{}},{"ancestorTitles":["TDD: Enhanced Session Security (GREEN - Implementing)"],"fullName":"TDD: Enhanced Session Security (GREEN - Implementing) should encrypt session data in localStorage","status":"passed","title":"should encrypt session data in localStorage","duration":0.2380419997498393,"failureMessages":[],"meta":{}},{"ancestorTitles":["TDD: Enhanced Session Security (GREEN - Implementing)"],"fullName":"TDD: Enhanced Session Security (GREEN - Implementing) should validate session integrity with checksums","status":"passed","title":"should validate session integrity with checksums","duration":0.08879199996590614,"failureMessages":[],"meta":{}},{"ancestorTitles":["TDD: Enhanced Session Security (GREEN - Implementing)"],"fullName":"TDD: Enhanced Session Security (GREEN - Implementing) should detect session tampering","status":"passed","title":"should detect session tampering","duration":0.13975000008940697,"failureMessages":[],"meta":{}},{"ancestorTitles":["TDD: Hardware Wallet Detection (GREEN - Implementing)"],"fullName":"TDD: Hardware Wallet Detection (GREEN - Implementing) should detect Ledger hardware wallets","status":"passed","title":"should detect Ledger hardware wallets","duration":0.15424999967217445,"failureMessages":[],"meta":{}},{"ancestorTitles":["TDD: Hardware Wallet Detection (GREEN - Implementing)"],"fullName":"TDD: Hardware Wallet Detection (GREEN - Implementing) should detect Trezor hardware wallets","status":"passed","title":"should detect Trezor hardware wallets","duration":0.06908299960196018,"failureMessages":[],"meta":{}},{"ancestorTitles":["TDD: Hardware Wallet Detection (GREEN - Implementing)"],"fullName":"TDD: Hardware Wallet Detection (GREEN - Implementing) should provide enhanced security flow for hardware wallets","status":"passed","title":"should provide enhanced security flow for hardware wallets","duration":0.19841699954122305,"failureMessages":[],"meta":{}},{"ancestorTitles":["TDD: Enhanced Session Security (RED - Not Implemented)"],"fullName":"TDD: Enhanced Session Security (RED - Not Implemented) should encrypt session data in localStorage","status":"failed","title":"should encrypt session data in localStorage","duration":6.905666999518871,"failureMessages":["AssertionError: expected false to be true // Object.is equality\n    at /Users/jono/Documents/GitHub/starcom-app/starcom-mk2/src/testing/auth-tdd.test.ts:150:30\n    at file:///Users/jono/Documents/GitHub/starcom-app/starcom-mk2/node_modules/@vitest/runner/dist/chunk-hooks.js:155:11\n    at file:///Users/jono/Documents/GitHub/starcom-app/starcom-mk2/node_modules/@vitest/runner/dist/chunk-hooks.js:752:26\n    at file:///Users/jono/Documents/GitHub/starcom-app/starcom-mk2/node_modules/@vitest/runner/dist/chunk-hooks.js:1894:20\n    at new Promise (<anonymous>)\n    at runWithTimeout (file:///Users/jono/Documents/GitHub/starcom-app/starcom-mk2/node_modules/@vitest/runner/dist/chunk-hooks.js:1860:10)\n    at runTest (file:///Users/jono/Documents/GitHub/starcom-app/starcom-mk2/node_modules/@vitest/runner/dist/chunk-hooks.js:1571:12)\n    at processTicksAndRejections (node:internal/process/task_queues:95:5)\n    at runSuite (file:///Users/jono/Documents/GitHub/starcom-app/starcom-mk2/node_modules/@vitest/runner/dist/chunk-hooks.js:1726:8)\n    at runSuite (file:///Users/jono/Documents/GitHub/starcom-app/starcom-mk2/node_modules/@vitest/runner/dist/chunk-hooks.js:1726:8)"],"meta":{}},{"ancestorTitles":["TDD: Enhanced Session Security (RED - Not Implemented)"],"fullName":"TDD: Enhanced Session Security (RED - Not Implemented) should validate session integrity with checksums","status":"failed","title":"should validate session integrity with checksums","duration":0.7275410005822778,"failureMessages":["AssertionError: expected false to be true // Object.is equality\n    at /Users/jono/Documents/GitHub/starcom-app/starcom-mk2/src/testing/auth-tdd.test.ts:159:31\n    at file:///Users/jono/Documents/GitHub/starcom-app/starcom-mk2/node_modules/@vitest/runner/dist/chunk-hooks.js:155:11\n    at file:///Users/jono/Documents/GitHub/starcom-app/starcom-mk2/node_modules/@vitest/runner/dist/chunk-hooks.js:752:26\n    at file:///Users/jono/Documents/GitHub/starcom-app/starcom-mk2/node_modules/@vitest/runner/dist/chunk-hooks.js:1894:20\n    at new Promise (<anonymous>)\n    at runWithTimeout (file:///Users/jono/Documents/GitHub/starcom-app/starcom-mk2/node_modules/@vitest/runner/dist/chunk-hooks.js:1860:10)\n    at runTest (file:///Users/jono/Documents/GitHub/starcom-app/starcom-mk2/node_modules/@vitest/runner/dist/chunk-hooks.js:1571:12)\n    at processTicksAndRejections (node:internal/process/task_queues:95:5)\n    at runSuite (file:///Users/jono/Documents/GitHub/starcom-app/starcom-mk2/node_modules/@vitest/runner/dist/chunk-hooks.js:1726:8)\n    at runSuite (file:///Users/jono/Documents/GitHub/starcom-app/starcom-mk2/node_modules/@vitest/runner/dist/chunk-hooks.js:1726:8)"],"meta":{}},{"ancestorTitles":["TDD: Enhanced Session Security (RED - Not Implemented)"],"fullName":"TDD: Enhanced Session Security (RED - Not Implemented) should detect session tampering","status":"failed","title":"should detect session tampering","duration":0.5965409995988011,"failureMessages":["AssertionError: expected false to be true // Object.is equality\n    at /Users/jono/Documents/GitHub/starcom-app/starcom-mk2/src/testing/auth-tdd.test.ts:168:31\n    at file:///Users/jono/Documents/GitHub/starcom-app/starcom-mk2/node_modules/@vitest/runner/dist/chunk-hooks.js:155:11\n    at file:///Users/jono/Documents/GitHub/starcom-app/starcom-mk2/node_modules/@vitest/runner/dist/chunk-hooks.js:752:26\n    at file:///Users/jono/Documents/GitHub/starcom-app/starcom-mk2/node_modules/@vitest/runner/dist/chunk-hooks.js:1894:20\n    at new Promise (<anonymous>)\n    at runWithTimeout (file:///Users/jono/Documents/GitHub/starcom-app/starcom-mk2/node_modules/@vitest/runner/dist/chunk-hooks.js:1860:10)\n    at runTest (file:///Users/jono/Documents/GitHub/starcom-app/starcom-mk2/node_modules/@vitest/runner/dist/chunk-hooks.js:1571:12)\n    at processTicksAndRejections (node:internal/process/task_queues:95:5)\n    at runSuite (file:///Users/jono/Documents/GitHub/starcom-app/starcom-mk2/node_modules/@vitest/runner/dist/chunk-hooks.js:1726:8)\n    at runSuite (file:///Users/jono/Documents/GitHub/starcom-app/starcom-mk2/node_modules/@vitest/runner/dist/chunk-hooks.js:1726:8)"],"meta":{}},{"ancestorTitles":["TDD: Hardware Wallet Detection (RED - Not Implemented)"],"fullName":"TDD: Hardware Wallet Detection (RED - Not Implemented) should detect Ledger hardware wallets","status":"failed","title":"should detect Ledger hardware wallets","duration":0.44983300007879734,"failureMessages":["AssertionError: expected false to be true // Object.is equality\n    at /Users/jono/Documents/GitHub/starcom-app/starcom-mk2/src/testing/auth-tdd.test.ts:181:30\n    at file:///Users/jono/Documents/GitHub/starcom-app/starcom-mk2/node_modules/@vitest/runner/dist/chunk-hooks.js:155:11\n    at file:///Users/jono/Documents/GitHub/starcom-app/starcom-mk2/node_modules/@vitest/runner/dist/chunk-hooks.js:752:26\n    at file:///Users/jono/Documents/GitHub/starcom-app/starcom-mk2/node_modules/@vitest/runner/dist/chunk-hooks.js:1894:20\n    at new Promise (<anonymous>)\n    at runWithTimeout (file:///Users/jono/Documents/GitHub/starcom-app/starcom-mk2/node_modules/@vitest/runner/dist/chunk-hooks.js:1860:10)\n    at runTest (file:///Users/jono/Documents/GitHub/starcom-app/starcom-mk2/node_modules/@vitest/runner/dist/chunk-hooks.js:1571:12)\n    at processTicksAndRejections (node:internal/process/task_queues:95:5)\n    at runSuite (file:///Users/jono/Documents/GitHub/starcom-app/starcom-mk2/node_modules/@vitest/runner/dist/chunk-hooks.js:1726:8)\n    at runSuite (file:///Users/jono/Documents/GitHub/starcom-app/starcom-mk2/node_modules/@vitest/runner/dist/chunk-hooks.js:1726:8)"],"meta":{}},{"ancestorTitles":["TDD: Hardware Wallet Detection (RED - Not Implemented)"],"fullName":"TDD: Hardware Wallet Detection (RED - Not Implemented) should detect Trezor hardware wallets","status":"failed","title":"should detect Trezor hardware wallets","duration":0.45908300019800663,"failureMessages":["AssertionError: expected false to be true // Object.is equality\n    at /Users/jono/Documents/GitHub/starcom-app/starcom-mk2/src/testing/auth-tdd.test.ts:190:30\n    at file:///Users/jono/Documents/GitHub/starcom-app/starcom-mk2/node_modules/@vitest/runner/dist/chunk-hooks.js:155:11\n    at file:///Users/jono/Documents/GitHub/starcom-app/starcom-mk2/node_modules/@vitest/runner/dist/chunk-hooks.js:752:26\n    at file:///Users/jono/Documents/GitHub/starcom-app/starcom-mk2/node_modules/@vitest/runner/dist/chunk-hooks.js:1894:20\n    at new Promise (<anonymous>)\n    at runWithTimeout (file:///Users/jono/Documents/GitHub/starcom-app/starcom-mk2/node_modules/@vitest/runner/dist/chunk-hooks.js:1860:10)\n    at runTest (file:///Users/jono/Documents/GitHub/starcom-app/starcom-mk2/node_modules/@vitest/runner/dist/chunk-hooks.js:1571:12)\n    at processTicksAndRejections (node:internal/process/task_queues:95:5)\n    at runSuite (file:///Users/jono/Documents/GitHub/starcom-app/starcom-mk2/node_modules/@vitest/runner/dist/chunk-hooks.js:1726:8)\n    at runSuite (file:///Users/jono/Documents/GitHub/starcom-app/starcom-mk2/node_modules/@vitest/runner/dist/chunk-hooks.js:1726:8)"],"meta":{}},{"ancestorTitles":["TDD: Hardware Wallet Detection (RED - Not Implemented)"],"fullName":"TDD: Hardware Wallet Detection (RED - Not Implemented) should provide enhanced security flow for hardware wallets","status":"failed","title":"should provide enhanced security flow for hardware wallets","duration":0.19262500014156103,"failureMessages":["AssertionError: expected false to be true // Object.is equality\n    at /Users/jono/Documents/GitHub/starcom-app/starcom-mk2/src/testing/auth-tdd.test.ts:199:32\n    at file:///Users/jono/Documents/GitHub/starcom-app/starcom-mk2/node_modules/@vitest/runner/dist/chunk-hooks.js:155:11\n    at file:///Users/jono/Documents/GitHub/starcom-app/starcom-mk2/node_modules/@vitest/runner/dist/chunk-hooks.js:752:26\n    at file:///Users/jono/Documents/GitHub/starcom-app/starcom-mk2/node_modules/@vitest/runner/dist/chunk-hooks.js:1894:20\n    at new Promise (<anonymous>)\n    at runWithTimeout (file:///Users/jono/Documents/GitHub/starcom-app/starcom-mk2/node_modules/@vitest/runner/dist/chunk-hooks.js:1860:10)\n    at runTest (file:///Users/jono/Documents/GitHub/starcom-app/starcom-mk2/node_modules/@vitest/runner/dist/chunk-hooks.js:1571:12)\n    at processTicksAndRejections (node:internal/process/task_queues:95:5)\n    at runSuite (file:///Users/jono/Documents/GitHub/starcom-app/starcom-mk2/node_modules/@vitest/runner/dist/chunk-hooks.js:1726:8)\n    at runSuite (file:///Users/jono/Documents/GitHub/starcom-app/starcom-mk2/node_modules/@vitest/runner/dist/chunk-hooks.js:1726:8)"],"meta":{}},{"ancestorTitles":["TDD: Progressive Authentication (RED - Not Implemented)"],"fullName":"TDD: Progressive Authentication (RED - Not Implemented) should support guest mode with limited access","status":"passed","title":"should support guest mode with limited access","duration":0.4967090003192425,"failureMessages":[],"meta":{}},{"ancestorTitles":["TDD: Progressive Authentication (RED - Not Implemented)"],"fullName":"TDD: Progressive Authentication (RED - Not Implemented) should allow upgrading from guest to full authentication","status":"passed","title":"should allow upgrading from guest to full authentication","duration":0.17783300019800663,"failureMessages":[],"meta":{}},{"ancestorTitles":["TDD: Progressive Authentication (RED - Not Implemented)"],"fullName":"TDD: Progressive Authentication (RED - Not Implemented) should preserve guest session data during upgrade","status":"passed","title":"should preserve guest session data during upgrade","duration":0.22791599947959185,"failureMessages":[],"meta":{}},{"ancestorTitles":["TDD: Dynamic Role Loading (RED - Not Implemented)"],"fullName":"TDD: Dynamic Role Loading (RED - Not Implemented) should load roles from NFT collections","status":"passed","title":"should load roles from NFT collections","duration":0.1026669992133975,"failureMessages":[],"meta":{}},{"ancestorTitles":["TDD: Dynamic Role Loading (RED - Not Implemented)"],"fullName":"TDD: Dynamic Role Loading (RED - Not Implemented) should cache roles with intelligent invalidation","status":"passed","title":"should cache roles with intelligent invalidation","duration":0.1856249999254942,"failureMessages":[],"meta":{}},{"ancestorTitles":["TDD: Dynamic Role Loading (RED - Not Implemented)"],"fullName":"TDD: Dynamic Role Loading (RED - Not Implemented) should merge roles from multiple sources","status":"passed","title":"should merge roles from multiple sources","duration":0.1844159997999668,"failureMessages":[],"meta":{}},{"ancestorTitles":["TDD: Login Anomaly Detection (RED - Not Implemented)"],"fullName":"TDD: Login Anomaly Detection (RED - Not Implemented) should detect unusual login patterns","status":"passed","title":"should detect unusual login patterns","duration":0.10833400022238493,"failureMessages":[],"meta":{}},{"ancestorTitles":["TDD: Login Anomaly Detection (RED - Not Implemented)"],"fullName":"TDD: Login Anomaly Detection (RED - Not Implemented) should implement progressive rate limiting","status":"passed","title":"should implement progressive rate limiting","duration":0.07370799966156483,"failureMessages":[],"meta":{}},{"ancestorTitles":["TDD: Login Anomaly Detection (RED - Not Implemented)"],"fullName":"TDD: Login Anomaly Detection (RED - Not Implemented) should log security events for analysis","status":"passed","title":"should log security events for analysis","duration":0.28379100002348423,"failureMessages":[],"meta":{}},{"ancestorTitles":["TDD: Cross-Device Authentication (GREEN - Implementing)"],"fullName":"TDD: Cross-Device Authentication (GREEN - Implementing) should generate QR codes for mobile authentication","status":"passed","title":"should generate QR codes for mobile authentication","duration":32.082542000338435,"failureMessages":[],"meta":{}},{"ancestorTitles":["TDD: Cross-Device Authentication (GREEN - Implementing)"],"fullName":"TDD: Cross-Device Authentication (GREEN - Implementing) should sync authentication state across devices","status":"failed","title":"should sync authentication state across devices","duration":1.6754580000415444,"failureMessages":["AssertionError: expected false to be true // Object.is equality\n    at /Users/jono/Documents/GitHub/starcom-app/starcom-mk2/src/testing/auth-tdd.test.ts:445:42\n    at file:///Users/jono/Documents/GitHub/starcom-app/starcom-mk2/node_modules/@vitest/runner/dist/chunk-hooks.js:752:20"],"meta":{}},{"ancestorTitles":["TDD: Biometric Authentication (GREEN - Implementing)"],"fullName":"TDD: Biometric Authentication (GREEN - Implementing) should support WebAuthn for biometric auth","status":"passed","title":"should support WebAuthn for biometric auth","duration":12.247832999564707,"failureMessages":[],"meta":{}},{"ancestorTitles":["TDD: Biometric Authentication (GREEN - Implementing)"],"fullName":"TDD: Biometric Authentication (GREEN - Implementing) should fallback gracefully when biometrics unavailable","status":"passed","title":"should fallback gracefully when biometrics unavailable","duration":1.2900829995051026,"failureMessages":[],"meta":{}},{"ancestorTitles":["TDD: Comprehensive Audit Trail (GREEN - Implementing)"],"fullName":"TDD: Comprehensive Audit Trail (GREEN - Implementing) should log all authentication events","status":"passed","title":"should log all authentication events","duration":15.805333000607789,"failureMessages":[],"meta":{}},{"ancestorTitles":["TDD: Comprehensive Audit Trail (GREEN - Implementing)"],"fullName":"TDD: Comprehensive Audit Trail (GREEN - Implementing) should support GDPR compliance features","status":"passed","title":"should support GDPR compliance features","duration":1.4274159995839,"failureMessages":[],"meta":{}},{"ancestorTitles":["TDD: Enhanced Error Handling (GREEN - Implementing)"],"fullName":"TDD: Enhanced Error Handling (GREEN - Implementing) should provide detailed error context","status":"passed","title":"should provide detailed error context","duration":20.686750000342727,"failureMessages":[],"meta":{}},{"ancestorTitles":["TDD: Enhanced Error Handling (GREEN - Implementing)"],"fullName":"TDD: Enhanced Error Handling (GREEN - Implementing) should implement error recovery strategies","status":"passed","title":"should implement error recovery strategies","duration":1.9065410001203418,"failureMessages":[],"meta":{}}],"startTime":1750723875565,"endTime":1750723875665.9065,"status":"failed","message":"","name":"/Users/jono/Documents/GitHub/starcom-app/starcom-mk2/src/testing/auth-tdd.test.ts"},{"assertionResults":[{"ancestorTitles":["Authentication Configuration Tests","Configuration Validation"],"fullName":"Authentication Configuration Tests Configuration Validation should validate auth configuration structure","status":"passed","title":"should validate auth configuration structure","duration":0.7091250000521541,"failureMessages":[],"meta":{}},{"ancestorTitles":["Authentication Configuration Tests","Configuration Validation"],"fullName":"Authentication Configuration Tests Configuration Validation should get environment configuration correctly","status":"passed","title":"should get environment configuration correctly","duration":0.29708299972116947,"failureMessages":[],"meta":{}},{"ancestorTitles":["Authentication Configuration Tests","Configuration Validation"],"fullName":"Authentication Configuration Tests Configuration Validation should get role configuration with defaults","status":"passed","title":"should get role configuration with defaults","duration":0.26120899990200996,"failureMessages":[],"meta":{}},{"ancestorTitles":["Authentication Configuration Tests","Configuration Validation"],"fullName":"Authentication Configuration Tests Configuration Validation should handle configuration overrides","status":"passed","title":"should handle configuration overrides","duration":0.16520799975842237,"failureMessages":[],"meta":{}},{"ancestorTitles":["Authentication Configuration Tests","Cryptographic Functions Tests"],"fullName":"Authentication Configuration Tests Cryptographic Functions Tests should test Ed25519 signature verification mock","status":"passed","title":"should test Ed25519 signature verification mock","duration":0.49941600020974874,"failureMessages":[],"meta":{}},{"ancestorTitles":["Authentication Configuration Tests","Cryptographic Functions Tests"],"fullName":"Authentication Configuration Tests Cryptographic Functions Tests should test base58 encoding/decoding mock","status":"passed","title":"should test base58 encoding/decoding mock","duration":0.22816700022667646,"failureMessages":[],"meta":{}},{"ancestorTitles":["Authentication Configuration Tests","Role Logic Tests"],"fullName":"Authentication Configuration Tests Role Logic Tests should test role hierarchy logic","status":"passed","title":"should test role hierarchy logic","duration":19.670749999582767,"failureMessages":[],"meta":{}},{"ancestorTitles":["Authentication Configuration Tests","Role Logic Tests"],"fullName":"Authentication Configuration Tests Role Logic Tests should test empty roles array","status":"passed","title":"should test empty roles array","duration":0.3047919999808073,"failureMessages":[],"meta":{}},{"ancestorTitles":["Authentication Configuration Tests","Address Validation Tests"],"fullName":"Authentication Configuration Tests Address Validation Tests should validate Solana addresses","status":"passed","title":"should validate Solana addresses","duration":0.6582079995423555,"failureMessages":[],"meta":{}},{"ancestorTitles":["Authentication Integration Test Suite"],"fullName":"Authentication Integration Test Suite should run comprehensive authentication system test","status":"passed","title":"should run comprehensive authentication system test","duration":0.5790839996188879,"failureMessages":[],"meta":{}}],"startTime":1750723897020,"endTime":1750723897043.6582,"status":"passed","message":"","name":"/Users/jono/Documents/GitHub/starcom-app/starcom-mk2/src/testing/auth-unit.test.ts"},{"assertionResults":[],"startTime":1750723871761,"endTime":1750723871761,"status":"failed","message":"  x Expected '>', got 'client'\n     ,-[/Users/jono/Documents/GitHub/starcom-app/starcom-mk2/src/testing/auth.test.ts:101:1]\n  98 |   const endpoint = clusterApiUrl(network);\n  99 | \n 100 |   return (\n 101 |     <QueryClientProvider client={queryClient}>\n     :                          ^^^^^^\n 102 |       <ConnectionProvider endpoint={endpoint}>\n 103 |         <WalletProvider wallets={[]} autoConnect>\n 104 |           {children}\n     `----\n\n\nCaused by:\n    Syntax Error","name":"/Users/jono/Documents/GitHub/starcom-app/starcom-mk2/src/testing/auth.test.ts"},{"assertionResults":[{"ancestorTitles":["NOAAGeomagneticService"],"fullName":"NOAAGeomagneticService should have tests implemented","status":"passed","title":"should have tests implemented","duration":0.07279099989682436,"failureMessages":[],"meta":{}}],"startTime":1750723898750,"endTime":1750723898750.0728,"status":"passed","message":"","name":"/Users/jono/Documents/GitHub/starcom-app/starcom-mk2/src/services/NOAAGeomagneticService.test.ts"},{"assertionResults":[{"ancestorTitles":["EIADataProvider"],"fullName":"EIADataProvider returns data on success","status":"passed","title":"returns data on success","duration":1066.4515000004321,"failureMessages":[],"meta":{}},{"ancestorTitles":["EIADataProvider"],"fullName":"EIADataProvider calls observer hooks","status":"failed","title":"calls observer hooks","duration":5001.191000000574,"failureMessages":["Error: STACK_TRACE_ERROR\n    at task (file:///Users/jono/Documents/GitHub/starcom-app/starcom-mk2/node_modules/@vitest/runner/dist/chunk-hooks.js:638:27)\n    at Object.<anonymous> (file:///Users/jono/Documents/GitHub/starcom-app/starcom-mk2/node_modules/@vitest/runner/dist/chunk-hooks.js:662:16)\n    at Object.<anonymous> (file:///Users/jono/Documents/GitHub/starcom-app/starcom-mk2/node_modules/@vitest/runner/dist/chunk-hooks.js:458:28)\n    at it (file:///Users/jono/Documents/GitHub/starcom-app/starcom-mk2/node_modules/@vitest/runner/dist/chunk-hooks.js:369:14)\n    at /Users/jono/Documents/GitHub/starcom-app/starcom-mk2/src/services/eia/EIADataProvider.unit.test.ts:12:3\n    at file:///Users/jono/Documents/GitHub/starcom-app/starcom-mk2/node_modules/@vitest/runner/dist/chunk-hooks.js:734:40\n    at runWithSuite (file:///Users/jono/Documents/GitHub/starcom-app/starcom-mk2/node_modules/@vitest/runner/dist/chunk-hooks.js:1846:8)\n    at Object.collect (file:///Users/jono/Documents/GitHub/starcom-app/starcom-mk2/node_modules/@vitest/runner/dist/chunk-hooks.js:734:10)\n    at Object.collect (file:///Users/jono/Documents/GitHub/starcom-app/starcom-mk2/node_modules/@vitest/runner/dist/chunk-hooks.js:738:54)\n    at processTicksAndRejections (node:internal/process/task_queues:95:5)\n    at collectTests (file:///Users/jono/Documents/GitHub/starcom-app/starcom-mk2/node_modules/@vitest/runner/dist/chunk-hooks.js:1176:25)\n    at startTests (file:///Users/jono/Documents/GitHub/starcom-app/starcom-mk2/node_modules/@vitest/runner/dist/chunk-hooks.js:1814:17)\n    at file:///Users/jono/Documents/GitHub/starcom-app/starcom-mk2/node_modules/vitest/dist/chunks/runBaseTests.Dd85QTll.js:117:26\n    at withEnv (file:///Users/jono/Documents/GitHub/starcom-app/starcom-mk2/node_modules/vitest/dist/chunks/runBaseTests.Dd85QTll.js:84:3)\n    at run (file:///Users/jono/Documents/GitHub/starcom-app/starcom-mk2/node_modules/vitest/dist/chunks/runBaseTests.Dd85QTll.js:109:2)"],"meta":{}},{"ancestorTitles":["EIADataProvider observability"],"fullName":"EIADataProvider observability calls observer hooks on fetch success","status":"failed","title":"calls observer hooks on fetch success","duration":5004.030458000489,"failureMessages":["Error: STACK_TRACE_ERROR\n    at task (file:///Users/jono/Documents/GitHub/starcom-app/starcom-mk2/node_modules/@vitest/runner/dist/chunk-hooks.js:638:27)\n    at Object.<anonymous> (file:///Users/jono/Documents/GitHub/starcom-app/starcom-mk2/node_modules/@vitest/runner/dist/chunk-hooks.js:662:16)\n    at Object.<anonymous> (file:///Users/jono/Documents/GitHub/starcom-app/starcom-mk2/node_modules/@vitest/runner/dist/chunk-hooks.js:458:28)\n    at it (file:///Users/jono/Documents/GitHub/starcom-app/starcom-mk2/node_modules/@vitest/runner/dist/chunk-hooks.js:369:14)\n    at /Users/jono/Documents/GitHub/starcom-app/starcom-mk2/src/services/eia/EIADataProvider.observability.test.ts:6:3\n    at file:///Users/jono/Documents/GitHub/starcom-app/starcom-mk2/node_modules/@vitest/runner/dist/chunk-hooks.js:734:40\n    at runWithSuite (file:///Users/jono/Documents/GitHub/starcom-app/starcom-mk2/node_modules/@vitest/runner/dist/chunk-hooks.js:1846:8)\n    at Object.collect (file:///Users/jono/Documents/GitHub/starcom-app/starcom-mk2/node_modules/@vitest/runner/dist/chunk-hooks.js:734:10)\n    at Object.collect (file:///Users/jono/Documents/GitHub/starcom-app/starcom-mk2/node_modules/@vitest/runner/dist/chunk-hooks.js:738:54)\n    at processTicksAndRejections (node:internal/process/task_queues:95:5)\n    at collectTests (file:///Users/jono/Documents/GitHub/starcom-app/starcom-mk2/node_modules/@vitest/runner/dist/chunk-hooks.js:1176:25)\n    at startTests (file:///Users/jono/Documents/GitHub/starcom-app/starcom-mk2/node_modules/@vitest/runner/dist/chunk-hooks.js:1814:17)\n    at file:///Users/jono/Documents/GitHub/starcom-app/starcom-mk2/node_modules/vitest/dist/chunks/runBaseTests.Dd85QTll.js:117:26\n    at withEnv (file:///Users/jono/Documents/GitHub/starcom-app/starcom-mk2/node_modules/vitest/dist/chunks/runBaseTests.Dd85QTll.js:84:3)\n    at run (file:///Users/jono/Documents/GitHub/starcom-app/starcom-mk2/node_modules/vitest/dist/chunks/runBaseTests.Dd85QTll.js:109:2)"],"meta":{}},{"ancestorTitles":["EIADataCacheService"],"fullName":"EIADataCacheService returns cached value on hit","status":"passed","title":"returns cached value on hit","duration":0.2984579997137189,"failureMessages":[],"meta":{}},{"ancestorTitles":["EIADataCacheService"],"fullName":"EIADataCacheService expires value after TTL","status":"passed","title":"expires value after TTL","duration":0.5723749995231628,"failureMessages":[],"meta":{}},{"ancestorTitles":["EIADataCacheService"],"fullName":"EIADataCacheService calls observer hooks","status":"passed","title":"calls observer hooks","duration":0.2966249994933605,"failureMessages":[],"meta":{}},{"ancestorTitles":["EIADataCacheService observability"],"fullName":"EIADataCacheService observability calls observer hooks on cache hit/miss/evict","status":"passed","title":"calls observer hooks on cache hit/miss/evict","duration":0.23654100019484758,"failureMessages":[],"meta":{}},{"ancestorTitles":["MarketDataProvider.unit (placeholder)"],"fullName":"MarketDataProvider.unit (placeholder) should have real tests implemented","status":"passed","title":"should have real tests implemented","duration":0.04220899939537048,"failureMessages":[],"meta":{}},{"ancestorTitles":["MarketDataCacheService.unit (placeholder)"],"fullName":"MarketDataCacheService.unit (placeholder) should have real tests implemented","status":"passed","title":"should have real tests implemented","duration":0.02974999975413084,"failureMessages":[],"meta":{}},{"ancestorTitles":["FallbackProvider"],"fullName":"FallbackProvider returns data from the first successful provider","status":"passed","title":"returns data from the first successful provider","duration":0.6658340003341436,"failureMessages":[],"meta":{}},{"ancestorTitles":["FallbackProvider"],"fullName":"FallbackProvider throws if all providers fail","status":"passed","title":"throws if all providers fail","duration":0.3068749997764826,"failureMessages":[],"meta":{}},{"ancestorTitles":["EIAService.e2e (placeholder)"],"fullName":"EIAService.e2e (placeholder) should have real tests implemented","status":"passed","title":"should have real tests implemented","duration":0.056708999909460545,"failureMessages":[],"meta":{}},{"ancestorTitles":["EIAService"],"fullName":"EIAService fetches the latest oil price successfully","status":"passed","title":"fetches the latest oil price successfully","duration":60.44537500012666,"failureMessages":[],"meta":{}},{"ancestorTitles":["EIAService"],"fullName":"EIAService fetches the latest gasoline price successfully","status":"passed","title":"fetches the latest gasoline price successfully","duration":2.038333000615239,"failureMessages":[],"meta":{}},{"ancestorTitles":["EIAService"],"fullName":"EIAService fetches the latest oil inventory successfully","status":"passed","title":"fetches the latest oil inventory successfully","duration":1.5125409997999668,"failureMessages":[],"meta":{}},{"ancestorTitles":["EIAService"],"fullName":"EIAService handles fetch errors","status":"passed","title":"handles fetch errors","duration":2.1120830001309514,"failureMessages":[],"meta":{}}],"startTime":1750723885790,"endTime":1750723896930.112,"status":"failed","message":"","name":"/Users/jono/Documents/GitHub/starcom-app/starcom-mk2/src/services/data-services.all.test.ts"},{"assertionResults":[{"ancestorTitles":["NOAA Electric Field Data - Real API Integration"],"fullName":"NOAA Electric Field Data - Real API Integration should discover what the NOAA InterMag directory actually contains","status":"failed","title":"should discover what the NOAA InterMag directory actually contains","duration":0.5609999997541308,"failureMessages":["TypeError: Cannot read properties of undefined (reading 'ok')\n    at /Users/jono/Documents/GitHub/starcom-app/starcom-mk2/src/services/noaaSpaceWeather.integration.test.ts:10:21\n    at processTicksAndRejections (node:internal/process/task_queues:95:5)\n    at file:///Users/jono/Documents/GitHub/starcom-app/starcom-mk2/node_modules/@vitest/runner/dist/chunk-hooks.js:752:20"],"meta":{}},{"ancestorTitles":["NOAA Electric Field Data - Real API Integration"],"fullName":"NOAA Electric Field Data - Real API Integration should discover what the NOAA US-Canada directory actually contains","status":"failed","title":"should discover what the NOAA US-Canada directory actually contains","duration":0.14658300019800663,"failureMessages":["TypeError: Cannot read properties of undefined (reading 'ok')\n    at /Users/jono/Documents/GitHub/starcom-app/starcom-mk2/src/services/noaaSpaceWeather.integration.test.ts:18:21\n    at processTicksAndRejections (node:internal/process/task_queues:95:5)\n    at file:///Users/jono/Documents/GitHub/starcom-app/starcom-mk2/node_modules/@vitest/runner/dist/chunk-hooks.js:752:20"],"meta":{}},{"ancestorTitles":["NOAA Electric Field Data - Real API Integration"],"fullName":"NOAA Electric Field Data - Real API Integration should fetch and parse actual InterMag electric field data","status":"failed","title":"should fetch and parse actual InterMag electric field data","duration":0.11158300004899502,"failureMessages":["TypeError: Cannot read properties of undefined (reading 'text')\n    at /Users/jono/Documents/GitHub/starcom-app/starcom-mk2/src/services/noaaSpaceWeather.integration.test.ts:26:36\n    at processTicksAndRejections (node:internal/process/task_queues:95:5)\n    at file:///Users/jono/Documents/GitHub/starcom-app/starcom-mk2/node_modules/@vitest/runner/dist/chunk-hooks.js:752:20"],"meta":{}},{"ancestorTitles":["NOAA Electric Field Data - Real API Integration"],"fullName":"NOAA Electric Field Data - Real API Integration should fetch and parse actual US-Canada electric field data","status":"failed","title":"should fetch and parse actual US-Canada electric field data","duration":0.08633400034159422,"failureMessages":["TypeError: Cannot read properties of undefined (reading 'text')\n    at /Users/jono/Documents/GitHub/starcom-app/starcom-mk2/src/services/noaaSpaceWeather.integration.test.ts:42:36\n    at processTicksAndRejections (node:internal/process/task_queues:95:5)\n    at file:///Users/jono/Documents/GitHub/starcom-app/starcom-mk2/node_modules/@vitest/runner/dist/chunk-hooks.js:752:20"],"meta":{}}],"startTime":1750723876439,"endTime":1750723876440.1465,"status":"failed","message":"","name":"/Users/jono/Documents/GitHub/starcom-app/starcom-mk2/src/services/noaaSpaceWeather.integration.test.ts"},{"assertionResults":[{"ancestorTitles":["NOAA Electric Field Data Quality"],"fullName":"NOAA Electric Field Data Quality should validate InterMag data has reasonable electric field values","status":"failed","title":"should validate InterMag data has reasonable electric field values","duration":0.3865419998764992,"failureMessages":["TypeError: Cannot read properties of undefined (reading 'ok')\n    at fetchLatestElectricFieldData (/Users/jono/Documents/GitHub/starcom-app/starcom-mk2/src/services/noaaSpaceWeather.ts:78:20)\n    at processTicksAndRejections (node:internal/process/task_queues:95:5)\n    at /Users/jono/Documents/GitHub/starcom-app/starcom-mk2/src/services/noaaSpaceWeather.quality.test.ts:8:18\n    at file:///Users/jono/Documents/GitHub/starcom-app/starcom-mk2/node_modules/@vitest/runner/dist/chunk-hooks.js:752:20"],"meta":{}},{"ancestorTitles":["NOAA to Starcom Intelligence Integration"],"fullName":"NOAA to Starcom Intelligence Integration should transform NOAA electric field data into intelligence overlay markers","status":"failed","title":"should transform NOAA electric field data into intelligence overlay markers","duration":0.11866699997335672,"failureMessages":["TypeError: Cannot read properties of undefined (reading 'ok')\n    at fetchLatestElectricFieldData (/Users/jono/Documents/GitHub/starcom-app/starcom-mk2/src/services/noaaSpaceWeather.ts:78:20)\n    at processTicksAndRejections (node:internal/process/task_queues:95:5)\n    at /Users/jono/Documents/GitHub/starcom-app/starcom-mk2/src/services/noaaSpaceWeather.quality.test.ts:29:22\n    at file:///Users/jono/Documents/GitHub/starcom-app/starcom-mk2/node_modules/@vitest/runner/dist/chunk-hooks.js:752:20"],"meta":{}}],"startTime":1750723876413,"endTime":1750723876414.1187,"status":"failed","message":"","name":"/Users/jono/Documents/GitHub/starcom-app/starcom-mk2/src/services/noaaSpaceWeather.quality.test.ts"},{"assertionResults":[{"ancestorTitles":["NOAA Electric Field Data - Real API Discovery"],"fullName":"NOAA Electric Field Data - Real API Discovery should discover what the NOAA InterMag directory actually contains","status":"failed","title":"should discover what the NOAA InterMag directory actually contains","duration":1.2967500006780028,"failureMessages":["TypeError: Cannot read properties of undefined (reading 'ok')\n    at /Users/jono/Documents/GitHub/starcom-app/starcom-mk2/src/services/noaaSpaceWeather.test.ts:19:21\n    at processTicksAndRejections (node:internal/process/task_queues:95:5)\n    at file:///Users/jono/Documents/GitHub/starcom-app/starcom-mk2/node_modules/@vitest/runner/dist/chunk-hooks.js:752:20"],"meta":{}},{"ancestorTitles":["NOAA Electric Field Data - Real API Discovery"],"fullName":"NOAA Electric Field Data - Real API Discovery should discover what the NOAA US-Canada directory actually contains","status":"failed","title":"should discover what the NOAA US-Canada directory actually contains","duration":0.16987500060349703,"failureMessages":["TypeError: Cannot read properties of undefined (reading 'ok')\n    at /Users/jono/Documents/GitHub/starcom-app/starcom-mk2/src/services/noaaSpaceWeather.test.ts:33:21\n    at processTicksAndRejections (node:internal/process/task_queues:95:5)\n    at file:///Users/jono/Documents/GitHub/starcom-app/starcom-mk2/node_modules/@vitest/runner/dist/chunk-hooks.js:752:20"],"meta":{}},{"ancestorTitles":["NOAA Electric Field Data - Real API Discovery"],"fullName":"NOAA Electric Field Data - Real API Discovery should fetch and parse actual InterMag electric field data","status":"failed","title":"should fetch and parse actual InterMag electric field data","duration":0.20458300039172173,"failureMessages":["TypeError: Cannot read properties of undefined (reading 'text')\n    at /Users/jono/Documents/GitHub/starcom-app/starcom-mk2/src/services/noaaSpaceWeather.test.ts:48:36\n    at processTicksAndRejections (node:internal/process/task_queues:95:5)\n    at file:///Users/jono/Documents/GitHub/starcom-app/starcom-mk2/node_modules/@vitest/runner/dist/chunk-hooks.js:752:20"],"meta":{}},{"ancestorTitles":["NOAA Electric Field Data - Real API Discovery"],"fullName":"NOAA Electric Field Data - Real API Discovery should fetch and parse actual US-Canada electric field data","status":"failed","title":"should fetch and parse actual US-Canada electric field data","duration":0.22116600070148706,"failureMessages":["TypeError: Cannot read properties of undefined (reading 'text')\n    at /Users/jono/Documents/GitHub/starcom-app/starcom-mk2/src/services/noaaSpaceWeather.test.ts:97:36\n    at processTicksAndRejections (node:internal/process/task_queues:95:5)\n    at file:///Users/jono/Documents/GitHub/starcom-app/starcom-mk2/node_modules/@vitest/runner/dist/chunk-hooks.js:752:20"],"meta":{}},{"ancestorTitles":["NOAA Filename Extraction"],"fullName":"NOAA Filename Extraction should extract latest InterMag filename from real directory HTML","status":"failed","title":"should extract latest InterMag filename from real directory HTML","duration":0.1829169997945428,"failureMessages":["TypeError: Cannot read properties of undefined (reading 'text')\n    at /Users/jono/Documents/GitHub/starcom-app/starcom-mk2/src/services/noaaSpaceWeather.test.ts:136:33\n    at processTicksAndRejections (node:internal/process/task_queues:95:5)\n    at file:///Users/jono/Documents/GitHub/starcom-app/starcom-mk2/node_modules/@vitest/runner/dist/chunk-hooks.js:752:20"],"meta":{}},{"ancestorTitles":["NOAA Filename Extraction"],"fullName":"NOAA Filename Extraction should extract latest US-Canada filename from real directory HTML","status":"failed","title":"should extract latest US-Canada filename from real directory HTML","duration":0.14025000017136335,"failureMessages":["TypeError: Cannot read properties of undefined (reading 'text')\n    at /Users/jono/Documents/GitHub/starcom-app/starcom-mk2/src/services/noaaSpaceWeather.test.ts:151:33\n    at processTicksAndRejections (node:internal/process/task_queues:95:5)\n    at file:///Users/jono/Documents/GitHub/starcom-app/starcom-mk2/node_modules/@vitest/runner/dist/chunk-hooks.js:752:20"],"meta":{}},{"ancestorTitles":["NOAA Electric Field Data Fetcher"],"fullName":"NOAA Electric Field Data Fetcher should fetch latest InterMag electric field data","status":"failed","title":"should fetch latest InterMag electric field data","duration":0.4047079998999834,"failureMessages":["TypeError: Cannot read properties of undefined (reading 'ok')\n    at fetchLatestElectricFieldData (/Users/jono/Documents/GitHub/starcom-app/starcom-mk2/src/services/noaaSpaceWeather.ts:78:20)\n    at processTicksAndRejections (node:internal/process/task_queues:95:5)\n    at /Users/jono/Documents/GitHub/starcom-app/starcom-mk2/src/services/noaaSpaceWeather.test.ts:168:18\n    at file:///Users/jono/Documents/GitHub/starcom-app/starcom-mk2/node_modules/@vitest/runner/dist/chunk-hooks.js:752:20"],"meta":{}},{"ancestorTitles":["NOAA Electric Field Data Fetcher"],"fullName":"NOAA Electric Field Data Fetcher should fetch latest US-Canada electric field data","status":"failed","title":"should fetch latest US-Canada electric field data","duration":0.23258400056511164,"failureMessages":["TypeError: Cannot read properties of undefined (reading 'ok')\n    at fetchLatestElectricFieldData (/Users/jono/Documents/GitHub/starcom-app/starcom-mk2/src/services/noaaSpaceWeather.ts:78:20)\n    at processTicksAndRejections (node:internal/process/task_queues:95:5)\n    at /Users/jono/Documents/GitHub/starcom-app/starcom-mk2/src/services/noaaSpaceWeather.test.ts:184:18\n    at file:///Users/jono/Documents/GitHub/starcom-app/starcom-mk2/node_modules/@vitest/runner/dist/chunk-hooks.js:752:20"],"meta":{}},{"ancestorTitles":["NOAA Electric Field Data Error Handling"],"fullName":"NOAA Electric Field Data Error Handling should throw error for invalid dataset type","status":"passed","title":"should throw error for invalid dataset type","duration":0.6829159995540977,"failureMessages":[],"meta":{}},{"ancestorTitles":["NOAA Electric Field Data Error Handling"],"fullName":"NOAA Electric Field Data Error Handling should handle network errors gracefully","status":"passed","title":"should handle network errors gracefully","duration":0.16412500012665987,"failureMessages":[],"meta":{}},{"ancestorTitles":["NOAA Electric Field Data Error Handling"],"fullName":"NOAA Electric Field Data Error Handling should handle empty directory listings","status":"passed","title":"should handle empty directory listings","duration":0.08379099983721972,"failureMessages":[],"meta":{}},{"ancestorTitles":["NOAA Electric Field Data Quality"],"fullName":"NOAA Electric Field Data Quality should validate InterMag data has reasonable electric field values","status":"failed","title":"should validate InterMag data has reasonable electric field values","duration":0.12870800029486418,"failureMessages":["TypeError: Cannot read properties of undefined (reading 'ok')\n    at fetchLatestElectricFieldData (/Users/jono/Documents/GitHub/starcom-app/starcom-mk2/src/services/noaaSpaceWeather.ts:78:20)\n    at processTicksAndRejections (node:internal/process/task_queues:95:5)\n    at /Users/jono/Documents/GitHub/starcom-app/starcom-mk2/src/services/noaaSpaceWeather.test.ts:239:18\n    at file:///Users/jono/Documents/GitHub/starcom-app/starcom-mk2/node_modules/@vitest/runner/dist/chunk-hooks.js:752:20"],"meta":{}},{"ancestorTitles":["NOAA Electric Field Data Quality"],"fullName":"NOAA Electric Field Data Quality should validate US-Canada data has reasonable electric field values","status":"failed","title":"should validate US-Canada data has reasonable electric field values","duration":0.12649999931454659,"failureMessages":["TypeError: Cannot read properties of undefined (reading 'ok')\n    at fetchLatestElectricFieldData (/Users/jono/Documents/GitHub/starcom-app/starcom-mk2/src/services/noaaSpaceWeather.ts:78:20)\n    at processTicksAndRejections (node:internal/process/task_queues:95:5)\n    at /Users/jono/Documents/GitHub/starcom-app/starcom-mk2/src/services/noaaSpaceWeather.test.ts:266:18\n    at file:///Users/jono/Documents/GitHub/starcom-app/starcom-mk2/node_modules/@vitest/runner/dist/chunk-hooks.js:752:20"],"meta":{}},{"ancestorTitles":["NOAA Electric Field Data Quality"],"fullName":"NOAA Electric Field Data Quality should have recent time_tag data","status":"failed","title":"should have recent time_tag data","duration":0.10441699996590614,"failureMessages":["TypeError: Cannot read properties of undefined (reading 'ok')\n    at fetchLatestElectricFieldData (/Users/jono/Documents/GitHub/starcom-app/starcom-mk2/src/services/noaaSpaceWeather.ts:78:20)\n    at processTicksAndRejections (node:internal/process/task_queues:95:5)\n    at /Users/jono/Documents/GitHub/starcom-app/starcom-mk2/src/services/noaaSpaceWeather.test.ts:290:26\n    at file:///Users/jono/Documents/GitHub/starcom-app/starcom-mk2/node_modules/@vitest/runner/dist/chunk-hooks.js:752:20"],"meta":{}},{"ancestorTitles":["NOAA to Starcom Intelligence Integration"],"fullName":"NOAA to Starcom Intelligence Integration should transform NOAA electric field data into intelligence overlay markers","status":"failed","title":"should transform NOAA electric field data into intelligence overlay markers","duration":0.18950000032782555,"failureMessages":["TypeError: Cannot read properties of undefined (reading 'ok')\n    at fetchLatestElectricFieldData (/Users/jono/Documents/GitHub/starcom-app/starcom-mk2/src/services/noaaSpaceWeather.ts:78:20)\n    at processTicksAndRejections (node:internal/process/task_queues:95:5)\n    at /Users/jono/Documents/GitHub/starcom-app/starcom-mk2/src/services/noaaSpaceWeather.test.ts:313:22\n    at file:///Users/jono/Documents/GitHub/starcom-app/starcom-mk2/node_modules/@vitest/runner/dist/chunk-hooks.js:752:20"],"meta":{}},{"ancestorTitles":["NOAA to Starcom Intelligence Integration"],"fullName":"NOAA to Starcom Intelligence Integration should create space weather alerts from high electric field values","status":"failed","title":"should create space weather alerts from high electric field values","duration":0.10041600000113249,"failureMessages":["TypeError: Cannot read properties of undefined (reading 'ok')\n    at fetchLatestElectricFieldData (/Users/jono/Documents/GitHub/starcom-app/starcom-mk2/src/services/noaaSpaceWeather.ts:78:20)\n    at processTicksAndRejections (node:internal/process/task_queues:95:5)\n    at /Users/jono/Documents/GitHub/starcom-app/starcom-mk2/src/services/noaaSpaceWeather.test.ts:346:22\n    at file:///Users/jono/Documents/GitHub/starcom-app/starcom-mk2/node_modules/@vitest/runner/dist/chunk-hooks.js:752:20"],"meta":{}},{"ancestorTitles":["NOAA to Starcom Intelligence Integration"],"fullName":"NOAA to Starcom Intelligence Integration should provide regional electric field analysis for intelligence","status":"failed","title":"should provide regional electric field analysis for intelligence","duration":0.0974169997498393,"failureMessages":["TypeError: Cannot read properties of undefined (reading 'ok')\n    at fetchLatestElectricFieldData (/Users/jono/Documents/GitHub/starcom-app/starcom-mk2/src/services/noaaSpaceWeather.ts:78:20)\n    at processTicksAndRejections (node:internal/process/task_queues:95:5)\n    at /Users/jono/Documents/GitHub/starcom-app/starcom-mk2/src/services/noaaSpaceWeather.test.ts:366:26\n    at file:///Users/jono/Documents/GitHub/starcom-app/starcom-mk2/node_modules/@vitest/runner/dist/chunk-hooks.js:752:20"],"meta":{}}],"startTime":1750723875706,"endTime":1750723875711.1003,"status":"failed","message":"","name":"/Users/jono/Documents/GitHub/starcom-app/starcom-mk2/src/services/noaaSpaceWeather.test.ts"},{"assertionResults":[{"ancestorTitles":["NOAA Filename Extraction"],"fullName":"NOAA Filename Extraction should extract latest InterMag filename from real directory HTML","status":"failed","title":"should extract latest InterMag filename from real directory HTML","duration":0.2859590006992221,"failureMessages":["TypeError: Cannot read properties of undefined (reading 'text')\n    at /Users/jono/Documents/GitHub/starcom-app/starcom-mk2/src/services/noaaSpaceWeather.unit.test.ts:9:33\n    at processTicksAndRejections (node:internal/process/task_queues:95:5)\n    at file:///Users/jono/Documents/GitHub/starcom-app/starcom-mk2/node_modules/@vitest/runner/dist/chunk-hooks.js:752:20"],"meta":{}},{"ancestorTitles":["NOAA Filename Extraction"],"fullName":"NOAA Filename Extraction should extract latest US-Canada filename from real directory HTML","status":"failed","title":"should extract latest US-Canada filename from real directory HTML","duration":0.09945799969136715,"failureMessages":["TypeError: Cannot read properties of undefined (reading 'text')\n    at /Users/jono/Documents/GitHub/starcom-app/starcom-mk2/src/services/noaaSpaceWeather.unit.test.ts:17:33\n    at processTicksAndRejections (node:internal/process/task_queues:95:5)\n    at file:///Users/jono/Documents/GitHub/starcom-app/starcom-mk2/node_modules/@vitest/runner/dist/chunk-hooks.js:752:20"],"meta":{}},{"ancestorTitles":["NOAA Filename Extraction"],"fullName":"NOAA Filename Extraction should handle malformed HTML and empty directory listings","status":"passed","title":"should handle malformed HTML and empty directory listings","duration":0.18358399998396635,"failureMessages":[],"meta":{}}],"startTime":1750723876463,"endTime":1750723876463.286,"status":"failed","message":"","name":"/Users/jono/Documents/GitHub/starcom-app/starcom-mk2/src/services/noaaSpaceWeather.unit.test.ts"},{"assertionResults":[{"ancestorTitles":["Electric Field Normalization","Basic normalization functionality"],"fullName":"Electric Field Normalization Basic normalization functionality should normalize vectors with linear method","status":"passed","title":"should normalize vectors with linear method","duration":0.9481250001117587,"failureMessages":[],"meta":{}},{"ancestorTitles":["Electric Field Normalization","Basic normalization functionality"],"fullName":"Electric Field Normalization Basic normalization functionality should handle logarithmic normalization","status":"passed","title":"should handle logarithmic normalization","duration":0.4547499995678663,"failureMessages":[],"meta":{}},{"ancestorTitles":["Electric Field Normalization","Basic normalization functionality"],"fullName":"Electric Field Normalization Basic normalization functionality should detect outliers correctly","status":"passed","title":"should detect outliers correctly","duration":0.18558300007134676,"failureMessages":[],"meta":{}},{"ancestorTitles":["Electric Field Normalization","Basic normalization functionality"],"fullName":"Electric Field Normalization Basic normalization functionality should calculate percentile ranks correctly","status":"passed","title":"should calculate percentile ranks correctly","duration":0.15883299987763166,"failureMessages":[],"meta":{}},{"ancestorTitles":["Electric Field Normalization","Normalization presets"],"fullName":"Electric Field Normalization Normalization presets should apply conservative preset correctly","status":"passed","title":"should apply conservative preset correctly","duration":0.23758299928158522,"failureMessages":[],"meta":{}},{"ancestorTitles":["Electric Field Normalization","Normalization presets"],"fullName":"Electric Field Normalization Normalization presets should apply balanced preset correctly","status":"passed","title":"should apply balanced preset correctly","duration":0.35633299965411425,"failureMessages":[],"meta":{}},{"ancestorTitles":["Electric Field Normalization","Normalization presets"],"fullName":"Electric Field Normalization Normalization presets should apply aggressive preset correctly","status":"passed","title":"should apply aggressive preset correctly","duration":0.11404199991375208,"failureMessages":[],"meta":{}},{"ancestorTitles":["Electric Field Normalization","Edge cases"],"fullName":"Electric Field Normalization Edge cases should handle empty vector array","status":"passed","title":"should handle empty vector array","duration":0.05316600017249584,"failureMessages":[],"meta":{}},{"ancestorTitles":["Electric Field Normalization","Edge cases"],"fullName":"Electric Field Normalization Edge cases should handle single vector","status":"passed","title":"should handle single vector","duration":0.053542000241577625,"failureMessages":[],"meta":{}},{"ancestorTitles":["Electric Field Normalization","Edge cases"],"fullName":"Electric Field Normalization Edge cases should handle all zero magnitudes","status":"passed","title":"should handle all zero magnitudes","duration":0.08750000037252903,"failureMessages":[],"meta":{}},{"ancestorTitles":["Electric Field Normalization","Edge cases"],"fullName":"Electric Field Normalization Edge cases should handle identical magnitudes","status":"passed","title":"should handle identical magnitudes","duration":0.08070799987763166,"failureMessages":[],"meta":{}},{"ancestorTitles":["Electric Field Normalization","Edge cases"],"fullName":"Electric Field Normalization Edge cases should respect clamp maximum","status":"passed","title":"should respect clamp maximum","duration":0.117875000461936,"failureMessages":[],"meta":{}},{"ancestorTitles":["Electric Field Normalization","Data distribution analysis"],"fullName":"Electric Field Normalization Data distribution analysis should handle normal distribution","status":"passed","title":"should handle normal distribution","duration":0.06429200060665607,"failureMessages":[],"meta":{}},{"ancestorTitles":["Electric Field Normalization","Data distribution analysis"],"fullName":"Electric Field Normalization Data distribution analysis should handle highly skewed distribution","status":"passed","title":"should handle highly skewed distribution","duration":0.07899999991059303,"failureMessages":[],"meta":{}},{"ancestorTitles":["Electric Field Normalization","Data distribution analysis"],"fullName":"Electric Field Normalization Data distribution analysis should handle high variability data","status":"passed","title":"should handle high variability data","duration":0.16887499950826168,"failureMessages":[],"meta":{}}],"startTime":1750723898635,"endTime":1750723898639.169,"status":"passed","message":"","name":"/Users/jono/Documents/GitHub/starcom-app/starcom-mk2/src/utils/electricFieldNormalization.test.ts"},{"assertionResults":[],"startTime":1750723871761,"endTime":1750723871761,"status":"failed","message":"Failed to resolve import \"../../../src/context/GlobalCommandContext\" from \"test/integration/adaptive/BridgeProviderTest.test.tsx\". Does the file exist?","name":"/Users/jono/Documents/GitHub/starcom-app/starcom-mk2/test/integration/adaptive/BridgeProviderTest.test.tsx"},{"assertionResults":[{"ancestorTitles":["Enhanced Adaptive Interface Integration"],"fullName":"Enhanced Adaptive Interface Integration should render enhanced adaptive interface provider without errors","status":"failed","title":"should render enhanced adaptive interface provider without errors","duration":5.886707999743521,"failureMessages":["Error: Element type is invalid: expected a string (for built-in components) or a class/function (for composite components) but got: undefined. You likely forgot to export your component from the file it's defined in, or you might have mixed up default and named imports.\n\nCheck the render method of `TestWrapper`.\n    at createFiberFromTypeAndProps (/Users/jono/Documents/GitHub/starcom-app/starcom-mk2/node_modules/react-dom/cjs/react-dom.development.js:28478:17)\n    at createFiberFromElement (/Users/jono/Documents/GitHub/starcom-app/starcom-mk2/node_modules/react-dom/cjs/react-dom.development.js:28504:15)\n    at reconcileSingleElement (/Users/jono/Documents/GitHub/starcom-app/starcom-mk2/node_modules/react-dom/cjs/react-dom.development.js:13986:23)\n    at reconcileChildFibers (/Users/jono/Documents/GitHub/starcom-app/starcom-mk2/node_modules/react-dom/cjs/react-dom.development.js:14044:35)\n    at reconcileChildren (/Users/jono/Documents/GitHub/starcom-app/starcom-mk2/node_modules/react-dom/cjs/react-dom.development.js:19186:28)\n    at updateContextProvider (/Users/jono/Documents/GitHub/starcom-app/starcom-mk2/node_modules/react-dom/cjs/react-dom.development.js:21193:3)\n    at beginWork (/Users/jono/Documents/GitHub/starcom-app/starcom-mk2/node_modules/react-dom/cjs/react-dom.development.js:21688:14)\n    at beginWork$1 (/Users/jono/Documents/GitHub/starcom-app/starcom-mk2/node_modules/react-dom/cjs/react-dom.development.js:27465:14)\n    at performUnitOfWork (/Users/jono/Documents/GitHub/starcom-app/starcom-mk2/node_modules/react-dom/cjs/react-dom.development.js:26599:12)\n    at workLoopSync (/Users/jono/Documents/GitHub/starcom-app/starcom-mk2/node_modules/react-dom/cjs/react-dom.development.js:26505:5)"],"meta":{}},{"ancestorTitles":["Enhanced Adaptive Interface Integration"],"fullName":"Enhanced Adaptive Interface Integration should provide enhanced adaptive utilities","status":"failed","title":"should provide enhanced adaptive utilities","duration":2.1743749994784594,"failureMessages":["Error: Element type is invalid: expected a string (for built-in components) or a class/function (for composite components) but got: undefined. You likely forgot to export your component from the file it's defined in, or you might have mixed up default and named imports.\n\nCheck the render method of `TestWrapper`.\n    at createFiberFromTypeAndProps (/Users/jono/Documents/GitHub/starcom-app/starcom-mk2/node_modules/react-dom/cjs/react-dom.development.js:28478:17)\n    at createFiberFromElement (/Users/jono/Documents/GitHub/starcom-app/starcom-mk2/node_modules/react-dom/cjs/react-dom.development.js:28504:15)\n    at reconcileSingleElement (/Users/jono/Documents/GitHub/starcom-app/starcom-mk2/node_modules/react-dom/cjs/react-dom.development.js:13986:23)\n    at reconcileChildFibers (/Users/jono/Documents/GitHub/starcom-app/starcom-mk2/node_modules/react-dom/cjs/react-dom.development.js:14044:35)\n    at reconcileChildren (/Users/jono/Documents/GitHub/starcom-app/starcom-mk2/node_modules/react-dom/cjs/react-dom.development.js:19186:28)\n    at updateContextProvider (/Users/jono/Documents/GitHub/starcom-app/starcom-mk2/node_modules/react-dom/cjs/react-dom.development.js:21193:3)\n    at beginWork (/Users/jono/Documents/GitHub/starcom-app/starcom-mk2/node_modules/react-dom/cjs/react-dom.development.js:21688:14)\n    at beginWork$1 (/Users/jono/Documents/GitHub/starcom-app/starcom-mk2/node_modules/react-dom/cjs/react-dom.development.js:27465:14)\n    at performUnitOfWork (/Users/jono/Documents/GitHub/starcom-app/starcom-mk2/node_modules/react-dom/cjs/react-dom.development.js:26599:12)\n    at workLoopSync (/Users/jono/Documents/GitHub/starcom-app/starcom-mk2/node_modules/react-dom/cjs/react-dom.development.js:26505:5)"],"meta":{}},{"ancestorTitles":["Enhanced Adaptive Interface Integration"],"fullName":"Enhanced Adaptive Interface Integration should adapt interface complexity based on context","status":"failed","title":"should adapt interface complexity based on context","duration":1.762499999254942,"failureMessages":["Error: Element type is invalid: expected a string (for built-in components) or a class/function (for composite components) but got: undefined. You likely forgot to export your component from the file it's defined in, or you might have mixed up default and named imports.\n\nCheck the render method of `TestWrapper`.\n    at createFiberFromTypeAndProps (/Users/jono/Documents/GitHub/starcom-app/starcom-mk2/node_modules/react-dom/cjs/react-dom.development.js:28478:17)\n    at createFiberFromElement (/Users/jono/Documents/GitHub/starcom-app/starcom-mk2/node_modules/react-dom/cjs/react-dom.development.js:28504:15)\n    at reconcileSingleElement (/Users/jono/Documents/GitHub/starcom-app/starcom-mk2/node_modules/react-dom/cjs/react-dom.development.js:13986:23)\n    at reconcileChildFibers (/Users/jono/Documents/GitHub/starcom-app/starcom-mk2/node_modules/react-dom/cjs/react-dom.development.js:14044:35)\n    at reconcileChildren (/Users/jono/Documents/GitHub/starcom-app/starcom-mk2/node_modules/react-dom/cjs/react-dom.development.js:19186:28)\n    at updateContextProvider (/Users/jono/Documents/GitHub/starcom-app/starcom-mk2/node_modules/react-dom/cjs/react-dom.development.js:21193:3)\n    at beginWork (/Users/jono/Documents/GitHub/starcom-app/starcom-mk2/node_modules/react-dom/cjs/react-dom.development.js:21688:14)\n    at beginWork$1 (/Users/jono/Documents/GitHub/starcom-app/starcom-mk2/node_modules/react-dom/cjs/react-dom.development.js:27465:14)\n    at performUnitOfWork (/Users/jono/Documents/GitHub/starcom-app/starcom-mk2/node_modules/react-dom/cjs/react-dom.development.js:26599:12)\n    at workLoopSync (/Users/jono/Documents/GitHub/starcom-app/starcom-mk2/node_modules/react-dom/cjs/react-dom.development.js:26505:5)"],"meta":{}},{"ancestorTitles":["Enhanced Adaptive Interface Integration"],"fullName":"Enhanced Adaptive Interface Integration should provide contextual recommendations","status":"failed","title":"should provide contextual recommendations","duration":1.7869170000776649,"failureMessages":["Error: Element type is invalid: expected a string (for built-in components) or a class/function (for composite components) but got: undefined. You likely forgot to export your component from the file it's defined in, or you might have mixed up default and named imports.\n\nCheck the render method of `TestWrapper`.\n    at createFiberFromTypeAndProps (/Users/jono/Documents/GitHub/starcom-app/starcom-mk2/node_modules/react-dom/cjs/react-dom.development.js:28478:17)\n    at createFiberFromElement (/Users/jono/Documents/GitHub/starcom-app/starcom-mk2/node_modules/react-dom/cjs/react-dom.development.js:28504:15)\n    at reconcileSingleElement (/Users/jono/Documents/GitHub/starcom-app/starcom-mk2/node_modules/react-dom/cjs/react-dom.development.js:13986:23)\n    at reconcileChildFibers (/Users/jono/Documents/GitHub/starcom-app/starcom-mk2/node_modules/react-dom/cjs/react-dom.development.js:14044:35)\n    at reconcileChildren (/Users/jono/Documents/GitHub/starcom-app/starcom-mk2/node_modules/react-dom/cjs/react-dom.development.js:19186:28)\n    at updateContextProvider (/Users/jono/Documents/GitHub/starcom-app/starcom-mk2/node_modules/react-dom/cjs/react-dom.development.js:21193:3)\n    at beginWork (/Users/jono/Documents/GitHub/starcom-app/starcom-mk2/node_modules/react-dom/cjs/react-dom.development.js:21688:14)\n    at beginWork$1 (/Users/jono/Documents/GitHub/starcom-app/starcom-mk2/node_modules/react-dom/cjs/react-dom.development.js:27465:14)\n    at performUnitOfWork (/Users/jono/Documents/GitHub/starcom-app/starcom-mk2/node_modules/react-dom/cjs/react-dom.development.js:26599:12)\n    at workLoopSync (/Users/jono/Documents/GitHub/starcom-app/starcom-mk2/node_modules/react-dom/cjs/react-dom.development.js:26505:5)"],"meta":{}},{"ancestorTitles":["Enhanced Adaptive Interface Integration"],"fullName":"Enhanced Adaptive Interface Integration should enable guidance for novice users","status":"failed","title":"should enable guidance for novice users","duration":1.7958329999819398,"failureMessages":["Error: Element type is invalid: expected a string (for built-in components) or a class/function (for composite components) but got: undefined. You likely forgot to export your component from the file it's defined in, or you might have mixed up default and named imports.\n\nCheck the render method of `TestWrapper`.\n    at createFiberFromTypeAndProps (/Users/jono/Documents/GitHub/starcom-app/starcom-mk2/node_modules/react-dom/cjs/react-dom.development.js:28478:17)\n    at createFiberFromElement (/Users/jono/Documents/GitHub/starcom-app/starcom-mk2/node_modules/react-dom/cjs/react-dom.development.js:28504:15)\n    at reconcileSingleElement (/Users/jono/Documents/GitHub/starcom-app/starcom-mk2/node_modules/react-dom/cjs/react-dom.development.js:13986:23)\n    at reconcileChildFibers (/Users/jono/Documents/GitHub/starcom-app/starcom-mk2/node_modules/react-dom/cjs/react-dom.development.js:14044:35)\n    at reconcileChildren (/Users/jono/Documents/GitHub/starcom-app/starcom-mk2/node_modules/react-dom/cjs/react-dom.development.js:19186:28)\n    at updateContextProvider (/Users/jono/Documents/GitHub/starcom-app/starcom-mk2/node_modules/react-dom/cjs/react-dom.development.js:21193:3)\n    at beginWork (/Users/jono/Documents/GitHub/starcom-app/starcom-mk2/node_modules/react-dom/cjs/react-dom.development.js:21688:14)\n    at beginWork$1 (/Users/jono/Documents/GitHub/starcom-app/starcom-mk2/node_modules/react-dom/cjs/react-dom.development.js:27465:14)\n    at performUnitOfWork (/Users/jono/Documents/GitHub/starcom-app/starcom-mk2/node_modules/react-dom/cjs/react-dom.development.js:26599:12)\n    at workLoopSync (/Users/jono/Documents/GitHub/starcom-app/starcom-mk2/node_modules/react-dom/cjs/react-dom.development.js:26505:5)"],"meta":{}},{"ancestorTitles":["Enhanced Adaptive Interface Integration"],"fullName":"Enhanced Adaptive Interface Integration should calculate adaptation score correctly","status":"failed","title":"should calculate adaptation score correctly","duration":1.3373750001192093,"failureMessages":["Error: Element type is invalid: expected a string (for built-in components) or a class/function (for composite components) but got: undefined. You likely forgot to export your component from the file it's defined in, or you might have mixed up default and named imports.\n\nCheck the render method of `TestWrapper`.\n    at createFiberFromTypeAndProps (/Users/jono/Documents/GitHub/starcom-app/starcom-mk2/node_modules/react-dom/cjs/react-dom.development.js:28478:17)\n    at createFiberFromElement (/Users/jono/Documents/GitHub/starcom-app/starcom-mk2/node_modules/react-dom/cjs/react-dom.development.js:28504:15)\n    at reconcileSingleElement (/Users/jono/Documents/GitHub/starcom-app/starcom-mk2/node_modules/react-dom/cjs/react-dom.development.js:13986:23)\n    at reconcileChildFibers (/Users/jono/Documents/GitHub/starcom-app/starcom-mk2/node_modules/react-dom/cjs/react-dom.development.js:14044:35)\n    at reconcileChildren (/Users/jono/Documents/GitHub/starcom-app/starcom-mk2/node_modules/react-dom/cjs/react-dom.development.js:19186:28)\n    at updateContextProvider (/Users/jono/Documents/GitHub/starcom-app/starcom-mk2/node_modules/react-dom/cjs/react-dom.development.js:21193:3)\n    at beginWork (/Users/jono/Documents/GitHub/starcom-app/starcom-mk2/node_modules/react-dom/cjs/react-dom.development.js:21688:14)\n    at beginWork$1 (/Users/jono/Documents/GitHub/starcom-app/starcom-mk2/node_modules/react-dom/cjs/react-dom.development.js:27465:14)\n    at performUnitOfWork (/Users/jono/Documents/GitHub/starcom-app/starcom-mk2/node_modules/react-dom/cjs/react-dom.development.js:26599:12)\n    at workLoopSync (/Users/jono/Documents/GitHub/starcom-app/starcom-mk2/node_modules/react-dom/cjs/react-dom.development.js:26505:5)"],"meta":{}},{"ancestorTitles":["Enhanced Adaptive Interface Integration"],"fullName":"Enhanced Adaptive Interface Integration should handle DOM manipulation for theming","status":"failed","title":"should handle DOM manipulation for theming","duration":1.6811250001192093,"failureMessages":["Error: Element type is invalid: expected a string (for built-in components) or a class/function (for composite components) but got: undefined. You likely forgot to export your component from the file it's defined in, or you might have mixed up default and named imports.\n\nCheck the render method of `TestWrapper`.\n    at createFiberFromTypeAndProps (/Users/jono/Documents/GitHub/starcom-app/starcom-mk2/node_modules/react-dom/cjs/react-dom.development.js:28478:17)\n    at createFiberFromElement (/Users/jono/Documents/GitHub/starcom-app/starcom-mk2/node_modules/react-dom/cjs/react-dom.development.js:28504:15)\n    at reconcileSingleElement (/Users/jono/Documents/GitHub/starcom-app/starcom-mk2/node_modules/react-dom/cjs/react-dom.development.js:13986:23)\n    at reconcileChildFibers (/Users/jono/Documents/GitHub/starcom-app/starcom-mk2/node_modules/react-dom/cjs/react-dom.development.js:14044:35)\n    at reconcileChildren (/Users/jono/Documents/GitHub/starcom-app/starcom-mk2/node_modules/react-dom/cjs/react-dom.development.js:19186:28)\n    at updateContextProvider (/Users/jono/Documents/GitHub/starcom-app/starcom-mk2/node_modules/react-dom/cjs/react-dom.development.js:21193:3)\n    at beginWork (/Users/jono/Documents/GitHub/starcom-app/starcom-mk2/node_modules/react-dom/cjs/react-dom.development.js:21688:14)\n    at beginWork$1 (/Users/jono/Documents/GitHub/starcom-app/starcom-mk2/node_modules/react-dom/cjs/react-dom.development.js:27465:14)\n    at performUnitOfWork (/Users/jono/Documents/GitHub/starcom-app/starcom-mk2/node_modules/react-dom/cjs/react-dom.development.js:26599:12)\n    at workLoopSync (/Users/jono/Documents/GitHub/starcom-app/starcom-mk2/node_modules/react-dom/cjs/react-dom.development.js:26505:5)"],"meta":{}},{"ancestorTitles":["Enhanced Adaptive Interface Integration"],"fullName":"Enhanced Adaptive Interface Integration should support feature flag integration","status":"failed","title":"should support feature flag integration","duration":3.636959000490606,"failureMessages":["Error: Element type is invalid: expected a string (for built-in components) or a class/function (for composite components) but got: undefined. You likely forgot to export your component from the file it's defined in, or you might have mixed up default and named imports.\n\nCheck the render method of `TestWrapper`.\n    at createFiberFromTypeAndProps (/Users/jono/Documents/GitHub/starcom-app/starcom-mk2/node_modules/react-dom/cjs/react-dom.development.js:28478:17)\n    at createFiberFromElement (/Users/jono/Documents/GitHub/starcom-app/starcom-mk2/node_modules/react-dom/cjs/react-dom.development.js:28504:15)\n    at reconcileSingleElement (/Users/jono/Documents/GitHub/starcom-app/starcom-mk2/node_modules/react-dom/cjs/react-dom.development.js:13986:23)\n    at reconcileChildFibers (/Users/jono/Documents/GitHub/starcom-app/starcom-mk2/node_modules/react-dom/cjs/react-dom.development.js:14044:35)\n    at reconcileChildren (/Users/jono/Documents/GitHub/starcom-app/starcom-mk2/node_modules/react-dom/cjs/react-dom.development.js:19186:28)\n    at updateContextProvider (/Users/jono/Documents/GitHub/starcom-app/starcom-mk2/node_modules/react-dom/cjs/react-dom.development.js:21193:3)\n    at beginWork (/Users/jono/Documents/GitHub/starcom-app/starcom-mk2/node_modules/react-dom/cjs/react-dom.development.js:21688:14)\n    at beginWork$1 (/Users/jono/Documents/GitHub/starcom-app/starcom-mk2/node_modules/react-dom/cjs/react-dom.development.js:27465:14)\n    at performUnitOfWork (/Users/jono/Documents/GitHub/starcom-app/starcom-mk2/node_modules/react-dom/cjs/react-dom.development.js:26599:12)\n    at workLoopSync (/Users/jono/Documents/GitHub/starcom-app/starcom-mk2/node_modules/react-dom/cjs/react-dom.development.js:26505:5)"],"meta":{}},{"ancestorTitles":["Enhanced Adaptive Interface Integration"],"fullName":"Enhanced Adaptive Interface Integration should provide bridge integration utilities","status":"failed","title":"should provide bridge integration utilities","duration":7.652708999812603,"failureMessages":["Error: Element type is invalid: expected a string (for built-in components) or a class/function (for composite components) but got: undefined. You likely forgot to export your component from the file it's defined in, or you might have mixed up default and named imports.\n\nCheck the render method of `TestWrapper`.\n    at createFiberFromTypeAndProps (/Users/jono/Documents/GitHub/starcom-app/starcom-mk2/node_modules/react-dom/cjs/react-dom.development.js:28478:17)\n    at createFiberFromElement (/Users/jono/Documents/GitHub/starcom-app/starcom-mk2/node_modules/react-dom/cjs/react-dom.development.js:28504:15)\n    at reconcileSingleElement (/Users/jono/Documents/GitHub/starcom-app/starcom-mk2/node_modules/react-dom/cjs/react-dom.development.js:13986:23)\n    at reconcileChildFibers (/Users/jono/Documents/GitHub/starcom-app/starcom-mk2/node_modules/react-dom/cjs/react-dom.development.js:14044:35)\n    at reconcileChildren (/Users/jono/Documents/GitHub/starcom-app/starcom-mk2/node_modules/react-dom/cjs/react-dom.development.js:19186:28)\n    at updateContextProvider (/Users/jono/Documents/GitHub/starcom-app/starcom-mk2/node_modules/react-dom/cjs/react-dom.development.js:21193:3)\n    at beginWork (/Users/jono/Documents/GitHub/starcom-app/starcom-mk2/node_modules/react-dom/cjs/react-dom.development.js:21688:14)\n    at beginWork$1 (/Users/jono/Documents/GitHub/starcom-app/starcom-mk2/node_modules/react-dom/cjs/react-dom.development.js:27465:14)\n    at performUnitOfWork (/Users/jono/Documents/GitHub/starcom-app/starcom-mk2/node_modules/react-dom/cjs/react-dom.development.js:26599:12)\n    at workLoopSync (/Users/jono/Documents/GitHub/starcom-app/starcom-mk2/node_modules/react-dom/cjs/react-dom.development.js:26505:5)"],"meta":{}},{"ancestorTitles":["Enhanced Adaptive Interface Integration"],"fullName":"Enhanced Adaptive Interface Integration should handle multi-context scenarios","status":"failed","title":"should handle multi-context scenarios","duration":1.6089579993858933,"failureMessages":["Error: Element type is invalid: expected a string (for built-in components) or a class/function (for composite components) but got: undefined. You likely forgot to export your component from the file it's defined in, or you might have mixed up default and named imports.\n\nCheck the render method of `TestWrapper`.\n    at createFiberFromTypeAndProps (/Users/jono/Documents/GitHub/starcom-app/starcom-mk2/node_modules/react-dom/cjs/react-dom.development.js:28478:17)\n    at createFiberFromElement (/Users/jono/Documents/GitHub/starcom-app/starcom-mk2/node_modules/react-dom/cjs/react-dom.development.js:28504:15)\n    at reconcileSingleElement (/Users/jono/Documents/GitHub/starcom-app/starcom-mk2/node_modules/react-dom/cjs/react-dom.development.js:13986:23)\n    at reconcileChildFibers (/Users/jono/Documents/GitHub/starcom-app/starcom-mk2/node_modules/react-dom/cjs/react-dom.development.js:14044:35)\n    at reconcileChildren (/Users/jono/Documents/GitHub/starcom-app/starcom-mk2/node_modules/react-dom/cjs/react-dom.development.js:19186:28)\n    at updateContextProvider (/Users/jono/Documents/GitHub/starcom-app/starcom-mk2/node_modules/react-dom/cjs/react-dom.development.js:21193:3)\n    at beginWork (/Users/jono/Documents/GitHub/starcom-app/starcom-mk2/node_modules/react-dom/cjs/react-dom.development.js:21688:14)\n    at beginWork$1 (/Users/jono/Documents/GitHub/starcom-app/starcom-mk2/node_modules/react-dom/cjs/react-dom.development.js:27465:14)\n    at performUnitOfWork (/Users/jono/Documents/GitHub/starcom-app/starcom-mk2/node_modules/react-dom/cjs/react-dom.development.js:26599:12)\n    at workLoopSync (/Users/jono/Documents/GitHub/starcom-app/starcom-mk2/node_modules/react-dom/cjs/react-dom.development.js:26505:5)"],"meta":{}},{"ancestorTitles":["Enhanced Adaptive Interface Integration"],"fullName":"Enhanced Adaptive Interface Integration should maintain performance with complex state","status":"failed","title":"should maintain performance with complex state","duration":1.2755000004544854,"failureMessages":["Error: Element type is invalid: expected a string (for built-in components) or a class/function (for composite components) but got: undefined. You likely forgot to export your component from the file it's defined in, or you might have mixed up default and named imports.\n\nCheck the render method of `TestWrapper`.\n    at createFiberFromTypeAndProps (/Users/jono/Documents/GitHub/starcom-app/starcom-mk2/node_modules/react-dom/cjs/react-dom.development.js:28478:17)\n    at createFiberFromElement (/Users/jono/Documents/GitHub/starcom-app/starcom-mk2/node_modules/react-dom/cjs/react-dom.development.js:28504:15)\n    at reconcileSingleElement (/Users/jono/Documents/GitHub/starcom-app/starcom-mk2/node_modules/react-dom/cjs/react-dom.development.js:13986:23)\n    at reconcileChildFibers (/Users/jono/Documents/GitHub/starcom-app/starcom-mk2/node_modules/react-dom/cjs/react-dom.development.js:14044:35)\n    at reconcileChildren (/Users/jono/Documents/GitHub/starcom-app/starcom-mk2/node_modules/react-dom/cjs/react-dom.development.js:19186:28)\n    at updateContextProvider (/Users/jono/Documents/GitHub/starcom-app/starcom-mk2/node_modules/react-dom/cjs/react-dom.development.js:21193:3)\n    at beginWork (/Users/jono/Documents/GitHub/starcom-app/starcom-mk2/node_modules/react-dom/cjs/react-dom.development.js:21688:14)\n    at beginWork$1 (/Users/jono/Documents/GitHub/starcom-app/starcom-mk2/node_modules/react-dom/cjs/react-dom.development.js:27465:14)\n    at performUnitOfWork (/Users/jono/Documents/GitHub/starcom-app/starcom-mk2/node_modules/react-dom/cjs/react-dom.development.js:26599:12)\n    at workLoopSync (/Users/jono/Documents/GitHub/starcom-app/starcom-mk2/node_modules/react-dom/cjs/react-dom.development.js:26505:5)"],"meta":{}},{"ancestorTitles":["Enhanced Adaptive Interface Error Handling"],"fullName":"Enhanced Adaptive Interface Error Handling should handle missing context gracefully","status":"failed","title":"should handle missing context gracefully","duration":5.080749999731779,"failureMessages":["AssertionError: expected [Function] to throw error including 'useAdaptiveInterface must be used wit' but got 'useGlobalCommand must be used within '\n    at Proxy.<anonymous> (file:///Users/jono/Documents/GitHub/starcom-app/starcom-mk2/node_modules/@vitest/expect/dist/index.js:1411:16)\n    at Proxy.<anonymous> (file:///Users/jono/Documents/GitHub/starcom-app/starcom-mk2/node_modules/@vitest/expect/dist/index.js:1022:14)\n    at Proxy.toThrow (file:///Users/jono/Documents/GitHub/starcom-app/starcom-mk2/node_modules/chai/chai.js:1618:25)\n    at /Users/jono/Documents/GitHub/starcom-app/starcom-mk2/test/integration/adaptive/EnhancedAdaptiveInterface.test.tsx:238:8\n    at file:///Users/jono/Documents/GitHub/starcom-app/starcom-mk2/node_modules/@vitest/runner/dist/chunk-hooks.js:155:11\n    at file:///Users/jono/Documents/GitHub/starcom-app/starcom-mk2/node_modules/@vitest/runner/dist/chunk-hooks.js:752:26\n    at file:///Users/jono/Documents/GitHub/starcom-app/starcom-mk2/node_modules/@vitest/runner/dist/chunk-hooks.js:1894:20\n    at new Promise (<anonymous>)\n    at runWithTimeout (file:///Users/jono/Documents/GitHub/starcom-app/starcom-mk2/node_modules/@vitest/runner/dist/chunk-hooks.js:1860:10)\n    at runTest (file:///Users/jono/Documents/GitHub/starcom-app/starcom-mk2/node_modules/@vitest/runner/dist/chunk-hooks.js:1571:12)"],"meta":{}},{"ancestorTitles":["Enhanced Adaptive Interface Error Handling"],"fullName":"Enhanced Adaptive Interface Error Handling should handle feature flag failures gracefully","status":"failed","title":"should handle feature flag failures gracefully","duration":1.8567499993368983,"failureMessages":["AssertionError: expected [Function] to not throw an error but 'Error: Element type is invalid: expec' was thrown\n    at Proxy.<anonymous> (file:///Users/jono/Documents/GitHub/starcom-app/starcom-mk2/node_modules/@vitest/expect/dist/index.js:1411:16)\n    at Proxy.<anonymous> (file:///Users/jono/Documents/GitHub/starcom-app/starcom-mk2/node_modules/@vitest/expect/dist/index.js:1022:14)\n    at Proxy.toThrow (file:///Users/jono/Documents/GitHub/starcom-app/starcom-mk2/node_modules/chai/chai.js:1618:25)\n    at /Users/jono/Documents/GitHub/starcom-app/starcom-mk2/test/integration/adaptive/EnhancedAdaptiveInterface.test.tsx:259:12\n    at file:///Users/jono/Documents/GitHub/starcom-app/starcom-mk2/node_modules/@vitest/runner/dist/chunk-hooks.js:155:11\n    at file:///Users/jono/Documents/GitHub/starcom-app/starcom-mk2/node_modules/@vitest/runner/dist/chunk-hooks.js:752:26\n    at file:///Users/jono/Documents/GitHub/starcom-app/starcom-mk2/node_modules/@vitest/runner/dist/chunk-hooks.js:1894:20\n    at new Promise (<anonymous>)\n    at runWithTimeout (file:///Users/jono/Documents/GitHub/starcom-app/starcom-mk2/node_modules/@vitest/runner/dist/chunk-hooks.js:1860:10)\n    at runTest (file:///Users/jono/Documents/GitHub/starcom-app/starcom-mk2/node_modules/@vitest/runner/dist/chunk-hooks.js:1571:12)"],"meta":{}},{"ancestorTitles":["Enhanced Adaptive Interface Accessibility"],"fullName":"Enhanced Adaptive Interface Accessibility should support keyboard navigation preferences","status":"failed","title":"should support keyboard navigation preferences","duration":1.1491249995306134,"failureMessages":["Error: Element type is invalid: expected a string (for built-in components) or a class/function (for composite components) but got: undefined. You likely forgot to export your component from the file it's defined in, or you might have mixed up default and named imports.\n\nCheck the render method of `TestWrapper`.\n    at createFiberFromTypeAndProps (/Users/jono/Documents/GitHub/starcom-app/starcom-mk2/node_modules/react-dom/cjs/react-dom.development.js:28478:17)\n    at createFiberFromElement (/Users/jono/Documents/GitHub/starcom-app/starcom-mk2/node_modules/react-dom/cjs/react-dom.development.js:28504:15)\n    at reconcileSingleElement (/Users/jono/Documents/GitHub/starcom-app/starcom-mk2/node_modules/react-dom/cjs/react-dom.development.js:13986:23)\n    at reconcileChildFibers (/Users/jono/Documents/GitHub/starcom-app/starcom-mk2/node_modules/react-dom/cjs/react-dom.development.js:14044:35)\n    at reconcileChildren (/Users/jono/Documents/GitHub/starcom-app/starcom-mk2/node_modules/react-dom/cjs/react-dom.development.js:19186:28)\n    at updateContextProvider (/Users/jono/Documents/GitHub/starcom-app/starcom-mk2/node_modules/react-dom/cjs/react-dom.development.js:21193:3)\n    at beginWork (/Users/jono/Documents/GitHub/starcom-app/starcom-mk2/node_modules/react-dom/cjs/react-dom.development.js:21688:14)\n    at beginWork$1 (/Users/jono/Documents/GitHub/starcom-app/starcom-mk2/node_modules/react-dom/cjs/react-dom.development.js:27465:14)\n    at performUnitOfWork (/Users/jono/Documents/GitHub/starcom-app/starcom-mk2/node_modules/react-dom/cjs/react-dom.development.js:26599:12)\n    at workLoopSync (/Users/jono/Documents/GitHub/starcom-app/starcom-mk2/node_modules/react-dom/cjs/react-dom.development.js:26505:5)"],"meta":{}},{"ancestorTitles":["Enhanced Adaptive Interface Accessibility"],"fullName":"Enhanced Adaptive Interface Accessibility should support high contrast mode","status":"failed","title":"should support high contrast mode","duration":0.8112920001149178,"failureMessages":["Error: Element type is invalid: expected a string (for built-in components) or a class/function (for composite components) but got: undefined. You likely forgot to export your component from the file it's defined in, or you might have mixed up default and named imports.\n\nCheck the render method of `TestWrapper`.\n    at createFiberFromTypeAndProps (/Users/jono/Documents/GitHub/starcom-app/starcom-mk2/node_modules/react-dom/cjs/react-dom.development.js:28478:17)\n    at createFiberFromElement (/Users/jono/Documents/GitHub/starcom-app/starcom-mk2/node_modules/react-dom/cjs/react-dom.development.js:28504:15)\n    at reconcileSingleElement (/Users/jono/Documents/GitHub/starcom-app/starcom-mk2/node_modules/react-dom/cjs/react-dom.development.js:13986:23)\n    at reconcileChildFibers (/Users/jono/Documents/GitHub/starcom-app/starcom-mk2/node_modules/react-dom/cjs/react-dom.development.js:14044:35)\n    at reconcileChildren (/Users/jono/Documents/GitHub/starcom-app/starcom-mk2/node_modules/react-dom/cjs/react-dom.development.js:19186:28)\n    at updateContextProvider (/Users/jono/Documents/GitHub/starcom-app/starcom-mk2/node_modules/react-dom/cjs/react-dom.development.js:21193:3)\n    at beginWork (/Users/jono/Documents/GitHub/starcom-app/starcom-mk2/node_modules/react-dom/cjs/react-dom.development.js:21688:14)\n    at beginWork$1 (/Users/jono/Documents/GitHub/starcom-app/starcom-mk2/node_modules/react-dom/cjs/react-dom.development.js:27465:14)\n    at performUnitOfWork (/Users/jono/Documents/GitHub/starcom-app/starcom-mk2/node_modules/react-dom/cjs/react-dom.development.js:26599:12)\n    at workLoopSync (/Users/jono/Documents/GitHub/starcom-app/starcom-mk2/node_modules/react-dom/cjs/react-dom.development.js:26505:5)"],"meta":{}},{"ancestorTitles":["Enhanced Adaptive Interface Accessibility"],"fullName":"Enhanced Adaptive Interface Accessibility should support reduced motion preferences","status":"failed","title":"should support reduced motion preferences","duration":1.003749999217689,"failureMessages":["Error: Element type is invalid: expected a string (for built-in components) or a class/function (for composite components) but got: undefined. You likely forgot to export your component from the file it's defined in, or you might have mixed up default and named imports.\n\nCheck the render method of `TestWrapper`.\n    at createFiberFromTypeAndProps (/Users/jono/Documents/GitHub/starcom-app/starcom-mk2/node_modules/react-dom/cjs/react-dom.development.js:28478:17)\n    at createFiberFromElement (/Users/jono/Documents/GitHub/starcom-app/starcom-mk2/node_modules/react-dom/cjs/react-dom.development.js:28504:15)\n    at reconcileSingleElement (/Users/jono/Documents/GitHub/starcom-app/starcom-mk2/node_modules/react-dom/cjs/react-dom.development.js:13986:23)\n    at reconcileChildFibers (/Users/jono/Documents/GitHub/starcom-app/starcom-mk2/node_modules/react-dom/cjs/react-dom.development.js:14044:35)\n    at reconcileChildren (/Users/jono/Documents/GitHub/starcom-app/starcom-mk2/node_modules/react-dom/cjs/react-dom.development.js:19186:28)\n    at updateContextProvider (/Users/jono/Documents/GitHub/starcom-app/starcom-mk2/node_modules/react-dom/cjs/react-dom.development.js:21193:3)\n    at beginWork (/Users/jono/Documents/GitHub/starcom-app/starcom-mk2/node_modules/react-dom/cjs/react-dom.development.js:21688:14)\n    at beginWork$1 (/Users/jono/Documents/GitHub/starcom-app/starcom-mk2/node_modules/react-dom/cjs/react-dom.development.js:27465:14)\n    at performUnitOfWork (/Users/jono/Documents/GitHub/starcom-app/starcom-mk2/node_modules/react-dom/cjs/react-dom.development.js:26599:12)\n    at workLoopSync (/Users/jono/Documents/GitHub/starcom-app/starcom-mk2/node_modules/react-dom/cjs/react-dom.development.js:26505:5)"],"meta":{}}],"startTime":1750723876270,"endTime":1750723876311.0037,"status":"failed","message":"","name":"/Users/jono/Documents/GitHub/starcom-app/starcom-mk2/test/integration/adaptive/EnhancedAdaptiveInterface.test.tsx"},{"assertionResults":[],"startTime":1750723871761,"endTime":1750723871761,"status":"failed","message":"Failed to resolve import \"../../../src/context/GlobalCommandContext\" from \"test/integration/adaptive/ProviderTest.test.tsx\". Does the file exist?","name":"/Users/jono/Documents/GitHub/starcom-app/starcom-mk2/test/integration/adaptive/ProviderTest.test.tsx"},{"assertionResults":[],"startTime":1750723871761,"endTime":1750723871761,"status":"failed","message":"Failed to resolve import \"../../../src/context/EnhancedGlobalCommandContext\" from \"test/integration/phase4/Phase4Integration.test.tsx\". Does the file exist?","name":"/Users/jono/Documents/GitHub/starcom-app/starcom-mk2/test/integration/phase4/Phase4Integration.test.tsx"},{"assertionResults":[{"ancestorTitles":["Unified Global Command Context Migration"],"fullName":"Unified Global Command Context Migration should provide unified context with default state","status":"passed","title":"should provide unified context with default state","duration":2.718040999956429,"failureMessages":[],"meta":{}},{"ancestorTitles":["Unified Global Command Context Migration"],"fullName":"Unified Global Command Context Migration should render without throwing errors","status":"passed","title":"should render without throwing errors","duration":1.490166999399662,"failureMessages":[],"meta":{}},{"ancestorTitles":["Unified Global Command Context Migration"],"fullName":"Unified Global Command Context Migration should provide context methods","status":"passed","title":"should provide context methods","duration":0.7859169999137521,"failureMessages":[],"meta":{}}],"startTime":1750723898541,"endTime":1750723898545.786,"status":"passed","message":"","name":"/Users/jono/Documents/GitHub/starcom-app/starcom-mk2/test/integration/migration/UnifiedContextMigration.test.tsx"},{"assertionResults":[{"ancestorTitles":["Phase5Integration"],"fullName":"Phase5Integration renders without crashing","status":"passed","title":"renders without crashing","duration":6.279333000071347,"failureMessages":[],"meta":{}},{"ancestorTitles":["Phase5Integration"],"fullName":"Phase5Integration displays the Phase 5 control panel","status":"passed","title":"displays the Phase 5 control panel","duration":35.963791999965906,"failureMessages":[],"meta":{}},{"ancestorTitles":["Phase5Integration"],"fullName":"Phase5Integration toggles dashboard visibility when control button is clicked","status":"passed","title":"toggles dashboard visibility when control button is clicked","duration":13.252999999560416,"failureMessages":[],"meta":{}},{"ancestorTitles":["Phase5Integration"],"fullName":"Phase5Integration displays performance and security dashboards when enabled","status":"passed","title":"displays performance and security dashboards when enabled","duration":6.578417000360787,"failureMessages":[],"meta":{}},{"ancestorTitles":["Phase5Integration"],"fullName":"Phase5Integration does not display performance dashboard when disabled","status":"passed","title":"does not display performance dashboard when disabled","duration":6.7671659998595715,"failureMessages":[],"meta":{}},{"ancestorTitles":["Phase5Integration"],"fullName":"Phase5Integration displays system metrics in the dashboard","status":"passed","title":"displays system metrics in the dashboard","duration":7.450583999976516,"failureMessages":[],"meta":{}},{"ancestorTitles":["Phase5Integration"],"fullName":"Phase5Integration handles real-time monitoring when enabled","status":"passed","title":"handles real-time monitoring when enabled","duration":2.527416999451816,"failureMessages":[],"meta":{}},{"ancestorTitles":["Phase5Integration"],"fullName":"Phase5Integration disables real-time monitoring when feature flag is disabled","status":"passed","title":"disables real-time monitoring when feature flag is disabled","duration":0.9213749999180436,"failureMessages":[],"meta":{}},{"ancestorTitles":["Phase5Integration"],"fullName":"Phase5Integration allows clearing alerts","status":"passed","title":"allows clearing alerts","duration":7.714416000060737,"failureMessages":[],"meta":{}},{"ancestorTitles":["Phase5Integration"],"fullName":"Phase5Integration handles custom performance thresholds","status":"passed","title":"handles custom performance thresholds","duration":1.1843750001862645,"failureMessages":[],"meta":{}},{"ancestorTitles":["Phase5Integration"],"fullName":"Phase5Integration disables automatic optimizations when configured","status":"passed","title":"disables automatic optimizations when configured","duration":0.8474589996039867,"failureMessages":[],"meta":{}},{"ancestorTitles":["Phase5Integration"],"fullName":"Phase5Integration disables security alerts when configured","status":"passed","title":"disables security alerts when configured","duration":1.6156660001724958,"failureMessages":[],"meta":{}},{"ancestorTitles":["Phase5Integration"],"fullName":"Phase5Integration closes dashboard when close button is clicked","status":"passed","title":"closes dashboard when close button is clicked","duration":12.357792000286281,"failureMessages":[],"meta":{}},{"ancestorTitles":["Phase5Integration"],"fullName":"Phase5Integration maintains dashboard state correctly","status":"passed","title":"maintains dashboard state correctly","duration":10.090874999761581,"failureMessages":[],"meta":{}}],"startTime":1750723898079,"endTime":1750723898192.0908,"status":"passed","message":"","name":"/Users/jono/Documents/GitHub/starcom-app/starcom-mk2/test/integration/phase5/Phase5Integration.test.tsx"},{"assertionResults":[{"ancestorTitles":["Web3Login AuthErrorBoundary"],"fullName":"Web3Login AuthErrorBoundary shows error boundary UI if an auth error occurs","status":"passed","title":"shows error boundary UI if an auth error occurs","duration":3.812624999321997,"failureMessages":[],"meta":{}},{"ancestorTitles":["Web3Login AuthErrorBoundary"],"fullName":"Web3Login AuthErrorBoundary renders children if no error is thrown","status":"passed","title":"renders children if no error is thrown","duration":0.4269580002874136,"failureMessages":[],"meta":{}},{"ancestorTitles":["Web3Login AuthErrorBoundary"],"fullName":"Web3Login AuthErrorBoundary resets error boundary on rerender","status":"passed","title":"resets error boundary on rerender","duration":2.5249580005183816,"failureMessages":[],"meta":{}}],"startTime":1750723898479,"endTime":1750723898485.525,"status":"passed","message":"","name":"/Users/jono/Documents/GitHub/starcom-app/starcom-mk2/src/components/Auth/AuthErrorBoundary.test.tsx"},{"assertionResults":[{"ancestorTitles":["TermsModal (removed feature)"],"fullName":"TermsModal (removed feature) feature was removed - see artifact: removed-terms-modal-feature-2025-06-14.artifact","status":"passed","title":"feature was removed - see artifact: removed-terms-modal-feature-2025-06-14.artifact","duration":0.06808300036936998,"failureMessages":[],"meta":{}}],"startTime":1750723898768,"endTime":1750723898768.068,"status":"passed","message":"","name":"/Users/jono/Documents/GitHub/starcom-app/starcom-mk2/src/components/Auth/TermsModal.test.tsx"},{"assertionResults":[{"ancestorTitles":["WalletStatus (split tests)"],"fullName":"WalletStatus (split tests) tests split into category files - see other WalletStatus.*.test.tsx files","status":"passed","title":"tests split into category files - see other WalletStatus.*.test.tsx files","duration":0.08275000005960464,"failureMessages":[],"meta":{}}],"startTime":1750723898696,"endTime":1750723898696.0828,"status":"passed","message":"","name":"/Users/jono/Documents/GitHub/starcom-app/starcom-mk2/src/components/Auth/WalletStatus.test.tsx"},{"assertionResults":[{"ancestorTitles":["SessionExpiryCountdown"],"fullName":"SessionExpiryCountdown renders and updates countdown, triggers onWarning and onExpire","status":"passed","title":"renders and updates countdown, triggers onWarning and onExpire","duration":5.8975419998168945,"failureMessages":[],"meta":{}}],"startTime":1750723898570,"endTime":1750723898575.8975,"status":"passed","message":"","name":"/Users/jono/Documents/GitHub/starcom-app/starcom-mk2/src/components/Shared/SessionExpiryCountdown.test.tsx"},{"assertionResults":[{"ancestorTitles":["TinyGlobe Mode Synchronization"],"fullName":"TinyGlobe Mode Synchronization renders without crashing","status":"passed","title":"renders without crashing","duration":16.37429099995643,"failureMessages":[],"meta":{}},{"ancestorTitles":["TinyGlobe Mode Synchronization"],"fullName":"TinyGlobe Mode Synchronization UI buttons update VisualizationMode context","status":"passed","title":"UI buttons update VisualizationMode context","duration":17.961916000582278,"failureMessages":[],"meta":{}}],"startTime":1750723898266,"endTime":1750723898299.962,"status":"passed","message":"","name":"/Users/jono/Documents/GitHub/starcom-app/starcom-mk2/src/components/TinyGlobe/TinyGlobe.test.tsx"},{"assertionResults":[{"ancestorTitles":["MarketDataCacheService.unit (placeholder)"],"fullName":"MarketDataCacheService.unit (placeholder) should have real tests implemented","status":"passed","title":"should have real tests implemented","duration":0.07558299973607063,"failureMessages":[],"meta":{}}],"startTime":1750723898729,"endTime":1750723898729.0757,"status":"passed","message":"","name":"/Users/jono/Documents/GitHub/starcom-app/starcom-mk2/src/services/market/MarketDataCacheService.unit.test.ts"},{"assertionResults":[{"ancestorTitles":["MarketDataProvider.unit (placeholder)"],"fullName":"MarketDataProvider.unit (placeholder) should have real tests implemented","status":"passed","title":"should have real tests implemented","duration":0.06500000040978193,"failureMessages":[],"meta":{}}],"startTime":1750723898785,"endTime":1750723898785.065,"status":"passed","message":"","name":"/Users/jono/Documents/GitHub/starcom-app/starcom-mk2/src/services/market/MarketDataProvider.unit.test.ts"},{"assertionResults":[{"ancestorTitles":["EIADataCacheService observability"],"fullName":"EIADataCacheService observability calls observer hooks on cache hit/miss/evict","status":"passed","title":"calls observer hooks on cache hit/miss/evict","duration":0.3640829995274544,"failureMessages":[],"meta":{}}],"startTime":1750723898658,"endTime":1750723898658.364,"status":"passed","message":"","name":"/Users/jono/Documents/GitHub/starcom-app/starcom-mk2/src/services/eia/EIADataCacheService.observability.test.ts"},{"assertionResults":[{"ancestorTitles":["EIADataCacheService"],"fullName":"EIADataCacheService returns cached value on hit","status":"passed","title":"returns cached value on hit","duration":0.14737499970942736,"failureMessages":[],"meta":{}},{"ancestorTitles":["EIADataCacheService"],"fullName":"EIADataCacheService expires value after TTL","status":"passed","title":"expires value after TTL","duration":0.38108300045132637,"failureMessages":[],"meta":{}},{"ancestorTitles":["EIADataCacheService"],"fullName":"EIADataCacheService calls observer hooks","status":"passed","title":"calls observer hooks","duration":0.1797499991953373,"failureMessages":[],"meta":{}}],"startTime":1750723898714,"endTime":1750723898715.1797,"status":"passed","message":"","name":"/Users/jono/Documents/GitHub/starcom-app/starcom-mk2/src/services/eia/EIADataCacheService.unit.test.ts"},{"assertionResults":[{"ancestorTitles":["EIADataProvider observability"],"fullName":"EIADataProvider observability calls observer hooks on fetch success","status":"passed","title":"calls observer hooks on fetch success","duration":424.43087499961257,"failureMessages":[],"meta":{}}],"startTime":1750723897073,"endTime":1750723897497.431,"status":"passed","message":"","name":"/Users/jono/Documents/GitHub/starcom-app/starcom-mk2/src/services/eia/EIADataProvider.observability.test.ts"},{"assertionResults":[{"ancestorTitles":["EIADataProvider"],"fullName":"EIADataProvider returns data on success","status":"failed","title":"returns data on success","duration":5008.211166999303,"failureMessages":["Error: STACK_TRACE_ERROR\n    at task (file:///Users/jono/Documents/GitHub/starcom-app/starcom-mk2/node_modules/@vitest/runner/dist/chunk-hooks.js:638:27)\n    at Object.<anonymous> (file:///Users/jono/Documents/GitHub/starcom-app/starcom-mk2/node_modules/@vitest/runner/dist/chunk-hooks.js:662:16)\n    at Object.<anonymous> (file:///Users/jono/Documents/GitHub/starcom-app/starcom-mk2/node_modules/@vitest/runner/dist/chunk-hooks.js:458:28)\n    at it (file:///Users/jono/Documents/GitHub/starcom-app/starcom-mk2/node_modules/@vitest/runner/dist/chunk-hooks.js:369:14)\n    at /Users/jono/Documents/GitHub/starcom-app/starcom-mk2/src/services/eia/EIADataProvider.unit.test.ts:6:3\n    at file:///Users/jono/Documents/GitHub/starcom-app/starcom-mk2/node_modules/@vitest/runner/dist/chunk-hooks.js:734:40\n    at runWithSuite (file:///Users/jono/Documents/GitHub/starcom-app/starcom-mk2/node_modules/@vitest/runner/dist/chunk-hooks.js:1846:8)\n    at Object.collect (file:///Users/jono/Documents/GitHub/starcom-app/starcom-mk2/node_modules/@vitest/runner/dist/chunk-hooks.js:734:10)\n    at Object.collect (file:///Users/jono/Documents/GitHub/starcom-app/starcom-mk2/node_modules/@vitest/runner/dist/chunk-hooks.js:738:54)\n    at processTicksAndRejections (node:internal/process/task_queues:95:5)\n    at collectTests (file:///Users/jono/Documents/GitHub/starcom-app/starcom-mk2/node_modules/@vitest/runner/dist/chunk-hooks.js:1176:25)\n    at startTests (file:///Users/jono/Documents/GitHub/starcom-app/starcom-mk2/node_modules/@vitest/runner/dist/chunk-hooks.js:1814:17)\n    at file:///Users/jono/Documents/GitHub/starcom-app/starcom-mk2/node_modules/vitest/dist/chunks/runBaseTests.Dd85QTll.js:117:26\n    at withEnv (file:///Users/jono/Documents/GitHub/starcom-app/starcom-mk2/node_modules/vitest/dist/chunks/runBaseTests.Dd85QTll.js:84:3)\n    at run (file:///Users/jono/Documents/GitHub/starcom-app/starcom-mk2/node_modules/vitest/dist/chunks/runBaseTests.Dd85QTll.js:109:2)"],"meta":{}},{"ancestorTitles":["EIADataProvider"],"fullName":"EIADataProvider calls observer hooks","status":"passed","title":"calls observer hooks","duration":713.7608750006184,"failureMessages":[],"meta":{}}],"startTime":1750723879958,"endTime":1750723885679.761,"status":"failed","message":"","name":"/Users/jono/Documents/GitHub/starcom-app/starcom-mk2/src/services/eia/EIADataProvider.unit.test.ts"},{"assertionResults":[{"ancestorTitles":["EIAService.e2e (placeholder)"],"fullName":"EIAService.e2e (placeholder) should have real tests implemented","status":"passed","title":"should have real tests implemented","duration":0.0615000007674098,"failureMessages":[],"meta":{}}],"startTime":1750723898800,"endTime":1750723898800.0615,"status":"passed","message":"","name":"/Users/jono/Documents/GitHub/starcom-app/starcom-mk2/src/services/eia/EIAService.e2e.test.ts"},{"assertionResults":[{"ancestorTitles":["EIAService"],"fullName":"EIAService fetches the latest oil price successfully","status":"passed","title":"fetches the latest oil price successfully","duration":2.003792000003159,"failureMessages":[],"meta":{}},{"ancestorTitles":["EIAService"],"fullName":"EIAService fetches the latest gasoline price successfully","status":"passed","title":"fetches the latest gasoline price successfully","duration":1.3715420002117753,"failureMessages":[],"meta":{}},{"ancestorTitles":["EIAService"],"fullName":"EIAService fetches the latest oil inventory successfully","status":"passed","title":"fetches the latest oil inventory successfully","duration":1.2965830005705357,"failureMessages":[],"meta":{}},{"ancestorTitles":["EIAService"],"fullName":"EIAService handles fetch errors","status":"passed","title":"handles fetch errors","duration":2.298833000473678,"failureMessages":[],"meta":{}}],"startTime":1750723898504,"endTime":1750723898511.2988,"status":"passed","message":"","name":"/Users/jono/Documents/GitHub/starcom-app/starcom-mk2/src/services/eia/EIAService.test.ts"},{"assertionResults":[{"ancestorTitles":["FallbackProvider"],"fullName":"FallbackProvider returns data from the first successful provider","status":"passed","title":"returns data from the first successful provider","duration":0.21570799965411425,"failureMessages":[],"meta":{}},{"ancestorTitles":["FallbackProvider"],"fullName":"FallbackProvider throws if all providers fail","status":"passed","title":"throws if all providers fail","duration":0.18791699968278408,"failureMessages":[],"meta":{}}],"startTime":1750723898675,"endTime":1750723898675.2158,"status":"passed","message":"","name":"/Users/jono/Documents/GitHub/starcom-app/starcom-mk2/src/services/shared/FallbackProvider.unit.test.ts"},{"assertionResults":[{"ancestorTitles":["Marquee"],"fullName":"Marquee renders data points","status":"passed","title":"renders data points","duration":4.26016699988395,"failureMessages":[],"meta":{}},{"ancestorTitles":["Marquee"],"fullName":"Marquee shows loading state","status":"passed","title":"shows loading state","duration":1.8417920004576445,"failureMessages":[],"meta":{}},{"ancestorTitles":["Marquee"],"fullName":"Marquee shows error state","status":"passed","title":"shows error state","duration":1.1984999999403954,"failureMessages":[],"meta":{}},{"ancestorTitles":["Marquee"],"fullName":"Marquee shows empty state","status":"passed","title":"shows empty state","duration":0.5184159995988011,"failureMessages":[],"meta":{}},{"ancestorTitles":["Marquee"],"fullName":"Marquee is keyboard focusable and shows visible focus","status":"passed","title":"is keyboard focusable and shows visible focus","duration":3.7478329995647073,"failureMessages":[],"meta":{}},{"ancestorTitles":["Marquee"],"fullName":"Marquee pauses and resumes on Space/Enter","status":"passed","title":"pauses and resumes on Space/Enter","duration":2.758624999783933,"failureMessages":[],"meta":{}},{"ancestorTitles":["Marquee"],"fullName":"Marquee pauses on mouse enter and resumes on mouse leave","status":"passed","title":"pauses on mouse enter and resumes on mouse leave","duration":2.6196670001372695,"failureMessages":[],"meta":{}},{"ancestorTitles":["Marquee"],"fullName":"Marquee has aria-live polite for updates","status":"passed","title":"has aria-live polite for updates","duration":1.582667000591755,"failureMessages":[],"meta":{}}],"startTime":1750723898424,"endTime":1750723898442.5828,"status":"passed","message":"","name":"/Users/jono/Documents/GitHub/starcom-app/starcom-mk2/src/components/HUD/Bars/TopBar/Marquee.test.tsx"},{"assertionResults":[{"ancestorTitles":["TopBar artifact-driven"],"fullName":"TopBar artifact-driven renders logo, settings button, and marquee","status":"failed","title":"renders logo, settings button, and marquee","duration":27.861583000048995,"failureMessages":["Error: useAuth must be used within an AuthProvider\n    at useAuth (/Users/jono/Documents/GitHub/starcom-app/starcom-mk2/src/hooks/useAuth.ts:7:11)\n    at WalletStatusMini (/Users/jono/Documents/GitHub/starcom-app/starcom-mk2/src/components/Auth/WalletStatusMini.tsx:250:7)\n    at renderWithHooks (/Users/jono/Documents/GitHub/starcom-app/starcom-mk2/node_modules/react-dom/cjs/react-dom.development.js:15486:18)\n    at mountIndeterminateComponent (/Users/jono/Documents/GitHub/starcom-app/starcom-mk2/node_modules/react-dom/cjs/react-dom.development.js:20103:13)\n    at beginWork (/Users/jono/Documents/GitHub/starcom-app/starcom-mk2/node_modules/react-dom/cjs/react-dom.development.js:21626:16)\n    at beginWork$1 (/Users/jono/Documents/GitHub/starcom-app/starcom-mk2/node_modules/react-dom/cjs/react-dom.development.js:27465:14)\n    at performUnitOfWork (/Users/jono/Documents/GitHub/starcom-app/starcom-mk2/node_modules/react-dom/cjs/react-dom.development.js:26599:12)\n    at workLoopSync (/Users/jono/Documents/GitHub/starcom-app/starcom-mk2/node_modules/react-dom/cjs/react-dom.development.js:26505:5)\n    at renderRootSync (/Users/jono/Documents/GitHub/starcom-app/starcom-mk2/node_modules/react-dom/cjs/react-dom.development.js:26473:7)\n    at recoverFromConcurrentError (/Users/jono/Documents/GitHub/starcom-app/starcom-mk2/node_modules/react-dom/cjs/react-dom.development.js:25889:20)"],"meta":{}},{"ancestorTitles":["TopBar artifact-driven"],"fullName":"TopBar artifact-driven opens and closes the settings modal","status":"failed","title":"opens and closes the settings modal","duration":12.124499999918044,"failureMessages":["Error: useAuth must be used within an AuthProvider\n    at useAuth (/Users/jono/Documents/GitHub/starcom-app/starcom-mk2/src/hooks/useAuth.ts:7:11)\n    at WalletStatusMini (/Users/jono/Documents/GitHub/starcom-app/starcom-mk2/src/components/Auth/WalletStatusMini.tsx:250:7)\n    at renderWithHooks (/Users/jono/Documents/GitHub/starcom-app/starcom-mk2/node_modules/react-dom/cjs/react-dom.development.js:15486:18)\n    at mountIndeterminateComponent (/Users/jono/Documents/GitHub/starcom-app/starcom-mk2/node_modules/react-dom/cjs/react-dom.development.js:20103:13)\n    at beginWork (/Users/jono/Documents/GitHub/starcom-app/starcom-mk2/node_modules/react-dom/cjs/react-dom.development.js:21626:16)\n    at beginWork$1 (/Users/jono/Documents/GitHub/starcom-app/starcom-mk2/node_modules/react-dom/cjs/react-dom.development.js:27465:14)\n    at performUnitOfWork (/Users/jono/Documents/GitHub/starcom-app/starcom-mk2/node_modules/react-dom/cjs/react-dom.development.js:26599:12)\n    at workLoopSync (/Users/jono/Documents/GitHub/starcom-app/starcom-mk2/node_modules/react-dom/cjs/react-dom.development.js:26505:5)\n    at renderRootSync (/Users/jono/Documents/GitHub/starcom-app/starcom-mk2/node_modules/react-dom/cjs/react-dom.development.js:26473:7)\n    at recoverFromConcurrentError (/Users/jono/Documents/GitHub/starcom-app/starcom-mk2/node_modules/react-dom/cjs/react-dom.development.js:25889:20)"],"meta":{}},{"ancestorTitles":["TopBar artifact-driven"],"fullName":"TopBar artifact-driven toggles a category and updates marquee","status":"failed","title":"toggles a category and updates marquee","duration":7.744041999801993,"failureMessages":["Error: useAuth must be used within an AuthProvider\n    at useAuth (/Users/jono/Documents/GitHub/starcom-app/starcom-mk2/src/hooks/useAuth.ts:7:11)\n    at WalletStatusMini (/Users/jono/Documents/GitHub/starcom-app/starcom-mk2/src/components/Auth/WalletStatusMini.tsx:250:7)\n    at renderWithHooks (/Users/jono/Documents/GitHub/starcom-app/starcom-mk2/node_modules/react-dom/cjs/react-dom.development.js:15486:18)\n    at mountIndeterminateComponent (/Users/jono/Documents/GitHub/starcom-app/starcom-mk2/node_modules/react-dom/cjs/react-dom.development.js:20103:13)\n    at beginWork (/Users/jono/Documents/GitHub/starcom-app/starcom-mk2/node_modules/react-dom/cjs/react-dom.development.js:21626:16)\n    at beginWork$1 (/Users/jono/Documents/GitHub/starcom-app/starcom-mk2/node_modules/react-dom/cjs/react-dom.development.js:27465:14)\n    at performUnitOfWork (/Users/jono/Documents/GitHub/starcom-app/starcom-mk2/node_modules/react-dom/cjs/react-dom.development.js:26599:12)\n    at workLoopSync (/Users/jono/Documents/GitHub/starcom-app/starcom-mk2/node_modules/react-dom/cjs/react-dom.development.js:26505:5)\n    at renderRootSync (/Users/jono/Documents/GitHub/starcom-app/starcom-mk2/node_modules/react-dom/cjs/react-dom.development.js:26473:7)\n    at recoverFromConcurrentError (/Users/jono/Documents/GitHub/starcom-app/starcom-mk2/node_modules/react-dom/cjs/react-dom.development.js:25889:20)"],"meta":{}},{"ancestorTitles":["TopBar artifact-driven"],"fullName":"TopBar artifact-driven marquee pauses on hover and resumes on mouse leave","status":"failed","title":"marquee pauses on hover and resumes on mouse leave","duration":6.6167500000447035,"failureMessages":["Error: useAuth must be used within an AuthProvider\n    at useAuth (/Users/jono/Documents/GitHub/starcom-app/starcom-mk2/src/hooks/useAuth.ts:7:11)\n    at WalletStatusMini (/Users/jono/Documents/GitHub/starcom-app/starcom-mk2/src/components/Auth/WalletStatusMini.tsx:250:7)\n    at renderWithHooks (/Users/jono/Documents/GitHub/starcom-app/starcom-mk2/node_modules/react-dom/cjs/react-dom.development.js:15486:18)\n    at mountIndeterminateComponent (/Users/jono/Documents/GitHub/starcom-app/starcom-mk2/node_modules/react-dom/cjs/react-dom.development.js:20103:13)\n    at beginWork (/Users/jono/Documents/GitHub/starcom-app/starcom-mk2/node_modules/react-dom/cjs/react-dom.development.js:21626:16)\n    at beginWork$1 (/Users/jono/Documents/GitHub/starcom-app/starcom-mk2/node_modules/react-dom/cjs/react-dom.development.js:27465:14)\n    at performUnitOfWork (/Users/jono/Documents/GitHub/starcom-app/starcom-mk2/node_modules/react-dom/cjs/react-dom.development.js:26599:12)\n    at workLoopSync (/Users/jono/Documents/GitHub/starcom-app/starcom-mk2/node_modules/react-dom/cjs/react-dom.development.js:26505:5)\n    at renderRootSync (/Users/jono/Documents/GitHub/starcom-app/starcom-mk2/node_modules/react-dom/cjs/react-dom.development.js:26473:7)\n    at recoverFromConcurrentError (/Users/jono/Documents/GitHub/starcom-app/starcom-mk2/node_modules/react-dom/cjs/react-dom.development.js:25889:20)"],"meta":{}},{"ancestorTitles":["TopBar artifact-driven"],"fullName":"TopBar artifact-driven shows \"No data selected\" when all categories are disabled","status":"failed","title":"shows \"No data selected\" when all categories are disabled","duration":6.615333000198007,"failureMessages":["Error: useAuth must be used within an AuthProvider\n    at useAuth (/Users/jono/Documents/GitHub/starcom-app/starcom-mk2/src/hooks/useAuth.ts:7:11)\n    at WalletStatusMini (/Users/jono/Documents/GitHub/starcom-app/starcom-mk2/src/components/Auth/WalletStatusMini.tsx:250:7)\n    at renderWithHooks (/Users/jono/Documents/GitHub/starcom-app/starcom-mk2/node_modules/react-dom/cjs/react-dom.development.js:15486:18)\n    at mountIndeterminateComponent (/Users/jono/Documents/GitHub/starcom-app/starcom-mk2/node_modules/react-dom/cjs/react-dom.development.js:20103:13)\n    at beginWork (/Users/jono/Documents/GitHub/starcom-app/starcom-mk2/node_modules/react-dom/cjs/react-dom.development.js:21626:16)\n    at beginWork$1 (/Users/jono/Documents/GitHub/starcom-app/starcom-mk2/node_modules/react-dom/cjs/react-dom.development.js:27465:14)\n    at performUnitOfWork (/Users/jono/Documents/GitHub/starcom-app/starcom-mk2/node_modules/react-dom/cjs/react-dom.development.js:26599:12)\n    at workLoopSync (/Users/jono/Documents/GitHub/starcom-app/starcom-mk2/node_modules/react-dom/cjs/react-dom.development.js:26505:5)\n    at renderRootSync (/Users/jono/Documents/GitHub/starcom-app/starcom-mk2/node_modules/react-dom/cjs/react-dom.development.js:26473:7)\n    at recoverFromConcurrentError (/Users/jono/Documents/GitHub/starcom-app/starcom-mk2/node_modules/react-dom/cjs/react-dom.development.js:25889:20)"],"meta":{}}],"startTime":1750723876094,"endTime":1750723876154.6152,"status":"failed","message":"","name":"/Users/jono/Documents/GitHub/starcom-app/starcom-mk2/src/components/HUD/Bars/TopBar/TopBar.test.tsx"}]}