{"numTotalTestSuites":42,"numPassedTestSuites":42,"numFailedTestSuites":0,"numPendingTestSuites":0,"numTotalTests":58,"numPassedTests":58,"numFailedTests":0,"numPendingTests":0,"numTodoTests":0,"snapshot":{"added":0,"failure":false,"filesAdded":0,"filesRemoved":0,"filesRemovedList":[],"filesUnmatched":0,"filesUpdated":0,"matched":0,"total":0,"unchecked":0,"uncheckedKeysByFile":[],"unmatched":0,"updated":0,"didUpdate":false},"startTime":1749731546570,"success":true,"testResults":[{"assertionResults":[{"ancestorTitles":["EIADataProvider"],"fullName":"EIADataProvider returns data on success","status":"passed","title":"returns data on success","duration":0.8679579943418503,"failureMessages":[],"meta":{}},{"ancestorTitles":["EIADataProvider"],"fullName":"EIADataProvider calls observer hooks","status":"passed","title":"calls observer hooks","duration":1.0331660062074661,"failureMessages":[],"meta":{}},{"ancestorTitles":["EIADataProvider observability"],"fullName":"EIADataProvider observability calls observer hooks on fetch success","status":"passed","title":"calls observer hooks on fetch success","duration":0.2612910121679306,"failureMessages":[],"meta":{}},{"ancestorTitles":["EIADataCacheService"],"fullName":"EIADataCacheService returns cached value on hit","status":"passed","title":"returns cached value on hit","duration":0.11241699755191803,"failureMessages":[],"meta":{}},{"ancestorTitles":["EIADataCacheService"],"fullName":"EIADataCacheService expires value after TTL","status":"passed","title":"expires value after TTL","duration":1.065207988023758,"failureMessages":[],"meta":{}},{"ancestorTitles":["EIADataCacheService"],"fullName":"EIADataCacheService calls observer hooks","status":"passed","title":"calls observer hooks","duration":0.5138749927282333,"failureMessages":[],"meta":{}},{"ancestorTitles":["EIADataCacheService observability"],"fullName":"EIADataCacheService observability calls observer hooks on cache hit/miss/evict","status":"passed","title":"calls observer hooks on cache hit/miss/evict","duration":0.4268749952316284,"failureMessages":[],"meta":{}},{"ancestorTitles":["MarketDataProvider.unit (placeholder)"],"fullName":"MarketDataProvider.unit (placeholder) should have real tests implemented","status":"passed","title":"should have real tests implemented","duration":0.07087500393390656,"failureMessages":[],"meta":{}},{"ancestorTitles":["MarketDataCacheService.unit (placeholder)"],"fullName":"MarketDataCacheService.unit (placeholder) should have real tests implemented","status":"passed","title":"should have real tests implemented","duration":0.18812499940395355,"failureMessages":[],"meta":{}},{"ancestorTitles":["FallbackProvider"],"fullName":"FallbackProvider returns data from the first successful provider","status":"passed","title":"returns data from the first successful provider","duration":0.2962919920682907,"failureMessages":[],"meta":{}},{"ancestorTitles":["FallbackProvider"],"fullName":"FallbackProvider throws if all providers fail","status":"passed","title":"throws if all providers fail","duration":0.9315420091152191,"failureMessages":[],"meta":{}},{"ancestorTitles":["EIAService.e2e (placeholder)"],"fullName":"EIAService.e2e (placeholder) should have real tests implemented","status":"passed","title":"should have real tests implemented","duration":0.058375000953674316,"failureMessages":[],"meta":{}},{"ancestorTitles":["EIAService"],"fullName":"EIAService fetches the latest oil price successfully","status":"passed","title":"fetches the latest oil price successfully","duration":3.4640839993953705,"failureMessages":[],"meta":{}},{"ancestorTitles":["EIAService"],"fullName":"EIAService fetches the latest gasoline price successfully","status":"passed","title":"fetches the latest gasoline price successfully","duration":2.1245000064373016,"failureMessages":[],"meta":{}},{"ancestorTitles":["EIAService"],"fullName":"EIAService fetches the latest oil inventory successfully","status":"passed","title":"fetches the latest oil inventory successfully","duration":1.5795419961214066,"failureMessages":[],"meta":{}},{"ancestorTitles":["EIAService"],"fullName":"EIAService handles fetch errors","status":"passed","title":"handles fetch errors","duration":1.3487080037593842,"failureMessages":[],"meta":{}}],"startTime":1749731578216,"endTime":1749731578230.3486,"status":"passed","message":"","name":"/Users/jono/Documents/GitHub/starcom-app/starcom-mk2/src/services/data-services.all.test.ts"},{"assertionResults":[{"ancestorTitles":["Web3Login AuthErrorBoundary"],"fullName":"Web3Login AuthErrorBoundary shows error boundary UI if an auth error occurs","status":"passed","title":"shows error boundary UI if an auth error occurs","duration":68.02779100835323,"failureMessages":[],"meta":{}},{"ancestorTitles":["Web3Login AuthErrorBoundary"],"fullName":"Web3Login AuthErrorBoundary renders children if no error is thrown","status":"passed","title":"renders children if no error is thrown","duration":1.5104580074548721,"failureMessages":[],"meta":{}},{"ancestorTitles":["Web3Login AuthErrorBoundary"],"fullName":"Web3Login AuthErrorBoundary resets error boundary on rerender","status":"passed","title":"resets error boundary on rerender","duration":5.445000007748604,"failureMessages":[],"meta":{}}],"startTime":1749731576217,"endTime":1749731576292.445,"status":"passed","message":"","name":"/Users/jono/Documents/GitHub/starcom-app/starcom-mk2/src/components/Auth/AuthErrorBoundary.test.tsx"},{"assertionResults":[{"ancestorTitles":["TermsModal Flows"],"fullName":"TermsModal Flows shows TermsModal if terms not accepted","status":"passed","title":"shows TermsModal if terms not accepted","duration":85.3045420050621,"failureMessages":[],"meta":{}},{"ancestorTitles":["TermsModal Flows"],"fullName":"TermsModal Flows accepts terms and calls onAccept","status":"passed","title":"accepts terms and calls onAccept","duration":23.620124995708466,"failureMessages":[],"meta":{}},{"ancestorTitles":["TermsModal Flows"],"fullName":"TermsModal Flows does not show TermsModal if terms already accepted","status":"passed","title":"does not show TermsModal if terms already accepted","duration":2.9023749977350235,"failureMessages":[],"meta":{}},{"ancestorTitles":["TermsModal Flows"],"fullName":"TermsModal Flows TermsModal cannot be accepted twice","status":"passed","title":"TermsModal cannot be accepted twice","duration":7.004207998514175,"failureMessages":[],"meta":{}}],"startTime":1749731562592,"endTime":1749731562711.0042,"status":"passed","message":"","name":"/Users/jono/Documents/GitHub/starcom-app/starcom-mk2/src/components/Auth/TermsModal.test.tsx"},{"assertionResults":[{"ancestorTitles":["TokenGatedPage"],"fullName":"TokenGatedPage prompts to connect wallet if not connected","status":"passed","title":"prompts to connect wallet if not connected","duration":131.57025000452995,"failureMessages":[],"meta":{}},{"ancestorTitles":["TokenGatedPage"],"fullName":"TokenGatedPage shows NFT access denied if user does not have NFT","status":"passed","title":"shows NFT access denied if user does not have NFT","duration":28.54500000178814,"failureMessages":[],"meta":{}},{"ancestorTitles":["TokenGatedPage"],"fullName":"TokenGatedPage shows admin access denied if user has NFT but not admin","status":"passed","title":"shows admin access denied if user has NFT but not admin","duration":18.539540991187096,"failureMessages":[],"meta":{}},{"ancestorTitles":["TokenGatedPage"],"fullName":"TokenGatedPage shows protected content if user has NFT and admin role","status":"passed","title":"shows protected content if user has NFT and admin role","duration":30.78624999523163,"failureMessages":[],"meta":{}}],"startTime":1749731580826,"endTime":1749731581034.7861,"status":"passed","message":"","name":"/Users/jono/Documents/GitHub/starcom-app/starcom-mk2/src/components/Auth/TokenGatedPage.test.tsx"},{"assertionResults":[{"ancestorTitles":["WalletStatus (unit, artifact-driven)"],"fullName":"WalletStatus (unit, artifact-driven) renders error state","status":"passed","title":"renders error state","duration":139.75116699934006,"failureMessages":[],"meta":{}},{"ancestorTitles":["WalletStatus (unit, artifact-driven)"],"fullName":"WalletStatus (unit, artifact-driven) renders connected state","status":"passed","title":"renders connected state","duration":59.174457997083664,"failureMessages":[],"meta":{}},{"ancestorTitles":["WalletStatus (unit, artifact-driven)"],"fullName":"WalletStatus (unit, artifact-driven) renders idle state (connect button)","status":"passed","title":"renders idle state (connect button)","duration":53.77141700685024,"failureMessages":[],"meta":{}}],"startTime":1749731580820,"endTime":1749731581072.7715,"status":"passed","message":"","name":"/Users/jono/Documents/GitHub/starcom-app/starcom-mk2/src/components/Auth/WalletStatus.test.tsx"},{"assertionResults":[{"ancestorTitles":["Web3Login Accessibility Flows"],"fullName":"Web3Login Accessibility Flows all modal dialogs have correct ARIA roles and are announced to screen readers","status":"passed","title":"all modal dialogs have correct ARIA roles and are announced to screen readers","duration":136.2989579886198,"failureMessages":[],"meta":{}},{"ancestorTitles":["Web3Login Accessibility Flows"],"fullName":"Web3Login Accessibility Flows tab order is correct: TermsModal accept → wallet connect → main app","status":"passed","title":"tab order is correct: TermsModal accept → wallet connect → main app","duration":100.95570799708366,"failureMessages":[],"meta":{}},{"ancestorTitles":["Web3Login Accessibility Flows"],"fullName":"Web3Login Accessibility Flows focus returns to connect button after closing TermsModal","status":"passed","title":"focus returns to connect button after closing TermsModal","duration":51.615875005722046,"failureMessages":[],"meta":{}},{"ancestorTitles":["Web3Login Accessibility Flows"],"fullName":"Web3Login Accessibility Flows TermsModal is not present after acceptance","status":"passed","title":"TermsModal is not present after acceptance","duration":17.50541700422764,"failureMessages":[],"meta":{}},{"ancestorTitles":["Web3Login Accessibility Flows"],"fullName":"Web3Login Accessibility Flows wallet connect button is accessible by keyboard","status":"passed","title":"wallet connect button is accessible by keyboard","duration":13.330458000302315,"failureMessages":[],"meta":{}}],"startTime":1749731580820,"endTime":1749731581140.3306,"status":"passed","message":"","name":"/Users/jono/Documents/GitHub/starcom-app/starcom-mk2/src/components/Auth/Web3Login.accessibility.test.tsx"},{"assertionResults":[{"ancestorTitles":["TokenGatedPage Protected Route Flows"],"fullName":"TokenGatedPage Protected Route Flows denies access to protected route and shows fallback UI if not authenticated","status":"passed","title":"denies access to protected route and shows fallback UI if not authenticated","duration":130.0376670062542,"failureMessages":[],"meta":{}},{"ancestorTitles":["TokenGatedPage Protected Route Flows"],"fullName":"TokenGatedPage Protected Route Flows protected route shows denial UI if user lacks required token or role","status":"passed","title":"protected route shows denial UI if user lacks required token or role","duration":29.370958000421524,"failureMessages":[],"meta":{}},{"ancestorTitles":["TokenGatedPage Protected Route Flows"],"fullName":"TokenGatedPage Protected Route Flows shows protected content if user is authenticated and has access","status":"passed","title":"shows protected content if user is authenticated and has access","duration":22.047792002558708,"failureMessages":[],"meta":{}}],"startTime":1749731580830,"endTime":1749731581011.0479,"status":"passed","message":"","name":"/Users/jono/Documents/GitHub/starcom-app/starcom-mk2/src/components/Auth/Web3Login.protected.test.tsx"},{"assertionResults":[{"ancestorTitles":["Web3Login Wallet Flows"],"fullName":"Web3Login Wallet Flows shows error if wallet provider is missing","status":"passed","title":"shows error if wallet provider is missing","duration":162.429000005126,"failureMessages":[],"meta":{}},{"ancestorTitles":["Web3Login Wallet Flows"],"fullName":"Web3Login Wallet Flows shows error if user rejects connection","status":"passed","title":"shows error if user rejects connection","duration":35.08754201233387,"failureMessages":[],"meta":{}},{"ancestorTitles":["Web3Login Wallet Flows"],"fullName":"Web3Login Wallet Flows shows error if user is on the wrong network","status":"passed","title":"shows error if user is on the wrong network","duration":40.72841699421406,"failureMessages":[],"meta":{}},{"ancestorTitles":["Web3Login Wallet Flows"],"fullName":"Web3Login Wallet Flows disconnects wallet and returns to connect state","status":"passed","title":"disconnects wallet and returns to connect state","duration":47.82254099845886,"failureMessages":[],"meta":{}}],"startTime":1749731580834,"endTime":1749731581119.8225,"status":"passed","message":"","name":"/Users/jono/Documents/GitHub/starcom-app/starcom-mk2/src/components/Auth/Web3Login.wallet.test.tsx"},{"assertionResults":[{"ancestorTitles":["EIADataCacheService observability"],"fullName":"EIADataCacheService observability calls observer hooks on cache hit/miss/evict","status":"passed","title":"calls observer hooks on cache hit/miss/evict","duration":1.6002909988164902,"failureMessages":[],"meta":{}}],"startTime":1749731578623,"endTime":1749731578624.6003,"status":"passed","message":"","name":"/Users/jono/Documents/GitHub/starcom-app/starcom-mk2/src/services/eia/EIADataCacheService.observability.test.ts"},{"assertionResults":[{"ancestorTitles":["EIADataCacheService"],"fullName":"EIADataCacheService returns cached value on hit","status":"passed","title":"returns cached value on hit","duration":0.6036249995231628,"failureMessages":[],"meta":{}},{"ancestorTitles":["EIADataCacheService"],"fullName":"EIADataCacheService expires value after TTL","status":"passed","title":"expires value after TTL","duration":1.0715420097112656,"failureMessages":[],"meta":{}},{"ancestorTitles":["EIADataCacheService"],"fullName":"EIADataCacheService calls observer hooks","status":"passed","title":"calls observer hooks","duration":0.9266670048236847,"failureMessages":[],"meta":{}}],"startTime":1749731578028,"endTime":1749731578030.9268,"status":"passed","message":"","name":"/Users/jono/Documents/GitHub/starcom-app/starcom-mk2/src/services/eia/EIADataCacheService.unit.test.ts"},{"assertionResults":[{"ancestorTitles":["EIADataProvider observability"],"fullName":"EIADataProvider observability calls observer hooks on fetch success","status":"passed","title":"calls observer hooks on fetch success","duration":2.320708006620407,"failureMessages":[],"meta":{}}],"startTime":1749731578819,"endTime":1749731578821.3208,"status":"passed","message":"","name":"/Users/jono/Documents/GitHub/starcom-app/starcom-mk2/src/services/eia/EIADataProvider.observability.test.ts"},{"assertionResults":[{"ancestorTitles":["EIADataProvider"],"fullName":"EIADataProvider returns data on success","status":"passed","title":"returns data on success","duration":0.6437499970197678,"failureMessages":[],"meta":{}},{"ancestorTitles":["EIADataProvider"],"fullName":"EIADataProvider calls observer hooks","status":"passed","title":"calls observer hooks","duration":1.4004999995231628,"failureMessages":[],"meta":{}}],"startTime":1749731579353,"endTime":1749731579355.4004,"status":"passed","message":"","name":"/Users/jono/Documents/GitHub/starcom-app/starcom-mk2/src/services/eia/EIADataProvider.unit.test.ts"},{"assertionResults":[{"ancestorTitles":["EIAService.e2e (placeholder)"],"fullName":"EIAService.e2e (placeholder) should have real tests implemented","status":"passed","title":"should have real tests implemented","duration":0.7966659963130951,"failureMessages":[],"meta":{}}],"startTime":1749731579533,"endTime":1749731579533.7966,"status":"passed","message":"","name":"/Users/jono/Documents/GitHub/starcom-app/starcom-mk2/src/services/eia/EIAService.e2e.test.ts"},{"assertionResults":[{"ancestorTitles":["EIAService"],"fullName":"EIAService fetches the latest oil price successfully","status":"passed","title":"fetches the latest oil price successfully","duration":637.0774589926004,"failureMessages":[],"meta":{}},{"ancestorTitles":["EIAService"],"fullName":"EIAService fetches the latest gasoline price successfully","status":"passed","title":"fetches the latest gasoline price successfully","duration":16.69862499833107,"failureMessages":[],"meta":{}},{"ancestorTitles":["EIAService"],"fullName":"EIAService fetches the latest oil inventory successfully","status":"passed","title":"fetches the latest oil inventory successfully","duration":17.64004199206829,"failureMessages":[],"meta":{}},{"ancestorTitles":["EIAService"],"fullName":"EIAService handles fetch errors","status":"passed","title":"handles fetch errors","duration":15.666041001677513,"failureMessages":[],"meta":{}}],"startTime":1749731561850,"endTime":1749731562537.666,"status":"passed","message":"","name":"/Users/jono/Documents/GitHub/starcom-app/starcom-mk2/src/services/eia/EIAService.test.ts"},{"assertionResults":[{"ancestorTitles":["MarketDataCacheService.unit (placeholder)"],"fullName":"MarketDataCacheService.unit (placeholder) should have real tests implemented","status":"passed","title":"should have real tests implemented","duration":0.6357080042362213,"failureMessages":[],"meta":{}}],"startTime":1749731580386,"endTime":1749731580386.6357,"status":"passed","message":"","name":"/Users/jono/Documents/GitHub/starcom-app/starcom-mk2/src/services/market/MarketDataCacheService.unit.test.ts"},{"assertionResults":[{"ancestorTitles":["MarketDataProvider.unit (placeholder)"],"fullName":"MarketDataProvider.unit (placeholder) should have real tests implemented","status":"passed","title":"should have real tests implemented","duration":1.6598750054836273,"failureMessages":[],"meta":{}}],"startTime":1749731580065,"endTime":1749731580066.66,"status":"passed","message":"","name":"/Users/jono/Documents/GitHub/starcom-app/starcom-mk2/src/services/market/MarketDataProvider.unit.test.ts"},{"assertionResults":[{"ancestorTitles":["FallbackProvider"],"fullName":"FallbackProvider returns data from the first successful provider","status":"passed","title":"returns data from the first successful provider","duration":4.148791998624802,"failureMessages":[],"meta":{}},{"ancestorTitles":["FallbackProvider"],"fullName":"FallbackProvider throws if all providers fail","status":"passed","title":"throws if all providers fail","duration":1.0325829982757568,"failureMessages":[],"meta":{}}],"startTime":1749731576112,"endTime":1749731576117.0325,"status":"passed","message":"","name":"/Users/jono/Documents/GitHub/starcom-app/starcom-mk2/src/services/shared/FallbackProvider.unit.test.ts"}]}