{"numTotalTestSuites":2,"numPassedTestSuites":0,"numFailedTestSuites":2,"numPendingTestSuites":0,"numTotalTests":5,"numPassedTests":4,"numFailedTests":1,"numPendingTests":0,"numTodoTests":0,"snapshot":{"added":0,"failure":false,"filesAdded":0,"filesRemoved":0,"filesRemovedList":[],"filesUnmatched":0,"filesUpdated":0,"matched":0,"total":0,"unchecked":0,"uncheckedKeysByFile":[],"unmatched":0,"updated":0,"didUpdate":false},"startTime":1749699707283,"success":false,"testResults":[{"assertionResults":[{"ancestorTitles":["EIAService"],"fullName":"EIAService fetches the latest oil price successfully","status":"passed","title":"fetches the latest oil price successfully","duration":1.1656249985098839,"failureMessages":[],"meta":{}},{"ancestorTitles":["EIAService"],"fullName":"EIAService fetches the latest gasoline price successfully","status":"passed","title":"fetches the latest gasoline price successfully","duration":0.16604100167751312,"failureMessages":[],"meta":{}},{"ancestorTitles":["EIAService"],"fullName":"EIAService fetches the latest oil inventory successfully","status":"passed","title":"fetches the latest oil inventory successfully","duration":0.11291699856519699,"failureMessages":[],"meta":{}},{"ancestorTitles":["EIAService"],"fullName":"EIAService fetches the latest natural gas storage successfully","status":"passed","title":"fetches the latest natural gas storage successfully","duration":0.19341599941253662,"failureMessages":[],"meta":{}},{"ancestorTitles":["EIAService"],"fullName":"EIAService handles fetch errors","status":"failed","title":"handles fetch errors","duration":4.109667003154755,"failureMessages":["Error: promise resolved \"67.52\" instead of rejecting\n    at Assertion.__VITEST_REJECTS__ (file:///Users/jono/Documents/GitHub/starcom-app/starcom-mk2/node_modules/@vitest/expect/dist/index.js:1521:17)\n    at Assertion.propertyGetter (file:///Users/jono/Documents/GitHub/starcom-app/starcom-mk2/node_modules/chai/chai.js:1486:27)\n    at Reflect.get (<anonymous>)\n    at Object.proxyGetter [as get] (file:///Users/jono/Documents/GitHub/starcom-app/starcom-mk2/node_modules/chai/chai.js:1577:22)\n    at /Users/jono/Documents/GitHub/starcom-app/starcom-mk2/src/__tests__/EIAService.test.ts:107:50\n    at file:///Users/jono/Documents/GitHub/starcom-app/starcom-mk2/node_modules/@vitest/runner/dist/index.js:103:11\n    at file:///Users/jono/Documents/GitHub/starcom-app/starcom-mk2/node_modules/@vitest/runner/dist/index.js:595:26\n    at file:///Users/jono/Documents/GitHub/starcom-app/starcom-mk2/node_modules/@vitest/runner/dist/index.js:877:20\n    at new Promise (<anonymous>)\n    at runWithTimeout (file:///Users/jono/Documents/GitHub/starcom-app/starcom-mk2/node_modules/@vitest/runner/dist/index.js:850:10)"],"meta":{}}],"startTime":1749699708124,"endTime":1749699708130.1096,"status":"failed","message":"","name":"/Users/jono/Documents/GitHub/starcom-app/starcom-mk2/src/__tests__/EIAService.test.ts"}]}