{"numTotalTestSuites":63,"numPassedTestSuites":55,"numFailedTestSuites":8,"numPendingTestSuites":0,"numTotalTests":94,"numPassedTests":89,"numFailedTests":5,"numPendingTests":0,"numTodoTests":0,"snapshot":{"added":0,"failure":false,"filesAdded":0,"filesRemoved":0,"filesRemovedList":[],"filesUnmatched":0,"filesUpdated":0,"matched":0,"total":0,"unchecked":0,"uncheckedKeysByFile":[],"unmatched":0,"updated":0,"didUpdate":false},"startTime":1750270936816,"success":false,"testResults":[{"assertionResults":[{"ancestorTitles":["Globe Space Weather Integration"],"fullName":"Globe Space Weather Integration should add space weather InterMag overlay and fetch data","status":"passed","title":"should add space weather InterMag overlay and fetch data","duration":102.17366699999911,"failureMessages":[],"meta":{}},{"ancestorTitles":["Globe Space Weather Integration"],"fullName":"Globe Space Weather Integration should add space weather US-Canada overlay and fetch data","status":"passed","title":"should add space weather US-Canada overlay and fetch data","duration":100.39375000000109,"failureMessages":[],"meta":{}},{"ancestorTitles":["Globe Space Weather Integration"],"fullName":"Globe Space Weather Integration should handle space weather data fetch errors gracefully","status":"passed","title":"should handle space weather data fetch errors gracefully","duration":100.47091600000022,"failureMessages":[],"meta":{}},{"ancestorTitles":["Globe Space Weather Integration"],"fullName":"Globe Space Weather Integration should remove space weather overlays correctly","status":"passed","title":"should remove space weather overlays correctly","duration":0.5767500000001746,"failureMessages":[],"meta":{}},{"ancestorTitles":["Globe Space Weather Integration"],"fullName":"Globe Space Weather Integration should include space weather overlays in CyberCommand mode defaults","status":"passed","title":"should include space weather overlays in CyberCommand mode defaults","duration":0.2843749999992724,"failureMessages":[],"meta":{}},{"ancestorTitles":["Globe Space Weather Integration"],"fullName":"Globe Space Weather Integration should transform NOAA data to proper intelligence markers format","status":"passed","title":"should transform NOAA data to proper intelligence markers format","duration":0.6908749999984138,"failureMessages":[],"meta":{}}],"startTime":1750270949895,"endTime":1750270950199.691,"status":"passed","message":"","name":"/Users/jono/Documents/GitHub/starcom-app/starcom-mk2/src/globe-engine/GlobeEngine.spaceWeather.test.ts"},{"assertionResults":[{"ancestorTitles":["GlobeEngine Overlay Logic"],"fullName":"GlobeEngine Overlay Logic should add overlays and cache overlay data","status":"passed","title":"should add overlays and cache overlay data","duration":606.2102500000001,"failureMessages":[],"meta":{}},{"ancestorTitles":["GlobeEngine Overlay Logic"],"fullName":"GlobeEngine Overlay Logic should reset overlays to mode defaults on setMode","status":"passed","title":"should reset overlays to mode defaults on setMode","duration":600.7742920000001,"failureMessages":[],"meta":{}},{"ancestorTitles":["GlobeEngine Overlay Logic"],"fullName":"GlobeEngine Overlay Logic should emit overlayDataUpdated event","status":"passed","title":"should emit overlayDataUpdated event","duration":4.8449170000003505,"failureMessages":[],"meta":{}},{"ancestorTitles":["GlobeEngine Integration (artifact-driven)"],"fullName":"GlobeEngine Integration (artifact-driven) should fetch and cache overlay data for weather and naturalEvents (mocked)","status":"passed","title":"should fetch and cache overlay data for weather and naturalEvents (mocked)","duration":701.1639580000001,"failureMessages":[],"meta":{}},{"ancestorTitles":["GlobeEngine Integration (artifact-driven)"],"fullName":"GlobeEngine Integration (artifact-driven) should allow toggling overlays and emit correct events","status":"passed","title":"should allow toggling overlays and emit correct events","duration":0.41195799999968585,"failureMessages":[],"meta":{}},{"ancestorTitles":["GlobeEngine Integration (artifact-driven)"],"fullName":"GlobeEngine Integration (artifact-driven) should fetch and cache overlay data for spaceAssets (mocked)","status":"passed","title":"should fetch and cache overlay data for spaceAssets (mocked)","duration":601.2240000000002,"failureMessages":[],"meta":{}},{"ancestorTitles":["GlobeEngine Integration (artifact-driven)"],"fullName":"GlobeEngine Integration (artifact-driven) should emit overlayDataLoading and overlayDataError for spaceAssets","status":"passed","title":"should emit overlayDataLoading and overlayDataError for spaceAssets","duration":600.6327080000001,"failureMessages":[],"meta":{}},{"ancestorTitles":["GlobeEngine Integration (artifact-driven)"],"fullName":"GlobeEngine Integration (artifact-driven) should periodically update spaceAssets overlay (artifact-driven, fake timers)","status":"passed","title":"should periodically update spaceAssets overlay (artifact-driven, fake timers)","duration":1.6832090000007156,"failureMessages":[],"meta":{}}],"startTime":1750270940779,"endTime":1750270943895.683,"status":"passed","message":"","name":"/Users/jono/Documents/GitHub/starcom-app/starcom-mk2/src/globe-engine/GlobeEngine.test.ts"},{"assertionResults":[{"ancestorTitles":["NOAAGeomagneticService"],"fullName":"NOAAGeomagneticService should have tests implemented","status":"passed","title":"should have tests implemented","duration":0.047083999999813386,"failureMessages":[],"meta":{}}],"startTime":1750270950706,"endTime":1750270950706.047,"status":"passed","message":"","name":"/Users/jono/Documents/GitHub/starcom-app/starcom-mk2/src/services/NOAAGeomagneticService.test.ts"},{"assertionResults":[{"ancestorTitles":["EIADataProvider"],"fullName":"EIADataProvider returns data on success","status":"passed","title":"returns data on success","duration":1361.5999589999992,"failureMessages":[],"meta":{}},{"ancestorTitles":["EIADataProvider"],"fullName":"EIADataProvider calls observer hooks","status":"passed","title":"calls observer hooks","duration":1069.8747919999987,"failureMessages":[],"meta":{}},{"ancestorTitles":["EIADataProvider observability"],"fullName":"EIADataProvider observability calls observer hooks on fetch success","status":"passed","title":"calls observer hooks on fetch success","duration":461.066499999999,"failureMessages":[],"meta":{}},{"ancestorTitles":["EIADataCacheService"],"fullName":"EIADataCacheService returns cached value on hit","status":"passed","title":"returns cached value on hit","duration":0.2806249999994179,"failureMessages":[],"meta":{}},{"ancestorTitles":["EIADataCacheService"],"fullName":"EIADataCacheService expires value after TTL","status":"passed","title":"expires value after TTL","duration":0.9401250000009895,"failureMessages":[],"meta":{}},{"ancestorTitles":["EIADataCacheService"],"fullName":"EIADataCacheService calls observer hooks","status":"passed","title":"calls observer hooks","duration":0.26416700000118,"failureMessages":[],"meta":{}},{"ancestorTitles":["EIADataCacheService observability"],"fullName":"EIADataCacheService observability calls observer hooks on cache hit/miss/evict","status":"passed","title":"calls observer hooks on cache hit/miss/evict","duration":0.184040999998615,"failureMessages":[],"meta":{}},{"ancestorTitles":["MarketDataProvider.unit (placeholder)"],"fullName":"MarketDataProvider.unit (placeholder) should have real tests implemented","status":"passed","title":"should have real tests implemented","duration":0.0315840000002936,"failureMessages":[],"meta":{}},{"ancestorTitles":["MarketDataCacheService.unit (placeholder)"],"fullName":"MarketDataCacheService.unit (placeholder) should have real tests implemented","status":"passed","title":"should have real tests implemented","duration":0.026792000000568805,"failureMessages":[],"meta":{}},{"ancestorTitles":["FallbackProvider"],"fullName":"FallbackProvider returns data from the first successful provider","status":"passed","title":"returns data from the first successful provider","duration":0.16054199999962293,"failureMessages":[],"meta":{}},{"ancestorTitles":["FallbackProvider"],"fullName":"FallbackProvider throws if all providers fail","status":"passed","title":"throws if all providers fail","duration":0.38516600000002654,"failureMessages":[],"meta":{}},{"ancestorTitles":["EIAService.e2e (placeholder)"],"fullName":"EIAService.e2e (placeholder) should have real tests implemented","status":"passed","title":"should have real tests implemented","duration":0.03175000000010186,"failureMessages":[],"meta":{}},{"ancestorTitles":["EIAService"],"fullName":"EIAService fetches the latest oil price successfully","status":"passed","title":"fetches the latest oil price successfully","duration":12.932957999999417,"failureMessages":[],"meta":{}},{"ancestorTitles":["EIAService"],"fullName":"EIAService fetches the latest gasoline price successfully","status":"passed","title":"fetches the latest gasoline price successfully","duration":0.9505840000001626,"failureMessages":[],"meta":{}},{"ancestorTitles":["EIAService"],"fullName":"EIAService fetches the latest oil inventory successfully","status":"passed","title":"fetches the latest oil inventory successfully","duration":1.3727909999997792,"failureMessages":[],"meta":{}},{"ancestorTitles":["EIAService"],"fullName":"EIAService handles fetch errors","status":"passed","title":"handles fetch errors","duration":0.8580409999995027,"failureMessages":[],"meta":{}}],"startTime":1750270943945,"endTime":1750270946855.8582,"status":"passed","message":"","name":"/Users/jono/Documents/GitHub/starcom-app/starcom-mk2/src/services/data-services.all.test.ts"},{"assertionResults":[{"ancestorTitles":["NOAA Electric Field Data - Real API Integration"],"fullName":"NOAA Electric Field Data - Real API Integration should discover what the NOAA InterMag directory actually contains","status":"passed","title":"should discover what the NOAA InterMag directory actually contains","duration":12.147542000000612,"failureMessages":[],"meta":{}},{"ancestorTitles":["NOAA Electric Field Data - Real API Integration"],"fullName":"NOAA Electric Field Data - Real API Integration should discover what the NOAA US-Canada directory actually contains","status":"passed","title":"should discover what the NOAA US-Canada directory actually contains","duration":14.605625000000146,"failureMessages":[],"meta":{}},{"ancestorTitles":["NOAA Electric Field Data - Real API Integration"],"fullName":"NOAA Electric Field Data - Real API Integration should fetch and parse actual InterMag electric field data","status":"passed","title":"should fetch and parse actual InterMag electric field data","duration":30.82904199999939,"failureMessages":[],"meta":{}},{"ancestorTitles":["NOAA Electric Field Data - Real API Integration"],"fullName":"NOAA Electric Field Data - Real API Integration should fetch and parse actual US-Canada electric field data","status":"passed","title":"should fetch and parse actual US-Canada electric field data","duration":45.99933400000009,"failureMessages":[],"meta":{}}],"startTime":1750270950450,"endTime":1750270950552.9993,"status":"passed","message":"","name":"/Users/jono/Documents/GitHub/starcom-app/starcom-mk2/src/services/noaaSpaceWeather.integration.test.ts"},{"assertionResults":[{"ancestorTitles":["NOAA Electric Field Data Quality"],"fullName":"NOAA Electric Field Data Quality should validate InterMag data has reasonable electric field values","status":"passed","title":"should validate InterMag data has reasonable electric field values","duration":73.79291600000033,"failureMessages":[],"meta":{}},{"ancestorTitles":["NOAA to Starcom Intelligence Integration"],"fullName":"NOAA to Starcom Intelligence Integration should transform NOAA electric field data into intelligence overlay markers","status":"passed","title":"should transform NOAA electric field data into intelligence overlay markers","duration":34.61566700000003,"failureMessages":[],"meta":{}}],"startTime":1750270950329,"endTime":1750270950437.6157,"status":"passed","message":"","name":"/Users/jono/Documents/GitHub/starcom-app/starcom-mk2/src/services/noaaSpaceWeather.quality.test.ts"},{"assertionResults":[{"ancestorTitles":["NOAA Electric Field Data - Real API Discovery"],"fullName":"NOAA Electric Field Data - Real API Discovery should discover what the NOAA InterMag directory actually contains","status":"passed","title":"should discover what the NOAA InterMag directory actually contains","duration":87.62941599999999,"failureMessages":[],"meta":{}},{"ancestorTitles":["NOAA Electric Field Data - Real API Discovery"],"fullName":"NOAA Electric Field Data - Real API Discovery should discover what the NOAA US-Canada directory actually contains","status":"passed","title":"should discover what the NOAA US-Canada directory actually contains","duration":15.59004200000004,"failureMessages":[],"meta":{}},{"ancestorTitles":["NOAA Electric Field Data - Real API Discovery"],"fullName":"NOAA Electric Field Data - Real API Discovery should fetch and parse actual InterMag electric field data","status":"passed","title":"should fetch and parse actual InterMag electric field data","duration":42.47783299999992,"failureMessages":[],"meta":{}},{"ancestorTitles":["NOAA Electric Field Data - Real API Discovery"],"fullName":"NOAA Electric Field Data - Real API Discovery should fetch and parse actual US-Canada electric field data","status":"passed","title":"should fetch and parse actual US-Canada electric field data","duration":58.88408299999992,"failureMessages":[],"meta":{}},{"ancestorTitles":["NOAA Filename Extraction"],"fullName":"NOAA Filename Extraction should extract latest InterMag filename from real directory HTML","status":"passed","title":"should extract latest InterMag filename from real directory HTML","duration":33.68383399999993,"failureMessages":[],"meta":{}},{"ancestorTitles":["NOAA Filename Extraction"],"fullName":"NOAA Filename Extraction should extract latest US-Canada filename from real directory HTML","status":"passed","title":"should extract latest US-Canada filename from real directory HTML","duration":66.73983399999997,"failureMessages":[],"meta":{}},{"ancestorTitles":["NOAA Electric Field Data Fetcher"],"fullName":"NOAA Electric Field Data Fetcher should fetch latest InterMag electric field data","status":"passed","title":"should fetch latest InterMag electric field data","duration":42.845584000000144,"failureMessages":[],"meta":{}},{"ancestorTitles":["NOAA Electric Field Data Fetcher"],"fullName":"NOAA Electric Field Data Fetcher should fetch latest US-Canada electric field data","status":"passed","title":"should fetch latest US-Canada electric field data","duration":47.372707999999875,"failureMessages":[],"meta":{}},{"ancestorTitles":["NOAA Electric Field Data Error Handling"],"fullName":"NOAA Electric Field Data Error Handling should throw error for invalid dataset type","status":"failed","title":"should throw error for invalid dataset type","duration":536.4129579999999,"failureMessages":["Error: promise resolved \"{ time_tag: '2025-06-18', …(4) }\" instead of rejecting\n    at Assertion.__VITEST_REJECTS__ (file:///Users/jono/Documents/GitHub/starcom-app/starcom-mk2/node_modules/@vitest/expect/dist/index.js:1601:17)\n    at Assertion.propertyGetter (file:///Users/jono/Documents/GitHub/starcom-app/starcom-mk2/node_modules/chai/chai.js:1486:27)\n    at Reflect.get (<anonymous>)\n    at Object.proxyGetter [as get] (file:///Users/jono/Documents/GitHub/starcom-app/starcom-mk2/node_modules/chai/chai.js:1577:22)\n    at /Users/jono/Documents/GitHub/starcom-app/starcom-mk2/src/services/noaaSpaceWeather.test.ts:198:47\n    at file:///Users/jono/Documents/GitHub/starcom-app/starcom-mk2/node_modules/@vitest/runner/dist/chunk-hooks.js:155:11\n    at file:///Users/jono/Documents/GitHub/starcom-app/starcom-mk2/node_modules/@vitest/runner/dist/chunk-hooks.js:752:26\n    at file:///Users/jono/Documents/GitHub/starcom-app/starcom-mk2/node_modules/@vitest/runner/dist/chunk-hooks.js:1894:20\n    at new Promise (<anonymous>)\n    at runWithTimeout (file:///Users/jono/Documents/GitHub/starcom-app/starcom-mk2/node_modules/@vitest/runner/dist/chunk-hooks.js:1860:10)"],"meta":{}},{"ancestorTitles":["NOAA Electric Field Data Error Handling"],"fullName":"NOAA Electric Field Data Error Handling should handle network errors gracefully","status":"passed","title":"should handle network errors gracefully","duration":0.396541999999954,"failureMessages":[],"meta":{}},{"ancestorTitles":["NOAA Electric Field Data Error Handling"],"fullName":"NOAA Electric Field Data Error Handling should handle empty directory listings","status":"passed","title":"should handle empty directory listings","duration":0.09658300000000963,"failureMessages":[],"meta":{}},{"ancestorTitles":["NOAA Electric Field Data Quality"],"fullName":"NOAA Electric Field Data Quality should validate InterMag data has reasonable electric field values","status":"passed","title":"should validate InterMag data has reasonable electric field values","duration":35.112167,"failureMessages":[],"meta":{}},{"ancestorTitles":["NOAA Electric Field Data Quality"],"fullName":"NOAA Electric Field Data Quality should validate US-Canada data has reasonable electric field values","status":"passed","title":"should validate US-Canada data has reasonable electric field values","duration":36.44337500000006,"failureMessages":[],"meta":{}},{"ancestorTitles":["NOAA Electric Field Data Quality"],"fullName":"NOAA Electric Field Data Quality should have recent time_tag data","status":"passed","title":"should have recent time_tag data","duration":68.85529200000019,"failureMessages":[],"meta":{}},{"ancestorTitles":["NOAA to Starcom Intelligence Integration"],"fullName":"NOAA to Starcom Intelligence Integration should transform NOAA electric field data into intelligence overlay markers","status":"passed","title":"should transform NOAA electric field data into intelligence overlay markers","duration":36.40437500000007,"failureMessages":[],"meta":{}},{"ancestorTitles":["NOAA to Starcom Intelligence Integration"],"fullName":"NOAA to Starcom Intelligence Integration should create space weather alerts from high electric field values","status":"passed","title":"should create space weather alerts from high electric field values","duration":40.8815410000002,"failureMessages":[],"meta":{}},{"ancestorTitles":["NOAA to Starcom Intelligence Integration"],"fullName":"NOAA to Starcom Intelligence Integration should provide regional electric field analysis for intelligence","status":"passed","title":"should provide regional electric field analysis for intelligence","duration":77.78925000000027,"failureMessages":[],"meta":{}}],"startTime":1750270937913,"endTime":1750270939187.7893,"status":"failed","message":"","name":"/Users/jono/Documents/GitHub/starcom-app/starcom-mk2/src/services/noaaSpaceWeather.test.ts"},{"assertionResults":[{"ancestorTitles":["NOAA Filename Extraction"],"fullName":"NOAA Filename Extraction should extract latest InterMag filename from real directory HTML","status":"failed","title":"should extract latest InterMag filename from real directory HTML","duration":0.4126249999999345,"failureMessages":["TypeError: Cannot read properties of undefined (reading 'text')\n    at /Users/jono/Documents/GitHub/starcom-app/starcom-mk2/src/services/noaaSpaceWeather.unit.test.ts:9:33\n    at processTicksAndRejections (node:internal/process/task_queues:105:5)\n    at file:///Users/jono/Documents/GitHub/starcom-app/starcom-mk2/node_modules/@vitest/runner/dist/chunk-hooks.js:752:20"],"meta":{}},{"ancestorTitles":["NOAA Filename Extraction"],"fullName":"NOAA Filename Extraction should extract latest US-Canada filename from real directory HTML","status":"failed","title":"should extract latest US-Canada filename from real directory HTML","duration":0.09520900000006804,"failureMessages":["TypeError: Cannot read properties of undefined (reading 'text')\n    at /Users/jono/Documents/GitHub/starcom-app/starcom-mk2/src/services/noaaSpaceWeather.unit.test.ts:17:33\n    at processTicksAndRejections (node:internal/process/task_queues:105:5)\n    at file:///Users/jono/Documents/GitHub/starcom-app/starcom-mk2/node_modules/@vitest/runner/dist/chunk-hooks.js:752:20"],"meta":{}},{"ancestorTitles":["NOAA Filename Extraction"],"fullName":"NOAA Filename Extraction should handle malformed HTML and empty directory listings","status":"passed","title":"should handle malformed HTML and empty directory listings","duration":0.07400000000006912,"failureMessages":[],"meta":{}}],"startTime":1750270940666,"endTime":1750270940667.0952,"status":"failed","message":"","name":"/Users/jono/Documents/GitHub/starcom-app/starcom-mk2/src/services/noaaSpaceWeather.unit.test.ts"},{"assertionResults":[{"ancestorTitles":["Web3Login AuthErrorBoundary"],"fullName":"Web3Login AuthErrorBoundary shows error boundary UI if an auth error occurs","status":"passed","title":"shows error boundary UI if an auth error occurs","duration":6.114958000000115,"failureMessages":[],"meta":{}},{"ancestorTitles":["Web3Login AuthErrorBoundary"],"fullName":"Web3Login AuthErrorBoundary renders children if no error is thrown","status":"passed","title":"renders children if no error is thrown","duration":0.4675420000003214,"failureMessages":[],"meta":{}},{"ancestorTitles":["Web3Login AuthErrorBoundary"],"fullName":"Web3Login AuthErrorBoundary resets error boundary on rerender","status":"passed","title":"resets error boundary on rerender","duration":1.8849580000005517,"failureMessages":[],"meta":{}}],"startTime":1750270950591,"endTime":1750270950598.885,"status":"passed","message":"","name":"/Users/jono/Documents/GitHub/starcom-app/starcom-mk2/src/components/Auth/AuthErrorBoundary.test.tsx"},{"assertionResults":[{"ancestorTitles":["TermsModal (removed feature)"],"fullName":"TermsModal (removed feature) feature was removed - see artifact: removed-terms-modal-feature-2025-06-14.artifact","status":"passed","title":"feature was removed - see artifact: removed-terms-modal-feature-2025-06-14.artifact","duration":0.054125000000567525,"failureMessages":[],"meta":{}}],"startTime":1750270950691,"endTime":1750270950691.0542,"status":"passed","message":"","name":"/Users/jono/Documents/GitHub/starcom-app/starcom-mk2/src/components/Auth/TermsModal.test.tsx"},{"assertionResults":[{"ancestorTitles":["WalletStatus (split tests)"],"fullName":"WalletStatus (split tests) tests split into category files - see other WalletStatus.*.test.tsx files","status":"passed","title":"tests split into category files - see other WalletStatus.*.test.tsx files","duration":0.05045799999970768,"failureMessages":[],"meta":{}}],"startTime":1750270950698,"endTime":1750270950698.0505,"status":"passed","message":"","name":"/Users/jono/Documents/GitHub/starcom-app/starcom-mk2/src/components/Auth/WalletStatus.test.tsx"},{"assertionResults":[{"ancestorTitles":["SessionExpiryCountdown"],"fullName":"SessionExpiryCountdown renders and updates countdown, triggers onWarning and onExpire","status":"passed","title":"renders and updates countdown, triggers onWarning and onExpire","duration":5.250332999999955,"failureMessages":[],"meta":{}}],"startTime":1750270950568,"endTime":1750270950573.2502,"status":"passed","message":"","name":"/Users/jono/Documents/GitHub/starcom-app/starcom-mk2/src/components/Shared/SessionExpiryCountdown.test.tsx"},{"assertionResults":[{"ancestorTitles":["TinyGlobe Mode Synchronization"],"fullName":"TinyGlobe Mode Synchronization renders without crashing","status":"passed","title":"renders without crashing","duration":2.64574999999968,"failureMessages":[],"meta":{}},{"ancestorTitles":["TinyGlobe Mode Synchronization"],"fullName":"TinyGlobe Mode Synchronization UI buttons update VisualizationMode context","status":"passed","title":"UI buttons update VisualizationMode context","duration":3.210292000001573,"failureMessages":[],"meta":{}}],"startTime":1750270950643,"endTime":1750270950649.2102,"status":"passed","message":"","name":"/Users/jono/Documents/GitHub/starcom-app/starcom-mk2/src/components/TinyGlobe/TinyGlobe.test.tsx"},{"assertionResults":[{"ancestorTitles":["MarketDataCacheService.unit (placeholder)"],"fullName":"MarketDataCacheService.unit (placeholder) should have real tests implemented","status":"passed","title":"should have real tests implemented","duration":0.04070799999863084,"failureMessages":[],"meta":{}}],"startTime":1750270950716,"endTime":1750270950716.0408,"status":"passed","message":"","name":"/Users/jono/Documents/GitHub/starcom-app/starcom-mk2/src/services/market/MarketDataCacheService.unit.test.ts"},{"assertionResults":[{"ancestorTitles":["MarketDataProvider.unit (placeholder)"],"fullName":"MarketDataProvider.unit (placeholder) should have real tests implemented","status":"passed","title":"should have real tests implemented","duration":0.036583999999493244,"failureMessages":[],"meta":{}}],"startTime":1750270950711,"endTime":1750270950711.0366,"status":"passed","message":"","name":"/Users/jono/Documents/GitHub/starcom-app/starcom-mk2/src/services/market/MarketDataProvider.unit.test.ts"},{"assertionResults":[{"ancestorTitles":["EIADataCacheService observability"],"fullName":"EIADataCacheService observability calls observer hooks on cache hit/miss/evict","status":"passed","title":"calls observer hooks on cache hit/miss/evict","duration":0.1795830000010028,"failureMessages":[],"meta":{}}],"startTime":1750270950682,"endTime":1750270950682.1797,"status":"passed","message":"","name":"/Users/jono/Documents/GitHub/starcom-app/starcom-mk2/src/services/eia/EIADataCacheService.observability.test.ts"},{"assertionResults":[{"ancestorTitles":["EIADataCacheService"],"fullName":"EIADataCacheService returns cached value on hit","status":"passed","title":"returns cached value on hit","duration":0.06133399999998801,"failureMessages":[],"meta":{}},{"ancestorTitles":["EIADataCacheService"],"fullName":"EIADataCacheService expires value after TTL","status":"passed","title":"expires value after TTL","duration":0.27358300000014424,"failureMessages":[],"meta":{}},{"ancestorTitles":["EIADataCacheService"],"fullName":"EIADataCacheService calls observer hooks","status":"passed","title":"calls observer hooks","duration":0.1488339999996242,"failureMessages":[],"meta":{}}],"startTime":1750270950667,"endTime":1750270950668.149,"status":"passed","message":"","name":"/Users/jono/Documents/GitHub/starcom-app/starcom-mk2/src/services/eia/EIADataCacheService.unit.test.ts"},{"assertionResults":[{"ancestorTitles":["EIADataProvider observability"],"fullName":"EIADataProvider observability calls observer hooks on fetch success","status":"passed","title":"calls observer hooks on fetch success","duration":867.8407500000012,"failureMessages":[],"meta":{}}],"startTime":1750270949006,"endTime":1750270949873.8408,"status":"passed","message":"","name":"/Users/jono/Documents/GitHub/starcom-app/starcom-mk2/src/services/eia/EIADataProvider.observability.test.ts"},{"assertionResults":[{"ancestorTitles":["EIADataProvider"],"fullName":"EIADataProvider returns data on success","status":"passed","title":"returns data on success","duration":1656.0291660000003,"failureMessages":[],"meta":{}},{"ancestorTitles":["EIADataProvider"],"fullName":"EIADataProvider calls observer hooks","status":"passed","title":"calls observer hooks","duration":475.91320899999846,"failureMessages":[],"meta":{}}],"startTime":1750270946863,"endTime":1750270948995.9133,"status":"passed","message":"","name":"/Users/jono/Documents/GitHub/starcom-app/starcom-mk2/src/services/eia/EIADataProvider.unit.test.ts"},{"assertionResults":[{"ancestorTitles":["EIAService.e2e (placeholder)"],"fullName":"EIAService.e2e (placeholder) should have real tests implemented","status":"passed","title":"should have real tests implemented","duration":0.040582999999969616,"failureMessages":[],"meta":{}}],"startTime":1750270950723,"endTime":1750270950723.0405,"status":"passed","message":"","name":"/Users/jono/Documents/GitHub/starcom-app/starcom-mk2/src/services/eia/EIAService.e2e.test.ts"},{"assertionResults":[{"ancestorTitles":["EIAService"],"fullName":"EIAService fetches the latest oil price successfully","status":"passed","title":"fetches the latest oil price successfully","duration":0.8314169999994192,"failureMessages":[],"meta":{}},{"ancestorTitles":["EIAService"],"fullName":"EIAService fetches the latest gasoline price successfully","status":"passed","title":"fetches the latest gasoline price successfully","duration":0.7724170000001322,"failureMessages":[],"meta":{}},{"ancestorTitles":["EIAService"],"fullName":"EIAService fetches the latest oil inventory successfully","status":"passed","title":"fetches the latest oil inventory successfully","duration":0.8222089999999298,"failureMessages":[],"meta":{}},{"ancestorTitles":["EIAService"],"fullName":"EIAService handles fetch errors","status":"passed","title":"handles fetch errors","duration":0.8600000000005821,"failureMessages":[],"meta":{}}],"startTime":1750270950658,"endTime":1750270950660.86,"status":"passed","message":"","name":"/Users/jono/Documents/GitHub/starcom-app/starcom-mk2/src/services/eia/EIAService.test.ts"},{"assertionResults":[{"ancestorTitles":["FallbackProvider"],"fullName":"FallbackProvider returns data from the first successful provider","status":"passed","title":"returns data from the first successful provider","duration":0.0961250000000291,"failureMessages":[],"meta":{}},{"ancestorTitles":["FallbackProvider"],"fullName":"FallbackProvider throws if all providers fail","status":"passed","title":"throws if all providers fail","duration":0.1095420000001468,"failureMessages":[],"meta":{}}],"startTime":1750270950674,"endTime":1750270950674.1096,"status":"passed","message":"","name":"/Users/jono/Documents/GitHub/starcom-app/starcom-mk2/src/services/shared/FallbackProvider.unit.test.ts"},{"assertionResults":[{"ancestorTitles":["Marquee"],"fullName":"Marquee renders data points","status":"passed","title":"renders data points","duration":16.41716600000018,"failureMessages":[],"meta":{}},{"ancestorTitles":["Marquee"],"fullName":"Marquee shows loading state","status":"passed","title":"shows loading state","duration":18.655457999999726,"failureMessages":[],"meta":{}},{"ancestorTitles":["Marquee"],"fullName":"Marquee shows error state","status":"passed","title":"shows error state","duration":1.7543339999997443,"failureMessages":[],"meta":{}},{"ancestorTitles":["Marquee"],"fullName":"Marquee shows empty state","status":"passed","title":"shows empty state","duration":0.7390000000000327,"failureMessages":[],"meta":{}},{"ancestorTitles":["Marquee"],"fullName":"Marquee is keyboard focusable and shows visible focus","status":"failed","title":"is keyboard focusable and shows visible focus","duration":1020.3930410000003,"failureMessages":["AssertionError: expected '_marquee_ad001e' to match /ring-2/\n\nIgnored nodes: comments, script, style\n\u001b[36m<html>\u001b[39m\n  \u001b[36m<head />\u001b[39m\n  \u001b[36m<body>\u001b[39m\n    \u001b[36m<div>\u001b[39m\n      \u001b[36m<div\u001b[39m\n        \u001b[33maria-describedby\u001b[39m=\u001b[32m\"marquee-desc\"\u001b[39m\n        \u001b[33maria-label\u001b[39m=\u001b[32m\"marquee\"\u001b[39m\n        \u001b[33maria-live\u001b[39m=\u001b[32m\"polite\"\u001b[39m\n        \u001b[33mclass\u001b[39m=\u001b[32m\"_marquee_ad001e\"\u001b[39m\n        \u001b[33mrole\u001b[39m=\u001b[32m\"region\"\u001b[39m\n        \u001b[33mtabindex\u001b[39m=\u001b[32m\"0\"\u001b[39m\n      \u001b[36m>\u001b[39m\n        \u001b[36m<span\u001b[39m\n          \u001b[33mclass\u001b[39m=\u001b[32m\"sr-only\"\u001b[39m\n          \u001b[33mid\u001b[39m=\u001b[32m\"marquee-desc\"\u001b[39m\n        \u001b[36m>\u001b[39m\n          \u001b[0mAuto-animating news ticker. Press Tab to focus, hover to pause.\u001b[0m\n        \u001b[36m</span>\u001b[39m\n        \u001b[36m<div\u001b[39m\n          \u001b[33mclass\u001b[39m=\u001b[32m\"_marqueeContent_ad001e\"\u001b[39m\n          \u001b[33mstyle\u001b[39m=\u001b[32m\"transform: translateX(0px);\"\u001b[39m\n        \u001b[36m>\u001b[39m\n          \u001b[36m<span\u001b[39m\n            \u001b[33maria-label\u001b[39m=\u001b[32m\"Oil: $75.00\"\u001b[39m\n            \u001b[33mclass\u001b[39m=\u001b[32m\"_marqueeItem_ad001e\"\u001b[39m\n          \u001b[36m>\u001b[39m\n            \u001b[36m<span\u001b[39m\n              \u001b[33maria-hidden\u001b[39m=\u001b[32m\"true\"\u001b[39m\n              \u001b[33mclass\u001b[39m=\u001b[32m\"_marqueeIcon_ad001e\"\u001b[39m\n            \u001b[36m>\u001b[39m\n              \u001b[0m🛢️\u001b[0m\n            \u001b[36m</span>\u001b[39m\n            \u001b[36m<span>\u001b[39m\n              \u001b[0mOil\u001b[0m\n            \u001b[36m</span>\u001b[39m\n            \u001b[36m<span\u001b[39m\n              \u001b[33mclass\u001b[39m=\u001b[32m\"_marqueeValue_ad001e\"\u001b[39m\n            \u001b[36m>\u001b[39m\n              \u001b[0m$75.00\u001b[0m\n            \u001b[36m</span>\u001b[39m\n          \u001b[36m</span>\u001b[39m\n          \u001b[36m<span\u001b[39m\n            \u001b[33maria-label\u001b[39m=\u001b[32m\"S&P500: +0.5%\"\u001b[39m\n            \u001b[33mclass\u001b[39m=\u001b[32m\"_marqueeItem_ad001e\"\u001b[39m\n          \u001b[36m>\u001b[39m\n            \u001b[36m<span\u001b[39m\n              \u001b[33maria-hidden\u001b[39m=\u001b[32m\"true\"\u001b[39m\n              \u001b[33mclass\u001b[39m=\u001b[32m\"_marqueeIcon_ad001e\"\u001b[39m\n            \u001b[36m>\u001b[39m\n              \u001b[0m📈\u001b[0m\n            \u001b[36m</span>\u001b[39m\n            \u001b[36m<span>\u001b[39m\n              \u001b[0mS&P500\u001b[0m\n            \u001b[36m</span>\u001b[39m\n            \u001b[36m<span\u001b[39m\n              \u001b[33mclass\u001b[39m=\u001b[32m\"_marqueeValue_ad001e\"\u001b[39m\n            \u001b[36m>\u001b[39m\n              \u001b[0m+0.5%\u001b[0m\n            \u001b[36m</span>\u001b[39m\n          \u001b[36m</span>\u001b[39m\n          \u001b[36m<span\u001b[39m\n            \u001b[33maria-label\u001b[39m=\u001b[32m\"BTC: $67k\"\u001b[39m\n            \u001b[33mclass\u001b[39m=\u001b[32m\"_marqueeItem_ad001e\"\u001b[39m\n          \u001b[36m>\u001b[39m\n            \u001b[36m<span\u001b[39m\n              \u001b[33maria-hidden\u001b[39m=\u001b[32m\"true\"\u001b[39m\n              \u001b[33mclass\u001b[39m=\u001b[32m\"_marqueeIcon_ad001e\"\u001b[39m\n            \u001b[36m>\u001b[39m\n              \u001b[0m₿\u001b[0m\n            \u001b[36m</span>\u001b[39m\n            \u001b[36m<span>\u001b[39m\n              \u001b[0mBTC\u001b[0m\n            \u001b[36m</span>\u001b[39m\n            \u001b[36m<span\u001b[39m\n              \u001b[33mclass\u001b[39m=\u001b[32m\"_marqueeValue_ad001e\"\u001b[39m\n            \u001b[36m>\u001b[39m\n              \u001b[0m$67k\u001b[0m\n            \u001b[36m</span>\u001b[39m\n          \u001b[36m</span>\u001b[39m\n          \u001b[36m<span\u001b[39m\n            \u001b[33maria-hidden\u001b[39m=\u001b[32m\"true\"\u001b[39m\n            \u001b[33maria-label\u001b[39m=\u001b[32m\"Oil: $75.00\"\u001b[39m\n            \u001b[33mclass\u001b[39m=\u001b[32m\"_marqueeItem_ad001e\"\u001b[39m\n          \u001b[36m>\u001b[39m\n            \u001b[36m<span\u001b[39m\n              \u001b[33maria-hidden\u001b[39m=\u001b[32m\"true\"\u001b[39m\n              \u001b[33mclass\u001b[39m=\u001b[32m\"_marqueeIcon_ad001e\"\u001b[39m\n            \u001b[36m>\u001b[39m\n              \u001b[0m🛢️\u001b[0m\n            \u001b[36m</span>\u001b[39m\n            \u001b[36m<span>\u001b[39m\n              \u001b[0mOil\u001b[0m\n            \u001b[36m</span>\u001b[39m\n            \u001b[36m<span\u001b[39m\n              \u001b[33mclass\u001b[39m=\u001b[32m\"_marqueeValue_ad001e\"\u001b[39m\n            \u001b[36m>\u001b[39m\n              \u001b[0m$75.00\u001b[0m\n            \u001b[36m</span>\u001b[39m\n          \u001b[36m</span>\u001b[39m\n          \u001b[36m<span\u001b[39m\n            \u001b[33maria-hidden\u001b[39m=\u001b[32m\"true\"\u001b[39m\n            \u001b[33maria-label\u001b[39m=\u001b[32m\"S&P500: +0.5%\"\u001b[39m\n            \u001b[33mclass\u001b[39m=\u001b[32m\"_marqueeItem_ad001e\"\u001b[39m\n          \u001b[36m>\u001b[39m\n            \u001b[36m<span\u001b[39m\n              \u001b[33maria-hidden\u001b[39m=\u001b[32m\"true\"\u001b[39m\n              \u001b[33mclass\u001b[39m=\u001b[32m\"_marqueeIcon_ad001e\"\u001b[39m\n            \u001b[36m>\u001b[39m\n              \u001b[0m📈\u001b[0m\n            \u001b[36m</span>\u001b[39m\n            \u001b[36m<span>\u001b[39m\n              \u001b[0mS&P500\u001b[0m\n            \u001b[36m</span>\u001b[39m\n            \u001b[36m<span\u001b[39m\n              \u001b[33mclass\u001b[39m=\u001b[32m\"_marqueeValue_ad001e\"\u001b[39m\n            \u001b[36m>\u001b[39m\n              \u001b[0m+0.5%\u001b[0m\n            \u001b[36m</span>\u001b[39m\n          \u001b[36m</span>\u001b[39m\n          \u001b[36m<span\u001b[39m\n            \u001b[33maria-hidden\u001b[39m=\u001b[32m\"true\"\u001b[39m\n            \u001b[33maria-label\u001b[39m=\u001b[32m\"BTC: $67k\"\u001b[39m\n            \u001b[33mclass\u001b[39m=\u001b[32m\"_marqueeItem_ad001e\"\u001b[39m\n          \u001b[36m>\u001b[39m\n            \u001b[36m<span\u001b[39m\n              \u001b[33maria-hidden\u001b[39m=\u001b[32m\"true\"\u001b[39m\n              \u001b[33mclass\u001b[39m=\u001b[32m\"_marqueeIcon_ad001e\"\u001b[39m\n            \u001b[36m>\u001b[39m\n              \u001b[0m₿\u001b[0m\n            \u001b[36m</span>\u001b[39m\n            \u001b[36m<span>\u001b[39m\n              \u001b[0mBTC\u001b[0m\n            \u001b[36m</span>\u001b[39m\n            \u001b[36m<span\u001b[39m\n              \u001b[33mclass\u001b[39m=\u001b[32m\"_marqueeValue_ad001e\"\u001b[39m\n            \u001b[36m>\u001b[39m\n              \u001b[0m$67k\u001b[0m\n            \u001b[36m</span>\u001b[39m\n          \u001b[36m</span>\u001b[39m\n        \u001b[36m</div>\u001b[39m\n      \u001b[36m</div>\u001b[39m\n    \u001b[36m</div>\u001b[39m\n  \u001b[36m</body>\u001b[39m\n\u001b[36m</html>\u001b[39m\n    at /Users/jono/Documents/GitHub/starcom-app/starcom-mk2/src/components/HUD/Bars/TopBar/Marquee.test.tsx:42:51\n    at runWithExpensiveErrorDiagnosticsDisabled (/Users/jono/Documents/GitHub/starcom-app/starcom-mk2/node_modules/@testing-library/dom/dist/config.js:47:12)\n    at checkCallback (/Users/jono/Documents/GitHub/starcom-app/starcom-mk2/node_modules/@testing-library/dom/dist/wait-for.js:124:77)\n    at Timeout.checkRealTimersCallback (/Users/jono/Documents/GitHub/starcom-app/starcom-mk2/node_modules/@testing-library/dom/dist/wait-for.js:118:16)\n    at listOnTimeout (node:internal/timers:594:17)\n    at processTimers (node:internal/timers:529:7)"],"meta":{}},{"ancestorTitles":["Marquee"],"fullName":"Marquee pauses and resumes on Space/Enter","status":"passed","title":"pauses and resumes on Space/Enter","duration":6.977540999999746,"failureMessages":[],"meta":{}},{"ancestorTitles":["Marquee"],"fullName":"Marquee pauses on mouse enter and resumes on mouse leave","status":"passed","title":"pauses on mouse enter and resumes on mouse leave","duration":6.796499999999924,"failureMessages":[],"meta":{}},{"ancestorTitles":["Marquee"],"fullName":"Marquee has aria-live polite for updates","status":"passed","title":"has aria-live polite for updates","duration":3.461291000000074,"failureMessages":[],"meta":{}}],"startTime":1750270939404,"endTime":1750270940479.4612,"status":"failed","message":"","name":"/Users/jono/Documents/GitHub/starcom-app/starcom-mk2/src/components/HUD/Bars/TopBar/Marquee.test.tsx"},{"assertionResults":[{"ancestorTitles":["TopBar artifact-driven"],"fullName":"TopBar artifact-driven renders logo, settings button, and marquee","status":"failed","title":"renders logo, settings button, and marquee","duration":6.951291999999739,"failureMessages":["TestingLibraryElementError: Unable to find an element with the alt text: /wing commander logo/i\n\nIgnored nodes: comments, script, style\n\u001b[36m<body>\u001b[39m\n  \u001b[36m<div>\u001b[39m\n    \u001b[36m<header\u001b[39m\n      \u001b[33maria-label\u001b[39m=\u001b[32m\"Top navigation bar\"\u001b[39m\n      \u001b[33mclass\u001b[39m=\u001b[32m\"_topBar_5c5dbd\"\u001b[39m\n      \u001b[33mdata-testid\u001b[39m=\u001b[32m\"topbar-root\"\u001b[39m\n      \u001b[33mrole\u001b[39m=\u001b[32m\"banner\"\u001b[39m\n    \u001b[36m>\u001b[39m\n      \u001b[36m<div\u001b[39m\n        \u001b[33maria-label\u001b[39m=\u001b[32m\"News and data marquee\"\u001b[39m\n        \u001b[33mclass\u001b[39m=\u001b[32m\"_marqueeSection_5c5dbd\"\u001b[39m\n      \u001b[36m>\u001b[39m\n        \u001b[36m<div\u001b[39m\n          \u001b[33maria-describedby\u001b[39m=\u001b[32m\"marquee-desc\"\u001b[39m\n          \u001b[33maria-label\u001b[39m=\u001b[32m\"marquee\"\u001b[39m\n          \u001b[33maria-live\u001b[39m=\u001b[32m\"polite\"\u001b[39m\n          \u001b[33mclass\u001b[39m=\u001b[32m\"_marquee_ad001e\"\u001b[39m\n          \u001b[33mrole\u001b[39m=\u001b[32m\"region\"\u001b[39m\n          \u001b[33mtabindex\u001b[39m=\u001b[32m\"0\"\u001b[39m\n        \u001b[36m>\u001b[39m\n          \u001b[36m<span\u001b[39m\n            \u001b[33mclass\u001b[39m=\u001b[32m\"sr-only\"\u001b[39m\n            \u001b[33mid\u001b[39m=\u001b[32m\"marquee-desc\"\u001b[39m\n          \u001b[36m>\u001b[39m\n            \u001b[0mAuto-animating news ticker. Press Tab to focus, hover to pause.\u001b[0m\n          \u001b[36m</span>\u001b[39m\n          \u001b[36m<div\u001b[39m\n            \u001b[33mclass\u001b[39m=\u001b[32m\"_marqueeContent_ad001e\"\u001b[39m\n            \u001b[33mstyle\u001b[39m=\u001b[32m\"transform: translateX(0px);\"\u001b[39m\n          \u001b[36m>\u001b[39m\n            \u001b[36m<span\u001b[39m\n              \u001b[33maria-label\u001b[39m=\u001b[32m\"Commodities: N/A\"\u001b[39m\n              \u001b[33mclass\u001b[39m=\u001b[32m\"_marqueeItem_ad001e\"\u001b[39m\n            \u001b[36m>\u001b[39m\n              \u001b[36m<span\u001b[39m\n                \u001b[33maria-hidden\u001b[39m=\u001b[32m\"true\"\u001b[39m\n                \u001b[33mclass\u001b[39m=\u001b[32m\"_marqueeIcon_ad001e\"\u001b[39m\n              \u001b[36m>\u001b[39m\n                \u001b[0m🛢️\u001b[0m\n              \u001b[36m</span>\u001b[39m\n              \u001b[36m<span>\u001b[39m\n                \u001b[0mCommodities\u001b[0m\n              \u001b[36m</span>\u001b[39m\n              \u001b[36m<span\u001b[39m\n                \u001b[33mclass\u001b[39m=\u001b[32m\"_marqueeValue_ad001e\"\u001b[39m\n              \u001b[36m>\u001b[39m\n                \u001b[0mN/A\u001b[0m\n              \u001b[36m</span>\u001b[39m\n            \u001b[36m</span>\u001b[39m\n            \u001b[36m<span\u001b[39m\n              \u001b[33maria-label\u001b[39m=\u001b[32m\"Indices: N/A\"\u001b[39m\n              \u001b[33mclass\u001b[39m=\u001b[32m\"_marqueeItem_ad001e\"\u001b[39m\n            \u001b[36m>\u001b[39m\n              \u001b[36m<span\u001b[39m\n                \u001b[33maria-hidden\u001b[39m=\u001b[32m\"true\"\u001b[39m\n                \u001b[33mclass\u001b[39m=\u001b[32m\"_marqueeIcon_ad001e\"\u001b[39m\n              \u001b[36m>\u001b[39m\n                \u001b[0m📈\u001b[0m\n              \u001b[36m</span>\u001b[39m\n              \u001b[36m<span>\u001b[39m\n                \u001b[0mIndices\u001b[0m\n              \u001b[36m</span>\u001b[39m\n              \u001b[36m<span\u001b[39m\n                \u001b[33mclass\u001b[39m=\u001b[32m\"_marqueeValue_ad001e\"\u001b[39m\n              \u001b[36m>\u001b[39m\n                \u001b[0mN/A\u001b[0m\n              \u001b[36m</span>\u001b[39m\n            \u001b[36m</span>\u001b[39m\n            \u001b[36m<span\u001b[39m\n              \u001b[33maria-label\u001b[39m=\u001b[32m\"Crypto: N/A\"\u001b[39m\n              \u001b[33mclass\u001b[39m=\u001b[32m\"_marqueeItem_ad001e\"\u001b[39m\n            \u001b[36m>\u001b[39m\n              \u001b[36m<span\u001b[39m\n                \u001b[33maria-hidden\u001b[39m=\u001b[32m\"true\"\u001b[39m\n                \u001b[33mclass\u001b[39m=\u001b[32m\"_marqueeIcon_ad001e\"\u001b[39m\n              \u001b[36m>\u001b[39m\n                \u001b[0m₿\u001b[0m\n              \u001b[36m</span>\u001b[39m\n              \u001b[36m<span>\u001b[39m\n                \u001b[0mCrypto\u001b[0m\n              \u001b[36m</span>\u001b[39m\n              \u001b[36m<span\u001b[39m\n                \u001b[33mclass\u001b[39m=\u001b[32m\"_marqueeValue_ad001e\"\u001b[39m\n              \u001b[36m>\u001b[39m\n                \u001b[0mN/A\u001b[0m\n              \u001b[36m</span>\u001b[39m\n            \u001b[36m</span>\u001b[39m\n            \u001b[36m<span\u001b[39m\n              \u001b[33maria-label\u001b[39m=\u001b[32m\"Forex: N/A\"\u001b[39m\n              \u001b[33mclass\u001b[39m=\u001b[32m\"_marqueeItem_ad001e\"\u001b[39m\n            \u001b[36m>\u001b[39m\n              \u001b[36m<span\u001b[39m\n                \u001b[33maria-hidden\u001b[39m=\u001b[32m\"true\"\u001b[39m\n                \u001b[33mclass\u001b[39m=\u001b[32m\"_marqueeIcon_ad001e\"\u001b[39m\n              \u001b[36m>\u001b[39m\n                \u001b[0m💱\u001b[0m\n              \u001b[36m</span>\u001b[39m\n              \u001b[36m<span>\u001b[39m\n                \u001b[0mForex\u001b[0m\n              \u001b[36m</span>\u001b[39m\n              \u001b[36m<span\u001b[39m\n                \u001b[33mclass\u001b[39m=\u001b[32m\"_marqueeValue_ad001e\"\u001b[39m\n              \u001b[36m>\u001b[39m\n                \u001b[0mN/A\u001b[0m\n              \u001b[36m</span>\u001b[39m\n            \u001b[36m</span>\u001b[39m\n            \u001b[36m<span\u001b[39m\n              \u001b[33maria-label\u001b[39m=\u001b[32m\"Economic Indicators: N/A\"\u001b[39m\n              \u001b[33mclass\u001b[39m=\u001b[32m\"_marqueeItem_ad001e\"\u001b[39m\n            \u001b[36m>\u001b[39m\n              \u001b[36m<span\u001b[39m\n                \u001b[33maria-hidden\u001b[39m=\u001b[32m\"true\"\u001b[39m\n                \u001b[33mclass\u001b[39m=\u001b[32m\"_marqueeIcon_ad001e\"\u001b[39m\n              \u001b[36m>\u001b[39m\n                \u001b[0m📊\u001b[0m\n              \u001b[36m</span>\u001b[39m\n              \u001b[36m<span>\u001b[39m\n                \u001b[0mEconomic Indicators\u001b[0m\n              \u001b[36m</span>\u001b[39m\n              \u001b[36m<span\u001b[39m\n                \u001b[33mclass\u001b[39m=\u001b[32m\"_marqueeValue_ad001e\"\u001b[39m\n              \u001b[36m>\u001b[39m\n                \u001b[0mN/A\u001b[0m\n              \u001b[36m</span>\u001b[39m\n            \u001b[36m</span>\u001b[39m\n            \u001b[36m<span\u001b[39m\n              \u001b[33maria-label\u001b[39m=\u001b[32m\"News Headlines: N/A\"\u001b[39m\n              \u001b[33mclass\u001b[39m=\u001b[32m\"_marqueeItem_ad001e\"\u001b[39m\n            \u001b[36m>\u001b[39m\n              \u001b[36m<span\u001b[39m\n                \u001b[33maria-hidden\u001b[39m=\u001b[32m\"true\"\u001b[39m\n                \u001b[33mclass\u001b[39m=\u001b[32m\"_marqueeIcon_ad001e\"\u001b[39m\n              \u001b[36m>\u001b[39m\n                \u001b[0m📰\u001b[0m\n              \u001b[36m</span>\u001b[39m\n              \u001b[36m<span>\u001b[39m\n                \u001b[0mNews Headlines\u001b[0m\n              \u001b[36m</span>\u001b[39m\n              \u001b[36m<span\u001b[39m\n                \u001b[33mclass\u001b[39m=\u001b[32m\"_marqueeValue_ad001e\"\u001b[39m\n              \u001b[36m>\u001b[39m\n                \u001b[0mN/A\u001b[0m\n              \u001b[36m</span>\u001b[39m\n            \u001b[36m</span>\u001b[39m\n            \u001b[36m<span\u001b[39m\n              \u001b[33maria-label\u001b[39m=\u001b[32m\"Market Sentiment: N/A\"\u001b[39m\n              \u001b[33mclass\u001b[39m=\u001b[32m\"_marqueeItem_ad001e\"\u001b[39m\n            \u001b[36m>\u001b[39m\n              \u001b[36m<span\u001b[39m\n                \u001b[33maria-hidden\u001b[39m=\u001b[32m\"true\"\u001b[39m\n                \u001b[33mclass\u001b[39m=\u001b[32m\"_marqueeIcon_ad001e\"\u001b[39m\n              \u001b[36m>\u001b[39m\n                \u001b[0m📢\u001b[0m\n              \u001b[36m</span>\u001b[39m\n              \u001b[36m<span>\u001b[39m\n                \u001b[0mMarket Sentiment\u001b[0m\n              \u001b[36m</span>\u001b[39m\n              \u001b[36m<span\u001b[39m\n                \u001b[33mclass\u001b[39m=\u001b[32m\"_marqueeValue_ad001e\"\u001b[39m\n              \u001b[36m>\u001b[39m\n                \u001b[0mN/A\u001b[0m\n              \u001b[36m</span>\u001b[39m\n            \u001b[36m</span>\u001b[39m\n            \u001b[36m<span\u001b[39m\n              \u001b[33maria-hidden\u001b[39m=\u001b[32m\"true\"\u001b[39m\n              \u001b[33maria-label\u001b[39m=\u001b[32m\"Commodities: N/A\"\u001b[39m\n              \u001b[33mclass\u001b[39m=\u001b[32m\"_marqueeItem_ad001e\"\u001b[39m\n            \u001b[36m>\u001b[39m\n              \u001b[36m<span\u001b[39m\n                \u001b[33maria-hidden\u001b[39m=\u001b[32m\"true\"\u001b[39m\n                \u001b[33mclass\u001b[39m=\u001b[32m\"_marqueeIcon_ad001e\"\u001b[39m\n              \u001b[36m>\u001b[39m\n                \u001b[0m🛢️\u001b[0m\n              \u001b[36m</span>\u001b[39m\n              \u001b[36m<span>\u001b[39m\n                \u001b[0mCommodities\u001b[0m\n              \u001b[36m</span>\u001b[39m\n              \u001b[36m<span\u001b[39m\n                \u001b[33mclass\u001b[39m=\u001b[32m\"_marqueeValue_ad001e\"\u001b[39m\n              \u001b[36m>\u001b[39m\n                \u001b[0mN/A\u001b[0m\n              \u001b[36m</span>\u001b[39m\n            \u001b[36m</span>\u001b[39m\n            \u001b[36m<span\u001b[39m\n              \u001b[33maria-hidden\u001b[39m=\u001b[32m\"true\"\u001b[39m\n              \u001b[33maria-label\u001b[39m=\u001b[32m\"Indices: N/A\"\u001b[39m\n              \u001b[33mclass\u001b[39m=\u001b[32m\"_marqueeItem_ad001e\"\u001b[39m\n            \u001b[36m>\u001b[39m\n              \u001b[36m<span\u001b[39m\n                \u001b[33maria-hidden\u001b[39m=\u001b[32m\"true\"\u001b[39m\n                \u001b[33mclass\u001b[39m=\u001b[32m\"_marqueeIcon_ad001e\"\u001b[39m\n              \u001b[36m>\u001b[39m\n                \u001b[0m📈\u001b[0m\n              \u001b[36m</span>\u001b[39m\n              \u001b[36m<span>\u001b[39m\n                \u001b[0mIndices\u001b[0m\n              \u001b[36m</span>\u001b[39m\n              \u001b[36m<span\u001b[39m\n                \u001b[33mclass\u001b[39m=\u001b[32m\"_marqueeValue_ad001e\"\u001b[39m\n              \u001b[36m>\u001b[39m\n                \u001b[0mN/A\u001b[0m\n              \u001b[36m</span>\u001b[39m\n            \u001b[36m</span>\u001b[39m\n            \u001b[36m<span\u001b[39m\n              \u001b[33maria-hidden\u001b[39m=\u001b[32m\"true\"\u001b[39m\n              \u001b[33maria-label\u001b[39m=\u001b[32m\"Crypto: N/A\"\u001b[39m\n              \u001b[33mclass\u001b[39m=\u001b[32m\"_marqueeItem_ad001e\"\u001b[39m\n            \u001b[36m>\u001b[39m\n              \u001b[36m<span\u001b[39m\n                \u001b[33maria-hidden\u001b[39m=\u001b[32m\"true\"\u001b[39m\n                \u001b[33mclass\u001b[39m=\u001b[32m\"_marqueeIcon_ad001e\"\u001b[39m\n              \u001b[36m>\u001b[39m\n                \u001b[0m₿\u001b[0m\n              \u001b[36m</span>\u001b[39m\n              \u001b[36m<span>\u001b[39m\n                \u001b[0mCrypto\u001b[0m\n              \u001b[36m</span>\u001b[39m\n              \u001b[36m<span\u001b[39m\n                \u001b[33mclass\u001b[39m=\u001b[32m\"_marqueeValue_ad001e\"\u001b[39m\n              \u001b[36m>\u001b[39m\n                \u001b[0mN/A\u001b[0m\n              \u001b[36m</span>\u001b[39m\n            \u001b[36m</span>\u001b[39m\n            \u001b[36m<span\u001b[39m\n              \u001b[33maria-hidden\u001b[39m=\u001b[32m\"true\"\u001b[39m\n              \u001b[33maria-label\u001b[39m=\u001b[32m\"Forex: N/A\"\u001b[39m\n              \u001b[33mclass\u001b[39m=\u001b[32m\"_marqueeItem_ad001e\"\u001b[39m\n            \u001b[36m>\u001b[39m\n              \u001b[36m<span\u001b[39m\n                \u001b[33maria-hidden\u001b[39m=\u001b[32m\"true\"\u001b[39m\n                \u001b[33mclass\u001b[39m=\u001b[32m\"_marqueeIcon_ad001e\"\u001b[39m\n              \u001b[36m>\u001b[39m\n                \u001b[0m💱\u001b[0m\n              \u001b[36m</span>\u001b[39m\n              \u001b[36m<span>\u001b[39m\n                \u001b[0mForex\u001b[0m\n              \u001b[36m</span>\u001b[39m\n              \u001b[36m<span\u001b[39m\n                \u001b[33mclass\u001b[39m=\u001b[32m\"_marqueeValue_ad001e\"\u001b[39m\n              \u001b[36m>\u001b[39m\n                \u001b[0mN/A\u001b[0m\n              \u001b[36m</span>\u001b[39m\n            \u001b[36m</span>\u001b[39m\n            \u001b[36m<span\u001b[39m\n              \u001b[33maria-hidden\u001b[39m=\u001b[32m\"true\"\u001b[39m\n              \u001b[33maria-label\u001b[39m=\u001b[32m\"Economic Indicators: N/A\"\u001b[39m\n              \u001b[33mclass\u001b[39m=\u001b[32m\"_marqueeItem_ad001e\"\u001b[39m\n            \u001b[36m>\u001b[39m\n              \u001b[36m<span\u001b[39m\n                \u001b[33maria-hidden\u001b[39m=\u001b[32m\"true\"\u001b[39m\n                \u001b[33mclass\u001b[39m=\u001b[32m\"_marqueeIcon_ad001e\"\u001b[39m\n              \u001b[36m>\u001b[39m\n                \u001b[0m📊\u001b[0m\n              \u001b[36m</span>\u001b[39m\n              \u001b[36m<span>\u001b[39m\n                \u001b[0mEconomic Indicators\u001b[0m\n              \u001b[36m</span>\u001b[39m\n              \u001b[36m<span\u001b[39m\n                \u001b[33mclass\u001b[39m=\u001b[32m\"_marqueeValue_ad001e\"\u001b[39m\n              \u001b[36m>\u001b[39m\n                \u001b[0mN/A\u001b[0m\n              \u001b[36m</span>\u001b[39m\n            \u001b[36m</span>\u001b[39m\n            \u001b[36m<span\u001b[39m\n              \u001b[33maria-hidden\u001b[39m=\u001b[32m\"true\"\u001b[39m\n              \u001b[33maria-label\u001b[39m=\u001b[32m\"News Headlines: N/A\"\u001b[39m\n              \u001b[33mclass\u001b[39m=\u001b[32m\"_marqueeItem_ad001e\"\u001b[39m\n            \u001b[36m>\u001b[39m\n              \u001b[36m<span\u001b[39m\n                \u001b[33maria-hidden\u001b[39m=\u001b[32m\"true\"\u001b[39m\n                \u001b[33mclass\u001b[39m=\u001b[32m\"_marqueeIcon_ad001e\"\u001b[39m\n              \u001b[36m>\u001b[39m\n                \u001b[0m📰\u001b[0m\n              \u001b[36m</span>\u001b[39m\n              \u001b[36m<span>\u001b[39m\n                \u001b[0mNews Headlines\u001b[0m\n              \u001b[36m</span>\u001b[39m\n              \u001b[36m<span\u001b[39m\n                \u001b[33mclass\u001b[39m=\u001b[32m\"_marqueeValue_ad001e\"\u001b[39m\n              \u001b[36m>\u001b[39m\n                \u001b[0mN/A\u001b[0m\n              \u001b[36m</span>\u001b[39m\n            \u001b[36m</span>\u001b[39m\n            \u001b[36m<span\u001b[39m\n              \u001b[33maria-hidden\u001b[39m=\u001b[32m\"true\"\u001b[39m\n              \u001b[33maria-label\u001b[39m=\u001b[32m\"Market Sentiment: N/A\"\u001b[39m\n              \u001b[33mclass\u001b[39m=\u001b[32m\"_marqueeItem_ad001e\"\u001b[39m\n            \u001b[36m>\u001b[39m\n              \u001b[36m<span\u001b[39m\n                \u001b[33maria-hidden\u001b[39m=\u001b[32m\"true\"\u001b[39m\n                \u001b[33mclass\u001b[39m=\u001b[32m\"_marqueeIcon_ad001e\"\u001b[39m\n              \u001b[36m>\u001b[39m\n                \u001b[0m📢\u001b[0m\n              \u001b[36m</span>\u001b[39m\n              \u001b[36m<span>\u001b[39m\n                \u001b[0mMarket Sentiment\u001b[0m\n              \u001b[36m</span>\u001b[39m\n              \u001b[36m<span\u001b[39m\n                \u001b[33mclass\u001b[39m=\u001b[32m\"_marqueeValue_ad001e\"\u001b[39m\n              \u001b[36m>\u001b[39m\n                \u001b[0mN/A\u001b[0m\n              \u001b[36m</span>\u001b[39m\n            \u001b[36m</span>\u001b[39m\n          \u001b[36m</div>\u001b[39m\n        \u001b[36m</div>\u001b[39m\n      \u001b[36m</div>\u001b[39m\n      \u001b[36m<button\u001b[39m\n        \u001b[33maria-expanded\u001b[39m=\u001b[32m\"false\"\u001b[39m\n        \u001b[33maria-haspopup\u001b[39m=\u001b[32m\"dialog\"\u001b[39m\n        \u001b[33maria-label\u001b[39m=\u001b[32m\"Open settings\"\u001b[39m\n        \u001b[33mclass\u001b[39m=\u001b[32m\"_settingsButton_5c5dbd\"\u001b[39m\n        \u001b[33mdata-testid\u001b[39m=\u001b[32m\"topbar-settings-btn\"\u001b[39m\n        \u001b[33mtabindex\u001b[39m=\u001b[32m\"0\"\u001b[39m\n      \u001b[36m>\u001b[39m\n        \u001b[36m<span\u001b[39m\n          \u001b[33maria-label\u001b[39m=\u001b[32m\"Settings\"\u001b[39m\n          \u001b[33mrole\u001b[39m=\u001b[32m\"img\"\u001b[39m\n        \u001b[36m>\u001b[39m\n          \u001b[0m⚙️\u001b[0m\n        \u001b[36m</span>\u001b[39m\n      \u001b[36m</button>\u001b[39m\n    \u001b[36m</header>\u001b[39m\n  \u001b[36m</div>\u001b[39m\n\u001b[36m</body>\u001b[39m\n    at Object.getElementError (/Users/jono/Documents/GitHub/starcom-app/starcom-mk2/node_modules/@testing-library/dom/dist/config.js:37:19)\n    at /Users/jono/Documents/GitHub/starcom-app/starcom-mk2/node_modules/@testing-library/dom/dist/query-helpers.js:76:38\n    at /Users/jono/Documents/GitHub/starcom-app/starcom-mk2/node_modules/@testing-library/dom/dist/query-helpers.js:52:17\n    at getByAltText (/Users/jono/Documents/GitHub/starcom-app/starcom-mk2/node_modules/@testing-library/dom/dist/query-helpers.js:95:19)\n    at /Users/jono/Documents/GitHub/starcom-app/starcom-mk2/src/components/HUD/Bars/TopBar/TopBar.test.tsx:63:19\n    at file:///Users/jono/Documents/GitHub/starcom-app/starcom-mk2/node_modules/@vitest/runner/dist/chunk-hooks.js:155:11\n    at file:///Users/jono/Documents/GitHub/starcom-app/starcom-mk2/node_modules/@vitest/runner/dist/chunk-hooks.js:752:26\n    at file:///Users/jono/Documents/GitHub/starcom-app/starcom-mk2/node_modules/@vitest/runner/dist/chunk-hooks.js:1894:20\n    at new Promise (<anonymous>)\n    at runWithTimeout (file:///Users/jono/Documents/GitHub/starcom-app/starcom-mk2/node_modules/@vitest/runner/dist/chunk-hooks.js:1860:10)"],"meta":{}},{"ancestorTitles":["TopBar artifact-driven"],"fullName":"TopBar artifact-driven opens and closes the settings modal","status":"passed","title":"opens and closes the settings modal","duration":14.939499999999953,"failureMessages":[],"meta":{}},{"ancestorTitles":["TopBar artifact-driven"],"fullName":"TopBar artifact-driven toggles a category and updates marquee","status":"passed","title":"toggles a category and updates marquee","duration":23.078084000000217,"failureMessages":[],"meta":{}},{"ancestorTitles":["TopBar artifact-driven"],"fullName":"TopBar artifact-driven marquee pauses on hover and resumes on mouse leave","status":"passed","title":"marquee pauses on hover and resumes on mouse leave","duration":5.152917000000343,"failureMessages":[],"meta":{}},{"ancestorTitles":["TopBar artifact-driven"],"fullName":"TopBar artifact-driven shows \"No data selected\" when all categories are disabled","status":"passed","title":"shows \"No data selected\" when all categories are disabled","duration":21.21875,"failureMessages":[],"meta":{}}],"startTime":1750270940581,"endTime":1750270940652.2188,"status":"failed","message":"","name":"/Users/jono/Documents/GitHub/starcom-app/starcom-mk2/src/components/HUD/Bars/TopBar/TopBar.test.tsx"}]}