{"numTotalTestSuites":86,"numPassedTestSuites":74,"numFailedTestSuites":12,"numPendingTestSuites":0,"numTotalTests":133,"numPassedTests":116,"numFailedTests":17,"numPendingTests":0,"numTodoTests":0,"snapshot":{"added":0,"failure":false,"filesAdded":0,"filesRemoved":0,"filesRemovedList":[],"filesUnmatched":0,"filesUpdated":0,"matched":0,"total":0,"unchecked":0,"uncheckedKeysByFile":[],"unmatched":0,"updated":0,"didUpdate":false},"startTime":1750412522940,"success":false,"testResults":[{"assertionResults":[{"ancestorTitles":["IntelReportData Models","IntelReportData interface"],"fullName":"IntelReportData Models IntelReportData interface should accept all required fields","status":"passed","title":"should accept all required fields","duration":0.4925829991698265,"failureMessages":[],"meta":{}},{"ancestorTitles":["IntelReportData Models","IntelReportData interface"],"fullName":"IntelReportData Models IntelReportData interface should accept optional fields","status":"passed","title":"should accept optional fields","duration":0.13887500017881393,"failureMessages":[],"meta":{}},{"ancestorTitles":["IntelReportData Models","IntelReportFormData interface"],"fullName":"IntelReportData Models IntelReportFormData interface should represent form data structure correctly","status":"passed","title":"should represent form data structure correctly","duration":0.13079199939966202,"failureMessages":[],"meta":{}},{"ancestorTitles":["IntelReportData Models","IntelReportTransformer","formToBlockchain"],"fullName":"IntelReportData Models IntelReportTransformer formToBlockchain should convert form data to blockchain data correctly","status":"passed","title":"should convert form data to blockchain data correctly","duration":0.1658330000936985,"failureMessages":[],"meta":{}},{"ancestorTitles":["IntelReportData Models","IntelReportTransformer","formToBlockchain"],"fullName":"IntelReportData Models IntelReportTransformer formToBlockchain should handle empty tags","status":"passed","title":"should handle empty tags","duration":0.1653750017285347,"failureMessages":[],"meta":{}},{"ancestorTitles":["IntelReportData Models","IntelReportTransformer","formToBlockchain"],"fullName":"IntelReportData Models IntelReportTransformer formToBlockchain should trim whitespace from tags","status":"passed","title":"should trim whitespace from tags","duration":0.1072079986333847,"failureMessages":[],"meta":{}},{"ancestorTitles":["IntelReportData Models","IntelReportTransformer","blockchainToData"],"fullName":"IntelReportData Models IntelReportTransformer blockchainToData should convert blockchain data to unified data correctly","status":"passed","title":"should convert blockchain data to unified data correctly","duration":0.2186250016093254,"failureMessages":[],"meta":{}},{"ancestorTitles":["IntelReportData Models","IntelReportTransformer","blockchainToData"],"fullName":"IntelReportData Models IntelReportTransformer blockchainToData should handle missing optional parameters","status":"passed","title":"should handle missing optional parameters","duration":0.11391700059175491,"failureMessages":[],"meta":{}},{"ancestorTitles":["IntelReportData Models","IntelReportTransformer","dataToOverlayMarker"],"fullName":"IntelReportData Models IntelReportTransformer dataToOverlayMarker should convert unified data to overlay marker correctly","status":"passed","title":"should convert unified data to overlay marker correctly","duration":0.14304199814796448,"failureMessages":[],"meta":{}},{"ancestorTitles":["IntelReportData Models","IntelReportTransformer","dataToOverlayMarker"],"fullName":"IntelReportData Models IntelReportTransformer dataToOverlayMarker should handle missing pubkey","status":"passed","title":"should handle missing pubkey","duration":0.03949999809265137,"failureMessages":[],"meta":{}},{"ancestorTitles":["IntelReportData Models","IntelReportTransformer","validate"],"fullName":"IntelReportData Models IntelReportTransformer validate should validate complete intel report data","status":"passed","title":"should validate complete intel report data","duration":0.07499999925494194,"failureMessages":[],"meta":{}},{"ancestorTitles":["IntelReportData Models","IntelReportTransformer","validate"],"fullName":"IntelReportData Models IntelReportTransformer validate should identify missing required fields","status":"passed","title":"should identify missing required fields","duration":0.5076659992337227,"failureMessages":[],"meta":{}},{"ancestorTitles":["IntelReportData Models","IntelReportTransformer","validate"],"fullName":"IntelReportData Models IntelReportTransformer validate should handle invalid numeric values","status":"passed","title":"should handle invalid numeric values","duration":0.16383299976587296,"failureMessages":[],"meta":{}}],"startTime":1750412524347,"endTime":1750412524350.1638,"status":"passed","message":"","name":"/Users/jono/Documents/GitHub/starcom-app/starcom-mk2/test/IntelReportData.test.ts"},{"assertionResults":[{"ancestorTitles":["IntelReportService","constructor"],"fullName":"IntelReportService constructor should initialize with valid connection and program ID","status":"passed","title":"should initialize with valid connection and program ID","duration":1.6521669998764992,"failureMessages":[],"meta":{}},{"ancestorTitles":["IntelReportService","constructor"],"fullName":"IntelReportService constructor should handle invalid program ID gracefully","status":"passed","title":"should handle invalid program ID gracefully","duration":4.658917002379894,"failureMessages":[],"meta":{}},{"ancestorTitles":["IntelReportService","enableAnchorMode"],"fullName":"IntelReportService enableAnchorMode should log message indicating Anchor mode is disabled for MVP","status":"passed","title":"should log message indicating Anchor mode is disabled for MVP","duration":2.130291998386383,"failureMessages":[],"meta":{}},{"ancestorTitles":["IntelReportService","submitIntelReport"],"fullName":"IntelReportService submitIntelReport should successfully submit intel report with valid data","status":"passed","title":"should successfully submit intel report with valid data","duration":2.758584000170231,"failureMessages":[],"meta":{}},{"ancestorTitles":["IntelReportService","submitIntelReport"],"fullName":"IntelReportService submitIntelReport should throw error when wallet is not connected","status":"passed","title":"should throw error when wallet is not connected","duration":5.057459000498056,"failureMessages":[],"meta":{}},{"ancestorTitles":["IntelReportService","submitIntelReport"],"fullName":"IntelReportService submitIntelReport should throw error when wallet does not support transaction signing","status":"passed","title":"should throw error when wallet does not support transaction signing","duration":1.308042000979185,"failureMessages":[],"meta":{}},{"ancestorTitles":["IntelReportService","submitIntelReport"],"fullName":"IntelReportService submitIntelReport should handle connection errors gracefully","status":"passed","title":"should handle connection errors gracefully","duration":2.5873750001192093,"failureMessages":[],"meta":{}},{"ancestorTitles":["IntelReportService","fetchIntelReports"],"fullName":"IntelReportService fetchIntelReports should return placeholder data for MVP","status":"passed","title":"should return placeholder data for MVP","duration":6.312125001102686,"failureMessages":[],"meta":{}},{"ancestorTitles":["IntelReportService","fetchIntelReports"],"fullName":"IntelReportService fetchIntelReports should handle errors gracefully and return placeholder data","status":"passed","title":"should handle errors gracefully and return placeholder data","duration":5.753458000719547,"failureMessages":[],"meta":{}},{"ancestorTitles":["IntelReportService","data validation"],"fullName":"IntelReportService data validation should handle intel report with all required fields","status":"passed","title":"should handle intel report with all required fields","duration":3.3069170005619526,"failureMessages":[],"meta":{}},{"ancestorTitles":["IntelReportService","data validation"],"fullName":"IntelReportService data validation should handle intel report with optional fields","status":"passed","title":"should handle intel report with optional fields","duration":7.363249998539686,"failureMessages":[],"meta":{}}],"startTime":1750412525793,"endTime":1750412525836.3633,"status":"passed","message":"","name":"/Users/jono/Documents/GitHub/starcom-app/starcom-mk2/test/IntelReportService.test.ts"},{"assertionResults":[],"startTime":1750412522940,"endTime":1750412522940,"status":"failed","message":"  x Unterminated regexp literal\n    ,-[/Users/jono/Documents/GitHub/starcom-app/starcom-mk2/src/context/SpaceWeatherContext.test.ts:87:1]\n 84 | \n 85 | describe('SpaceWeatherContext Electric Field Toggle', () => {\n 86 |   const wrapper = ({ children }: { children: React.ReactNode }) => (\n 87 |     <SpaceWeatherProvider>{children}</SpaceWeatherProvider>\n    :                                      ^^^^^^^^^^^^^^^^^^^^^^\n 88 |   );\n 89 | \n 90 |   it('should show overlay when electric fields are enabled', () => {\n    `----\n\n\nCaused by:\n    Syntax Error","name":"/Users/jono/Documents/GitHub/starcom-app/starcom-mk2/src/context/SpaceWeatherContext.test.ts"},{"assertionResults":[{"ancestorTitles":["Globe Space Weather Integration"],"fullName":"Globe Space Weather Integration should add space weather InterMag overlay and fetch data","status":"passed","title":"should add space weather InterMag overlay and fetch data","duration":102.51470800116658,"failureMessages":[],"meta":{}},{"ancestorTitles":["Globe Space Weather Integration"],"fullName":"Globe Space Weather Integration should add space weather US-Canada overlay and fetch data","status":"passed","title":"should add space weather US-Canada overlay and fetch data","duration":99.84616599977016,"failureMessages":[],"meta":{}},{"ancestorTitles":["Globe Space Weather Integration"],"fullName":"Globe Space Weather Integration should handle space weather data fetch errors gracefully","status":"passed","title":"should handle space weather data fetch errors gracefully","duration":100.23608300089836,"failureMessages":[],"meta":{}},{"ancestorTitles":["Globe Space Weather Integration"],"fullName":"Globe Space Weather Integration should remove space weather overlays correctly","status":"passed","title":"should remove space weather overlays correctly","duration":0.633958000689745,"failureMessages":[],"meta":{}},{"ancestorTitles":["Globe Space Weather Integration"],"fullName":"Globe Space Weather Integration should include space weather overlays in CyberCommand mode defaults","status":"passed","title":"should include space weather overlays in CyberCommand mode defaults","duration":0.7076249979436398,"failureMessages":[],"meta":{}},{"ancestorTitles":["Globe Space Weather Integration"],"fullName":"Globe Space Weather Integration should transform NOAA data to proper intelligence markers format","status":"passed","title":"should transform NOAA data to proper intelligence markers format","duration":0.9587909989058971,"failureMessages":[],"meta":{}}],"startTime":1750412524464,"endTime":1750412524768.9587,"status":"passed","message":"","name":"/Users/jono/Documents/GitHub/starcom-app/starcom-mk2/src/globe-engine/GlobeEngine.spaceWeather.test.ts"},{"assertionResults":[{"ancestorTitles":["GlobeEngine Overlay Logic"],"fullName":"GlobeEngine Overlay Logic should add overlays and cache overlay data","status":"passed","title":"should add overlays and cache overlay data","duration":617.7283330000937,"failureMessages":[],"meta":{}},{"ancestorTitles":["GlobeEngine Overlay Logic"],"fullName":"GlobeEngine Overlay Logic should reset overlays to mode defaults on setMode","status":"passed","title":"should reset overlays to mode defaults on setMode","duration":602.2448339983821,"failureMessages":[],"meta":{}},{"ancestorTitles":["GlobeEngine Overlay Logic"],"fullName":"GlobeEngine Overlay Logic should emit overlayDataUpdated event","status":"passed","title":"should emit overlayDataUpdated event","duration":6.87712500244379,"failureMessages":[],"meta":{}},{"ancestorTitles":["GlobeEngine Integration (artifact-driven)"],"fullName":"GlobeEngine Integration (artifact-driven) should fetch and cache overlay data for weather and naturalEvents (mocked)","status":"passed","title":"should fetch and cache overlay data for weather and naturalEvents (mocked)","duration":700.7136249989271,"failureMessages":[],"meta":{}},{"ancestorTitles":["GlobeEngine Integration (artifact-driven)"],"fullName":"GlobeEngine Integration (artifact-driven) should allow toggling overlays and emit correct events","status":"passed","title":"should allow toggling overlays and emit correct events","duration":0.7028329968452454,"failureMessages":[],"meta":{}},{"ancestorTitles":["GlobeEngine Integration (artifact-driven)"],"fullName":"GlobeEngine Integration (artifact-driven) should fetch and cache overlay data for spaceAssets (mocked)","status":"passed","title":"should fetch and cache overlay data for spaceAssets (mocked)","duration":599.8589159995317,"failureMessages":[],"meta":{}},{"ancestorTitles":["GlobeEngine Integration (artifact-driven)"],"fullName":"GlobeEngine Integration (artifact-driven) should emit overlayDataLoading and overlayDataError for spaceAssets","status":"passed","title":"should emit overlayDataLoading and overlayDataError for spaceAssets","duration":601.258790999651,"failureMessages":[],"meta":{}},{"ancestorTitles":["GlobeEngine Integration (artifact-driven)"],"fullName":"GlobeEngine Integration (artifact-driven) should periodically update spaceAssets overlay (artifact-driven, fake timers)","status":"passed","title":"should periodically update spaceAssets overlay (artifact-driven, fake timers)","duration":2.9501670002937317,"failureMessages":[],"meta":{}}],"startTime":1750412527094,"endTime":1750412530226.9502,"status":"passed","message":"","name":"/Users/jono/Documents/GitHub/starcom-app/starcom-mk2/src/globe-engine/GlobeEngine.test.ts"},{"assertionResults":[{"ancestorTitles":["NOAAGeomagneticService"],"fullName":"NOAAGeomagneticService should have tests implemented","status":"passed","title":"should have tests implemented","duration":0.07450000196695328,"failureMessages":[],"meta":{}}],"startTime":1750412534232,"endTime":1750412534232.0745,"status":"passed","message":"","name":"/Users/jono/Documents/GitHub/starcom-app/starcom-mk2/src/services/NOAAGeomagneticService.test.ts"},{"assertionResults":[{"ancestorTitles":["EIADataProvider"],"fullName":"EIADataProvider returns data on success","status":"passed","title":"returns data on success","duration":716.0766660012305,"failureMessages":[],"meta":{}},{"ancestorTitles":["EIADataProvider"],"fullName":"EIADataProvider calls observer hooks","status":"passed","title":"calls observer hooks","duration":353.6495420001447,"failureMessages":[],"meta":{}},{"ancestorTitles":["EIADataProvider observability"],"fullName":"EIADataProvider observability calls observer hooks on fetch success","status":"passed","title":"calls observer hooks on fetch success","duration":357.19274999946356,"failureMessages":[],"meta":{}},{"ancestorTitles":["EIADataCacheService"],"fullName":"EIADataCacheService returns cached value on hit","status":"passed","title":"returns cached value on hit","duration":0.17445900291204453,"failureMessages":[],"meta":{}},{"ancestorTitles":["EIADataCacheService"],"fullName":"EIADataCacheService expires value after TTL","status":"passed","title":"expires value after TTL","duration":0.21775000169873238,"failureMessages":[],"meta":{}},{"ancestorTitles":["EIADataCacheService"],"fullName":"EIADataCacheService calls observer hooks","status":"passed","title":"calls observer hooks","duration":0.29499999806284904,"failureMessages":[],"meta":{}},{"ancestorTitles":["EIADataCacheService observability"],"fullName":"EIADataCacheService observability calls observer hooks on cache hit/miss/evict","status":"passed","title":"calls observer hooks on cache hit/miss/evict","duration":0.11449999734759331,"failureMessages":[],"meta":{}},{"ancestorTitles":["MarketDataProvider.unit (placeholder)"],"fullName":"MarketDataProvider.unit (placeholder) should have real tests implemented","status":"passed","title":"should have real tests implemented","duration":0.03270899876952171,"failureMessages":[],"meta":{}},{"ancestorTitles":["MarketDataCacheService.unit (placeholder)"],"fullName":"MarketDataCacheService.unit (placeholder) should have real tests implemented","status":"passed","title":"should have real tests implemented","duration":0.04491699859499931,"failureMessages":[],"meta":{}},{"ancestorTitles":["FallbackProvider"],"fullName":"FallbackProvider returns data from the first successful provider","status":"passed","title":"returns data from the first successful provider","duration":0.17487499862909317,"failureMessages":[],"meta":{}},{"ancestorTitles":["FallbackProvider"],"fullName":"FallbackProvider throws if all providers fail","status":"passed","title":"throws if all providers fail","duration":0.18899999931454659,"failureMessages":[],"meta":{}},{"ancestorTitles":["EIAService.e2e (placeholder)"],"fullName":"EIAService.e2e (placeholder) should have real tests implemented","status":"passed","title":"should have real tests implemented","duration":0.029541000723838806,"failureMessages":[],"meta":{}},{"ancestorTitles":["EIAService"],"fullName":"EIAService fetches the latest oil price successfully","status":"passed","title":"fetches the latest oil price successfully","duration":2.812541000545025,"failureMessages":[],"meta":{}},{"ancestorTitles":["EIAService"],"fullName":"EIAService fetches the latest gasoline price successfully","status":"passed","title":"fetches the latest gasoline price successfully","duration":1.424541998654604,"failureMessages":[],"meta":{}},{"ancestorTitles":["EIAService"],"fullName":"EIAService fetches the latest oil inventory successfully","status":"passed","title":"fetches the latest oil inventory successfully","duration":1.2962919995188713,"failureMessages":[],"meta":{}},{"ancestorTitles":["EIAService"],"fullName":"EIAService handles fetch errors","status":"passed","title":"handles fetch errors","duration":1.4935420006513596,"failureMessages":[],"meta":{}}],"startTime":1750412531569,"endTime":1750412533004.4937,"status":"passed","message":"","name":"/Users/jono/Documents/GitHub/starcom-app/starcom-mk2/src/services/data-services.all.test.ts"},{"assertionResults":[{"ancestorTitles":["NOAA Electric Field Data - Real API Integration"],"fullName":"NOAA Electric Field Data - Real API Integration should discover what the NOAA InterMag directory actually contains","status":"passed","title":"should discover what the NOAA InterMag directory actually contains","duration":55.5170419998467,"failureMessages":[],"meta":{}},{"ancestorTitles":["NOAA Electric Field Data - Real API Integration"],"fullName":"NOAA Electric Field Data - Real API Integration should discover what the NOAA US-Canada directory actually contains","status":"passed","title":"should discover what the NOAA US-Canada directory actually contains","duration":14.393458999693394,"failureMessages":[],"meta":{}},{"ancestorTitles":["NOAA Electric Field Data - Real API Integration"],"fullName":"NOAA Electric Field Data - Real API Integration should fetch and parse actual InterMag electric field data","status":"passed","title":"should fetch and parse actual InterMag electric field data","duration":38.28895800188184,"failureMessages":[],"meta":{}},{"ancestorTitles":["NOAA Electric Field Data - Real API Integration"],"fullName":"NOAA Electric Field Data - Real API Integration should fetch and parse actual US-Canada electric field data","status":"passed","title":"should fetch and parse actual US-Canada electric field data","duration":43.26174999773502,"failureMessages":[],"meta":{}}],"startTime":1750412531039,"endTime":1750412531191.2617,"status":"passed","message":"","name":"/Users/jono/Documents/GitHub/starcom-app/starcom-mk2/src/services/noaaSpaceWeather.integration.test.ts"},{"assertionResults":[{"ancestorTitles":["NOAA Electric Field Data Quality"],"fullName":"NOAA Electric Field Data Quality should validate InterMag data has reasonable electric field values","status":"failed","title":"should validate InterMag data has reasonable electric field values","duration":0.4785410016775131,"failureMessages":["TypeError: Cannot read properties of undefined (reading 'ok')\n    at fetchLatestElectricFieldData (/Users/jono/Documents/GitHub/starcom-app/starcom-mk2/src/services/noaaSpaceWeather.ts:74:20)\n    at processTicksAndRejections (node:internal/process/task_queues:95:5)\n    at /Users/jono/Documents/GitHub/starcom-app/starcom-mk2/src/services/noaaSpaceWeather.quality.test.ts:8:18\n    at file:///Users/jono/Documents/GitHub/starcom-app/starcom-mk2/node_modules/@vitest/runner/dist/chunk-hooks.js:752:20"],"meta":{}},{"ancestorTitles":["NOAA to Starcom Intelligence Integration"],"fullName":"NOAA to Starcom Intelligence Integration should transform NOAA electric field data into intelligence overlay markers","status":"failed","title":"should transform NOAA electric field data into intelligence overlay markers","duration":0.1492919996380806,"failureMessages":["TypeError: Cannot read properties of undefined (reading 'ok')\n    at fetchLatestElectricFieldData (/Users/jono/Documents/GitHub/starcom-app/starcom-mk2/src/services/noaaSpaceWeather.ts:74:20)\n    at processTicksAndRejections (node:internal/process/task_queues:95:5)\n    at /Users/jono/Documents/GitHub/starcom-app/starcom-mk2/src/services/noaaSpaceWeather.quality.test.ts:29:22\n    at file:///Users/jono/Documents/GitHub/starcom-app/starcom-mk2/node_modules/@vitest/runner/dist/chunk-hooks.js:752:20"],"meta":{}}],"startTime":1750412531308,"endTime":1750412531309.1494,"status":"failed","message":"","name":"/Users/jono/Documents/GitHub/starcom-app/starcom-mk2/src/services/noaaSpaceWeather.quality.test.ts"},{"assertionResults":[{"ancestorTitles":["NOAA Electric Field Data - Real API Discovery"],"fullName":"NOAA Electric Field Data - Real API Discovery should discover what the NOAA InterMag directory actually contains","status":"passed","title":"should discover what the NOAA InterMag directory actually contains","duration":87.0353330001235,"failureMessages":[],"meta":{}},{"ancestorTitles":["NOAA Electric Field Data - Real API Discovery"],"fullName":"NOAA Electric Field Data - Real API Discovery should discover what the NOAA US-Canada directory actually contains","status":"passed","title":"should discover what the NOAA US-Canada directory actually contains","duration":12.70575000345707,"failureMessages":[],"meta":{}},{"ancestorTitles":["NOAA Electric Field Data - Real API Discovery"],"fullName":"NOAA Electric Field Data - Real API Discovery should fetch and parse actual InterMag electric field data","status":"passed","title":"should fetch and parse actual InterMag electric field data","duration":39.44066699966788,"failureMessages":[],"meta":{}},{"ancestorTitles":["NOAA Electric Field Data - Real API Discovery"],"fullName":"NOAA Electric Field Data - Real API Discovery should fetch and parse actual US-Canada electric field data","status":"passed","title":"should fetch and parse actual US-Canada electric field data","duration":44.79712500050664,"failureMessages":[],"meta":{}},{"ancestorTitles":["NOAA Filename Extraction"],"fullName":"NOAA Filename Extraction should extract latest InterMag filename from real directory HTML","status":"passed","title":"should extract latest InterMag filename from real directory HTML","duration":37.87120799720287,"failureMessages":[],"meta":{}},{"ancestorTitles":["NOAA Filename Extraction"],"fullName":"NOAA Filename Extraction should extract latest US-Canada filename from real directory HTML","status":"passed","title":"should extract latest US-Canada filename from real directory HTML","duration":65.49679199978709,"failureMessages":[],"meta":{}},{"ancestorTitles":["NOAA Electric Field Data Fetcher"],"fullName":"NOAA Electric Field Data Fetcher should fetch latest InterMag electric field data","status":"failed","title":"should fetch latest InterMag electric field data","duration":3.5519580021500587,"failureMessages":["TypeError: Cannot read properties of undefined (reading 'ok')\n    at fetchLatestElectricFieldData (/Users/jono/Documents/GitHub/starcom-app/starcom-mk2/src/services/noaaSpaceWeather.ts:74:20)\n    at processTicksAndRejections (node:internal/process/task_queues:95:5)\n    at /Users/jono/Documents/GitHub/starcom-app/starcom-mk2/src/services/noaaSpaceWeather.test.ts:168:18\n    at file:///Users/jono/Documents/GitHub/starcom-app/starcom-mk2/node_modules/@vitest/runner/dist/chunk-hooks.js:752:20"],"meta":{}},{"ancestorTitles":["NOAA Electric Field Data Fetcher"],"fullName":"NOAA Electric Field Data Fetcher should fetch latest US-Canada electric field data","status":"failed","title":"should fetch latest US-Canada electric field data","duration":0.20629199966788292,"failureMessages":["TypeError: Cannot read properties of undefined (reading 'ok')\n    at fetchLatestElectricFieldData (/Users/jono/Documents/GitHub/starcom-app/starcom-mk2/src/services/noaaSpaceWeather.ts:74:20)\n    at processTicksAndRejections (node:internal/process/task_queues:95:5)\n    at /Users/jono/Documents/GitHub/starcom-app/starcom-mk2/src/services/noaaSpaceWeather.test.ts:184:18\n    at file:///Users/jono/Documents/GitHub/starcom-app/starcom-mk2/node_modules/@vitest/runner/dist/chunk-hooks.js:752:20"],"meta":{}},{"ancestorTitles":["NOAA Electric Field Data Error Handling"],"fullName":"NOAA Electric Field Data Error Handling should throw error for invalid dataset type","status":"passed","title":"should throw error for invalid dataset type","duration":0.6914580017328262,"failureMessages":[],"meta":{}},{"ancestorTitles":["NOAA Electric Field Data Error Handling"],"fullName":"NOAA Electric Field Data Error Handling should handle network errors gracefully","status":"passed","title":"should handle network errors gracefully","duration":0.09283300116658211,"failureMessages":[],"meta":{}},{"ancestorTitles":["NOAA Electric Field Data Error Handling"],"fullName":"NOAA Electric Field Data Error Handling should handle empty directory listings","status":"passed","title":"should handle empty directory listings","duration":0.050958000123500824,"failureMessages":[],"meta":{}},{"ancestorTitles":["NOAA Electric Field Data Quality"],"fullName":"NOAA Electric Field Data Quality should validate InterMag data has reasonable electric field values","status":"failed","title":"should validate InterMag data has reasonable electric field values","duration":0.16562499850988388,"failureMessages":["TypeError: Cannot read properties of undefined (reading 'ok')\n    at fetchLatestElectricFieldData (/Users/jono/Documents/GitHub/starcom-app/starcom-mk2/src/services/noaaSpaceWeather.ts:74:20)\n    at processTicksAndRejections (node:internal/process/task_queues:95:5)\n    at /Users/jono/Documents/GitHub/starcom-app/starcom-mk2/src/services/noaaSpaceWeather.test.ts:239:18\n    at file:///Users/jono/Documents/GitHub/starcom-app/starcom-mk2/node_modules/@vitest/runner/dist/chunk-hooks.js:752:20"],"meta":{}},{"ancestorTitles":["NOAA Electric Field Data Quality"],"fullName":"NOAA Electric Field Data Quality should validate US-Canada data has reasonable electric field values","status":"failed","title":"should validate US-Canada data has reasonable electric field values","duration":0.36966700106859207,"failureMessages":["TypeError: Cannot read properties of undefined (reading 'ok')\n    at fetchLatestElectricFieldData (/Users/jono/Documents/GitHub/starcom-app/starcom-mk2/src/services/noaaSpaceWeather.ts:74:20)\n    at processTicksAndRejections (node:internal/process/task_queues:95:5)\n    at /Users/jono/Documents/GitHub/starcom-app/starcom-mk2/src/services/noaaSpaceWeather.test.ts:266:18\n    at file:///Users/jono/Documents/GitHub/starcom-app/starcom-mk2/node_modules/@vitest/runner/dist/chunk-hooks.js:752:20"],"meta":{}},{"ancestorTitles":["NOAA Electric Field Data Quality"],"fullName":"NOAA Electric Field Data Quality should have recent time_tag data","status":"failed","title":"should have recent time_tag data","duration":0.17479199916124344,"failureMessages":["TypeError: Cannot read properties of undefined (reading 'ok')\n    at fetchLatestElectricFieldData (/Users/jono/Documents/GitHub/starcom-app/starcom-mk2/src/services/noaaSpaceWeather.ts:74:20)\n    at processTicksAndRejections (node:internal/process/task_queues:95:5)\n    at /Users/jono/Documents/GitHub/starcom-app/starcom-mk2/src/services/noaaSpaceWeather.test.ts:290:26\n    at file:///Users/jono/Documents/GitHub/starcom-app/starcom-mk2/node_modules/@vitest/runner/dist/chunk-hooks.js:752:20"],"meta":{}},{"ancestorTitles":["NOAA to Starcom Intelligence Integration"],"fullName":"NOAA to Starcom Intelligence Integration should transform NOAA electric field data into intelligence overlay markers","status":"failed","title":"should transform NOAA electric field data into intelligence overlay markers","duration":0.23400000110268593,"failureMessages":["TypeError: Cannot read properties of undefined (reading 'ok')\n    at fetchLatestElectricFieldData (/Users/jono/Documents/GitHub/starcom-app/starcom-mk2/src/services/noaaSpaceWeather.ts:74:20)\n    at processTicksAndRejections (node:internal/process/task_queues:95:5)\n    at /Users/jono/Documents/GitHub/starcom-app/starcom-mk2/src/services/noaaSpaceWeather.test.ts:313:22\n    at file:///Users/jono/Documents/GitHub/starcom-app/starcom-mk2/node_modules/@vitest/runner/dist/chunk-hooks.js:752:20"],"meta":{}},{"ancestorTitles":["NOAA to Starcom Intelligence Integration"],"fullName":"NOAA to Starcom Intelligence Integration should create space weather alerts from high electric field values","status":"failed","title":"should create space weather alerts from high electric field values","duration":0.16462500020861626,"failureMessages":["TypeError: Cannot read properties of undefined (reading 'ok')\n    at fetchLatestElectricFieldData (/Users/jono/Documents/GitHub/starcom-app/starcom-mk2/src/services/noaaSpaceWeather.ts:74:20)\n    at processTicksAndRejections (node:internal/process/task_queues:95:5)\n    at /Users/jono/Documents/GitHub/starcom-app/starcom-mk2/src/services/noaaSpaceWeather.test.ts:346:22\n    at file:///Users/jono/Documents/GitHub/starcom-app/starcom-mk2/node_modules/@vitest/runner/dist/chunk-hooks.js:752:20"],"meta":{}},{"ancestorTitles":["NOAA to Starcom Intelligence Integration"],"fullName":"NOAA to Starcom Intelligence Integration should provide regional electric field analysis for intelligence","status":"failed","title":"should provide regional electric field analysis for intelligence","duration":0.15049999952316284,"failureMessages":["TypeError: Cannot read properties of undefined (reading 'ok')\n    at fetchLatestElectricFieldData (/Users/jono/Documents/GitHub/starcom-app/starcom-mk2/src/services/noaaSpaceWeather.ts:74:20)\n    at processTicksAndRejections (node:internal/process/task_queues:95:5)\n    at /Users/jono/Documents/GitHub/starcom-app/starcom-mk2/src/services/noaaSpaceWeather.test.ts:366:26\n    at file:///Users/jono/Documents/GitHub/starcom-app/starcom-mk2/node_modules/@vitest/runner/dist/chunk-hooks.js:752:20"],"meta":{}}],"startTime":1750412524025,"endTime":1750412524319.1646,"status":"failed","message":"","name":"/Users/jono/Documents/GitHub/starcom-app/starcom-mk2/src/services/noaaSpaceWeather.test.ts"},{"assertionResults":[{"ancestorTitles":["NOAA Filename Extraction"],"fullName":"NOAA Filename Extraction should extract latest InterMag filename from real directory HTML","status":"failed","title":"should extract latest InterMag filename from real directory HTML","duration":0.3513750024139881,"failureMessages":["TypeError: Cannot read properties of undefined (reading 'text')\n    at /Users/jono/Documents/GitHub/starcom-app/starcom-mk2/src/services/noaaSpaceWeather.unit.test.ts:9:33\n    at processTicksAndRejections (node:internal/process/task_queues:95:5)\n    at file:///Users/jono/Documents/GitHub/starcom-app/starcom-mk2/node_modules/@vitest/runner/dist/chunk-hooks.js:752:20"],"meta":{}},{"ancestorTitles":["NOAA Filename Extraction"],"fullName":"NOAA Filename Extraction should extract latest US-Canada filename from real directory HTML","status":"failed","title":"should extract latest US-Canada filename from real directory HTML","duration":0.08970899879932404,"failureMessages":["TypeError: Cannot read properties of undefined (reading 'text')\n    at /Users/jono/Documents/GitHub/starcom-app/starcom-mk2/src/services/noaaSpaceWeather.unit.test.ts:17:33\n    at processTicksAndRejections (node:internal/process/task_queues:95:5)\n    at file:///Users/jono/Documents/GitHub/starcom-app/starcom-mk2/node_modules/@vitest/runner/dist/chunk-hooks.js:752:20"],"meta":{}},{"ancestorTitles":["NOAA Filename Extraction"],"fullName":"NOAA Filename Extraction should handle malformed HTML and empty directory listings","status":"passed","title":"should handle malformed HTML and empty directory listings","duration":0.21845900267362595,"failureMessages":[],"meta":{}}],"startTime":1750412531327,"endTime":1750412531328.2185,"status":"failed","message":"","name":"/Users/jono/Documents/GitHub/starcom-app/starcom-mk2/src/services/noaaSpaceWeather.unit.test.ts"},{"assertionResults":[{"ancestorTitles":["Electric Field Normalization","Basic normalization functionality"],"fullName":"Electric Field Normalization Basic normalization functionality should normalize vectors with linear method","status":"passed","title":"should normalize vectors with linear method","duration":0.5028330013155937,"failureMessages":[],"meta":{}},{"ancestorTitles":["Electric Field Normalization","Basic normalization functionality"],"fullName":"Electric Field Normalization Basic normalization functionality should handle logarithmic normalization","status":"passed","title":"should handle logarithmic normalization","duration":0.3070000000298023,"failureMessages":[],"meta":{}},{"ancestorTitles":["Electric Field Normalization","Basic normalization functionality"],"fullName":"Electric Field Normalization Basic normalization functionality should detect outliers correctly","status":"passed","title":"should detect outliers correctly","duration":0.18462499976158142,"failureMessages":[],"meta":{}},{"ancestorTitles":["Electric Field Normalization","Basic normalization functionality"],"fullName":"Electric Field Normalization Basic normalization functionality should calculate percentile ranks correctly","status":"passed","title":"should calculate percentile ranks correctly","duration":0.1665000021457672,"failureMessages":[],"meta":{}},{"ancestorTitles":["Electric Field Normalization","Normalization presets"],"fullName":"Electric Field Normalization Normalization presets should apply conservative preset correctly","status":"passed","title":"should apply conservative preset correctly","duration":0.3235839977860451,"failureMessages":[],"meta":{}},{"ancestorTitles":["Electric Field Normalization","Normalization presets"],"fullName":"Electric Field Normalization Normalization presets should apply balanced preset correctly","status":"passed","title":"should apply balanced preset correctly","duration":0.2519579976797104,"failureMessages":[],"meta":{}},{"ancestorTitles":["Electric Field Normalization","Normalization presets"],"fullName":"Electric Field Normalization Normalization presets should apply aggressive preset correctly","status":"passed","title":"should apply aggressive preset correctly","duration":0.08424999937415123,"failureMessages":[],"meta":{}},{"ancestorTitles":["Electric Field Normalization","Edge cases"],"fullName":"Electric Field Normalization Edge cases should handle empty vector array","status":"passed","title":"should handle empty vector array","duration":0.04804199934005737,"failureMessages":[],"meta":{}},{"ancestorTitles":["Electric Field Normalization","Edge cases"],"fullName":"Electric Field Normalization Edge cases should handle single vector","status":"passed","title":"should handle single vector","duration":0.13762499764561653,"failureMessages":[],"meta":{}},{"ancestorTitles":["Electric Field Normalization","Edge cases"],"fullName":"Electric Field Normalization Edge cases should handle all zero magnitudes","status":"passed","title":"should handle all zero magnitudes","duration":0.08250000327825546,"failureMessages":[],"meta":{}},{"ancestorTitles":["Electric Field Normalization","Edge cases"],"fullName":"Electric Field Normalization Edge cases should handle identical magnitudes","status":"passed","title":"should handle identical magnitudes","duration":0.08391699939966202,"failureMessages":[],"meta":{}},{"ancestorTitles":["Electric Field Normalization","Edge cases"],"fullName":"Electric Field Normalization Edge cases should respect clamp maximum","status":"passed","title":"should respect clamp maximum","duration":0.12570799887180328,"failureMessages":[],"meta":{}},{"ancestorTitles":["Electric Field Normalization","Data distribution analysis"],"fullName":"Electric Field Normalization Data distribution analysis should handle normal distribution","status":"passed","title":"should handle normal distribution","duration":0.10841700062155724,"failureMessages":[],"meta":{}},{"ancestorTitles":["Electric Field Normalization","Data distribution analysis"],"fullName":"Electric Field Normalization Data distribution analysis should handle highly skewed distribution","status":"passed","title":"should handle highly skewed distribution","duration":0.13462499901652336,"failureMessages":[],"meta":{}},{"ancestorTitles":["Electric Field Normalization","Data distribution analysis"],"fullName":"Electric Field Normalization Data distribution analysis should handle high variability data","status":"passed","title":"should handle high variability data","duration":0.07454100251197815,"failureMessages":[],"meta":{}}],"startTime":1750412524378,"endTime":1750412524380.1377,"status":"passed","message":"","name":"/Users/jono/Documents/GitHub/starcom-app/starcom-mk2/src/utils/electricFieldNormalization.test.ts"},{"assertionResults":[{"ancestorTitles":["Web3Login AuthErrorBoundary"],"fullName":"Web3Login AuthErrorBoundary shows error boundary UI if an auth error occurs","status":"passed","title":"shows error boundary UI if an auth error occurs","duration":6.333916999399662,"failureMessages":[],"meta":{}},{"ancestorTitles":["Web3Login AuthErrorBoundary"],"fullName":"Web3Login AuthErrorBoundary renders children if no error is thrown","status":"passed","title":"renders children if no error is thrown","duration":1.410707999020815,"failureMessages":[],"meta":{}},{"ancestorTitles":["Web3Login AuthErrorBoundary"],"fullName":"Web3Login AuthErrorBoundary resets error boundary on rerender","status":"passed","title":"resets error boundary on rerender","duration":5.240166999399662,"failureMessages":[],"meta":{}}],"startTime":1750412531351,"endTime":1750412531364.2402,"status":"passed","message":"","name":"/Users/jono/Documents/GitHub/starcom-app/starcom-mk2/src/components/Auth/AuthErrorBoundary.test.tsx"},{"assertionResults":[{"ancestorTitles":["TermsModal (removed feature)"],"fullName":"TermsModal (removed feature) feature was removed - see artifact: removed-terms-modal-feature-2025-06-14.artifact","status":"passed","title":"feature was removed - see artifact: removed-terms-modal-feature-2025-06-14.artifact","duration":0.07020899653434753,"failureMessages":[],"meta":{}}],"startTime":1750412534198,"endTime":1750412534198.0703,"status":"passed","message":"","name":"/Users/jono/Documents/GitHub/starcom-app/starcom-mk2/src/components/Auth/TermsModal.test.tsx"},{"assertionResults":[{"ancestorTitles":["WalletStatus (split tests)"],"fullName":"WalletStatus (split tests) tests split into category files - see other WalletStatus.*.test.tsx files","status":"passed","title":"tests split into category files - see other WalletStatus.*.test.tsx files","duration":0.07249999791383743,"failureMessages":[],"meta":{}}],"startTime":1750412534217,"endTime":1750412534217.0725,"status":"passed","message":"","name":"/Users/jono/Documents/GitHub/starcom-app/starcom-mk2/src/components/Auth/WalletStatus.test.tsx"},{"assertionResults":[{"ancestorTitles":["SessionExpiryCountdown"],"fullName":"SessionExpiryCountdown renders and updates countdown, triggers onWarning and onExpire","status":"passed","title":"renders and updates countdown, triggers onWarning and onExpire","duration":6.268667001277208,"failureMessages":[],"meta":{}}],"startTime":1750412533028,"endTime":1750412533034.2686,"status":"passed","message":"","name":"/Users/jono/Documents/GitHub/starcom-app/starcom-mk2/src/components/Shared/SessionExpiryCountdown.test.tsx"},{"assertionResults":[{"ancestorTitles":["TinyGlobe Mode Synchronization"],"fullName":"TinyGlobe Mode Synchronization renders without crashing","status":"passed","title":"renders without crashing","duration":18.55145800113678,"failureMessages":[],"meta":{}},{"ancestorTitles":["TinyGlobe Mode Synchronization"],"fullName":"TinyGlobe Mode Synchronization UI buttons update VisualizationMode context","status":"passed","title":"UI buttons update VisualizationMode context","duration":15.680417001247406,"failureMessages":[],"meta":{}}],"startTime":1750412531439,"endTime":1750412531472.6804,"status":"passed","message":"","name":"/Users/jono/Documents/GitHub/starcom-app/starcom-mk2/src/components/TinyGlobe/TinyGlobe.test.tsx"},{"assertionResults":[{"ancestorTitles":["EIADataCacheService observability"],"fullName":"EIADataCacheService observability calls observer hooks on cache hit/miss/evict","status":"passed","title":"calls observer hooks on cache hit/miss/evict","duration":0.24312499910593033,"failureMessages":[],"meta":{}}],"startTime":1750412533048,"endTime":1750412533048.2432,"status":"passed","message":"","name":"/Users/jono/Documents/GitHub/starcom-app/starcom-mk2/src/services/eia/EIADataCacheService.observability.test.ts"},{"assertionResults":[{"ancestorTitles":["EIADataCacheService"],"fullName":"EIADataCacheService returns cached value on hit","status":"passed","title":"returns cached value on hit","duration":0.15199999883770943,"failureMessages":[],"meta":{}},{"ancestorTitles":["EIADataCacheService"],"fullName":"EIADataCacheService expires value after TTL","status":"passed","title":"expires value after TTL","duration":0.24420800060033798,"failureMessages":[],"meta":{}},{"ancestorTitles":["EIADataCacheService"],"fullName":"EIADataCacheService calls observer hooks","status":"passed","title":"calls observer hooks","duration":0.18766700103878975,"failureMessages":[],"meta":{}}],"startTime":1750412531526,"endTime":1750412531526.2441,"status":"passed","message":"","name":"/Users/jono/Documents/GitHub/starcom-app/starcom-mk2/src/services/eia/EIADataCacheService.unit.test.ts"},{"assertionResults":[{"ancestorTitles":["EIADataProvider observability"],"fullName":"EIADataProvider observability calls observer hooks on fetch success","status":"passed","title":"calls observer hooks on fetch success","duration":374.72912500053644,"failureMessages":[],"meta":{}}],"startTime":1750412533062,"endTime":1750412533436.729,"status":"passed","message":"","name":"/Users/jono/Documents/GitHub/starcom-app/starcom-mk2/src/services/eia/EIADataProvider.observability.test.ts"},{"assertionResults":[{"ancestorTitles":["EIADataProvider"],"fullName":"EIADataProvider returns data on success","status":"passed","title":"returns data on success","duration":328.59562500193715,"failureMessages":[],"meta":{}},{"ancestorTitles":["EIADataProvider"],"fullName":"EIADataProvider calls observer hooks","status":"passed","title":"calls observer hooks","duration":339.91766699776053,"failureMessages":[],"meta":{}}],"startTime":1750412533453,"endTime":1750412534121.9177,"status":"passed","message":"","name":"/Users/jono/Documents/GitHub/starcom-app/starcom-mk2/src/services/eia/EIADataProvider.unit.test.ts"},{"assertionResults":[{"ancestorTitles":["EIAService.e2e (placeholder)"],"fullName":"EIAService.e2e (placeholder) should have real tests implemented","status":"passed","title":"should have real tests implemented","duration":0.069582998752594,"failureMessages":[],"meta":{}}],"startTime":1750412534137,"endTime":1750412534137.0696,"status":"passed","message":"","name":"/Users/jono/Documents/GitHub/starcom-app/starcom-mk2/src/services/eia/EIAService.e2e.test.ts"},{"assertionResults":[{"ancestorTitles":["EIAService"],"fullName":"EIAService fetches the latest oil price successfully","status":"passed","title":"fetches the latest oil price successfully","duration":50.9027089998126,"failureMessages":[],"meta":{}},{"ancestorTitles":["EIAService"],"fullName":"EIAService fetches the latest gasoline price successfully","status":"passed","title":"fetches the latest gasoline price successfully","duration":4.077583000063896,"failureMessages":[],"meta":{}},{"ancestorTitles":["EIAService"],"fullName":"EIAService fetches the latest oil inventory successfully","status":"passed","title":"fetches the latest oil inventory successfully","duration":2.8100420013070107,"failureMessages":[],"meta":{}},{"ancestorTitles":["EIAService"],"fullName":"EIAService handles fetch errors","status":"passed","title":"handles fetch errors","duration":2.446959000080824,"failureMessages":[],"meta":{}}],"startTime":1750412530927,"endTime":1750412530987.447,"status":"passed","message":"","name":"/Users/jono/Documents/GitHub/starcom-app/starcom-mk2/src/services/eia/EIAService.test.ts"},{"assertionResults":[{"ancestorTitles":["MarketDataCacheService.unit (placeholder)"],"fullName":"MarketDataCacheService.unit (placeholder) should have real tests implemented","status":"passed","title":"should have real tests implemented","duration":0.19633299857378006,"failureMessages":[],"meta":{}}],"startTime":1750412534182,"endTime":1750412534182.1963,"status":"passed","message":"","name":"/Users/jono/Documents/GitHub/starcom-app/starcom-mk2/src/services/market/MarketDataCacheService.unit.test.ts"},{"assertionResults":[{"ancestorTitles":["MarketDataProvider.unit (placeholder)"],"fullName":"MarketDataProvider.unit (placeholder) should have real tests implemented","status":"passed","title":"should have real tests implemented","duration":0.09212499856948853,"failureMessages":[],"meta":{}}],"startTime":1750412534155,"endTime":1750412534155.092,"status":"passed","message":"","name":"/Users/jono/Documents/GitHub/starcom-app/starcom-mk2/src/services/market/MarketDataProvider.unit.test.ts"},{"assertionResults":[{"ancestorTitles":["FallbackProvider"],"fullName":"FallbackProvider returns data from the first successful provider","status":"passed","title":"returns data from the first successful provider","duration":0.2607500031590462,"failureMessages":[],"meta":{}},{"ancestorTitles":["FallbackProvider"],"fullName":"FallbackProvider throws if all providers fail","status":"passed","title":"throws if all providers fail","duration":0.188875000923872,"failureMessages":[],"meta":{}}],"startTime":1750412531504,"endTime":1750412531505.189,"status":"passed","message":"","name":"/Users/jono/Documents/GitHub/starcom-app/starcom-mk2/src/services/shared/FallbackProvider.unit.test.ts"},{"assertionResults":[{"ancestorTitles":["Marquee"],"fullName":"Marquee renders data points","status":"passed","title":"renders data points","duration":12.71237500011921,"failureMessages":[],"meta":{}},{"ancestorTitles":["Marquee"],"fullName":"Marquee shows loading state","status":"passed","title":"shows loading state","duration":27.12329199910164,"failureMessages":[],"meta":{}},{"ancestorTitles":["Marquee"],"fullName":"Marquee shows error state","status":"passed","title":"shows error state","duration":2.4032920002937317,"failureMessages":[],"meta":{}},{"ancestorTitles":["Marquee"],"fullName":"Marquee shows empty state","status":"passed","title":"shows empty state","duration":1.0895409993827343,"failureMessages":[],"meta":{}},{"ancestorTitles":["Marquee"],"fullName":"Marquee is keyboard focusable and shows visible focus","status":"passed","title":"is keyboard focusable and shows visible focus","duration":7.7715829983353615,"failureMessages":[],"meta":{}},{"ancestorTitles":["Marquee"],"fullName":"Marquee pauses and resumes on Space/Enter","status":"passed","title":"pauses and resumes on Space/Enter","duration":5.79008300229907,"failureMessages":[],"meta":{}},{"ancestorTitles":["Marquee"],"fullName":"Marquee pauses on mouse enter and resumes on mouse leave","status":"passed","title":"pauses on mouse enter and resumes on mouse leave","duration":8.44420799985528,"failureMessages":[],"meta":{}},{"ancestorTitles":["Marquee"],"fullName":"Marquee has aria-live polite for updates","status":"passed","title":"has aria-live polite for updates","duration":3.5828330032527447,"failureMessages":[],"meta":{}}],"startTime":1750412531213,"endTime":1750412531281.5828,"status":"passed","message":"","name":"/Users/jono/Documents/GitHub/starcom-app/starcom-mk2/src/components/HUD/Bars/TopBar/Marquee.test.tsx"},{"assertionResults":[{"ancestorTitles":["TopBar artifact-driven"],"fullName":"TopBar artifact-driven renders logo, settings button, and marquee","status":"failed","title":"renders logo, settings button, and marquee","duration":15.162333000451326,"failureMessages":["Error: Element type is invalid: expected a string (for built-in components) or a class/function (for composite components) but got: undefined. You likely forgot to export your component from the file it's defined in, or you might have mixed up default and named imports.\n\nCheck the render method of `TopBar`.\n    at createFiberFromTypeAndProps (/Users/jono/Documents/GitHub/starcom-app/starcom-mk2/node_modules/react-dom/cjs/react-dom.development.js:28478:17)\n    at createFiberFromElement (/Users/jono/Documents/GitHub/starcom-app/starcom-mk2/node_modules/react-dom/cjs/react-dom.development.js:28504:15)\n    at createChild (/Users/jono/Documents/GitHub/starcom-app/starcom-mk2/node_modules/react-dom/cjs/react-dom.development.js:13345:28)\n    at reconcileChildrenArray (/Users/jono/Documents/GitHub/starcom-app/starcom-mk2/node_modules/react-dom/cjs/react-dom.development.js:13640:25)\n    at reconcileChildFibers (/Users/jono/Documents/GitHub/starcom-app/starcom-mk2/node_modules/react-dom/cjs/react-dom.development.js:14057:16)\n    at reconcileChildren (/Users/jono/Documents/GitHub/starcom-app/starcom-mk2/node_modules/react-dom/cjs/react-dom.development.js:19186:28)\n    at updateHostComponent (/Users/jono/Documents/GitHub/starcom-app/starcom-mk2/node_modules/react-dom/cjs/react-dom.development.js:19953:3)\n    at beginWork (/Users/jono/Documents/GitHub/starcom-app/starcom-mk2/node_modules/react-dom/cjs/react-dom.development.js:21657:14)\n    at beginWork$1 (/Users/jono/Documents/GitHub/starcom-app/starcom-mk2/node_modules/react-dom/cjs/react-dom.development.js:27465:14)\n    at performUnitOfWork (/Users/jono/Documents/GitHub/starcom-app/starcom-mk2/node_modules/react-dom/cjs/react-dom.development.js:26599:12)"],"meta":{}},{"ancestorTitles":["TopBar artifact-driven"],"fullName":"TopBar artifact-driven opens and closes the settings modal","status":"failed","title":"opens and closes the settings modal","duration":2.855417001992464,"failureMessages":["Error: Element type is invalid: expected a string (for built-in components) or a class/function (for composite components) but got: undefined. You likely forgot to export your component from the file it's defined in, or you might have mixed up default and named imports.\n\nCheck the render method of `TopBar`.\n    at createFiberFromTypeAndProps (/Users/jono/Documents/GitHub/starcom-app/starcom-mk2/node_modules/react-dom/cjs/react-dom.development.js:28478:17)\n    at createFiberFromElement (/Users/jono/Documents/GitHub/starcom-app/starcom-mk2/node_modules/react-dom/cjs/react-dom.development.js:28504:15)\n    at createChild (/Users/jono/Documents/GitHub/starcom-app/starcom-mk2/node_modules/react-dom/cjs/react-dom.development.js:13345:28)\n    at reconcileChildrenArray (/Users/jono/Documents/GitHub/starcom-app/starcom-mk2/node_modules/react-dom/cjs/react-dom.development.js:13640:25)\n    at reconcileChildFibers (/Users/jono/Documents/GitHub/starcom-app/starcom-mk2/node_modules/react-dom/cjs/react-dom.development.js:14057:16)\n    at reconcileChildren (/Users/jono/Documents/GitHub/starcom-app/starcom-mk2/node_modules/react-dom/cjs/react-dom.development.js:19186:28)\n    at updateHostComponent (/Users/jono/Documents/GitHub/starcom-app/starcom-mk2/node_modules/react-dom/cjs/react-dom.development.js:19953:3)\n    at beginWork (/Users/jono/Documents/GitHub/starcom-app/starcom-mk2/node_modules/react-dom/cjs/react-dom.development.js:21657:14)\n    at beginWork$1 (/Users/jono/Documents/GitHub/starcom-app/starcom-mk2/node_modules/react-dom/cjs/react-dom.development.js:27465:14)\n    at performUnitOfWork (/Users/jono/Documents/GitHub/starcom-app/starcom-mk2/node_modules/react-dom/cjs/react-dom.development.js:26599:12)"],"meta":{}},{"ancestorTitles":["TopBar artifact-driven"],"fullName":"TopBar artifact-driven toggles a category and updates marquee","status":"failed","title":"toggles a category and updates marquee","duration":2.323208000510931,"failureMessages":["Error: Element type is invalid: expected a string (for built-in components) or a class/function (for composite components) but got: undefined. You likely forgot to export your component from the file it's defined in, or you might have mixed up default and named imports.\n\nCheck the render method of `TopBar`.\n    at createFiberFromTypeAndProps (/Users/jono/Documents/GitHub/starcom-app/starcom-mk2/node_modules/react-dom/cjs/react-dom.development.js:28478:17)\n    at createFiberFromElement (/Users/jono/Documents/GitHub/starcom-app/starcom-mk2/node_modules/react-dom/cjs/react-dom.development.js:28504:15)\n    at createChild (/Users/jono/Documents/GitHub/starcom-app/starcom-mk2/node_modules/react-dom/cjs/react-dom.development.js:13345:28)\n    at reconcileChildrenArray (/Users/jono/Documents/GitHub/starcom-app/starcom-mk2/node_modules/react-dom/cjs/react-dom.development.js:13640:25)\n    at reconcileChildFibers (/Users/jono/Documents/GitHub/starcom-app/starcom-mk2/node_modules/react-dom/cjs/react-dom.development.js:14057:16)\n    at reconcileChildren (/Users/jono/Documents/GitHub/starcom-app/starcom-mk2/node_modules/react-dom/cjs/react-dom.development.js:19186:28)\n    at updateHostComponent (/Users/jono/Documents/GitHub/starcom-app/starcom-mk2/node_modules/react-dom/cjs/react-dom.development.js:19953:3)\n    at beginWork (/Users/jono/Documents/GitHub/starcom-app/starcom-mk2/node_modules/react-dom/cjs/react-dom.development.js:21657:14)\n    at beginWork$1 (/Users/jono/Documents/GitHub/starcom-app/starcom-mk2/node_modules/react-dom/cjs/react-dom.development.js:27465:14)\n    at performUnitOfWork (/Users/jono/Documents/GitHub/starcom-app/starcom-mk2/node_modules/react-dom/cjs/react-dom.development.js:26599:12)"],"meta":{}},{"ancestorTitles":["TopBar artifact-driven"],"fullName":"TopBar artifact-driven marquee pauses on hover and resumes on mouse leave","status":"failed","title":"marquee pauses on hover and resumes on mouse leave","duration":3.6046249978244305,"failureMessages":["Error: Element type is invalid: expected a string (for built-in components) or a class/function (for composite components) but got: undefined. You likely forgot to export your component from the file it's defined in, or you might have mixed up default and named imports.\n\nCheck the render method of `TopBar`.\n    at createFiberFromTypeAndProps (/Users/jono/Documents/GitHub/starcom-app/starcom-mk2/node_modules/react-dom/cjs/react-dom.development.js:28478:17)\n    at createFiberFromElement (/Users/jono/Documents/GitHub/starcom-app/starcom-mk2/node_modules/react-dom/cjs/react-dom.development.js:28504:15)\n    at createChild (/Users/jono/Documents/GitHub/starcom-app/starcom-mk2/node_modules/react-dom/cjs/react-dom.development.js:13345:28)\n    at reconcileChildrenArray (/Users/jono/Documents/GitHub/starcom-app/starcom-mk2/node_modules/react-dom/cjs/react-dom.development.js:13640:25)\n    at reconcileChildFibers (/Users/jono/Documents/GitHub/starcom-app/starcom-mk2/node_modules/react-dom/cjs/react-dom.development.js:14057:16)\n    at reconcileChildren (/Users/jono/Documents/GitHub/starcom-app/starcom-mk2/node_modules/react-dom/cjs/react-dom.development.js:19186:28)\n    at updateHostComponent (/Users/jono/Documents/GitHub/starcom-app/starcom-mk2/node_modules/react-dom/cjs/react-dom.development.js:19953:3)\n    at beginWork (/Users/jono/Documents/GitHub/starcom-app/starcom-mk2/node_modules/react-dom/cjs/react-dom.development.js:21657:14)\n    at beginWork$1 (/Users/jono/Documents/GitHub/starcom-app/starcom-mk2/node_modules/react-dom/cjs/react-dom.development.js:27465:14)\n    at performUnitOfWork (/Users/jono/Documents/GitHub/starcom-app/starcom-mk2/node_modules/react-dom/cjs/react-dom.development.js:26599:12)"],"meta":{}},{"ancestorTitles":["TopBar artifact-driven"],"fullName":"TopBar artifact-driven shows \"No data selected\" when all categories are disabled","status":"failed","title":"shows \"No data selected\" when all categories are disabled","duration":3.0590829998254776,"failureMessages":["Error: Element type is invalid: expected a string (for built-in components) or a class/function (for composite components) but got: undefined. You likely forgot to export your component from the file it's defined in, or you might have mixed up default and named imports.\n\nCheck the render method of `TopBar`.\n    at createFiberFromTypeAndProps (/Users/jono/Documents/GitHub/starcom-app/starcom-mk2/node_modules/react-dom/cjs/react-dom.development.js:28478:17)\n    at createFiberFromElement (/Users/jono/Documents/GitHub/starcom-app/starcom-mk2/node_modules/react-dom/cjs/react-dom.development.js:28504:15)\n    at createChild (/Users/jono/Documents/GitHub/starcom-app/starcom-mk2/node_modules/react-dom/cjs/react-dom.development.js:13345:28)\n    at reconcileChildrenArray (/Users/jono/Documents/GitHub/starcom-app/starcom-mk2/node_modules/react-dom/cjs/react-dom.development.js:13640:25)\n    at reconcileChildFibers (/Users/jono/Documents/GitHub/starcom-app/starcom-mk2/node_modules/react-dom/cjs/react-dom.development.js:14057:16)\n    at reconcileChildren (/Users/jono/Documents/GitHub/starcom-app/starcom-mk2/node_modules/react-dom/cjs/react-dom.development.js:19186:28)\n    at updateHostComponent (/Users/jono/Documents/GitHub/starcom-app/starcom-mk2/node_modules/react-dom/cjs/react-dom.development.js:19953:3)\n    at beginWork (/Users/jono/Documents/GitHub/starcom-app/starcom-mk2/node_modules/react-dom/cjs/react-dom.development.js:21657:14)\n    at beginWork$1 (/Users/jono/Documents/GitHub/starcom-app/starcom-mk2/node_modules/react-dom/cjs/react-dom.development.js:27465:14)\n    at performUnitOfWork (/Users/jono/Documents/GitHub/starcom-app/starcom-mk2/node_modules/react-dom/cjs/react-dom.development.js:26599:12)"],"meta":{}}],"startTime":1750412530849,"endTime":1750412530876.059,"status":"failed","message":"","name":"/Users/jono/Documents/GitHub/starcom-app/starcom-mk2/src/components/HUD/Bars/TopBar/TopBar.test.tsx"}]}