{"numTotalTestSuites":51,"numPassedTestSuites":37,"numFailedTestSuites":14,"numPendingTestSuites":0,"numTotalTests":59,"numPassedTests":56,"numFailedTests":3,"numPendingTests":0,"numTodoTests":0,"snapshot":{"added":0,"failure":false,"filesAdded":0,"filesRemoved":0,"filesRemovedList":[],"filesUnmatched":0,"filesUpdated":0,"matched":0,"total":0,"unchecked":0,"uncheckedKeysByFile":[],"unmatched":0,"updated":0,"didUpdate":false},"startTime":1749914105985,"success":false,"testResults":[{"assertionResults":[{"ancestorTitles":["GlobeEngine Overlay Logic"],"fullName":"GlobeEngine Overlay Logic should add overlays and cache overlay data","status":"passed","title":"should add overlays and cache overlay data","duration":635.4820410013199,"failureMessages":[],"meta":{}},{"ancestorTitles":["GlobeEngine Overlay Logic"],"fullName":"GlobeEngine Overlay Logic should reset overlays to mode defaults on setMode","status":"passed","title":"should reset overlays to mode defaults on setMode","duration":602.4262079969049,"failureMessages":[],"meta":{}},{"ancestorTitles":["GlobeEngine Overlay Logic"],"fullName":"GlobeEngine Overlay Logic should emit overlayDataUpdated event","status":"passed","title":"should emit overlayDataUpdated event","duration":7.202624998986721,"failureMessages":[],"meta":{}},{"ancestorTitles":["GlobeEngine Integration (artifact-driven)"],"fullName":"GlobeEngine Integration (artifact-driven) should fetch and cache overlay data for weather and naturalEvents (mocked)","status":"passed","title":"should fetch and cache overlay data for weather and naturalEvents (mocked)","duration":700.627457998693,"failureMessages":[],"meta":{}},{"ancestorTitles":["GlobeEngine Integration (artifact-driven)"],"fullName":"GlobeEngine Integration (artifact-driven) should allow toggling overlays and emit correct events","status":"passed","title":"should allow toggling overlays and emit correct events","duration":0.42625000327825546,"failureMessages":[],"meta":{}},{"ancestorTitles":["GlobeEngine Integration (artifact-driven)"],"fullName":"GlobeEngine Integration (artifact-driven) should fetch and cache overlay data for spaceAssets (mocked)","status":"passed","title":"should fetch and cache overlay data for spaceAssets (mocked)","duration":600.6210829988122,"failureMessages":[],"meta":{}},{"ancestorTitles":["GlobeEngine Integration (artifact-driven)"],"fullName":"GlobeEngine Integration (artifact-driven) should emit overlayDataLoading and overlayDataError for spaceAssets","status":"passed","title":"should emit overlayDataLoading and overlayDataError for spaceAssets","duration":601.5349999964237,"failureMessages":[],"meta":{}},{"ancestorTitles":["GlobeEngine Integration (artifact-driven)"],"fullName":"GlobeEngine Integration (artifact-driven) should periodically update spaceAssets overlay (artifact-driven, fake timers)","status":"passed","title":"should periodically update spaceAssets overlay (artifact-driven, fake timers)","duration":1.8998750001192093,"failureMessages":[],"meta":{}}],"startTime":1749914110534,"endTime":1749914113684.9,"status":"passed","message":"","name":"/Users/jono/Documents/GitHub/starcom-app/starcom-mk2/src/globe-engine/GlobeEngine.test.ts"},{"assertionResults":[{"ancestorTitles":["EIADataProvider"],"fullName":"EIADataProvider returns data on success","status":"passed","title":"returns data on success","duration":507.94204200059175,"failureMessages":[],"meta":{}},{"ancestorTitles":["EIADataProvider"],"fullName":"EIADataProvider calls observer hooks","status":"passed","title":"calls observer hooks","duration":459.2942080050707,"failureMessages":[],"meta":{}},{"ancestorTitles":["EIADataProvider observability"],"fullName":"EIADataProvider observability calls observer hooks on fetch success","status":"passed","title":"calls observer hooks on fetch success","duration":386.4924170002341,"failureMessages":[],"meta":{}},{"ancestorTitles":["EIADataCacheService"],"fullName":"EIADataCacheService returns cached value on hit","status":"passed","title":"returns cached value on hit","duration":0.3711249977350235,"failureMessages":[],"meta":{}},{"ancestorTitles":["EIADataCacheService"],"fullName":"EIADataCacheService expires value after TTL","status":"passed","title":"expires value after TTL","duration":1.0820410028100014,"failureMessages":[],"meta":{}},{"ancestorTitles":["EIADataCacheService"],"fullName":"EIADataCacheService calls observer hooks","status":"passed","title":"calls observer hooks","duration":0.543165996670723,"failureMessages":[],"meta":{}},{"ancestorTitles":["EIADataCacheService observability"],"fullName":"EIADataCacheService observability calls observer hooks on cache hit/miss/evict","status":"passed","title":"calls observer hooks on cache hit/miss/evict","duration":0.25437500327825546,"failureMessages":[],"meta":{}},{"ancestorTitles":["MarketDataProvider.unit (placeholder)"],"fullName":"MarketDataProvider.unit (placeholder) should have real tests implemented","status":"passed","title":"should have real tests implemented","duration":0.047874994575977325,"failureMessages":[],"meta":{}},{"ancestorTitles":["MarketDataCacheService.unit (placeholder)"],"fullName":"MarketDataCacheService.unit (placeholder) should have real tests implemented","status":"passed","title":"should have real tests implemented","duration":0.13716699928045273,"failureMessages":[],"meta":{}},{"ancestorTitles":["FallbackProvider"],"fullName":"FallbackProvider returns data from the first successful provider","status":"passed","title":"returns data from the first successful provider","duration":0.27650000154972076,"failureMessages":[],"meta":{}},{"ancestorTitles":["FallbackProvider"],"fullName":"FallbackProvider throws if all providers fail","status":"passed","title":"throws if all providers fail","duration":1.1715000048279762,"failureMessages":[],"meta":{}},{"ancestorTitles":["EIAService.e2e (placeholder)"],"fullName":"EIAService.e2e (placeholder) should have real tests implemented","status":"passed","title":"should have real tests implemented","duration":0.06583300232887268,"failureMessages":[],"meta":{}},{"ancestorTitles":["EIAService"],"fullName":"EIAService fetches the latest oil price successfully","status":"passed","title":"fetches the latest oil price successfully","duration":4.745166003704071,"failureMessages":[],"meta":{}},{"ancestorTitles":["EIAService"],"fullName":"EIAService fetches the latest gasoline price successfully","status":"passed","title":"fetches the latest gasoline price successfully","duration":2.9649169966578484,"failureMessages":[],"meta":{}},{"ancestorTitles":["EIAService"],"fullName":"EIAService fetches the latest oil inventory successfully","status":"passed","title":"fetches the latest oil inventory successfully","duration":3.057957999408245,"failureMessages":[],"meta":{}},{"ancestorTitles":["EIAService"],"fullName":"EIAService handles fetch errors","status":"passed","title":"handles fetch errors","duration":2.99787500500679,"failureMessages":[],"meta":{}}],"startTime":1749914110603,"endTime":1749914111974.9978,"status":"passed","message":"","name":"/Users/jono/Documents/GitHub/starcom-app/starcom-mk2/src/services/data-services.all.test.ts"},{"assertionResults":[{"ancestorTitles":["Web3Login AuthErrorBoundary"],"fullName":"Web3Login AuthErrorBoundary shows error boundary UI if an auth error occurs","status":"passed","title":"shows error boundary UI if an auth error occurs","duration":36.84745900332928,"failureMessages":[],"meta":{}},{"ancestorTitles":["Web3Login AuthErrorBoundary"],"fullName":"Web3Login AuthErrorBoundary renders children if no error is thrown","status":"passed","title":"renders children if no error is thrown","duration":1.7493340000510216,"failureMessages":[],"meta":{}},{"ancestorTitles":["Web3Login AuthErrorBoundary"],"fullName":"Web3Login AuthErrorBoundary resets error boundary on rerender","status":"passed","title":"resets error boundary on rerender","duration":17.42195799946785,"failureMessages":[],"meta":{}}],"startTime":1749914111620,"endTime":1749914111675.4219,"status":"passed","message":"","name":"/Users/jono/Documents/GitHub/starcom-app/starcom-mk2/src/components/Auth/AuthErrorBoundary.test.tsx"},{"assertionResults":[],"startTime":1749914105985,"endTime":1749914105985,"status":"failed","message":"No test suite found in file /Users/jono/Documents/GitHub/starcom-app/starcom-mk2/src/components/Auth/TermsModal.test.tsx","name":"/Users/jono/Documents/GitHub/starcom-app/starcom-mk2/src/components/Auth/TermsModal.test.tsx"},{"assertionResults":[],"startTime":1749914105985,"endTime":1749914105985,"status":"failed","message":"Named export 'createMapValueFn' not found. The requested module '@vanilla-extract/sprinkles/createUtils' is a CommonJS module, which may not support all module.exports as named exports.\nCommonJS modules can always be imported via the default export, for example using:\n\nimport pkg from '@vanilla-extract/sprinkles/createUtils';\nconst { createMapValueFn: _51c72 } = pkg;\n","name":"/Users/jono/Documents/GitHub/starcom-app/starcom-mk2/src/components/Auth/TokenGatedPage.test.tsx"},{"assertionResults":[],"startTime":1749914105985,"endTime":1749914105985,"status":"failed","message":"Named export 'createMapValueFn' not found. The requested module '@vanilla-extract/sprinkles/createUtils' is a CommonJS module, which may not support all module.exports as named exports.\nCommonJS modules can always be imported via the default export, for example using:\n\nimport pkg from '@vanilla-extract/sprinkles/createUtils';\nconst { createMapValueFn: _51c72 } = pkg;\n","name":"/Users/jono/Documents/GitHub/starcom-app/starcom-mk2/src/components/Auth/WalletStatus.modal.test.tsx"},{"assertionResults":[],"startTime":1749914105985,"endTime":1749914105985,"status":"failed","message":"Named export 'createMapValueFn' not found. The requested module '@vanilla-extract/sprinkles/createUtils' is a CommonJS module, which may not support all module.exports as named exports.\nCommonJS modules can always be imported via the default export, for example using:\n\nimport pkg from '@vanilla-extract/sprinkles/createUtils';\nconst { createMapValueFn: _51c72 } = pkg;\n","name":"/Users/jono/Documents/GitHub/starcom-app/starcom-mk2/src/components/Auth/WalletStatus.network.test.tsx"},{"assertionResults":[],"startTime":1749914105985,"endTime":1749914105985,"status":"failed","message":"Named export 'createMapValueFn' not found. The requested module '@vanilla-extract/sprinkles/createUtils' is a CommonJS module, which may not support all module.exports as named exports.\nCommonJS modules can always be imported via the default export, for example using:\n\nimport pkg from '@vanilla-extract/sprinkles/createUtils';\nconst { createMapValueFn: _51c72 } = pkg;\n","name":"/Users/jono/Documents/GitHub/starcom-app/starcom-mk2/src/components/Auth/WalletStatus.session.test.tsx"},{"assertionResults":[],"startTime":1749914105985,"endTime":1749914105985,"status":"failed","message":"No test suite found in file /Users/jono/Documents/GitHub/starcom-app/starcom-mk2/src/components/Auth/WalletStatus.test.tsx","name":"/Users/jono/Documents/GitHub/starcom-app/starcom-mk2/src/components/Auth/WalletStatus.test.tsx"},{"assertionResults":[],"startTime":1749914105985,"endTime":1749914105985,"status":"failed","message":"Named export 'createMapValueFn' not found. The requested module '@vanilla-extract/sprinkles/createUtils' is a CommonJS module, which may not support all module.exports as named exports.\nCommonJS modules can always be imported via the default export, for example using:\n\nimport pkg from '@vanilla-extract/sprinkles/createUtils';\nconst { createMapValueFn: _51c72 } = pkg;\n","name":"/Users/jono/Documents/GitHub/starcom-app/starcom-mk2/src/components/Auth/WalletStatus.unit.test.tsx"},{"assertionResults":[],"startTime":1749914105985,"endTime":1749914105985,"status":"failed","message":"Named export 'createMapValueFn' not found. The requested module '@vanilla-extract/sprinkles/createUtils' is a CommonJS module, which may not support all module.exports as named exports.\nCommonJS modules can always be imported via the default export, for example using:\n\nimport pkg from '@vanilla-extract/sprinkles/createUtils';\nconst { createMapValueFn: _51c72 } = pkg;\n","name":"/Users/jono/Documents/GitHub/starcom-app/starcom-mk2/src/components/Auth/Web3Login.accessibility.test.tsx"},{"assertionResults":[],"startTime":1749914105985,"endTime":1749914105985,"status":"failed","message":"Named export 'createMapValueFn' not found. The requested module '@vanilla-extract/sprinkles/createUtils' is a CommonJS module, which may not support all module.exports as named exports.\nCommonJS modules can always be imported via the default export, for example using:\n\nimport pkg from '@vanilla-extract/sprinkles/createUtils';\nconst { createMapValueFn: _51c72 } = pkg;\n","name":"/Users/jono/Documents/GitHub/starcom-app/starcom-mk2/src/components/Auth/Web3Login.protected.test.tsx"},{"assertionResults":[],"startTime":1749914105985,"endTime":1749914105985,"status":"failed","message":"Named export 'createMapValueFn' not found. The requested module '@vanilla-extract/sprinkles/createUtils' is a CommonJS module, which may not support all module.exports as named exports.\nCommonJS modules can always be imported via the default export, for example using:\n\nimport pkg from '@vanilla-extract/sprinkles/createUtils';\nconst { createMapValueFn: _51c72 } = pkg;\n","name":"/Users/jono/Documents/GitHub/starcom-app/starcom-mk2/src/components/Auth/Web3Login.wallet.test.tsx"},{"assertionResults":[{"ancestorTitles":["SessionExpiryCountdown"],"fullName":"SessionExpiryCountdown renders and updates countdown, triggers onWarning and onExpire","status":"passed","title":"renders and updates countdown, triggers onWarning and onExpire","duration":20.88179200142622,"failureMessages":[],"meta":{}}],"startTime":1749914112015,"endTime":1749914112035.8818,"status":"passed","message":"","name":"/Users/jono/Documents/GitHub/starcom-app/starcom-mk2/src/components/Shared/SessionExpiryCountdown.test.tsx"},{"assertionResults":[{"ancestorTitles":["TinyGlobe Mode Synchronization"],"fullName":"TinyGlobe Mode Synchronization renders without crashing","status":"passed","title":"renders without crashing","duration":18.72291699796915,"failureMessages":[],"meta":{}},{"ancestorTitles":["TinyGlobe Mode Synchronization"],"fullName":"TinyGlobe Mode Synchronization UI buttons update VisualizationMode context","status":"passed","title":"UI buttons update VisualizationMode context","duration":17.94141600281,"failureMessages":[],"meta":{}}],"startTime":1749914111253,"endTime":1749914111289.9414,"status":"passed","message":"","name":"/Users/jono/Documents/GitHub/starcom-app/starcom-mk2/src/components/TinyGlobe/TinyGlobe.test.tsx"},{"assertionResults":[{"ancestorTitles":["EIADataCacheService observability"],"fullName":"EIADataCacheService observability calls observer hooks on cache hit/miss/evict","status":"passed","title":"calls observer hooks on cache hit/miss/evict","duration":1.2740409970283508,"failureMessages":[],"meta":{}}],"startTime":1749914112322,"endTime":1749914112323.274,"status":"passed","message":"","name":"/Users/jono/Documents/GitHub/starcom-app/starcom-mk2/src/services/eia/EIADataCacheService.observability.test.ts"},{"assertionResults":[{"ancestorTitles":["EIADataCacheService"],"fullName":"EIADataCacheService returns cached value on hit","status":"passed","title":"returns cached value on hit","duration":1.487457998096943,"failureMessages":[],"meta":{}},{"ancestorTitles":["EIADataCacheService"],"fullName":"EIADataCacheService expires value after TTL","status":"passed","title":"expires value after TTL","duration":0.9378750026226044,"failureMessages":[],"meta":{}},{"ancestorTitles":["EIADataCacheService"],"fullName":"EIADataCacheService calls observer hooks","status":"passed","title":"calls observer hooks","duration":0.9451669976115227,"failureMessages":[],"meta":{}}],"startTime":1749914112067,"endTime":1749914112069.945,"status":"passed","message":"","name":"/Users/jono/Documents/GitHub/starcom-app/starcom-mk2/src/services/eia/EIADataCacheService.unit.test.ts"},{"assertionResults":[{"ancestorTitles":["EIADataProvider observability"],"fullName":"EIADataProvider observability calls observer hooks on fetch success","status":"passed","title":"calls observer hooks on fetch success","duration":374.53829199820757,"failureMessages":[],"meta":{}}],"startTime":1749914111041,"endTime":1749914111415.5383,"status":"passed","message":"","name":"/Users/jono/Documents/GitHub/starcom-app/starcom-mk2/src/services/eia/EIADataProvider.observability.test.ts"},{"assertionResults":[{"ancestorTitles":["EIADataProvider"],"fullName":"EIADataProvider returns data on success","status":"passed","title":"returns data on success","duration":628.6392910033464,"failureMessages":[],"meta":{}},{"ancestorTitles":["EIADataProvider"],"fullName":"EIADataProvider calls observer hooks","status":"passed","title":"calls observer hooks","duration":342.85200000554323,"failureMessages":[],"meta":{}}],"startTime":1749914110469,"endTime":1749914111439.852,"status":"passed","message":"","name":"/Users/jono/Documents/GitHub/starcom-app/starcom-mk2/src/services/eia/EIADataProvider.unit.test.ts"},{"assertionResults":[{"ancestorTitles":["EIAService.e2e (placeholder)"],"fullName":"EIAService.e2e (placeholder) should have real tests implemented","status":"passed","title":"should have real tests implemented","duration":0.5510419979691505,"failureMessages":[],"meta":{}}],"startTime":1749914112332,"endTime":1749914112332.551,"status":"passed","message":"","name":"/Users/jono/Documents/GitHub/starcom-app/starcom-mk2/src/services/eia/EIAService.e2e.test.ts"},{"assertionResults":[{"ancestorTitles":["EIAService"],"fullName":"EIAService fetches the latest oil price successfully","status":"passed","title":"fetches the latest oil price successfully","duration":32.98766700178385,"failureMessages":[],"meta":{}},{"ancestorTitles":["EIAService"],"fullName":"EIAService fetches the latest gasoline price successfully","status":"passed","title":"fetches the latest gasoline price successfully","duration":2.6042499989271164,"failureMessages":[],"meta":{}},{"ancestorTitles":["EIAService"],"fullName":"EIAService fetches the latest oil inventory successfully","status":"passed","title":"fetches the latest oil inventory successfully","duration":2.909000001847744,"failureMessages":[],"meta":{}},{"ancestorTitles":["EIAService"],"fullName":"EIAService handles fetch errors","status":"passed","title":"handles fetch errors","duration":3.3252089992165565,"failureMessages":[],"meta":{}}],"startTime":1749914111584,"endTime":1749914111625.3252,"status":"passed","message":"","name":"/Users/jono/Documents/GitHub/starcom-app/starcom-mk2/src/services/eia/EIAService.test.ts"},{"assertionResults":[{"ancestorTitles":["FallbackProvider"],"fullName":"FallbackProvider returns data from the first successful provider","status":"passed","title":"returns data from the first successful provider","duration":1.9170000031590462,"failureMessages":[],"meta":{}},{"ancestorTitles":["FallbackProvider"],"fullName":"FallbackProvider throws if all providers fail","status":"passed","title":"throws if all providers fail","duration":1.3298330008983612,"failureMessages":[],"meta":{}}],"startTime":1749914112155,"endTime":1749914112158.3298,"status":"passed","message":"","name":"/Users/jono/Documents/GitHub/starcom-app/starcom-mk2/src/services/shared/FallbackProvider.unit.test.ts"},{"assertionResults":[{"ancestorTitles":["MarketDataCacheService.unit (placeholder)"],"fullName":"MarketDataCacheService.unit (placeholder) should have real tests implemented","status":"passed","title":"should have real tests implemented","duration":0.5232919976115227,"failureMessages":[],"meta":{}}],"startTime":1749914112509,"endTime":1749914112509.5232,"status":"passed","message":"","name":"/Users/jono/Documents/GitHub/starcom-app/starcom-mk2/src/services/market/MarketDataCacheService.unit.test.ts"},{"assertionResults":[{"ancestorTitles":["MarketDataProvider.unit (placeholder)"],"fullName":"MarketDataProvider.unit (placeholder) should have real tests implemented","status":"passed","title":"should have real tests implemented","duration":0.527208000421524,"failureMessages":[],"meta":{}}],"startTime":1749914112549,"endTime":1749914112549.527,"status":"passed","message":"","name":"/Users/jono/Documents/GitHub/starcom-app/starcom-mk2/src/services/market/MarketDataProvider.unit.test.ts"},{"assertionResults":[{"ancestorTitles":["Marquee"],"fullName":"Marquee renders data points","status":"failed","title":"renders data points","duration":32.243166998028755,"failureMessages":["TestingLibraryElementError: Found multiple elements with the text of: Oil: $75.00\n\nHere are the matching elements:\n\nIgnored nodes: comments, script, style\n\u001b[36m<span\u001b[39m\n  \u001b[33maria-label\u001b[39m=\u001b[32m\"Oil: $75.00\"\u001b[39m\n  \u001b[33mclass\u001b[39m=\u001b[32m\"_marqueeItem_ad001e\"\u001b[39m\n\u001b[36m>\u001b[39m\n  \u001b[36m<span\u001b[39m\n    \u001b[33maria-hidden\u001b[39m=\u001b[32m\"true\"\u001b[39m\n    \u001b[33mclass\u001b[39m=\u001b[32m\"_marqueeIcon_ad001e\"\u001b[39m\n  \u001b[36m>\u001b[39m\n    \u001b[0m🛢️\u001b[0m\n  \u001b[36m</span>\u001b[39m\n  \u001b[36m<span>\u001b[39m\n    \u001b[0mOil\u001b[0m\n  \u001b[36m</span>\u001b[39m\n  \u001b[36m<span\u001b[39m\n    \u001b[33mclass\u001b[39m=\u001b[32m\"_marqueeValue_ad001e\"\u001b[39m\n  \u001b[36m>\u001b[39m\n    \u001b[0m$75.00\u001b[0m\n  \u001b[36m</span>\u001b[39m\n\u001b[36m</span>\u001b[39m\n\nIgnored nodes: comments, script, style\n\u001b[36m<span\u001b[39m\n  \u001b[33maria-hidden\u001b[39m=\u001b[32m\"true\"\u001b[39m\n  \u001b[33maria-label\u001b[39m=\u001b[32m\"Oil: $75.00\"\u001b[39m\n  \u001b[33mclass\u001b[39m=\u001b[32m\"_marqueeItem_ad001e\"\u001b[39m\n\u001b[36m>\u001b[39m\n  \u001b[36m<span\u001b[39m\n    \u001b[33maria-hidden\u001b[39m=\u001b[32m\"true\"\u001b[39m\n    \u001b[33mclass\u001b[39m=\u001b[32m\"_marqueeIcon_ad001e\"\u001b[39m\n  \u001b[36m>\u001b[39m\n    \u001b[0m🛢️\u001b[0m\n  \u001b[36m</span>\u001b[39m\n  \u001b[36m<span>\u001b[39m\n    \u001b[0mOil\u001b[0m\n  \u001b[36m</span>\u001b[39m\n  \u001b[36m<span\u001b[39m\n    \u001b[33mclass\u001b[39m=\u001b[32m\"_marqueeValue_ad001e\"\u001b[39m\n  \u001b[36m>\u001b[39m\n    \u001b[0m$75.00\u001b[0m\n  \u001b[36m</span>\u001b[39m\n\u001b[36m</span>\u001b[39m\n\n(If this is intentional, then use the `*AllBy*` variant of the query (like `queryAllByText`, `getAllByText`, or `findAllByText`)).\n\nIgnored nodes: comments, script, style\n\u001b[36m<body>\u001b[39m\n  \u001b[36m<div>\u001b[39m\n    \u001b[36m<div\u001b[39m\n      \u001b[33maria-describedby\u001b[39m=\u001b[32m\"marquee-desc\"\u001b[39m\n      \u001b[33maria-label\u001b[39m=\u001b[32m\"marquee\"\u001b[39m\n      \u001b[33maria-live\u001b[39m=\u001b[32m\"polite\"\u001b[39m\n      \u001b[33mclass\u001b[39m=\u001b[32m\"_marquee_ad001e\"\u001b[39m\n      \u001b[33mrole\u001b[39m=\u001b[32m\"region\"\u001b[39m\n      \u001b[33mtabindex\u001b[39m=\u001b[32m\"0\"\u001b[39m\n    \u001b[36m>\u001b[39m\n      \u001b[36m<span\u001b[39m\n        \u001b[33mclass\u001b[39m=\u001b[32m\"sr-only\"\u001b[39m\n        \u001b[33mid\u001b[39m=\u001b[32m\"marquee-desc\"\u001b[39m\n      \u001b[36m>\u001b[39m\n        \u001b[0mAuto-animating news ticker. Press Tab to focus, hover to pause.\u001b[0m\n      \u001b[36m</span>\u001b[39m\n      \u001b[36m<div\u001b[39m\n        \u001b[33mclass\u001b[39m=\u001b[32m\"_marqueeContent_ad001e\"\u001b[39m\n        \u001b[33mstyle\u001b[39m=\u001b[32m\"transform: translateX(0px);\"\u001b[39m\n      \u001b[36m>\u001b[39m\n        \u001b[36m<span\u001b[39m\n          \u001b[33maria-label\u001b[39m=\u001b[32m\"Oil: $75.00\"\u001b[39m\n          \u001b[33mclass\u001b[39m=\u001b[32m\"_marqueeItem_ad001e\"\u001b[39m\n        \u001b[36m>\u001b[39m\n          \u001b[36m<span\u001b[39m\n            \u001b[33maria-hidden\u001b[39m=\u001b[32m\"true\"\u001b[39m\n            \u001b[33mclass\u001b[39m=\u001b[32m\"_marqueeIcon_ad001e\"\u001b[39m\n          \u001b[36m>\u001b[39m\n            \u001b[0m🛢️\u001b[0m\n          \u001b[36m</span>\u001b[39m\n          \u001b[36m<span>\u001b[39m\n            \u001b[0mOil\u001b[0m\n          \u001b[36m</span>\u001b[39m\n          \u001b[36m<span\u001b[39m\n            \u001b[33mclass\u001b[39m=\u001b[32m\"_marqueeValue_ad001e\"\u001b[39m\n          \u001b[36m>\u001b[39m\n            \u001b[0m$75.00\u001b[0m\n          \u001b[36m</span>\u001b[39m\n        \u001b[36m</span>\u001b[39m\n        \u001b[36m<span\u001b[39m\n          \u001b[33maria-label\u001b[39m=\u001b[32m\"S&P500: +0.5%\"\u001b[39m\n          \u001b[33mclass\u001b[39m=\u001b[32m\"_marqueeItem_ad001e\"\u001b[39m\n        \u001b[36m>\u001b[39m\n          \u001b[36m<span\u001b[39m\n            \u001b[33maria-hidden\u001b[39m=\u001b[32m\"true\"\u001b[39m\n            \u001b[33mclass\u001b[39m=\u001b[32m\"_marqueeIcon_ad001e\"\u001b[39m\n          \u001b[36m>\u001b[39m\n            \u001b[0m📈\u001b[0m\n          \u001b[36m</span>\u001b[39m\n          \u001b[36m<span>\u001b[39m\n            \u001b[0mS&P500\u001b[0m\n          \u001b[36m</span>\u001b[39m\n          \u001b[36m<span\u001b[39m\n            \u001b[33mclass\u001b[39m=\u001b[32m\"_marqueeValue_ad001e\"\u001b[39m\n          \u001b[36m>\u001b[39m\n            \u001b[0m+0.5%\u001b[0m\n          \u001b[36m</span>\u001b[39m\n        \u001b[36m</span>\u001b[39m\n        \u001b[36m<span\u001b[39m\n          \u001b[33maria-label\u001b[39m=\u001b[32m\"BTC: $67k\"\u001b[39m\n          \u001b[33mclass\u001b[39m=\u001b[32m\"_marqueeItem_ad001e\"\u001b[39m\n        \u001b[36m>\u001b[39m\n          \u001b[36m<span\u001b[39m\n            \u001b[33maria-hidden\u001b[39m=\u001b[32m\"true\"\u001b[39m\n            \u001b[33mclass\u001b[39m=\u001b[32m\"_marqueeIcon_ad001e\"\u001b[39m\n          \u001b[36m>\u001b[39m\n            \u001b[0m₿\u001b[0m\n          \u001b[36m</span>\u001b[39m\n          \u001b[36m<span>\u001b[39m\n            \u001b[0mBTC\u001b[0m\n          \u001b[36m</span>\u001b[39m\n          \u001b[36m<span\u001b[39m\n            \u001b[33mclass\u001b[39m=\u001b[32m\"_marqueeValue_ad001e\"\u001b[39m\n          \u001b[36m>\u001b[39m\n            \u001b[0m$67k\u001b[0m\n          \u001b[36m</span>\u001b[39m\n        \u001b[36m</span>\u001b[39m\n        \u001b[36m<span\u001b[39m\n          \u001b[33maria-hidden\u001b[39m=\u001b[32m\"true\"\u001b[39m\n          \u001b[33maria-label\u001b[39m=\u001b[32m\"Oil: $75.00\"\u001b[39m\n          \u001b[33mclass\u001b[39m=\u001b[32m\"_marqueeItem_ad001e\"\u001b[39m\n        \u001b[36m>\u001b[39m\n          \u001b[36m<span\u001b[39m\n            \u001b[33maria-hidden\u001b[39m=\u001b[32m\"true\"\u001b[39m\n            \u001b[33mclass\u001b[39m=\u001b[32m\"_marqueeIcon_ad001e\"\u001b[39m\n          \u001b[36m>\u001b[39m\n            \u001b[0m🛢️\u001b[0m\n          \u001b[36m</span>\u001b[39m\n          \u001b[36m<span>\u001b[39m\n            \u001b[0mOil\u001b[0m\n          \u001b[36m</span>\u001b[39m\n          \u001b[36m<span\u001b[39m\n            \u001b[33mclass\u001b[39m=\u001b[32m\"_marqueeValue_ad001e\"\u001b[39m\n          \u001b[36m>\u001b[39m\n            \u001b[0m$75.00\u001b[0m\n          \u001b[36m</span>\u001b[39m\n        \u001b[36m</span>\u001b[39m\n        \u001b[36m<span\u001b[39m\n          \u001b[33maria-hidden\u001b[39m=\u001b[32m\"true\"\u001b[39m\n          \u001b[33maria-label\u001b[39m=\u001b[32m\"S&P500: +0.5%\"\u001b[39m\n          \u001b[33mclass\u001b[39m=\u001b[32m\"_marqueeItem_ad001e\"\u001b[39m\n        \u001b[36m>\u001b[39m\n          \u001b[36m<span\u001b[39m\n            \u001b[33maria-hidden\u001b[39m=\u001b[32m\"true\"\u001b[39m\n            \u001b[33mclass\u001b[39m=\u001b[32m\"_marqueeIcon_ad001e\"\u001b[39m\n          \u001b[36m>\u001b[39m\n            \u001b[0m📈\u001b[0m\n          \u001b[36m</span>\u001b[39m\n          \u001b[36m<span>\u001b[39m\n            \u001b[0mS&P500\u001b[0m\n          \u001b[36m</span>\u001b[39m\n          \u001b[36m<span\u001b[39m\n            \u001b[33mclass\u001b[39m=\u001b[32m\"_marqueeValue_ad001e\"\u001b[39m\n          \u001b[36m>\u001b[39m\n            \u001b[0m+0.5%\u001b[0m\n          \u001b[36m</span>\u001b[39m\n        \u001b[36m</span>\u001b[39m\n        \u001b[36m<span\u001b[39m\n          \u001b[33maria-hidden\u001b[39m=\u001b[32m\"true\"\u001b[39m\n          \u001b[33maria-label\u001b[39m=\u001b[32m\"BTC: $67k\"\u001b[39m\n          \u001b[33mclass\u001b[39m=\u001b[32m\"_marqueeItem_ad001e\"\u001b[39m\n        \u001b[36m>\u001b[39m\n          \u001b[36m<span\u001b[39m\n            \u001b[33maria-hidden\u001b[39m=\u001b[32m\"true\"\u001b[39m\n            \u001b[33mclass\u001b[39m=\u001b[32m\"_marqueeIcon_ad001e\"\u001b[39m\n          \u001b[36m>\u001b[39m\n            \u001b[0m₿\u001b[0m\n          \u001b[36m</span>\u001b[39m\n          \u001b[36m<span>\u001b[39m\n            \u001b[0mBTC\u001b[0m\n          \u001b[36m</span>\u001b[39m\n          \u001b[36m<span\u001b[39m\n            \u001b[33mclass\u001b[39m=\u001b[32m\"_marqueeValue_ad001e\"\u001b[39m\n          \u001b[36m>\u001b[39m\n            \u001b[0m$67k\u001b[0m\n          \u001b[36m</span>\u001b[39m\n        \u001b[36m</span>\u001b[39m\n      \u001b[36m</div>\u001b[39m\n    \u001b[36m</div>\u001b[39m\n  \u001b[36m</div>\u001b[39m\n\u001b[36m</body>\u001b[39m\n    at Object.getElementError (/Users/jono/Documents/GitHub/starcom-app/starcom-mk2/node_modules/@testing-library/dom/dist/config.js:37:19)\n    at getElementError (/Users/jono/Documents/GitHub/starcom-app/starcom-mk2/node_modules/@testing-library/dom/dist/query-helpers.js:20:35)\n    at getMultipleElementsFoundError (/Users/jono/Documents/GitHub/starcom-app/starcom-mk2/node_modules/@testing-library/dom/dist/query-helpers.js:23:10)\n    at /Users/jono/Documents/GitHub/starcom-app/starcom-mk2/node_modules/@testing-library/dom/dist/query-helpers.js:55:13\n    at getByLabelText (/Users/jono/Documents/GitHub/starcom-app/starcom-mk2/node_modules/@testing-library/dom/dist/query-helpers.js:95:19)\n    at forEach (/Users/jono/Documents/GitHub/starcom-app/starcom-mk2/src/components/HUD/Bars/TopBar/Marquee.test.tsx:16:21)\n    at Array.forEach (<anonymous>)\n    at /Users/jono/Documents/GitHub/starcom-app/starcom-mk2/src/components/HUD/Bars/TopBar/Marquee.test.tsx:15:16\n    at file:///Users/jono/Documents/GitHub/starcom-app/starcom-mk2/node_modules/@vitest/runner/dist/chunk-hooks.js:155:11\n    at file:///Users/jono/Documents/GitHub/starcom-app/starcom-mk2/node_modules/@vitest/runner/dist/chunk-hooks.js:752:26"],"meta":{}},{"ancestorTitles":["Marquee"],"fullName":"Marquee shows loading state","status":"passed","title":"shows loading state","duration":22.626167006790638,"failureMessages":[],"meta":{}},{"ancestorTitles":["Marquee"],"fullName":"Marquee shows error state","status":"passed","title":"shows error state","duration":4.59375,"failureMessages":[],"meta":{}},{"ancestorTitles":["Marquee"],"fullName":"Marquee shows empty state","status":"passed","title":"shows empty state","duration":1.806417003273964,"failureMessages":[],"meta":{}},{"ancestorTitles":["Marquee"],"fullName":"Marquee is keyboard focusable and shows visible focus","status":"failed","title":"is keyboard focusable and shows visible focus","duration":1028.5160410031676,"failureMessages":["AssertionError: expected '_marquee_ad001e' to match /ring-2/\n\nIgnored nodes: comments, script, style\n\u001b[36m<html>\u001b[39m\n  \u001b[36m<head />\u001b[39m\n  \u001b[36m<body>\u001b[39m\n    \u001b[36m<div>\u001b[39m\n      \u001b[36m<div\u001b[39m\n        \u001b[33maria-describedby\u001b[39m=\u001b[32m\"marquee-desc\"\u001b[39m\n        \u001b[33maria-label\u001b[39m=\u001b[32m\"marquee\"\u001b[39m\n        \u001b[33maria-live\u001b[39m=\u001b[32m\"polite\"\u001b[39m\n        \u001b[33mclass\u001b[39m=\u001b[32m\"_marquee_ad001e\"\u001b[39m\n        \u001b[33mrole\u001b[39m=\u001b[32m\"region\"\u001b[39m\n        \u001b[33mtabindex\u001b[39m=\u001b[32m\"0\"\u001b[39m\n      \u001b[36m>\u001b[39m\n        \u001b[36m<span\u001b[39m\n          \u001b[33mclass\u001b[39m=\u001b[32m\"sr-only\"\u001b[39m\n          \u001b[33mid\u001b[39m=\u001b[32m\"marquee-desc\"\u001b[39m\n        \u001b[36m>\u001b[39m\n          \u001b[0mAuto-animating news ticker. Press Tab to focus, hover to pause.\u001b[0m\n        \u001b[36m</span>\u001b[39m\n        \u001b[36m<div\u001b[39m\n          \u001b[33mclass\u001b[39m=\u001b[32m\"_marqueeContent_ad001e\"\u001b[39m\n          \u001b[33mstyle\u001b[39m=\u001b[32m\"transform: translateX(0px);\"\u001b[39m\n        \u001b[36m>\u001b[39m\n          \u001b[36m<span\u001b[39m\n            \u001b[33maria-label\u001b[39m=\u001b[32m\"Oil: $75.00\"\u001b[39m\n            \u001b[33mclass\u001b[39m=\u001b[32m\"_marqueeItem_ad001e\"\u001b[39m\n          \u001b[36m>\u001b[39m\n            \u001b[36m<span\u001b[39m\n              \u001b[33maria-hidden\u001b[39m=\u001b[32m\"true\"\u001b[39m\n              \u001b[33mclass\u001b[39m=\u001b[32m\"_marqueeIcon_ad001e\"\u001b[39m\n            \u001b[36m>\u001b[39m\n              \u001b[0m🛢️\u001b[0m\n            \u001b[36m</span>\u001b[39m\n            \u001b[36m<span>\u001b[39m\n              \u001b[0mOil\u001b[0m\n            \u001b[36m</span>\u001b[39m\n            \u001b[36m<span\u001b[39m\n              \u001b[33mclass\u001b[39m=\u001b[32m\"_marqueeValue_ad001e\"\u001b[39m\n            \u001b[36m>\u001b[39m\n              \u001b[0m$75.00\u001b[0m\n            \u001b[36m</span>\u001b[39m\n          \u001b[36m</span>\u001b[39m\n          \u001b[36m<span\u001b[39m\n            \u001b[33maria-label\u001b[39m=\u001b[32m\"S&P500: +0.5%\"\u001b[39m\n            \u001b[33mclass\u001b[39m=\u001b[32m\"_marqueeItem_ad001e\"\u001b[39m\n          \u001b[36m>\u001b[39m\n            \u001b[36m<span\u001b[39m\n              \u001b[33maria-hidden\u001b[39m=\u001b[32m\"true\"\u001b[39m\n              \u001b[33mclass\u001b[39m=\u001b[32m\"_marqueeIcon_ad001e\"\u001b[39m\n            \u001b[36m>\u001b[39m\n              \u001b[0m📈\u001b[0m\n            \u001b[36m</span>\u001b[39m\n            \u001b[36m<span>\u001b[39m\n              \u001b[0mS&P500\u001b[0m\n            \u001b[36m</span>\u001b[39m\n            \u001b[36m<span\u001b[39m\n              \u001b[33mclass\u001b[39m=\u001b[32m\"_marqueeValue_ad001e\"\u001b[39m\n            \u001b[36m>\u001b[39m\n              \u001b[0m+0.5%\u001b[0m\n            \u001b[36m</span>\u001b[39m\n          \u001b[36m</span>\u001b[39m\n          \u001b[36m<span\u001b[39m\n            \u001b[33maria-label\u001b[39m=\u001b[32m\"BTC: $67k\"\u001b[39m\n            \u001b[33mclass\u001b[39m=\u001b[32m\"_marqueeItem_ad001e\"\u001b[39m\n          \u001b[36m>\u001b[39m\n            \u001b[36m<span\u001b[39m\n              \u001b[33maria-hidden\u001b[39m=\u001b[32m\"true\"\u001b[39m\n              \u001b[33mclass\u001b[39m=\u001b[32m\"_marqueeIcon_ad001e\"\u001b[39m\n            \u001b[36m>\u001b[39m\n              \u001b[0m₿\u001b[0m\n            \u001b[36m</span>\u001b[39m\n            \u001b[36m<span>\u001b[39m\n              \u001b[0mBTC\u001b[0m\n            \u001b[36m</span>\u001b[39m\n            \u001b[36m<span\u001b[39m\n              \u001b[33mclass\u001b[39m=\u001b[32m\"_marqueeValue_ad001e\"\u001b[39m\n            \u001b[36m>\u001b[39m\n              \u001b[0m$67k\u001b[0m\n            \u001b[36m</span>\u001b[39m\n          \u001b[36m</span>\u001b[39m\n          \u001b[36m<span\u001b[39m\n            \u001b[33maria-hidden\u001b[39m=\u001b[32m\"true\"\u001b[39m\n            \u001b[33maria-label\u001b[39m=\u001b[32m\"Oil: $75.00\"\u001b[39m\n            \u001b[33mclass\u001b[39m=\u001b[32m\"_marqueeItem_ad001e\"\u001b[39m\n          \u001b[36m>\u001b[39m\n            \u001b[36m<span\u001b[39m\n              \u001b[33maria-hidden\u001b[39m=\u001b[32m\"true\"\u001b[39m\n              \u001b[33mclass\u001b[39m=\u001b[32m\"_marqueeIcon_ad001e\"\u001b[39m\n            \u001b[36m>\u001b[39m\n              \u001b[0m🛢️\u001b[0m\n            \u001b[36m</span>\u001b[39m\n            \u001b[36m<span>\u001b[39m\n              \u001b[0mOil\u001b[0m\n            \u001b[36m</span>\u001b[39m\n            \u001b[36m<span\u001b[39m\n              \u001b[33mclass\u001b[39m=\u001b[32m\"_marqueeValue_ad001e\"\u001b[39m\n            \u001b[36m>\u001b[39m\n              \u001b[0m$75.00\u001b[0m\n            \u001b[36m</span>\u001b[39m\n          \u001b[36m</span>\u001b[39m\n          \u001b[36m<span\u001b[39m\n            \u001b[33maria-hidden\u001b[39m=\u001b[32m\"true\"\u001b[39m\n            \u001b[33maria-label\u001b[39m=\u001b[32m\"S&P500: +0.5%\"\u001b[39m\n            \u001b[33mclass\u001b[39m=\u001b[32m\"_marqueeItem_ad001e\"\u001b[39m\n          \u001b[36m>\u001b[39m\n            \u001b[36m<span\u001b[39m\n              \u001b[33maria-hidden\u001b[39m=\u001b[32m\"true\"\u001b[39m\n              \u001b[33mclass\u001b[39m=\u001b[32m\"_marqueeIcon_ad001e\"\u001b[39m\n            \u001b[36m>\u001b[39m\n              \u001b[0m📈\u001b[0m\n            \u001b[36m</span>\u001b[39m\n            \u001b[36m<span>\u001b[39m\n              \u001b[0mS&P500\u001b[0m\n            \u001b[36m</span>\u001b[39m\n            \u001b[36m<span\u001b[39m\n              \u001b[33mclass\u001b[39m=\u001b[32m\"_marqueeValue_ad001e\"\u001b[39m\n            \u001b[36m>\u001b[39m\n              \u001b[0m+0.5%\u001b[0m\n            \u001b[36m</span>\u001b[39m\n          \u001b[36m</span>\u001b[39m\n          \u001b[36m<span\u001b[39m\n            \u001b[33maria-hidden\u001b[39m=\u001b[32m\"true\"\u001b[39m\n            \u001b[33maria-label\u001b[39m=\u001b[32m\"BTC: $67k\"\u001b[39m\n            \u001b[33mclass\u001b[39m=\u001b[32m\"_marqueeItem_ad001e\"\u001b[39m\n          \u001b[36m>\u001b[39m\n            \u001b[36m<span\u001b[39m\n              \u001b[33maria-hidden\u001b[39m=\u001b[32m\"true\"\u001b[39m\n              \u001b[33mclass\u001b[39m=\u001b[32m\"_marqueeIcon_ad001e\"\u001b[39m\n            \u001b[36m>\u001b[39m\n              \u001b[0m₿\u001b[0m\n            \u001b[36m</span>\u001b[39m\n            \u001b[36m<span>\u001b[39m\n              \u001b[0mBTC\u001b[0m\n            \u001b[36m</span>\u001b[39m\n            \u001b[36m<span\u001b[39m\n              \u001b[33mclass\u001b[39m=\u001b[32m\"_marqueeValue_ad001e\"\u001b[39m\n            \u001b[36m>\u001b[39m\n              \u001b[0m$67k\u001b[0m\n            \u001b[36m</span>\u001b[39m\n          \u001b[36m</span>\u001b[39m\n        \u001b[36m</div>\u001b[39m\n      \u001b[36m</div>\u001b[39m\n    \u001b[36m</div>\u001b[39m\n  \u001b[36m</body>\u001b[39m\n\u001b[36m</html>\u001b[39m\n    at /Users/jono/Documents/GitHub/starcom-app/starcom-mk2/src/components/HUD/Bars/TopBar/Marquee.test.tsx:40:51\n    at runWithExpensiveErrorDiagnosticsDisabled (/Users/jono/Documents/GitHub/starcom-app/starcom-mk2/node_modules/@testing-library/dom/dist/config.js:47:12)\n    at checkCallback (/Users/jono/Documents/GitHub/starcom-app/starcom-mk2/node_modules/@testing-library/dom/dist/wait-for.js:124:77)\n    at Timeout.checkRealTimersCallback (/Users/jono/Documents/GitHub/starcom-app/starcom-mk2/node_modules/@testing-library/dom/dist/wait-for.js:118:16)\n    at listOnTimeout (node:internal/timers:569:17)\n    at processTimers (node:internal/timers:512:7)"],"meta":{}},{"ancestorTitles":["Marquee"],"fullName":"Marquee pauses and resumes on Space/Enter","status":"passed","title":"pauses and resumes on Space/Enter","duration":14.547499999403954,"failureMessages":[],"meta":{}},{"ancestorTitles":["Marquee"],"fullName":"Marquee pauses on mouse enter and resumes on mouse leave","status":"passed","title":"pauses on mouse enter and resumes on mouse leave","duration":9.07362499833107,"failureMessages":[],"meta":{}},{"ancestorTitles":["Marquee"],"fullName":"Marquee has aria-live polite for updates","status":"passed","title":"has aria-live polite for updates","duration":3.3647920042276382,"failureMessages":[],"meta":{}}],"startTime":1749914108270,"endTime":1749914109386.3647,"status":"failed","message":"","name":"/Users/jono/Documents/GitHub/starcom-app/starcom-mk2/src/components/HUD/Bars/TopBar/Marquee.test.tsx"},{"assertionResults":[{"ancestorTitles":["TopBar artifact-driven"],"fullName":"TopBar artifact-driven renders logo, settings button, and marquee","status":"failed","title":"renders logo, settings button, and marquee","duration":42.216832995414734,"failureMessages":["TestingLibraryElementError: Unable to find an element with the alt text: /wing commander logo/i\n\nIgnored nodes: comments, script, style\n\u001b[36m<body>\u001b[39m\n  \u001b[36m<div>\u001b[39m\n    \u001b[36m<header\u001b[39m\n      \u001b[33maria-label\u001b[39m=\u001b[32m\"Top navigation bar\"\u001b[39m\n      \u001b[33mclass\u001b[39m=\u001b[32m\"_topBar_5c5dbd\"\u001b[39m\n      \u001b[33mdata-testid\u001b[39m=\u001b[32m\"topbar-root\"\u001b[39m\n      \u001b[33mrole\u001b[39m=\u001b[32m\"banner\"\u001b[39m\n    \u001b[36m>\u001b[39m\n      \u001b[36m<div\u001b[39m\n        \u001b[33maria-label\u001b[39m=\u001b[32m\"News and data marquee\"\u001b[39m\n        \u001b[33mclass\u001b[39m=\u001b[32m\"_marqueeSection_5c5dbd\"\u001b[39m\n      \u001b[36m>\u001b[39m\n        \u001b[36m<div\u001b[39m\n          \u001b[33maria-describedby\u001b[39m=\u001b[32m\"marquee-desc\"\u001b[39m\n          \u001b[33maria-label\u001b[39m=\u001b[32m\"marquee\"\u001b[39m\n          \u001b[33maria-live\u001b[39m=\u001b[32m\"polite\"\u001b[39m\n          \u001b[33mclass\u001b[39m=\u001b[32m\"_marquee_ad001e\"\u001b[39m\n          \u001b[33mrole\u001b[39m=\u001b[32m\"region\"\u001b[39m\n          \u001b[33mtabindex\u001b[39m=\u001b[32m\"0\"\u001b[39m\n        \u001b[36m>\u001b[39m\n          \u001b[36m<span\u001b[39m\n            \u001b[33mclass\u001b[39m=\u001b[32m\"sr-only\"\u001b[39m\n            \u001b[33mid\u001b[39m=\u001b[32m\"marquee-desc\"\u001b[39m\n          \u001b[36m>\u001b[39m\n            \u001b[0mAuto-animating news ticker. Press Tab to focus, hover to pause.\u001b[0m\n          \u001b[36m</span>\u001b[39m\n          \u001b[36m<div\u001b[39m\n            \u001b[33mclass\u001b[39m=\u001b[32m\"_marqueeContent_ad001e\"\u001b[39m\n            \u001b[33mstyle\u001b[39m=\u001b[32m\"transform: translateX(0px);\"\u001b[39m\n          \u001b[36m>\u001b[39m\n            \u001b[36m<span\u001b[39m\n              \u001b[33maria-label\u001b[39m=\u001b[32m\"Commodities: N/A\"\u001b[39m\n              \u001b[33mclass\u001b[39m=\u001b[32m\"_marqueeItem_ad001e\"\u001b[39m\n            \u001b[36m>\u001b[39m\n              \u001b[36m<span\u001b[39m\n                \u001b[33maria-hidden\u001b[39m=\u001b[32m\"true\"\u001b[39m\n                \u001b[33mclass\u001b[39m=\u001b[32m\"_marqueeIcon_ad001e\"\u001b[39m\n              \u001b[36m>\u001b[39m\n                \u001b[0m🛢️\u001b[0m\n              \u001b[36m</span>\u001b[39m\n              \u001b[36m<span>\u001b[39m\n                \u001b[0mCommodities\u001b[0m\n              \u001b[36m</span>\u001b[39m\n              \u001b[36m<span\u001b[39m\n                \u001b[33mclass\u001b[39m=\u001b[32m\"_marqueeValue_ad001e\"\u001b[39m\n              \u001b[36m>\u001b[39m\n                \u001b[0mN/A\u001b[0m\n              \u001b[36m</span>\u001b[39m\n            \u001b[36m</span>\u001b[39m\n            \u001b[36m<span\u001b[39m\n              \u001b[33maria-label\u001b[39m=\u001b[32m\"Indices: N/A\"\u001b[39m\n              \u001b[33mclass\u001b[39m=\u001b[32m\"_marqueeItem_ad001e\"\u001b[39m\n            \u001b[36m>\u001b[39m\n              \u001b[36m<span\u001b[39m\n                \u001b[33maria-hidden\u001b[39m=\u001b[32m\"true\"\u001b[39m\n                \u001b[33mclass\u001b[39m=\u001b[32m\"_marqueeIcon_ad001e\"\u001b[39m\n              \u001b[36m>\u001b[39m\n                \u001b[0m📈\u001b[0m\n              \u001b[36m</span>\u001b[39m\n              \u001b[36m<span>\u001b[39m\n                \u001b[0mIndices\u001b[0m\n              \u001b[36m</span>\u001b[39m\n              \u001b[36m<span\u001b[39m\n                \u001b[33mclass\u001b[39m=\u001b[32m\"_marqueeValue_ad001e\"\u001b[39m\n              \u001b[36m>\u001b[39m\n                \u001b[0mN/A\u001b[0m\n              \u001b[36m</span>\u001b[39m\n            \u001b[36m</span>\u001b[39m\n            \u001b[36m<span\u001b[39m\n              \u001b[33maria-label\u001b[39m=\u001b[32m\"Crypto: N/A\"\u001b[39m\n              \u001b[33mclass\u001b[39m=\u001b[32m\"_marqueeItem_ad001e\"\u001b[39m\n            \u001b[36m>\u001b[39m\n              \u001b[36m<span\u001b[39m\n                \u001b[33maria-hidden\u001b[39m=\u001b[32m\"true\"\u001b[39m\n                \u001b[33mclass\u001b[39m=\u001b[32m\"_marqueeIcon_ad001e\"\u001b[39m\n              \u001b[36m>\u001b[39m\n                \u001b[0m₿\u001b[0m\n              \u001b[36m</span>\u001b[39m\n              \u001b[36m<span>\u001b[39m\n                \u001b[0mCrypto\u001b[0m\n              \u001b[36m</span>\u001b[39m\n              \u001b[36m<span\u001b[39m\n                \u001b[33mclass\u001b[39m=\u001b[32m\"_marqueeValue_ad001e\"\u001b[39m\n              \u001b[36m>\u001b[39m\n                \u001b[0mN/A\u001b[0m\n              \u001b[36m</span>\u001b[39m\n            \u001b[36m</span>\u001b[39m\n            \u001b[36m<span\u001b[39m\n              \u001b[33maria-label\u001b[39m=\u001b[32m\"Forex: N/A\"\u001b[39m\n              \u001b[33mclass\u001b[39m=\u001b[32m\"_marqueeItem_ad001e\"\u001b[39m\n            \u001b[36m>\u001b[39m\n              \u001b[36m<span\u001b[39m\n                \u001b[33maria-hidden\u001b[39m=\u001b[32m\"true\"\u001b[39m\n                \u001b[33mclass\u001b[39m=\u001b[32m\"_marqueeIcon_ad001e\"\u001b[39m\n              \u001b[36m>\u001b[39m\n                \u001b[0m💱\u001b[0m\n              \u001b[36m</span>\u001b[39m\n              \u001b[36m<span>\u001b[39m\n                \u001b[0mForex\u001b[0m\n              \u001b[36m</span>\u001b[39m\n              \u001b[36m<span\u001b[39m\n                \u001b[33mclass\u001b[39m=\u001b[32m\"_marqueeValue_ad001e\"\u001b[39m\n              \u001b[36m>\u001b[39m\n                \u001b[0mN/A\u001b[0m\n              \u001b[36m</span>\u001b[39m\n            \u001b[36m</span>\u001b[39m\n            \u001b[36m<span\u001b[39m\n              \u001b[33maria-label\u001b[39m=\u001b[32m\"Economic Indicators: N/A\"\u001b[39m\n              \u001b[33mclass\u001b[39m=\u001b[32m\"_marqueeItem_ad001e\"\u001b[39m\n            \u001b[36m>\u001b[39m\n              \u001b[36m<span\u001b[39m\n                \u001b[33maria-hidden\u001b[39m=\u001b[32m\"true\"\u001b[39m\n                \u001b[33mclass\u001b[39m=\u001b[32m\"_marqueeIcon_ad001e\"\u001b[39m\n              \u001b[36m>\u001b[39m\n                \u001b[0m📊\u001b[0m\n              \u001b[36m</span>\u001b[39m\n              \u001b[36m<span>\u001b[39m\n                \u001b[0mEconomic Indicators\u001b[0m\n              \u001b[36m</span>\u001b[39m\n              \u001b[36m<span\u001b[39m\n                \u001b[33mclass\u001b[39m=\u001b[32m\"_marqueeValue_ad001e\"\u001b[39m\n              \u001b[36m>\u001b[39m\n                \u001b[0mN/A\u001b[0m\n              \u001b[36m</span>\u001b[39m\n            \u001b[36m</span>\u001b[39m\n            \u001b[36m<span\u001b[39m\n              \u001b[33maria-label\u001b[39m=\u001b[32m\"News Headlines: N/A\"\u001b[39m\n              \u001b[33mclass\u001b[39m=\u001b[32m\"_marqueeItem_ad001e\"\u001b[39m\n            \u001b[36m>\u001b[39m\n              \u001b[36m<span\u001b[39m\n                \u001b[33maria-hidden\u001b[39m=\u001b[32m\"true\"\u001b[39m\n                \u001b[33mclass\u001b[39m=\u001b[32m\"_marqueeIcon_ad001e\"\u001b[39m\n              \u001b[36m>\u001b[39m\n                \u001b[0m📰\u001b[0m\n              \u001b[36m</span>\u001b[39m\n              \u001b[36m<span>\u001b[39m\n                \u001b[0mNews Headlines\u001b[0m\n              \u001b[36m</span>\u001b[39m\n              \u001b[36m<span\u001b[39m\n                \u001b[33mclass\u001b[39m=\u001b[32m\"_marqueeValue_ad001e\"\u001b[39m\n              \u001b[36m>\u001b[39m\n                \u001b[0mN/A\u001b[0m\n              \u001b[36m</span>\u001b[39m\n            \u001b[36m</span>\u001b[39m\n            \u001b[36m<span\u001b[39m\n              \u001b[33maria-label\u001b[39m=\u001b[32m\"Market Sentiment: N/A\"\u001b[39m\n              \u001b[33mclass\u001b[39m=\u001b[32m\"_marqueeItem_ad001e\"\u001b[39m\n            \u001b[36m>\u001b[39m\n              \u001b[36m<span\u001b[39m\n                \u001b[33maria-hidden\u001b[39m=\u001b[32m\"true\"\u001b[39m\n                \u001b[33mclass\u001b[39m=\u001b[32m\"_marqueeIcon_ad001e\"\u001b[39m\n              \u001b[36m>\u001b[39m\n                \u001b[0m📢\u001b[0m\n              \u001b[36m</span>\u001b[39m\n              \u001b[36m<span>\u001b[39m\n                \u001b[0mMarket Sentiment\u001b[0m\n              \u001b[36m</span>\u001b[39m\n              \u001b[36m<span\u001b[39m\n                \u001b[33mclass\u001b[39m=\u001b[32m\"_marqueeValue_ad001e\"\u001b[39m\n              \u001b[36m>\u001b[39m\n                \u001b[0mN/A\u001b[0m\n              \u001b[36m</span>\u001b[39m\n            \u001b[36m</span>\u001b[39m\n            \u001b[36m<span\u001b[39m\n              \u001b[33maria-hidden\u001b[39m=\u001b[32m\"true\"\u001b[39m\n              \u001b[33maria-label\u001b[39m=\u001b[32m\"Commodities: N/A\"\u001b[39m\n              \u001b[33mclass\u001b[39m=\u001b[32m\"_marqueeItem_ad001e\"\u001b[39m\n            \u001b[36m>\u001b[39m\n              \u001b[36m<span\u001b[39m\n                \u001b[33maria-hidden\u001b[39m=\u001b[32m\"true\"\u001b[39m\n                \u001b[33mclass\u001b[39m=\u001b[32m\"_marqueeIcon_ad001e\"\u001b[39m\n              \u001b[36m>\u001b[39m\n                \u001b[0m🛢️\u001b[0m\n              \u001b[36m</span>\u001b[39m\n              \u001b[36m<span>\u001b[39m\n                \u001b[0mCommodities\u001b[0m\n              \u001b[36m</span>\u001b[39m\n              \u001b[36m<span\u001b[39m\n                \u001b[33mclass\u001b[39m=\u001b[32m\"_marqueeValue_ad001e\"\u001b[39m\n              \u001b[36m>\u001b[39m\n                \u001b[0mN/A\u001b[0m\n              \u001b[36m</span>\u001b[39m\n            \u001b[36m</span>\u001b[39m\n            \u001b[36m<span\u001b[39m\n              \u001b[33maria-hidden\u001b[39m=\u001b[32m\"true\"\u001b[39m\n              \u001b[33maria-label\u001b[39m=\u001b[32m\"Indices: N/A\"\u001b[39m\n              \u001b[33mclass\u001b[39m=\u001b[32m\"_marqueeItem_ad001e\"\u001b[39m\n            \u001b[36m>\u001b[39m\n              \u001b[36m<span\u001b[39m\n                \u001b[33maria-hidden\u001b[39m=\u001b[32m\"true\"\u001b[39m\n                \u001b[33mclass\u001b[39m=\u001b[32m\"_marqueeIcon_ad001e\"\u001b[39m\n              \u001b[36m>\u001b[39m\n                \u001b[0m📈\u001b[0m\n              \u001b[36m</span>\u001b[39m\n              \u001b[36m<span>\u001b[39m\n                \u001b[0mIndices\u001b[0m\n              \u001b[36m</span>\u001b[39m\n              \u001b[36m<span\u001b[39m\n                \u001b[33mclass\u001b[39m=\u001b[32m\"_marqueeValue_ad001e\"\u001b[39m\n              \u001b[36m>\u001b[39m\n                \u001b[0mN/A\u001b[0m\n              \u001b[36m</span>\u001b[39m\n            \u001b[36m</span>\u001b[39m\n            \u001b[36m<span\u001b[39m\n              \u001b[33maria-hidden\u001b[39m=\u001b[32m\"true\"\u001b[39m\n              \u001b[33maria-label\u001b[39m=\u001b[32m\"Crypto: N/A\"\u001b[39m\n              \u001b[33mclass\u001b[39m=\u001b[32m\"_marqueeItem_ad001e\"\u001b[39m\n            \u001b[36m>\u001b[39m\n              \u001b[36m<span\u001b[39m\n                \u001b[33maria-hidden\u001b[39m=\u001b[32m\"true\"\u001b[39m\n                \u001b[33mclass\u001b[39m=\u001b[32m\"_marqueeIcon_ad001e\"\u001b[39m\n              \u001b[36m>\u001b[39m\n                \u001b[0m₿\u001b[0m\n              \u001b[36m</span>\u001b[39m\n              \u001b[36m<span>\u001b[39m\n                \u001b[0mCrypto\u001b[0m\n              \u001b[36m</span>\u001b[39m\n              \u001b[36m<span\u001b[39m\n                \u001b[33mclass\u001b[39m=\u001b[32m\"_marqueeValue_ad001e\"\u001b[39m\n              \u001b[36m>\u001b[39m\n                \u001b[0mN/A\u001b[0m\n              \u001b[36m</span>\u001b[39m\n            \u001b[36m</span>\u001b[39m\n            \u001b[36m<span\u001b[39m\n              \u001b[33maria-hidden\u001b[39m=\u001b[32m\"true\"\u001b[39m\n              \u001b[33maria-label\u001b[39m=\u001b[32m\"Forex: N/A\"\u001b[39m\n              \u001b[33mclass\u001b[39m=\u001b[32m\"_marqueeItem_ad001e\"\u001b[39m\n            \u001b[36m>\u001b[39m\n              \u001b[36m<span\u001b[39m\n                \u001b[33maria-hidden\u001b[39m=\u001b[32m\"true\"\u001b[39m\n                \u001b[33mclass\u001b[39m=\u001b[32m\"_marqueeIcon_ad001e\"\u001b[39m\n              \u001b[36m>\u001b[39m\n                \u001b[0m💱\u001b[0m\n              \u001b[36m</span>\u001b[39m\n              \u001b[36m<span>\u001b[39m\n                \u001b[0mForex\u001b[0m\n              \u001b[36m</span>\u001b[39m\n              \u001b[36m<span\u001b[39m\n                \u001b[33mclass\u001b[39m=\u001b[32m\"_marqueeValue_ad001e\"\u001b[39m\n              \u001b[36m>\u001b[39m\n                \u001b[0mN/A\u001b[0m\n              \u001b[36m</span>\u001b[39m\n            \u001b[36m</span>\u001b[39m\n            \u001b[36m<span\u001b[39m\n              \u001b[33maria-hidden\u001b[39m=\u001b[32m\"true\"\u001b[39m\n              \u001b[33maria-label\u001b[39m=\u001b[32m\"Economic Indicators: N/A\"\u001b[39m\n              \u001b[33mclass\u001b[39m=\u001b[32m\"_marqueeItem_ad001e\"\u001b[39m\n            \u001b[36m>\u001b[39m\n              \u001b[36m<span\u001b[39m\n                \u001b[33maria-hidden\u001b[39m=\u001b[32m\"true\"\u001b[39m\n                \u001b[33mclass\u001b[39m=\u001b[32m\"_marqueeIcon_ad001e\"\u001b[39m\n              \u001b[36m>\u001b[39m\n                \u001b[0m📊\u001b[0m\n              \u001b[36m</span>\u001b[39m\n              \u001b[36m<span>\u001b[39m\n                \u001b[0mEconomic Indicators\u001b[0m\n              \u001b[36m</span>\u001b[39m\n              \u001b[36m<span\u001b[39m\n                \u001b[33mclass\u001b[39m=\u001b[32m\"_marqueeValue_ad001e\"\u001b[39m\n              \u001b[36m>\u001b[39m\n                \u001b[0mN/A\u001b[0m\n              \u001b[36m</span>\u001b[39m\n            \u001b[36m</span>\u001b[39m\n            \u001b[36m<span\u001b[39m\n              \u001b[33maria-hidden\u001b[39m=\u001b[32m\"true\"\u001b[39m\n              \u001b[33maria-label\u001b[39m=\u001b[32m\"News Headlines: N/A\"\u001b[39m\n              \u001b[33mclass\u001b[39m=\u001b[32m\"_marqueeItem_ad001e\"\u001b[39m\n            \u001b[36m>\u001b[39m\n              \u001b[36m<span\u001b[39m\n                \u001b[33maria-hidden\u001b[39m=\u001b[32m\"true\"\u001b[39m\n                \u001b[33mclass\u001b[39m=\u001b[32m\"_marqueeIcon_ad001e\"\u001b[39m\n              \u001b[36m>\u001b[39m\n                \u001b[0m📰\u001b[0m\n              \u001b[36m</span>\u001b[39m\n              \u001b[36m<span>\u001b[39m\n                \u001b[0mNews Headlines\u001b[0m\n              \u001b[36m</span>\u001b[39m\n              \u001b[36m<span\u001b[39m\n                \u001b[33mclass\u001b[39m=\u001b[32m\"_marqueeValue_ad001e\"\u001b[39m\n              \u001b[36m>\u001b[39m\n                \u001b[0mN/A\u001b[0m\n              \u001b[36m</span>\u001b[39m\n            \u001b[36m</span>\u001b[39m\n            \u001b[36m<span\u001b[39m\n              \u001b[33maria-hidden\u001b[39m=\u001b[32m\"true\"\u001b[39m\n              \u001b[33maria-label\u001b[39m=\u001b[32m\"Market Sentiment: N/A\"\u001b[39m\n              \u001b[33mclass\u001b[39m=\u001b[32m\"_marqueeItem_ad001e\"\u001b[39m\n            \u001b[36m>\u001b[39m\n              \u001b[36m<span\u001b[39m\n                \u001b[33maria-hidden\u001b[39m=\u001b[32m\"true\"\u001b[39m\n                \u001b[33mclass\u001b[39m=\u001b[32m\"_marqueeIcon_ad001e\"\u001b[39m\n              \u001b[36m>\u001b[39m\n                \u001b[0m📢\u001b[0m\n              \u001b[36m</span>\u001b[39m\n              \u001b[36m<span>\u001b[39m\n                \u001b[0mMarket Sentiment\u001b[0m\n              \u001b[36m</span>\u001b[39m\n              \u001b[36m<span\u001b[39m\n                \u001b[33mclass\u001b[39m=\u001b[32m\"_marqueeValue_ad001e\"\u001b[39m\n              \u001b[36m>\u001b[39m\n                \u001b[0mN/A\u001b[0m\n              \u001b[36m</span>\u001b[39m\n            \u001b[36m</span>\u001b[39m\n          \u001b[36m</div>\u001b[39m\n        \u001b[36m</div>\u001b[39m\n      \u001b[36m</div>\u001b[39m\n      \u001b[36m<button\u001b[39m\n        \u001b[33maria-expanded\u001b[39m=\u001b[32m\"false\"\u001b[39m\n        \u001b[33maria-haspopup\u001b[39m=\u001b[32m\"dialog\"\u001b[39m\n        \u001b[33maria-label\u001b[39m=\u001b[32m\"Open settings\"\u001b[39m\n        \u001b[33mclass\u001b[39m=\u001b[32m\"_settingsButton_5c5dbd\"\u001b[39m\n        \u001b[33mdata-testid\u001b[39m=\u001b[32m\"topbar-settings-btn\"\u001b[39m\n        \u001b[33mtabindex\u001b[39m=\u001b[32m\"0\"\u001b[39m\n      \u001b[36m>\u001b[39m\n        \u001b[36m<span\u001b[39m\n          \u001b[33maria-label\u001b[39m=\u001b[32m\"Settings\"\u001b[39m\n          \u001b[33mrole\u001b[39m=\u001b[32m\"img\"\u001b[39m\n        \u001b[36m>\u001b[39m\n          \u001b[0m⚙️\u001b[0m\n        \u001b[36m</span>\u001b[39m\n      \u001b[36m</button>\u001b[39m\n    \u001b[36m</header>\u001b[39m\n  \u001b[36m</div>\u001b[39m\n\u001b[36m</body>\u001b[39m\n    at Object.getElementError (/Users/jono/Documents/GitHub/starcom-app/starcom-mk2/node_modules/@testing-library/dom/dist/config.js:37:19)\n    at /Users/jono/Documents/GitHub/starcom-app/starcom-mk2/node_modules/@testing-library/dom/dist/query-helpers.js:76:38\n    at /Users/jono/Documents/GitHub/starcom-app/starcom-mk2/node_modules/@testing-library/dom/dist/query-helpers.js:52:17\n    at getByAltText (/Users/jono/Documents/GitHub/starcom-app/starcom-mk2/node_modules/@testing-library/dom/dist/query-helpers.js:95:19)\n    at /Users/jono/Documents/GitHub/starcom-app/starcom-mk2/src/components/HUD/Bars/TopBar/TopBar.test.tsx:53:19\n    at file:///Users/jono/Documents/GitHub/starcom-app/starcom-mk2/node_modules/@vitest/runner/dist/chunk-hooks.js:155:11\n    at file:///Users/jono/Documents/GitHub/starcom-app/starcom-mk2/node_modules/@vitest/runner/dist/chunk-hooks.js:752:26\n    at file:///Users/jono/Documents/GitHub/starcom-app/starcom-mk2/node_modules/@vitest/runner/dist/chunk-hooks.js:1894:20\n    at new Promise (<anonymous>)\n    at runWithTimeout (file:///Users/jono/Documents/GitHub/starcom-app/starcom-mk2/node_modules/@vitest/runner/dist/chunk-hooks.js:1860:10)"],"meta":{}},{"ancestorTitles":["TopBar artifact-driven"],"fullName":"TopBar artifact-driven opens and closes the settings modal","status":"passed","title":"opens and closes the settings modal","duration":94.06399999558926,"failureMessages":[],"meta":{}},{"ancestorTitles":["TopBar artifact-driven"],"fullName":"TopBar artifact-driven toggles a category and updates marquee","status":"passed","title":"toggles a category and updates marquee","duration":72.27616699784994,"failureMessages":[],"meta":{}},{"ancestorTitles":["TopBar artifact-driven"],"fullName":"TopBar artifact-driven marquee pauses on hover and resumes on mouse leave","status":"passed","title":"marquee pauses on hover and resumes on mouse leave","duration":7.849957995116711,"failureMessages":[],"meta":{}},{"ancestorTitles":["TopBar artifact-driven"],"fullName":"TopBar artifact-driven shows \"No data selected\" when all categories are disabled","status":"passed","title":"shows \"No data selected\" when all categories are disabled","duration":53.015666000545025,"failureMessages":[],"meta":{}}],"startTime":1749914108284,"endTime":1749914108553.0156,"status":"failed","message":"","name":"/Users/jono/Documents/GitHub/starcom-app/starcom-mk2/src/components/HUD/Bars/TopBar/TopBar.test.tsx"}]}