{"numTotalTestSuites":51,"numPassedTestSuites":47,"numFailedTestSuites":4,"numPendingTestSuites":0,"numTotalTests":81,"numPassedTests":78,"numFailedTests":3,"numPendingTests":0,"numTodoTests":0,"snapshot":{"added":0,"failure":false,"filesAdded":0,"filesRemoved":0,"filesRemovedList":[],"filesUnmatched":0,"filesUpdated":0,"matched":0,"total":0,"unchecked":0,"uncheckedKeysByFile":[],"unmatched":0,"updated":0,"didUpdate":false},"startTime":1749827492329,"success":false,"testResults":[{"assertionResults":[{"ancestorTitles":["GlobeEngine Overlay Logic"],"fullName":"GlobeEngine Overlay Logic should add overlays and cache overlay data","status":"passed","title":"should add overlays and cache overlay data","duration":635.8196670114994,"failureMessages":[],"meta":{}},{"ancestorTitles":["GlobeEngine Overlay Logic"],"fullName":"GlobeEngine Overlay Logic should reset overlays to mode defaults on setMode","status":"passed","title":"should reset overlays to mode defaults on setMode","duration":614.9888750016689,"failureMessages":[],"meta":{}},{"ancestorTitles":["GlobeEngine Overlay Logic"],"fullName":"GlobeEngine Overlay Logic should emit overlayDataUpdated event","status":"passed","title":"should emit overlayDataUpdated event","duration":44.27437499165535,"failureMessages":[],"meta":{}},{"ancestorTitles":["GlobeEngine Integration (artifact-driven)"],"fullName":"GlobeEngine Integration (artifact-driven) should fetch and cache overlay data for weather and naturalEvents (mocked)","status":"passed","title":"should fetch and cache overlay data for weather and naturalEvents (mocked)","duration":704.406582981348,"failureMessages":[],"meta":{}},{"ancestorTitles":["GlobeEngine Integration (artifact-driven)"],"fullName":"GlobeEngine Integration (artifact-driven) should allow toggling overlays and emit correct events","status":"passed","title":"should allow toggling overlays and emit correct events","duration":1.3442499935626984,"failureMessages":[],"meta":{}},{"ancestorTitles":["GlobeEngine Integration (artifact-driven)"],"fullName":"GlobeEngine Integration (artifact-driven) should fetch and cache overlay data for spaceAssets (mocked)","status":"passed","title":"should fetch and cache overlay data for spaceAssets (mocked)","duration":601.2889159917831,"failureMessages":[],"meta":{}},{"ancestorTitles":["GlobeEngine Integration (artifact-driven)"],"fullName":"GlobeEngine Integration (artifact-driven) should emit overlayDataLoading and overlayDataError for spaceAssets","status":"passed","title":"should emit overlayDataLoading and overlayDataError for spaceAssets","duration":603.748625010252,"failureMessages":[],"meta":{}},{"ancestorTitles":["GlobeEngine Integration (artifact-driven)"],"fullName":"GlobeEngine Integration (artifact-driven) should periodically update spaceAssets overlay (artifact-driven, fake timers)","status":"passed","title":"should periodically update spaceAssets overlay (artifact-driven, fake timers)","duration":3.637917011976242,"failureMessages":[],"meta":{}}],"startTime":1749827494629,"endTime":1749827497841.638,"status":"passed","message":"","name":"/Users/jono/Documents/GitHub/starcom-app/starcom-mk2/src/globe-engine/GlobeEngine.test.ts"},{"assertionResults":[{"ancestorTitles":["EIADataProvider"],"fullName":"EIADataProvider returns data on success","status":"passed","title":"returns data on success","duration":2562.5115830004215,"failureMessages":[],"meta":{}},{"ancestorTitles":["EIADataProvider"],"fullName":"EIADataProvider calls observer hooks","status":"passed","title":"calls observer hooks","duration":984.2627919912338,"failureMessages":[],"meta":{}},{"ancestorTitles":["EIADataProvider observability"],"fullName":"EIADataProvider observability calls observer hooks on fetch success","status":"passed","title":"calls observer hooks on fetch success","duration":791.3255420029163,"failureMessages":[],"meta":{}},{"ancestorTitles":["EIADataCacheService"],"fullName":"EIADataCacheService returns cached value on hit","status":"passed","title":"returns cached value on hit","duration":0.1769160032272339,"failureMessages":[],"meta":{}},{"ancestorTitles":["EIADataCacheService"],"fullName":"EIADataCacheService expires value after TTL","status":"passed","title":"expires value after TTL","duration":1.1314170062541962,"failureMessages":[],"meta":{}},{"ancestorTitles":["EIADataCacheService"],"fullName":"EIADataCacheService calls observer hooks","status":"passed","title":"calls observer hooks","duration":0.4932499825954437,"failureMessages":[],"meta":{}},{"ancestorTitles":["EIADataCacheService observability"],"fullName":"EIADataCacheService observability calls observer hooks on cache hit/miss/evict","status":"passed","title":"calls observer hooks on cache hit/miss/evict","duration":0.24033299088478088,"failureMessages":[],"meta":{}},{"ancestorTitles":["MarketDataProvider.unit (placeholder)"],"fullName":"MarketDataProvider.unit (placeholder) should have real tests implemented","status":"passed","title":"should have real tests implemented","duration":0.04362502694129944,"failureMessages":[],"meta":{}},{"ancestorTitles":["MarketDataCacheService.unit (placeholder)"],"fullName":"MarketDataCacheService.unit (placeholder) should have real tests implemented","status":"passed","title":"should have real tests implemented","duration":0.1257910132408142,"failureMessages":[],"meta":{}},{"ancestorTitles":["FallbackProvider"],"fullName":"FallbackProvider returns data from the first successful provider","status":"passed","title":"returns data from the first successful provider","duration":0.25008299946784973,"failureMessages":[],"meta":{}},{"ancestorTitles":["FallbackProvider"],"fullName":"FallbackProvider throws if all providers fail","status":"passed","title":"throws if all providers fail","duration":0.56700000166893,"failureMessages":[],"meta":{}},{"ancestorTitles":["EIAService.e2e (placeholder)"],"fullName":"EIAService.e2e (placeholder) should have real tests implemented","status":"passed","title":"should have real tests implemented","duration":0.039083003997802734,"failureMessages":[],"meta":{}},{"ancestorTitles":["EIAService"],"fullName":"EIAService fetches the latest oil price successfully","status":"passed","title":"fetches the latest oil price successfully","duration":2.5397500097751617,"failureMessages":[],"meta":{}},{"ancestorTitles":["EIAService"],"fullName":"EIAService fetches the latest gasoline price successfully","status":"passed","title":"fetches the latest gasoline price successfully","duration":2.4567500054836273,"failureMessages":[],"meta":{}},{"ancestorTitles":["EIAService"],"fullName":"EIAService fetches the latest oil inventory successfully","status":"passed","title":"fetches the latest oil inventory successfully","duration":1.8583749830722809,"failureMessages":[],"meta":{}},{"ancestorTitles":["EIAService"],"fullName":"EIAService handles fetch errors","status":"passed","title":"handles fetch errors","duration":1.516083002090454,"failureMessages":[],"meta":{}}],"startTime":1749827499230,"endTime":1749827503580.516,"status":"passed","message":"","name":"/Users/jono/Documents/GitHub/starcom-app/starcom-mk2/src/services/data-services.all.test.ts"},{"assertionResults":[{"ancestorTitles":["Web3Login AuthErrorBoundary"],"fullName":"Web3Login AuthErrorBoundary shows error boundary UI if an auth error occurs","status":"passed","title":"shows error boundary UI if an auth error occurs","duration":34.724749982357025,"failureMessages":[],"meta":{}},{"ancestorTitles":["Web3Login AuthErrorBoundary"],"fullName":"Web3Login AuthErrorBoundary renders children if no error is thrown","status":"passed","title":"renders children if no error is thrown","duration":1.9597089886665344,"failureMessages":[],"meta":{}},{"ancestorTitles":["Web3Login AuthErrorBoundary"],"fullName":"Web3Login AuthErrorBoundary resets error boundary on rerender","status":"passed","title":"resets error boundary on rerender","duration":13.130625009536743,"failureMessages":[],"meta":{}}],"startTime":1749827498865,"endTime":1749827498915.1306,"status":"passed","message":"","name":"/Users/jono/Documents/GitHub/starcom-app/starcom-mk2/src/components/Auth/AuthErrorBoundary.test.tsx"},{"assertionResults":[{"ancestorTitles":["TermsModal Flows"],"fullName":"TermsModal Flows shows TermsModal if terms not accepted","status":"passed","title":"shows TermsModal if terms not accepted","duration":25.97858300805092,"failureMessages":[],"meta":{}},{"ancestorTitles":["TermsModal Flows"],"fullName":"TermsModal Flows accepts terms and calls onAccept","status":"passed","title":"accepts terms and calls onAccept","duration":6.024583995342255,"failureMessages":[],"meta":{}},{"ancestorTitles":["TermsModal Flows"],"fullName":"TermsModal Flows does not show TermsModal if terms already accepted","status":"passed","title":"does not show TermsModal if terms already accepted","duration":1.0823339819908142,"failureMessages":[],"meta":{}},{"ancestorTitles":["TermsModal Flows"],"fullName":"TermsModal Flows TermsModal cannot be accepted twice","status":"passed","title":"TermsModal cannot be accepted twice","duration":2.9133750200271606,"failureMessages":[],"meta":{}}],"startTime":1749827498867,"endTime":1749827498902.9133,"status":"passed","message":"","name":"/Users/jono/Documents/GitHub/starcom-app/starcom-mk2/src/components/Auth/TermsModal.test.tsx"},{"assertionResults":[{"ancestorTitles":["TokenGatedPage"],"fullName":"TokenGatedPage prompts to connect wallet if not connected","status":"passed","title":"prompts to connect wallet if not connected","duration":82.76995900273323,"failureMessages":[],"meta":{}},{"ancestorTitles":["TokenGatedPage"],"fullName":"TokenGatedPage shows NFT access denied if user does not have NFT","status":"passed","title":"shows NFT access denied if user does not have NFT","duration":9.36499997973442,"failureMessages":[],"meta":{}},{"ancestorTitles":["TokenGatedPage"],"fullName":"TokenGatedPage shows admin access denied if user has NFT but not admin","status":"passed","title":"shows admin access denied if user has NFT but not admin","duration":11.599292010068893,"failureMessages":[],"meta":{}},{"ancestorTitles":["TokenGatedPage"],"fullName":"TokenGatedPage shows protected content if user has NFT and admin role","status":"passed","title":"shows protected content if user has NFT and admin role","duration":11.136250019073486,"failureMessages":[],"meta":{}}],"startTime":1749827497395,"endTime":1749827497510.1362,"status":"passed","message":"","name":"/Users/jono/Documents/GitHub/starcom-app/starcom-mk2/src/components/Auth/TokenGatedPage.test.tsx"},{"assertionResults":[{"ancestorTitles":["WalletStatus (unit, artifact-driven)"],"fullName":"WalletStatus (unit, artifact-driven) renders error state","status":"passed","title":"renders error state","duration":84.21099999547005,"failureMessages":[],"meta":{}},{"ancestorTitles":["WalletStatus (unit, artifact-driven)"],"fullName":"WalletStatus (unit, artifact-driven) renders connected state","status":"passed","title":"renders connected state","duration":39.62508401274681,"failureMessages":[],"meta":{}},{"ancestorTitles":["WalletStatus (unit, artifact-driven)"],"fullName":"WalletStatus (unit, artifact-driven) renders idle state (connect button)","status":"passed","title":"renders idle state (connect button)","duration":23.22970801591873,"failureMessages":[],"meta":{}}],"startTime":1749827497404,"endTime":1749827497551.2297,"status":"passed","message":"","name":"/Users/jono/Documents/GitHub/starcom-app/starcom-mk2/src/components/Auth/WalletStatus.test.tsx"},{"assertionResults":[{"ancestorTitles":["Web3Login Accessibility Flows"],"fullName":"Web3Login Accessibility Flows all modal dialogs have correct ARIA roles and are announced to screen readers","status":"passed","title":"all modal dialogs have correct ARIA roles and are announced to screen readers","duration":83.56975001096725,"failureMessages":[],"meta":{}},{"ancestorTitles":["Web3Login Accessibility Flows"],"fullName":"Web3Login Accessibility Flows tab order is correct: TermsModal accept → wallet connect → main app","status":"passed","title":"tab order is correct: TermsModal accept → wallet connect → main app","duration":47.50933399796486,"failureMessages":[],"meta":{}},{"ancestorTitles":["Web3Login Accessibility Flows"],"fullName":"Web3Login Accessibility Flows focus returns to connect button after closing TermsModal","status":"passed","title":"focus returns to connect button after closing TermsModal","duration":29.945666015148163,"failureMessages":[],"meta":{}},{"ancestorTitles":["Web3Login Accessibility Flows"],"fullName":"Web3Login Accessibility Flows TermsModal is not present after acceptance","status":"passed","title":"TermsModal is not present after acceptance","duration":9.142208009958267,"failureMessages":[],"meta":{}},{"ancestorTitles":["Web3Login Accessibility Flows"],"fullName":"Web3Login Accessibility Flows wallet connect button is accessible by keyboard","status":"passed","title":"wallet connect button is accessible by keyboard","duration":9.218625009059906,"failureMessages":[],"meta":{}}],"startTime":1749827497396,"endTime":1749827497576.2185,"status":"passed","message":"","name":"/Users/jono/Documents/GitHub/starcom-app/starcom-mk2/src/components/Auth/Web3Login.accessibility.test.tsx"},{"assertionResults":[{"ancestorTitles":["TokenGatedPage Protected Route Flows"],"fullName":"TokenGatedPage Protected Route Flows denies access to protected route and shows fallback UI if not authenticated","status":"passed","title":"denies access to protected route and shows fallback UI if not authenticated","duration":84.93125000596046,"failureMessages":[],"meta":{}},{"ancestorTitles":["TokenGatedPage Protected Route Flows"],"fullName":"TokenGatedPage Protected Route Flows protected route shows denial UI if user lacks required token or role","status":"passed","title":"protected route shows denial UI if user lacks required token or role","duration":15.974375009536743,"failureMessages":[],"meta":{}},{"ancestorTitles":["TokenGatedPage Protected Route Flows"],"fullName":"TokenGatedPage Protected Route Flows shows protected content if user is authenticated and has access","status":"passed","title":"shows protected content if user is authenticated and has access","duration":24.582499980926514,"failureMessages":[],"meta":{}}],"startTime":1749827497395,"endTime":1749827497520.5825,"status":"passed","message":"","name":"/Users/jono/Documents/GitHub/starcom-app/starcom-mk2/src/components/Auth/Web3Login.protected.test.tsx"},{"assertionResults":[{"ancestorTitles":["Web3Login Wallet Flows"],"fullName":"Web3Login Wallet Flows shows error if wallet provider is missing","status":"passed","title":"shows error if wallet provider is missing","duration":60.58216601610184,"failureMessages":[],"meta":{}},{"ancestorTitles":["Web3Login Wallet Flows"],"fullName":"Web3Login Wallet Flows shows error if user rejects connection","status":"passed","title":"shows error if user rejects connection","duration":15.1961669921875,"failureMessages":[],"meta":{}},{"ancestorTitles":["Web3Login Wallet Flows"],"fullName":"Web3Login Wallet Flows shows error if user is on the wrong network","status":"passed","title":"shows error if user is on the wrong network","duration":10.370290994644165,"failureMessages":[],"meta":{}},{"ancestorTitles":["Web3Login Wallet Flows"],"fullName":"Web3Login Wallet Flows disconnects wallet and returns to connect state","status":"passed","title":"disconnects wallet and returns to connect state","duration":26.52512499690056,"failureMessages":[],"meta":{}}],"startTime":1749827497395,"endTime":1749827497508.5251,"status":"passed","message":"","name":"/Users/jono/Documents/GitHub/starcom-app/starcom-mk2/src/components/Auth/Web3Login.wallet.test.tsx"},{"assertionResults":[{"ancestorTitles":["TinyGlobe Mode Synchronization"],"fullName":"TinyGlobe Mode Synchronization renders without crashing","status":"passed","title":"renders without crashing","duration":25.594707995653152,"failureMessages":[],"meta":{}},{"ancestorTitles":["TinyGlobe Mode Synchronization"],"fullName":"TinyGlobe Mode Synchronization UI buttons update VisualizationMode context","status":"passed","title":"UI buttons update VisualizationMode context","duration":24.832082986831665,"failureMessages":[],"meta":{}}],"startTime":1749827499048,"endTime":1749827499097.832,"status":"passed","message":"","name":"/Users/jono/Documents/GitHub/starcom-app/starcom-mk2/src/components/TinyGlobe/TinyGlobe.test.tsx"},{"assertionResults":[{"ancestorTitles":["EIADataCacheService observability"],"fullName":"EIADataCacheService observability calls observer hooks on cache hit/miss/evict","status":"passed","title":"calls observer hooks on cache hit/miss/evict","duration":1.5979590117931366,"failureMessages":[],"meta":{}}],"startTime":1749827498994,"endTime":1749827498995.598,"status":"passed","message":"","name":"/Users/jono/Documents/GitHub/starcom-app/starcom-mk2/src/services/eia/EIADataCacheService.observability.test.ts"},{"assertionResults":[{"ancestorTitles":["EIADataCacheService"],"fullName":"EIADataCacheService returns cached value on hit","status":"passed","title":"returns cached value on hit","duration":0.6301660239696503,"failureMessages":[],"meta":{}},{"ancestorTitles":["EIADataCacheService"],"fullName":"EIADataCacheService expires value after TTL","status":"passed","title":"expires value after TTL","duration":0.8942910134792328,"failureMessages":[],"meta":{}},{"ancestorTitles":["EIADataCacheService"],"fullName":"EIADataCacheService calls observer hooks","status":"passed","title":"calls observer hooks","duration":0.9201669991016388,"failureMessages":[],"meta":{}}],"startTime":1749827498839,"endTime":1749827498840.9202,"status":"passed","message":"","name":"/Users/jono/Documents/GitHub/starcom-app/starcom-mk2/src/services/eia/EIADataCacheService.unit.test.ts"},{"assertionResults":[{"ancestorTitles":["EIADataProvider observability"],"fullName":"EIADataProvider observability calls observer hooks on fetch success","status":"passed","title":"calls observer hooks on fetch success","duration":2373.328040987253,"failureMessages":[],"meta":{}}],"startTime":1749827499619,"endTime":1749827501992.3281,"status":"passed","message":"","name":"/Users/jono/Documents/GitHub/starcom-app/starcom-mk2/src/services/eia/EIADataProvider.observability.test.ts"},{"assertionResults":[{"ancestorTitles":["EIADataProvider"],"fullName":"EIADataProvider returns data on success","status":"passed","title":"returns data on success","duration":2433.4747920036316,"failureMessages":[],"meta":{}},{"ancestorTitles":["EIADataProvider"],"fullName":"EIADataProvider calls observer hooks","status":"passed","title":"calls observer hooks","duration":905.7435420155525,"failureMessages":[],"meta":{}}],"startTime":1749827499650,"endTime":1749827502989.7437,"status":"passed","message":"","name":"/Users/jono/Documents/GitHub/starcom-app/starcom-mk2/src/services/eia/EIADataProvider.unit.test.ts"},{"assertionResults":[{"ancestorTitles":["EIAService.e2e (placeholder)"],"fullName":"EIAService.e2e (placeholder) should have real tests implemented","status":"passed","title":"should have real tests implemented","duration":0.6432090103626251,"failureMessages":[],"meta":{}}],"startTime":1749827499685,"endTime":1749827499685.6433,"status":"passed","message":"","name":"/Users/jono/Documents/GitHub/starcom-app/starcom-mk2/src/services/eia/EIAService.e2e.test.ts"},{"assertionResults":[{"ancestorTitles":["EIAService"],"fullName":"EIAService fetches the latest oil price successfully","status":"passed","title":"fetches the latest oil price successfully","duration":43.74895799160004,"failureMessages":[],"meta":{}},{"ancestorTitles":["EIAService"],"fullName":"EIAService fetches the latest gasoline price successfully","status":"passed","title":"fetches the latest gasoline price successfully","duration":7.28116700053215,"failureMessages":[],"meta":{}},{"ancestorTitles":["EIAService"],"fullName":"EIAService fetches the latest oil inventory successfully","status":"passed","title":"fetches the latest oil inventory successfully","duration":4.56487500667572,"failureMessages":[],"meta":{}},{"ancestorTitles":["EIAService"],"fullName":"EIAService handles fetch errors","status":"passed","title":"handles fetch errors","duration":8.55791699886322,"failureMessages":[],"meta":{}}],"startTime":1749827494503,"endTime":1749827494567.5579,"status":"passed","message":"","name":"/Users/jono/Documents/GitHub/starcom-app/starcom-mk2/src/services/eia/EIAService.test.ts"},{"assertionResults":[{"ancestorTitles":["MarketDataCacheService.unit (placeholder)"],"fullName":"MarketDataCacheService.unit (placeholder) should have real tests implemented","status":"passed","title":"should have real tests implemented","duration":0.6436670124530792,"failureMessages":[],"meta":{}}],"startTime":1749827499709,"endTime":1749827499709.6436,"status":"passed","message":"","name":"/Users/jono/Documents/GitHub/starcom-app/starcom-mk2/src/services/market/MarketDataCacheService.unit.test.ts"},{"assertionResults":[{"ancestorTitles":["MarketDataProvider.unit (placeholder)"],"fullName":"MarketDataProvider.unit (placeholder) should have real tests implemented","status":"passed","title":"should have real tests implemented","duration":0.6969999969005585,"failureMessages":[],"meta":{}}],"startTime":1749827499700,"endTime":1749827499700.697,"status":"passed","message":"","name":"/Users/jono/Documents/GitHub/starcom-app/starcom-mk2/src/services/market/MarketDataProvider.unit.test.ts"},{"assertionResults":[{"ancestorTitles":["FallbackProvider"],"fullName":"FallbackProvider returns data from the first successful provider","status":"passed","title":"returns data from the first successful provider","duration":0.8617919981479645,"failureMessages":[],"meta":{}},{"ancestorTitles":["FallbackProvider"],"fullName":"FallbackProvider throws if all providers fail","status":"passed","title":"throws if all providers fail","duration":0.746207982301712,"failureMessages":[],"meta":{}}],"startTime":1749827498803,"endTime":1749827498804.746,"status":"passed","message":"","name":"/Users/jono/Documents/GitHub/starcom-app/starcom-mk2/src/services/shared/FallbackProvider.unit.test.ts"},{"assertionResults":[{"ancestorTitles":["Marquee"],"fullName":"Marquee renders data points","status":"failed","title":"renders data points","duration":39.91737499833107,"failureMessages":["TestingLibraryElementError: Found multiple elements with the text of: Oil: $75.00\n\nHere are the matching elements:\n\nIgnored nodes: comments, script, style\n\u001b[36m<span\u001b[39m\n  \u001b[33maria-label\u001b[39m=\u001b[32m\"Oil: $75.00\"\u001b[39m\n  \u001b[33mclass\u001b[39m=\u001b[32m\"_marqueeItem_8a437e\"\u001b[39m\n\u001b[36m>\u001b[39m\n  \u001b[36m<span\u001b[39m\n    \u001b[33maria-hidden\u001b[39m=\u001b[32m\"true\"\u001b[39m\n    \u001b[33mclass\u001b[39m=\u001b[32m\"_marqueeIcon_8a437e\"\u001b[39m\n  \u001b[36m>\u001b[39m\n    \u001b[0m🛢️\u001b[0m\n  \u001b[36m</span>\u001b[39m\n  \u001b[36m<span>\u001b[39m\n    \u001b[0mOil\u001b[0m\n  \u001b[36m</span>\u001b[39m\n  \u001b[36m<span\u001b[39m\n    \u001b[33mclass\u001b[39m=\u001b[32m\"_marqueeValue_8a437e\"\u001b[39m\n  \u001b[36m>\u001b[39m\n    \u001b[0m$75.00\u001b[0m\n  \u001b[36m</span>\u001b[39m\n\u001b[36m</span>\u001b[39m\n\nIgnored nodes: comments, script, style\n\u001b[36m<span\u001b[39m\n  \u001b[33maria-hidden\u001b[39m=\u001b[32m\"true\"\u001b[39m\n  \u001b[33maria-label\u001b[39m=\u001b[32m\"Oil: $75.00\"\u001b[39m\n  \u001b[33mclass\u001b[39m=\u001b[32m\"_marqueeItem_8a437e\"\u001b[39m\n\u001b[36m>\u001b[39m\n  \u001b[36m<span\u001b[39m\n    \u001b[33maria-hidden\u001b[39m=\u001b[32m\"true\"\u001b[39m\n    \u001b[33mclass\u001b[39m=\u001b[32m\"_marqueeIcon_8a437e\"\u001b[39m\n  \u001b[36m>\u001b[39m\n    \u001b[0m🛢️\u001b[0m\n  \u001b[36m</span>\u001b[39m\n  \u001b[36m<span>\u001b[39m\n    \u001b[0mOil\u001b[0m\n  \u001b[36m</span>\u001b[39m\n  \u001b[36m<span\u001b[39m\n    \u001b[33mclass\u001b[39m=\u001b[32m\"_marqueeValue_8a437e\"\u001b[39m\n  \u001b[36m>\u001b[39m\n    \u001b[0m$75.00\u001b[0m\n  \u001b[36m</span>\u001b[39m\n\u001b[36m</span>\u001b[39m\n\n(If this is intentional, then use the `*AllBy*` variant of the query (like `queryAllByText`, `getAllByText`, or `findAllByText`)).\n\nIgnored nodes: comments, script, style\n\u001b[36m<body>\u001b[39m\n  \u001b[36m<div>\u001b[39m\n    \u001b[36m<div\u001b[39m\n      \u001b[33maria-describedby\u001b[39m=\u001b[32m\"marquee-desc\"\u001b[39m\n      \u001b[33maria-label\u001b[39m=\u001b[32m\"marquee\"\u001b[39m\n      \u001b[33maria-live\u001b[39m=\u001b[32m\"polite\"\u001b[39m\n      \u001b[33mclass\u001b[39m=\u001b[32m\"_marquee_8a437e\"\u001b[39m\n      \u001b[33mrole\u001b[39m=\u001b[32m\"region\"\u001b[39m\n      \u001b[33mtabindex\u001b[39m=\u001b[32m\"0\"\u001b[39m\n    \u001b[36m>\u001b[39m\n      \u001b[36m<span\u001b[39m\n        \u001b[33mclass\u001b[39m=\u001b[32m\"sr-only\"\u001b[39m\n        \u001b[33mid\u001b[39m=\u001b[32m\"marquee-desc\"\u001b[39m\n      \u001b[36m>\u001b[39m\n        \u001b[0mAuto-animating news ticker. Press Tab to focus, hover to pause.\u001b[0m\n      \u001b[36m</span>\u001b[39m\n      \u001b[36m<div\u001b[39m\n        \u001b[33mclass\u001b[39m=\u001b[32m\"_marqueeContent_8a437e\"\u001b[39m\n        \u001b[33mstyle\u001b[39m=\u001b[32m\"transform: translateX(0px);\"\u001b[39m\n      \u001b[36m>\u001b[39m\n        \u001b[36m<span\u001b[39m\n          \u001b[33maria-label\u001b[39m=\u001b[32m\"Oil: $75.00\"\u001b[39m\n          \u001b[33mclass\u001b[39m=\u001b[32m\"_marqueeItem_8a437e\"\u001b[39m\n        \u001b[36m>\u001b[39m\n          \u001b[36m<span\u001b[39m\n            \u001b[33maria-hidden\u001b[39m=\u001b[32m\"true\"\u001b[39m\n            \u001b[33mclass\u001b[39m=\u001b[32m\"_marqueeIcon_8a437e\"\u001b[39m\n          \u001b[36m>\u001b[39m\n            \u001b[0m🛢️\u001b[0m\n          \u001b[36m</span>\u001b[39m\n          \u001b[36m<span>\u001b[39m\n            \u001b[0mOil\u001b[0m\n          \u001b[36m</span>\u001b[39m\n          \u001b[36m<span\u001b[39m\n            \u001b[33mclass\u001b[39m=\u001b[32m\"_marqueeValue_8a437e\"\u001b[39m\n          \u001b[36m>\u001b[39m\n            \u001b[0m$75.00\u001b[0m\n          \u001b[36m</span>\u001b[39m\n        \u001b[36m</span>\u001b[39m\n        \u001b[36m<span\u001b[39m\n          \u001b[33maria-label\u001b[39m=\u001b[32m\"S&P500: +0.5%\"\u001b[39m\n          \u001b[33mclass\u001b[39m=\u001b[32m\"_marqueeItem_8a437e\"\u001b[39m\n        \u001b[36m>\u001b[39m\n          \u001b[36m<span\u001b[39m\n            \u001b[33maria-hidden\u001b[39m=\u001b[32m\"true\"\u001b[39m\n            \u001b[33mclass\u001b[39m=\u001b[32m\"_marqueeIcon_8a437e\"\u001b[39m\n          \u001b[36m>\u001b[39m\n            \u001b[0m📈\u001b[0m\n          \u001b[36m</span>\u001b[39m\n          \u001b[36m<span>\u001b[39m\n            \u001b[0mS&P500\u001b[0m\n          \u001b[36m</span>\u001b[39m\n          \u001b[36m<span\u001b[39m\n            \u001b[33mclass\u001b[39m=\u001b[32m\"_marqueeValue_8a437e\"\u001b[39m\n          \u001b[36m>\u001b[39m\n            \u001b[0m+0.5%\u001b[0m\n          \u001b[36m</span>\u001b[39m\n        \u001b[36m</span>\u001b[39m\n        \u001b[36m<span\u001b[39m\n          \u001b[33maria-label\u001b[39m=\u001b[32m\"BTC: $67k\"\u001b[39m\n          \u001b[33mclass\u001b[39m=\u001b[32m\"_marqueeItem_8a437e\"\u001b[39m\n        \u001b[36m>\u001b[39m\n          \u001b[36m<span\u001b[39m\n            \u001b[33maria-hidden\u001b[39m=\u001b[32m\"true\"\u001b[39m\n            \u001b[33mclass\u001b[39m=\u001b[32m\"_marqueeIcon_8a437e\"\u001b[39m\n          \u001b[36m>\u001b[39m\n            \u001b[0m₿\u001b[0m\n          \u001b[36m</span>\u001b[39m\n          \u001b[36m<span>\u001b[39m\n            \u001b[0mBTC\u001b[0m\n          \u001b[36m</span>\u001b[39m\n          \u001b[36m<span\u001b[39m\n            \u001b[33mclass\u001b[39m=\u001b[32m\"_marqueeValue_8a437e\"\u001b[39m\n          \u001b[36m>\u001b[39m\n            \u001b[0m$67k\u001b[0m\n          \u001b[36m</span>\u001b[39m\n        \u001b[36m</span>\u001b[39m\n        \u001b[36m<span\u001b[39m\n          \u001b[33maria-hidden\u001b[39m=\u001b[32m\"true\"\u001b[39m\n          \u001b[33maria-label\u001b[39m=\u001b[32m\"Oil: $75.00\"\u001b[39m\n          \u001b[33mclass\u001b[39m=\u001b[32m\"_marqueeItem_8a437e\"\u001b[39m\n        \u001b[36m>\u001b[39m\n          \u001b[36m<span\u001b[39m\n            \u001b[33maria-hidden\u001b[39m=\u001b[32m\"true\"\u001b[39m\n            \u001b[33mclass\u001b[39m=\u001b[32m\"_marqueeIcon_8a437e\"\u001b[39m\n          \u001b[36m>\u001b[39m\n            \u001b[0m🛢️\u001b[0m\n          \u001b[36m</span>\u001b[39m\n          \u001b[36m<span>\u001b[39m\n            \u001b[0mOil\u001b[0m\n          \u001b[36m</span>\u001b[39m\n          \u001b[36m<span\u001b[39m\n            \u001b[33mclass\u001b[39m=\u001b[32m\"_marqueeValue_8a437e\"\u001b[39m\n          \u001b[36m>\u001b[39m\n            \u001b[0m$75.00\u001b[0m\n          \u001b[36m</span>\u001b[39m\n        \u001b[36m</span>\u001b[39m\n        \u001b[36m<span\u001b[39m\n          \u001b[33maria-hidden\u001b[39m=\u001b[32m\"true\"\u001b[39m\n          \u001b[33maria-label\u001b[39m=\u001b[32m\"S&P500: +0.5%\"\u001b[39m\n          \u001b[33mclass\u001b[39m=\u001b[32m\"_marqueeItem_8a437e\"\u001b[39m\n        \u001b[36m>\u001b[39m\n          \u001b[36m<span\u001b[39m\n            \u001b[33maria-hidden\u001b[39m=\u001b[32m\"true\"\u001b[39m\n            \u001b[33mclass\u001b[39m=\u001b[32m\"_marqueeIcon_8a437e\"\u001b[39m\n          \u001b[36m>\u001b[39m\n            \u001b[0m📈\u001b[0m\n          \u001b[36m</span>\u001b[39m\n          \u001b[36m<span>\u001b[39m\n            \u001b[0mS&P500\u001b[0m\n          \u001b[36m</span>\u001b[39m\n          \u001b[36m<span\u001b[39m\n            \u001b[33mclass\u001b[39m=\u001b[32m\"_marqueeValue_8a437e\"\u001b[39m\n          \u001b[36m>\u001b[39m\n            \u001b[0m+0.5%\u001b[0m\n          \u001b[36m</span>\u001b[39m\n        \u001b[36m</span>\u001b[39m\n        \u001b[36m<span\u001b[39m\n          \u001b[33maria-hidden\u001b[39m=\u001b[32m\"true\"\u001b[39m\n          \u001b[33maria-label\u001b[39m=\u001b[32m\"BTC: $67k\"\u001b[39m\n          \u001b[33mclass\u001b[39m=\u001b[32m\"_marqueeItem_8a437e\"\u001b[39m\n        \u001b[36m>\u001b[39m\n          \u001b[36m<span\u001b[39m\n            \u001b[33maria-hidden\u001b[39m=\u001b[32m\"true\"\u001b[39m\n            \u001b[33mclass\u001b[39m=\u001b[32m\"_marqueeIcon_8a437e\"\u001b[39m\n          \u001b[36m>\u001b[39m\n            \u001b[0m₿\u001b[0m\n          \u001b[36m</span>\u001b[39m\n          \u001b[36m<span>\u001b[39m\n            \u001b[0mBTC\u001b[0m\n          \u001b[36m</span>\u001b[39m\n          \u001b[36m<span\u001b[39m\n            \u001b[33mclass\u001b[39m=\u001b[32m\"_marqueeValue_8a437e\"\u001b[39m\n          \u001b[36m>\u001b[39m\n            \u001b[0m$67k\u001b[0m\n          \u001b[36m</span>\u001b[39m\n        \u001b[36m</span>\u001b[39m\n      \u001b[36m</div>\u001b[39m\n    \u001b[36m</div>\u001b[39m\n  \u001b[36m</div>\u001b[39m\n\u001b[36m</body>\u001b[39m\n    at Object.getElementError (/Users/jono/Documents/GitHub/starcom-app/starcom-mk2/node_modules/@testing-library/dom/dist/config.js:37:19)\n    at getElementError (/Users/jono/Documents/GitHub/starcom-app/starcom-mk2/node_modules/@testing-library/dom/dist/query-helpers.js:20:35)\n    at getMultipleElementsFoundError (/Users/jono/Documents/GitHub/starcom-app/starcom-mk2/node_modules/@testing-library/dom/dist/query-helpers.js:23:10)\n    at /Users/jono/Documents/GitHub/starcom-app/starcom-mk2/node_modules/@testing-library/dom/dist/query-helpers.js:55:13\n    at getByLabelText (/Users/jono/Documents/GitHub/starcom-app/starcom-mk2/node_modules/@testing-library/dom/dist/query-helpers.js:95:19)\n    at forEach (/Users/jono/Documents/GitHub/starcom-app/starcom-mk2/src/components/HUD/Bars/TopBar/Marquee.test.tsx:17:21)\n    at Array.forEach (<anonymous>)\n    at /Users/jono/Documents/GitHub/starcom-app/starcom-mk2/src/components/HUD/Bars/TopBar/Marquee.test.tsx:16:16\n    at file:///Users/jono/Documents/GitHub/starcom-app/starcom-mk2/node_modules/@vitest/runner/dist/index.js:103:11\n    at file:///Users/jono/Documents/GitHub/starcom-app/starcom-mk2/node_modules/@vitest/runner/dist/index.js:595:26"],"meta":{}},{"ancestorTitles":["Marquee"],"fullName":"Marquee shows loading state","status":"passed","title":"shows loading state","duration":14.334833979606628,"failureMessages":[],"meta":{}},{"ancestorTitles":["Marquee"],"fullName":"Marquee shows error state","status":"passed","title":"shows error state","duration":3.953000009059906,"failureMessages":[],"meta":{}},{"ancestorTitles":["Marquee"],"fullName":"Marquee shows empty state","status":"passed","title":"shows empty state","duration":1.183458000421524,"failureMessages":[],"meta":{}},{"ancestorTitles":["Marquee"],"fullName":"Marquee is keyboard focusable and shows visible focus","status":"failed","title":"is keyboard focusable and shows visible focus","duration":1016.9611669778824,"failureMessages":["AssertionError: expected '_marquee_8a437e' to match /ring-2/\n\nIgnored nodes: comments, script, style\n\u001b[36m<html>\u001b[39m\n  \u001b[36m<head />\u001b[39m\n  \u001b[36m<body>\u001b[39m\n    \u001b[36m<div>\u001b[39m\n      \u001b[36m<div\u001b[39m\n        \u001b[33maria-describedby\u001b[39m=\u001b[32m\"marquee-desc\"\u001b[39m\n        \u001b[33maria-label\u001b[39m=\u001b[32m\"marquee\"\u001b[39m\n        \u001b[33maria-live\u001b[39m=\u001b[32m\"polite\"\u001b[39m\n        \u001b[33mclass\u001b[39m=\u001b[32m\"_marquee_8a437e\"\u001b[39m\n        \u001b[33mrole\u001b[39m=\u001b[32m\"region\"\u001b[39m\n        \u001b[33mtabindex\u001b[39m=\u001b[32m\"0\"\u001b[39m\n      \u001b[36m>\u001b[39m\n        \u001b[36m<span\u001b[39m\n          \u001b[33mclass\u001b[39m=\u001b[32m\"sr-only\"\u001b[39m\n          \u001b[33mid\u001b[39m=\u001b[32m\"marquee-desc\"\u001b[39m\n        \u001b[36m>\u001b[39m\n          \u001b[0mAuto-animating news ticker. Press Tab to focus, hover to pause.\u001b[0m\n        \u001b[36m</span>\u001b[39m\n        \u001b[36m<div\u001b[39m\n          \u001b[33mclass\u001b[39m=\u001b[32m\"_marqueeContent_8a437e\"\u001b[39m\n          \u001b[33mstyle\u001b[39m=\u001b[32m\"transform: translateX(0px);\"\u001b[39m\n        \u001b[36m>\u001b[39m\n          \u001b[36m<span\u001b[39m\n            \u001b[33maria-label\u001b[39m=\u001b[32m\"Oil: $75.00\"\u001b[39m\n            \u001b[33mclass\u001b[39m=\u001b[32m\"_marqueeItem_8a437e\"\u001b[39m\n          \u001b[36m>\u001b[39m\n            \u001b[36m<span\u001b[39m\n              \u001b[33maria-hidden\u001b[39m=\u001b[32m\"true\"\u001b[39m\n              \u001b[33mclass\u001b[39m=\u001b[32m\"_marqueeIcon_8a437e\"\u001b[39m\n            \u001b[36m>\u001b[39m\n              \u001b[0m🛢️\u001b[0m\n            \u001b[36m</span>\u001b[39m\n            \u001b[36m<span>\u001b[39m\n              \u001b[0mOil\u001b[0m\n            \u001b[36m</span>\u001b[39m\n            \u001b[36m<span\u001b[39m\n              \u001b[33mclass\u001b[39m=\u001b[32m\"_marqueeValue_8a437e\"\u001b[39m\n            \u001b[36m>\u001b[39m\n              \u001b[0m$75.00\u001b[0m\n            \u001b[36m</span>\u001b[39m\n          \u001b[36m</span>\u001b[39m\n          \u001b[36m<span\u001b[39m\n            \u001b[33maria-label\u001b[39m=\u001b[32m\"S&P500: +0.5%\"\u001b[39m\n            \u001b[33mclass\u001b[39m=\u001b[32m\"_marqueeItem_8a437e\"\u001b[39m\n          \u001b[36m>\u001b[39m\n            \u001b[36m<span\u001b[39m\n              \u001b[33maria-hidden\u001b[39m=\u001b[32m\"true\"\u001b[39m\n              \u001b[33mclass\u001b[39m=\u001b[32m\"_marqueeIcon_8a437e\"\u001b[39m\n            \u001b[36m>\u001b[39m\n              \u001b[0m📈\u001b[0m\n            \u001b[36m</span>\u001b[39m\n            \u001b[36m<span>\u001b[39m\n              \u001b[0mS&P500\u001b[0m\n            \u001b[36m</span>\u001b[39m\n            \u001b[36m<span\u001b[39m\n              \u001b[33mclass\u001b[39m=\u001b[32m\"_marqueeValue_8a437e\"\u001b[39m\n            \u001b[36m>\u001b[39m\n              \u001b[0m+0.5%\u001b[0m\n            \u001b[36m</span>\u001b[39m\n          \u001b[36m</span>\u001b[39m\n          \u001b[36m<span\u001b[39m\n            \u001b[33maria-label\u001b[39m=\u001b[32m\"BTC: $67k\"\u001b[39m\n            \u001b[33mclass\u001b[39m=\u001b[32m\"_marqueeItem_8a437e\"\u001b[39m\n          \u001b[36m>\u001b[39m\n            \u001b[36m<span\u001b[39m\n              \u001b[33maria-hidden\u001b[39m=\u001b[32m\"true\"\u001b[39m\n              \u001b[33mclass\u001b[39m=\u001b[32m\"_marqueeIcon_8a437e\"\u001b[39m\n            \u001b[36m>\u001b[39m\n              \u001b[0m₿\u001b[0m\n            \u001b[36m</span>\u001b[39m\n            \u001b[36m<span>\u001b[39m\n              \u001b[0mBTC\u001b[0m\n            \u001b[36m</span>\u001b[39m\n            \u001b[36m<span\u001b[39m\n              \u001b[33mclass\u001b[39m=\u001b[32m\"_marqueeValue_8a437e\"\u001b[39m\n            \u001b[36m>\u001b[39m\n              \u001b[0m$67k\u001b[0m\n            \u001b[36m</span>\u001b[39m\n          \u001b[36m</span>\u001b[39m\n          \u001b[36m<span\u001b[39m\n            \u001b[33maria-hidden\u001b[39m=\u001b[32m\"true\"\u001b[39m\n            \u001b[33maria-label\u001b[39m=\u001b[32m\"Oil: $75.00\"\u001b[39m\n            \u001b[33mclass\u001b[39m=\u001b[32m\"_marqueeItem_8a437e\"\u001b[39m\n          \u001b[36m>\u001b[39m\n            \u001b[36m<span\u001b[39m\n              \u001b[33maria-hidden\u001b[39m=\u001b[32m\"true\"\u001b[39m\n              \u001b[33mclass\u001b[39m=\u001b[32m\"_marqueeIcon_8a437e\"\u001b[39m\n            \u001b[36m>\u001b[39m\n              \u001b[0m🛢️\u001b[0m\n            \u001b[36m</span>\u001b[39m\n            \u001b[36m<span>\u001b[39m\n              \u001b[0mOil\u001b[0m\n            \u001b[36m</span>\u001b[39m\n            \u001b[36m<span\u001b[39m\n              \u001b[33mclass\u001b[39m=\u001b[32m\"_marqueeValue_8a437e\"\u001b[39m\n            \u001b[36m>\u001b[39m\n              \u001b[0m$75.00\u001b[0m\n            \u001b[36m</span>\u001b[39m\n          \u001b[36m</span>\u001b[39m\n          \u001b[36m<span\u001b[39m\n            \u001b[33maria-hidden\u001b[39m=\u001b[32m\"true\"\u001b[39m\n            \u001b[33maria-label\u001b[39m=\u001b[32m\"S&P500: +0.5%\"\u001b[39m\n            \u001b[33mclass\u001b[39m=\u001b[32m\"_marqueeItem_8a437e\"\u001b[39m\n          \u001b[36m>\u001b[39m\n            \u001b[36m<span\u001b[39m\n              \u001b[33maria-hidden\u001b[39m=\u001b[32m\"true\"\u001b[39m\n              \u001b[33mclass\u001b[39m=\u001b[32m\"_marqueeIcon_8a437e\"\u001b[39m\n            \u001b[36m>\u001b[39m\n              \u001b[0m📈\u001b[0m\n            \u001b[36m</span>\u001b[39m\n            \u001b[36m<span>\u001b[39m\n              \u001b[0mS&P500\u001b[0m\n            \u001b[36m</span>\u001b[39m\n            \u001b[36m<span\u001b[39m\n              \u001b[33mclass\u001b[39m=\u001b[32m\"_marqueeValue_8a437e\"\u001b[39m\n            \u001b[36m>\u001b[39m\n              \u001b[0m+0.5%\u001b[0m\n            \u001b[36m</span>\u001b[39m\n          \u001b[36m</span>\u001b[39m\n          \u001b[36m<span\u001b[39m\n            \u001b[33maria-hidden\u001b[39m=\u001b[32m\"true\"\u001b[39m\n            \u001b[33maria-label\u001b[39m=\u001b[32m\"BTC: $67k\"\u001b[39m\n            \u001b[33mclass\u001b[39m=\u001b[32m\"_marqueeItem_8a437e\"\u001b[39m\n          \u001b[36m>\u001b[39m\n            \u001b[36m<span\u001b[39m\n              \u001b[33maria-hidden\u001b[39m=\u001b[32m\"true\"\u001b[39m\n              \u001b[33mclass\u001b[39m=\u001b[32m\"_marqueeIcon_8a437e\"\u001b[39m\n            \u001b[36m>\u001b[39m\n              \u001b[0m₿\u001b[0m\n            \u001b[36m</span>\u001b[39m\n            \u001b[36m<span>\u001b[39m\n              \u001b[0mBTC\u001b[0m\n            \u001b[36m</span>\u001b[39m\n            \u001b[36m<span\u001b[39m\n              \u001b[33mclass\u001b[39m=\u001b[32m\"_marqueeValue_8a437e\"\u001b[39m\n            \u001b[36m>\u001b[39m\n              \u001b[0m$67k\u001b[0m\n            \u001b[36m</span>\u001b[39m\n          \u001b[36m</span>\u001b[39m\n        \u001b[36m</div>\u001b[39m\n      \u001b[36m</div>\u001b[39m\n    \u001b[36m</div>\u001b[39m\n  \u001b[36m</body>\u001b[39m\n\u001b[36m</html>\u001b[39m\n    at /Users/jono/Documents/GitHub/starcom-app/starcom-mk2/src/components/HUD/Bars/TopBar/Marquee.test.tsx:41:51\n    at runWithExpensiveErrorDiagnosticsDisabled (/Users/jono/Documents/GitHub/starcom-app/starcom-mk2/node_modules/@testing-library/dom/dist/config.js:47:12)\n    at checkCallback (/Users/jono/Documents/GitHub/starcom-app/starcom-mk2/node_modules/@testing-library/dom/dist/wait-for.js:124:77)\n    at Timeout.checkRealTimersCallback (/Users/jono/Documents/GitHub/starcom-app/starcom-mk2/node_modules/@testing-library/dom/dist/wait-for.js:118:16)\n    at listOnTimeout (node:internal/timers:569:17)\n    at processTimers (node:internal/timers:512:7)"],"meta":{}},{"ancestorTitles":["Marquee"],"fullName":"Marquee pauses and resumes on Space/Enter","status":"passed","title":"pauses and resumes on Space/Enter","duration":6.279917001724243,"failureMessages":[],"meta":{}},{"ancestorTitles":["Marquee"],"fullName":"Marquee pauses on mouse enter and resumes on mouse leave","status":"passed","title":"pauses on mouse enter and resumes on mouse leave","duration":6.686207979917526,"failureMessages":[],"meta":{}},{"ancestorTitles":["Marquee"],"fullName":"Marquee has aria-live polite for updates","status":"passed","title":"has aria-live polite for updates","duration":2.09162500500679,"failureMessages":[],"meta":{}}],"startTime":1749827496697,"endTime":1749827497789.0916,"status":"failed","message":"","name":"/Users/jono/Documents/GitHub/starcom-app/starcom-mk2/src/components/HUD/Bars/TopBar/Marquee.test.tsx"},{"assertionResults":[{"ancestorTitles":["TopBar artifact-driven"],"fullName":"TopBar artifact-driven renders logo, settings button, and marquee","status":"failed","title":"renders logo, settings button, and marquee","duration":45.919124990701675,"failureMessages":["TestingLibraryElementError: Unable to find an element with the alt text: /wing commander logo/i\n\nIgnored nodes: comments, script, style\n\u001b[36m<body>\u001b[39m\n  \u001b[36m<div>\u001b[39m\n    \u001b[36m<header\u001b[39m\n      \u001b[33maria-label\u001b[39m=\u001b[32m\"Top navigation bar\"\u001b[39m\n      \u001b[33mclass\u001b[39m=\u001b[32m\"_topBar_d74dcf\"\u001b[39m\n      \u001b[33mdata-testid\u001b[39m=\u001b[32m\"topbar-root\"\u001b[39m\n      \u001b[33mrole\u001b[39m=\u001b[32m\"banner\"\u001b[39m\n    \u001b[36m>\u001b[39m\n      \u001b[36m<div\u001b[39m\n        \u001b[33maria-label\u001b[39m=\u001b[32m\"News and data marquee\"\u001b[39m\n        \u001b[33mclass\u001b[39m=\u001b[32m\"_marqueeSection_d74dcf\"\u001b[39m\n      \u001b[36m>\u001b[39m\n        \u001b[36m<div\u001b[39m\n          \u001b[33maria-describedby\u001b[39m=\u001b[32m\"marquee-desc\"\u001b[39m\n          \u001b[33maria-label\u001b[39m=\u001b[32m\"marquee\"\u001b[39m\n          \u001b[33maria-live\u001b[39m=\u001b[32m\"polite\"\u001b[39m\n          \u001b[33mclass\u001b[39m=\u001b[32m\"_marquee_8a437e\"\u001b[39m\n          \u001b[33mrole\u001b[39m=\u001b[32m\"region\"\u001b[39m\n          \u001b[33mtabindex\u001b[39m=\u001b[32m\"0\"\u001b[39m\n        \u001b[36m>\u001b[39m\n          \u001b[36m<span\u001b[39m\n            \u001b[33mclass\u001b[39m=\u001b[32m\"sr-only\"\u001b[39m\n            \u001b[33mid\u001b[39m=\u001b[32m\"marquee-desc\"\u001b[39m\n          \u001b[36m>\u001b[39m\n            \u001b[0mAuto-animating news ticker. Press Tab to focus, hover to pause.\u001b[0m\n          \u001b[36m</span>\u001b[39m\n          \u001b[36m<div\u001b[39m\n            \u001b[33mclass\u001b[39m=\u001b[32m\"_marqueeContent_8a437e\"\u001b[39m\n            \u001b[33mstyle\u001b[39m=\u001b[32m\"transform: translateX(0px);\"\u001b[39m\n          \u001b[36m>\u001b[39m\n            \u001b[36m<span\u001b[39m\n              \u001b[33maria-label\u001b[39m=\u001b[32m\"Commodities: N/A\"\u001b[39m\n              \u001b[33mclass\u001b[39m=\u001b[32m\"_marqueeItem_8a437e\"\u001b[39m\n            \u001b[36m>\u001b[39m\n              \u001b[36m<span\u001b[39m\n                \u001b[33maria-hidden\u001b[39m=\u001b[32m\"true\"\u001b[39m\n                \u001b[33mclass\u001b[39m=\u001b[32m\"_marqueeIcon_8a437e\"\u001b[39m\n              \u001b[36m>\u001b[39m\n                \u001b[0m🛢️\u001b[0m\n              \u001b[36m</span>\u001b[39m\n              \u001b[36m<span>\u001b[39m\n                \u001b[0mCommodities\u001b[0m\n              \u001b[36m</span>\u001b[39m\n              \u001b[36m<span\u001b[39m\n                \u001b[33mclass\u001b[39m=\u001b[32m\"_marqueeValue_8a437e\"\u001b[39m\n              \u001b[36m>\u001b[39m\n                \u001b[0mN/A\u001b[0m\n              \u001b[36m</span>\u001b[39m\n            \u001b[36m</span>\u001b[39m\n            \u001b[36m<span\u001b[39m\n              \u001b[33maria-label\u001b[39m=\u001b[32m\"Indices: N/A\"\u001b[39m\n              \u001b[33mclass\u001b[39m=\u001b[32m\"_marqueeItem_8a437e\"\u001b[39m\n            \u001b[36m>\u001b[39m\n              \u001b[36m<span\u001b[39m\n                \u001b[33maria-hidden\u001b[39m=\u001b[32m\"true\"\u001b[39m\n                \u001b[33mclass\u001b[39m=\u001b[32m\"_marqueeIcon_8a437e\"\u001b[39m\n              \u001b[36m>\u001b[39m\n                \u001b[0m📈\u001b[0m\n              \u001b[36m</span>\u001b[39m\n              \u001b[36m<span>\u001b[39m\n                \u001b[0mIndices\u001b[0m\n              \u001b[36m</span>\u001b[39m\n              \u001b[36m<span\u001b[39m\n                \u001b[33mclass\u001b[39m=\u001b[32m\"_marqueeValue_8a437e\"\u001b[39m\n              \u001b[36m>\u001b[39m\n                \u001b[0mN/A\u001b[0m\n              \u001b[36m</span>\u001b[39m\n            \u001b[36m</span>\u001b[39m\n            \u001b[36m<span\u001b[39m\n              \u001b[33maria-label\u001b[39m=\u001b[32m\"Crypto: N/A\"\u001b[39m\n              \u001b[33mclass\u001b[39m=\u001b[32m\"_marqueeItem_8a437e\"\u001b[39m\n            \u001b[36m>\u001b[39m\n              \u001b[36m<span\u001b[39m\n                \u001b[33maria-hidden\u001b[39m=\u001b[32m\"true\"\u001b[39m\n                \u001b[33mclass\u001b[39m=\u001b[32m\"_marqueeIcon_8a437e\"\u001b[39m\n              \u001b[36m>\u001b[39m\n                \u001b[0m₿\u001b[0m\n              \u001b[36m</span>\u001b[39m\n              \u001b[36m<span>\u001b[39m\n                \u001b[0mCrypto\u001b[0m\n              \u001b[36m</span>\u001b[39m\n              \u001b[36m<span\u001b[39m\n                \u001b[33mclass\u001b[39m=\u001b[32m\"_marqueeValue_8a437e\"\u001b[39m\n              \u001b[36m>\u001b[39m\n                \u001b[0mN/A\u001b[0m\n              \u001b[36m</span>\u001b[39m\n            \u001b[36m</span>\u001b[39m\n            \u001b[36m<span\u001b[39m\n              \u001b[33maria-label\u001b[39m=\u001b[32m\"Forex: N/A\"\u001b[39m\n              \u001b[33mclass\u001b[39m=\u001b[32m\"_marqueeItem_8a437e\"\u001b[39m\n            \u001b[36m>\u001b[39m\n              \u001b[36m<span\u001b[39m\n                \u001b[33maria-hidden\u001b[39m=\u001b[32m\"true\"\u001b[39m\n                \u001b[33mclass\u001b[39m=\u001b[32m\"_marqueeIcon_8a437e\"\u001b[39m\n              \u001b[36m>\u001b[39m\n                \u001b[0m💱\u001b[0m\n              \u001b[36m</span>\u001b[39m\n              \u001b[36m<span>\u001b[39m\n                \u001b[0mForex\u001b[0m\n              \u001b[36m</span>\u001b[39m\n              \u001b[36m<span\u001b[39m\n                \u001b[33mclass\u001b[39m=\u001b[32m\"_marqueeValue_8a437e\"\u001b[39m\n              \u001b[36m>\u001b[39m\n                \u001b[0mN/A\u001b[0m\n              \u001b[36m</span>\u001b[39m\n            \u001b[36m</span>\u001b[39m\n            \u001b[36m<span\u001b[39m\n              \u001b[33maria-label\u001b[39m=\u001b[32m\"Economic Indicators: N/A\"\u001b[39m\n              \u001b[33mclass\u001b[39m=\u001b[32m\"_marqueeItem_8a437e\"\u001b[39m\n            \u001b[36m>\u001b[39m\n              \u001b[36m<span\u001b[39m\n                \u001b[33maria-hidden\u001b[39m=\u001b[32m\"true\"\u001b[39m\n                \u001b[33mclass\u001b[39m=\u001b[32m\"_marqueeIcon_8a437e\"\u001b[39m\n              \u001b[36m>\u001b[39m\n                \u001b[0m📊\u001b[0m\n              \u001b[36m</span>\u001b[39m\n              \u001b[36m<span>\u001b[39m\n                \u001b[0mEconomic Indicators\u001b[0m\n              \u001b[36m</span>\u001b[39m\n              \u001b[36m<span\u001b[39m\n                \u001b[33mclass\u001b[39m=\u001b[32m\"_marqueeValue_8a437e\"\u001b[39m\n              \u001b[36m>\u001b[39m\n                \u001b[0mN/A\u001b[0m\n              \u001b[36m</span>\u001b[39m\n            \u001b[36m</span>\u001b[39m\n            \u001b[36m<span\u001b[39m\n              \u001b[33maria-label\u001b[39m=\u001b[32m\"News Headlines: N/A\"\u001b[39m\n              \u001b[33mclass\u001b[39m=\u001b[32m\"_marqueeItem_8a437e\"\u001b[39m\n            \u001b[36m>\u001b[39m\n              \u001b[36m<span\u001b[39m\n                \u001b[33maria-hidden\u001b[39m=\u001b[32m\"true\"\u001b[39m\n                \u001b[33mclass\u001b[39m=\u001b[32m\"_marqueeIcon_8a437e\"\u001b[39m\n              \u001b[36m>\u001b[39m\n                \u001b[0m📰\u001b[0m\n              \u001b[36m</span>\u001b[39m\n              \u001b[36m<span>\u001b[39m\n                \u001b[0mNews Headlines\u001b[0m\n              \u001b[36m</span>\u001b[39m\n              \u001b[36m<span\u001b[39m\n                \u001b[33mclass\u001b[39m=\u001b[32m\"_marqueeValue_8a437e\"\u001b[39m\n              \u001b[36m>\u001b[39m\n                \u001b[0mN/A\u001b[0m\n              \u001b[36m</span>\u001b[39m\n            \u001b[36m</span>\u001b[39m\n            \u001b[36m<span\u001b[39m\n              \u001b[33maria-label\u001b[39m=\u001b[32m\"Market Sentiment: N/A\"\u001b[39m\n              \u001b[33mclass\u001b[39m=\u001b[32m\"_marqueeItem_8a437e\"\u001b[39m\n            \u001b[36m>\u001b[39m\n              \u001b[36m<span\u001b[39m\n                \u001b[33maria-hidden\u001b[39m=\u001b[32m\"true\"\u001b[39m\n                \u001b[33mclass\u001b[39m=\u001b[32m\"_marqueeIcon_8a437e\"\u001b[39m\n              \u001b[36m>\u001b[39m\n                \u001b[0m📢\u001b[0m\n              \u001b[36m</span>\u001b[39m\n              \u001b[36m<span>\u001b[39m\n                \u001b[0mMarket Sentiment\u001b[0m\n              \u001b[36m</span>\u001b[39m\n              \u001b[36m<span\u001b[39m\n                \u001b[33mclass\u001b[39m=\u001b[32m\"_marqueeValue_8a437e\"\u001b[39m\n              \u001b[36m>\u001b[39m\n                \u001b[0mN/A\u001b[0m\n              \u001b[36m</span>\u001b[39m\n            \u001b[36m</span>\u001b[39m\n            \u001b[36m<span\u001b[39m\n              \u001b[33maria-hidden\u001b[39m=\u001b[32m\"true\"\u001b[39m\n              \u001b[33maria-label\u001b[39m=\u001b[32m\"Commodities: N/A\"\u001b[39m\n              \u001b[33mclass\u001b[39m=\u001b[32m\"_marqueeItem_8a437e\"\u001b[39m\n            \u001b[36m>\u001b[39m\n              \u001b[36m<span\u001b[39m\n                \u001b[33maria-hidden\u001b[39m=\u001b[32m\"true\"\u001b[39m\n                \u001b[33mclass\u001b[39m=\u001b[32m\"_marqueeIcon_8a437e\"\u001b[39m\n              \u001b[36m>\u001b[39m\n                \u001b[0m🛢️\u001b[0m\n              \u001b[36m</span>\u001b[39m\n              \u001b[36m<span>\u001b[39m\n                \u001b[0mCommodities\u001b[0m\n              \u001b[36m</span>\u001b[39m\n              \u001b[36m<span\u001b[39m\n                \u001b[33mclass\u001b[39m=\u001b[32m\"_marqueeValue_8a437e\"\u001b[39m\n              \u001b[36m>\u001b[39m\n                \u001b[0mN/A\u001b[0m\n              \u001b[36m</span>\u001b[39m\n            \u001b[36m</span>\u001b[39m\n            \u001b[36m<span\u001b[39m\n              \u001b[33maria-hidden\u001b[39m=\u001b[32m\"true\"\u001b[39m\n              \u001b[33maria-label\u001b[39m=\u001b[32m\"Indices: N/A\"\u001b[39m\n              \u001b[33mclass\u001b[39m=\u001b[32m\"_marqueeItem_8a437e\"\u001b[39m\n            \u001b[36m>\u001b[39m\n              \u001b[36m<span\u001b[39m\n                \u001b[33maria-hidden\u001b[39m=\u001b[32m\"true\"\u001b[39m\n                \u001b[33mclass\u001b[39m=\u001b[32m\"_marqueeIcon_8a437e\"\u001b[39m\n              \u001b[36m>\u001b[39m\n                \u001b[0m📈\u001b[0m\n              \u001b[36m</span>\u001b[39m\n              \u001b[36m<span>\u001b[39m\n                \u001b[0mIndices\u001b[0m\n              \u001b[36m</span>\u001b[39m\n              \u001b[36m<span\u001b[39m\n                \u001b[33mclass\u001b[39m=\u001b[32m\"_marqueeValue_8a437e\"\u001b[39m\n              \u001b[36m>\u001b[39m\n                \u001b[0mN/A\u001b[0m\n              \u001b[36m</span>\u001b[39m\n            \u001b[36m</span>\u001b[39m\n            \u001b[36m<span\u001b[39m\n              \u001b[33maria-hidden\u001b[39m=\u001b[32m\"true\"\u001b[39m\n              \u001b[33maria-label\u001b[39m=\u001b[32m\"Crypto: N/A\"\u001b[39m\n              \u001b[33mclass\u001b[39m=\u001b[32m\"_marqueeItem_8a437e\"\u001b[39m\n            \u001b[36m>\u001b[39m\n              \u001b[36m<span\u001b[39m\n                \u001b[33maria-hidden\u001b[39m=\u001b[32m\"true\"\u001b[39m\n                \u001b[33mclass\u001b[39m=\u001b[32m\"_marqueeIcon_8a437e\"\u001b[39m\n              \u001b[36m>\u001b[39m\n                \u001b[0m₿\u001b[0m\n              \u001b[36m</span>\u001b[39m\n              \u001b[36m<span>\u001b[39m\n                \u001b[0mCrypto\u001b[0m\n              \u001b[36m</span>\u001b[39m\n              \u001b[36m<span\u001b[39m\n                \u001b[33mclass\u001b[39m=\u001b[32m\"_marqueeValue_8a437e\"\u001b[39m\n              \u001b[36m>\u001b[39m\n                \u001b[0mN/A\u001b[0m\n              \u001b[36m</span>\u001b[39m\n            \u001b[36m</span>\u001b[39m\n            \u001b[36m<span\u001b[39m\n              \u001b[33maria-hidden\u001b[39m=\u001b[32m\"true\"\u001b[39m\n              \u001b[33maria-label\u001b[39m=\u001b[32m\"Forex: N/A\"\u001b[39m\n              \u001b[33mclass\u001b[39m=\u001b[32m\"_marqueeItem_8a437e\"\u001b[39m\n            \u001b[36m>\u001b[39m\n              \u001b[36m<span\u001b[39m\n                \u001b[33maria-hidden\u001b[39m=\u001b[32m\"true\"\u001b[39m\n                \u001b[33mclass\u001b[39m=\u001b[32m\"_marqueeIcon_8a437e\"\u001b[39m\n              \u001b[36m>\u001b[39m\n                \u001b[0m💱\u001b[0m\n              \u001b[36m</span>\u001b[39m\n              \u001b[36m<span>\u001b[39m\n                \u001b[0mForex\u001b[0m\n              \u001b[36m</span>\u001b[39m\n              \u001b[36m<span\u001b[39m\n                \u001b[33mclass\u001b[39m=\u001b[32m\"_marqueeValue_8a437e\"\u001b[39m\n              \u001b[36m>\u001b[39m\n                \u001b[0mN/A\u001b[0m\n              \u001b[36m</span>\u001b[39m\n            \u001b[36m</span>\u001b[39m\n            \u001b[36m<span\u001b[39m\n              \u001b[33maria-hidden\u001b[39m=\u001b[32m\"true\"\u001b[39m\n              \u001b[33maria-label\u001b[39m=\u001b[32m\"Economic Indicators: N/A\"\u001b[39m\n              \u001b[33mclass\u001b[39m=\u001b[32m\"_marqueeItem_8a437e\"\u001b[39m\n            \u001b[36m>\u001b[39m\n              \u001b[36m<span\u001b[39m\n                \u001b[33maria-hidden\u001b[39m=\u001b[32m\"true\"\u001b[39m\n                \u001b[33mclass\u001b[39m=\u001b[32m\"_marqueeIcon_8a437e\"\u001b[39m\n              \u001b[36m>\u001b[39m\n                \u001b[0m📊\u001b[0m\n              \u001b[36m</span>\u001b[39m\n              \u001b[36m<span>\u001b[39m\n                \u001b[0mEconomic Indicators\u001b[0m\n              \u001b[36m</span>\u001b[39m\n              \u001b[36m<span\u001b[39m\n                \u001b[33mclass\u001b[39m=\u001b[32m\"_marqueeValue_8a437e\"\u001b[39m\n              \u001b[36m>\u001b[39m\n                \u001b[0mN/A\u001b[0m\n              \u001b[36m</span>\u001b[39m\n            \u001b[36m</span>\u001b[39m\n            \u001b[36m<span\u001b[39m\n              \u001b[33maria-hidden\u001b[39m=\u001b[32m\"true\"\u001b[39m\n              \u001b[33maria-label\u001b[39m=\u001b[32m\"News Headlines: N/A\"\u001b[39m\n              \u001b[33mclass\u001b[39m=\u001b[32m\"_marqueeItem_8a437e\"\u001b[39m\n            \u001b[36m>\u001b[39m\n              \u001b[36m<span\u001b[39m\n                \u001b[33maria-hidden\u001b[39m=\u001b[32m\"true\"\u001b[39m\n                \u001b[33mclass\u001b[39m=\u001b[32m\"_marqueeIcon_8a437e\"\u001b[39m\n              \u001b[36m>\u001b[39m\n                \u001b[0m📰\u001b[0m\n              \u001b[36m</span>\u001b[39m\n              \u001b[36m<span>\u001b[39m\n                \u001b[0mNews Headlines\u001b[0m\n              \u001b[36m</span>\u001b[39m\n              \u001b[36m<span\u001b[39m\n                \u001b[33mclass\u001b[39m=\u001b[32m\"_marqueeValue_8a437e\"\u001b[39m\n              \u001b[36m>\u001b[39m\n                \u001b[0mN/A\u001b[0m\n              \u001b[36m</span>\u001b[39m\n            \u001b[36m</span>\u001b[39m\n            \u001b[36m<span\u001b[39m\n              \u001b[33maria-hidden\u001b[39m=\u001b[32m\"true\"\u001b[39m\n              \u001b[33maria-label\u001b[39m=\u001b[32m\"Market Sentiment: N/A\"\u001b[39m\n              \u001b[33mclass\u001b[39m=\u001b[32m\"_marqueeItem_8a437e\"\u001b[39m\n            \u001b[36m>\u001b[39m\n              \u001b[36m<span\u001b[39m\n                \u001b[33maria-hidden\u001b[39m=\u001b[32m\"true\"\u001b[39m\n                \u001b[33mclass\u001b[39m=\u001b[32m\"_marqueeIcon_8a437e\"\u001b[39m\n              \u001b[36m>\u001b[39m\n                \u001b[0m📢\u001b[0m\n              \u001b[36m</span>\u001b[39m\n              \u001b[36m<span>\u001b[39m\n                \u001b[0mMarket Sentiment\u001b[0m\n              \u001b[36m</span>\u001b[39m\n              \u001b[36m<span\u001b[39m\n                \u001b[33mclass\u001b[39m=\u001b[32m\"_marqueeValue_8a437e\"\u001b[39m\n              \u001b[36m>\u001b[39m\n                \u001b[0mN/A\u001b[0m\n              \u001b[36m</span>\u001b[39m\n            \u001b[36m</span>\u001b[39m\n          \u001b[36m</div>\u001b[39m\n        \u001b[36m</div>\u001b[39m\n      \u001b[36m</div>\u001b[39m\n      \u001b[36m<button\u001b[39m\n        \u001b[33maria-expanded\u001b[39m=\u001b[32m\"false\"\u001b[39m\n        \u001b[33maria-haspopup\u001b[39m=\u001b[32m\"dialog\"\u001b[39m\n        \u001b[33maria-label\u001b[39m=\u001b[32m\"Open settings\"\u001b[39m\n        \u001b[33mclass\u001b[39m=\u001b[32m\"_settingsButton_d74dcf\"\u001b[39m\n        \u001b[33mdata-testid\u001b[39m=\u001b[32m\"topbar-settings-btn\"\u001b[39m\n        \u001b[33mtabindex\u001b[39m=\u001b[32m\"0\"\u001b[39m\n      \u001b[36m>\u001b[39m\n        \u001b[36m<span\u001b[39m\n          \u001b[33maria-label\u001b[39m=\u001b[32m\"Settings\"\u001b[39m\n          \u001b[33mrole\u001b[39m=\u001b[32m\"img\"\u001b[39m\n        \u001b[36m>\u001b[39m\n          \u001b[0m⚙️\u001b[0m\n        \u001b[36m</span>\u001b[39m\n      \u001b[36m</button>\u001b[39m\n    \u001b[36m</header>\u001b[39m\n  \u001b[36m</div>\u001b[39m\n\u001b[36m</body>\u001b[39m\n    at Object.getElementError (/Users/jono/Documents/GitHub/starcom-app/starcom-mk2/node_modules/@testing-library/dom/dist/config.js:37:19)\n    at /Users/jono/Documents/GitHub/starcom-app/starcom-mk2/node_modules/@testing-library/dom/dist/query-helpers.js:76:38\n    at /Users/jono/Documents/GitHub/starcom-app/starcom-mk2/node_modules/@testing-library/dom/dist/query-helpers.js:52:17\n    at getByAltText (/Users/jono/Documents/GitHub/starcom-app/starcom-mk2/node_modules/@testing-library/dom/dist/query-helpers.js:95:19)\n    at /Users/jono/Documents/GitHub/starcom-app/starcom-mk2/src/components/HUD/Bars/TopBar/TopBar.test.tsx:53:19\n    at file:///Users/jono/Documents/GitHub/starcom-app/starcom-mk2/node_modules/@vitest/runner/dist/index.js:103:11\n    at file:///Users/jono/Documents/GitHub/starcom-app/starcom-mk2/node_modules/@vitest/runner/dist/index.js:595:26\n    at file:///Users/jono/Documents/GitHub/starcom-app/starcom-mk2/node_modules/@vitest/runner/dist/index.js:877:20\n    at new Promise (<anonymous>)\n    at runWithTimeout (file:///Users/jono/Documents/GitHub/starcom-app/starcom-mk2/node_modules/@vitest/runner/dist/index.js:850:10)"],"meta":{}},{"ancestorTitles":["TopBar artifact-driven"],"fullName":"TopBar artifact-driven opens and closes the settings modal","status":"passed","title":"opens and closes the settings modal","duration":90.49395900964737,"failureMessages":[],"meta":{}},{"ancestorTitles":["TopBar artifact-driven"],"fullName":"TopBar artifact-driven toggles a category and updates marquee","status":"passed","title":"toggles a category and updates marquee","duration":64.87162500619888,"failureMessages":[],"meta":{}},{"ancestorTitles":["TopBar artifact-driven"],"fullName":"TopBar artifact-driven marquee pauses on hover and resumes on mouse leave","status":"passed","title":"marquee pauses on hover and resumes on mouse leave","duration":13.949582993984222,"failureMessages":[],"meta":{}},{"ancestorTitles":["TopBar artifact-driven"],"fullName":"TopBar artifact-driven shows \"No data selected\" when all categories are disabled","status":"passed","title":"shows \"No data selected\" when all categories are disabled","duration":70.10445800423622,"failureMessages":[],"meta":{}}],"startTime":1749827494976,"endTime":1749827495262.1045,"status":"failed","message":"","name":"/Users/jono/Documents/GitHub/starcom-app/starcom-mk2/src/components/HUD/Bars/TopBar/TopBar.test.tsx"}]}