{"numTotalTestSuites":86,"numPassedTestSuites":74,"numFailedTestSuites":12,"numPendingTestSuites":0,"numTotalTests":133,"numPassedTests":120,"numFailedTests":13,"numPendingTests":0,"numTodoTests":0,"snapshot":{"added":0,"failure":false,"filesAdded":0,"filesRemoved":0,"filesRemovedList":[],"filesUnmatched":0,"filesUpdated":0,"matched":0,"total":0,"unchecked":0,"uncheckedKeysByFile":[],"unmatched":0,"updated":0,"didUpdate":false},"startTime":1750445500457,"success":false,"testResults":[{"assertionResults":[{"ancestorTitles":["IntelReportData Models","IntelReportData interface"],"fullName":"IntelReportData Models IntelReportData interface should accept all required fields","status":"passed","title":"should accept all required fields","duration":0.13729199767112732,"failureMessages":[],"meta":{}},{"ancestorTitles":["IntelReportData Models","IntelReportData interface"],"fullName":"IntelReportData Models IntelReportData interface should accept optional fields","status":"passed","title":"should accept optional fields","duration":0.10879199951887131,"failureMessages":[],"meta":{}},{"ancestorTitles":["IntelReportData Models","IntelReportFormData interface"],"fullName":"IntelReportData Models IntelReportFormData interface should represent form data structure correctly","status":"passed","title":"should represent form data structure correctly","duration":0.10804099589586258,"failureMessages":[],"meta":{}},{"ancestorTitles":["IntelReportData Models","IntelReportTransformer","formToBlockchain"],"fullName":"IntelReportData Models IntelReportTransformer formToBlockchain should convert form data to blockchain data correctly","status":"passed","title":"should convert form data to blockchain data correctly","duration":0.1321669965982437,"failureMessages":[],"meta":{}},{"ancestorTitles":["IntelReportData Models","IntelReportTransformer","formToBlockchain"],"fullName":"IntelReportData Models IntelReportTransformer formToBlockchain should handle empty tags","status":"passed","title":"should handle empty tags","duration":0.042583003640174866,"failureMessages":[],"meta":{}},{"ancestorTitles":["IntelReportData Models","IntelReportTransformer","formToBlockchain"],"fullName":"IntelReportData Models IntelReportTransformer formToBlockchain should trim whitespace from tags","status":"passed","title":"should trim whitespace from tags","duration":0.0452909991145134,"failureMessages":[],"meta":{}},{"ancestorTitles":["IntelReportData Models","IntelReportTransformer","blockchainToData"],"fullName":"IntelReportData Models IntelReportTransformer blockchainToData should convert blockchain data to unified data correctly","status":"passed","title":"should convert blockchain data to unified data correctly","duration":0.16470900177955627,"failureMessages":[],"meta":{}},{"ancestorTitles":["IntelReportData Models","IntelReportTransformer","blockchainToData"],"fullName":"IntelReportData Models IntelReportTransformer blockchainToData should handle missing optional parameters","status":"passed","title":"should handle missing optional parameters","duration":0.10391699522733688,"failureMessages":[],"meta":{}},{"ancestorTitles":["IntelReportData Models","IntelReportTransformer","dataToOverlayMarker"],"fullName":"IntelReportData Models IntelReportTransformer dataToOverlayMarker should convert unified data to overlay marker correctly","status":"passed","title":"should convert unified data to overlay marker correctly","duration":0.10983400046825409,"failureMessages":[],"meta":{}},{"ancestorTitles":["IntelReportData Models","IntelReportTransformer","dataToOverlayMarker"],"fullName":"IntelReportData Models IntelReportTransformer dataToOverlayMarker should handle missing pubkey","status":"passed","title":"should handle missing pubkey","duration":0.0338750034570694,"failureMessages":[],"meta":{}},{"ancestorTitles":["IntelReportData Models","IntelReportTransformer","validate"],"fullName":"IntelReportData Models IntelReportTransformer validate should validate complete intel report data","status":"passed","title":"should validate complete intel report data","duration":0.07445799559354782,"failureMessages":[],"meta":{}},{"ancestorTitles":["IntelReportData Models","IntelReportTransformer","validate"],"fullName":"IntelReportData Models IntelReportTransformer validate should identify missing required fields","status":"passed","title":"should identify missing required fields","duration":0.1875,"failureMessages":[],"meta":{}},{"ancestorTitles":["IntelReportData Models","IntelReportTransformer","validate"],"fullName":"IntelReportData Models IntelReportTransformer validate should handle invalid numeric values","status":"passed","title":"should handle invalid numeric values","duration":0.07854200154542923,"failureMessages":[],"meta":{}}],"startTime":1750445512956,"endTime":1750445512957.1875,"status":"passed","message":"","name":"/Users/jono/Documents/GitHub/starcom-app/starcom-mk2/test/IntelReportData.test.ts"},{"assertionResults":[{"ancestorTitles":["IntelReportService","constructor"],"fullName":"IntelReportService constructor should initialize with valid connection and program ID","status":"passed","title":"should initialize with valid connection and program ID","duration":0.9842920005321503,"failureMessages":[],"meta":{}},{"ancestorTitles":["IntelReportService","constructor"],"fullName":"IntelReportService constructor should handle invalid program ID gracefully","status":"passed","title":"should handle invalid program ID gracefully","duration":1.8791659995913506,"failureMessages":[],"meta":{}},{"ancestorTitles":["IntelReportService","enableAnchorMode"],"fullName":"IntelReportService enableAnchorMode should log message indicating Anchor mode is disabled for MVP","status":"passed","title":"should log message indicating Anchor mode is disabled for MVP","duration":0.8795420005917549,"failureMessages":[],"meta":{}},{"ancestorTitles":["IntelReportService","submitIntelReport"],"fullName":"IntelReportService submitIntelReport should successfully submit intel report with valid data","status":"passed","title":"should successfully submit intel report with valid data","duration":1.3709169998764992,"failureMessages":[],"meta":{}},{"ancestorTitles":["IntelReportService","submitIntelReport"],"fullName":"IntelReportService submitIntelReport should throw error when wallet is not connected","status":"passed","title":"should throw error when wallet is not connected","duration":1.3578749969601631,"failureMessages":[],"meta":{}},{"ancestorTitles":["IntelReportService","submitIntelReport"],"fullName":"IntelReportService submitIntelReport should throw error when wallet does not support transaction signing","status":"passed","title":"should throw error when wallet does not support transaction signing","duration":0.918957993388176,"failureMessages":[],"meta":{}},{"ancestorTitles":["IntelReportService","submitIntelReport"],"fullName":"IntelReportService submitIntelReport should handle connection errors gracefully","status":"passed","title":"should handle connection errors gracefully","duration":1.212749995291233,"failureMessages":[],"meta":{}},{"ancestorTitles":["IntelReportService","fetchIntelReports"],"fullName":"IntelReportService fetchIntelReports should return placeholder data for MVP","status":"passed","title":"should return placeholder data for MVP","duration":0.9438749998807907,"failureMessages":[],"meta":{}},{"ancestorTitles":["IntelReportService","fetchIntelReports"],"fullName":"IntelReportService fetchIntelReports should handle errors gracefully and return placeholder data","status":"passed","title":"should handle errors gracefully and return placeholder data","duration":0.7358749955892563,"failureMessages":[],"meta":{}},{"ancestorTitles":["IntelReportService","data validation"],"fullName":"IntelReportService data validation should handle intel report with all required fields","status":"passed","title":"should handle intel report with all required fields","duration":1.0085840001702309,"failureMessages":[],"meta":{}},{"ancestorTitles":["IntelReportService","data validation"],"fullName":"IntelReportService data validation should handle intel report with optional fields","status":"passed","title":"should handle intel report with optional fields","duration":0.9079999998211861,"failureMessages":[],"meta":{}}],"startTime":1750445512835,"endTime":1750445512846.908,"status":"passed","message":"","name":"/Users/jono/Documents/GitHub/starcom-app/starcom-mk2/test/IntelReportService.test.ts"},{"assertionResults":[],"startTime":1750445500457,"endTime":1750445500457,"status":"failed","message":"  x Unterminated regexp literal\n    ,-[/Users/jono/Documents/GitHub/starcom-app/starcom-mk2/src/context/SpaceWeatherContext.test.ts:87:1]\n 84 | \n 85 | describe('SpaceWeatherContext Electric Field Toggle', () => {\n 86 |   const wrapper = ({ children }: { children: React.ReactNode }) => (\n 87 |     <SpaceWeatherProvider>{children}</SpaceWeatherProvider>\n    :                                      ^^^^^^^^^^^^^^^^^^^^^^\n 88 |   );\n 89 | \n 90 |   it('should show overlay when electric fields are enabled', () => {\n    `----\n\n\nCaused by:\n    Syntax Error","name":"/Users/jono/Documents/GitHub/starcom-app/starcom-mk2/src/context/SpaceWeatherContext.test.ts"},{"assertionResults":[{"ancestorTitles":["Globe Space Weather Integration"],"fullName":"Globe Space Weather Integration should add space weather InterMag overlay and fetch data","status":"passed","title":"should add space weather InterMag overlay and fetch data","duration":103.45733300596476,"failureMessages":[],"meta":{}},{"ancestorTitles":["Globe Space Weather Integration"],"fullName":"Globe Space Weather Integration should add space weather US-Canada overlay and fetch data","status":"passed","title":"should add space weather US-Canada overlay and fetch data","duration":101.63099999725819,"failureMessages":[],"meta":{}},{"ancestorTitles":["Globe Space Weather Integration"],"fullName":"Globe Space Weather Integration should handle space weather data fetch errors gracefully","status":"passed","title":"should handle space weather data fetch errors gracefully","duration":100.57712499797344,"failureMessages":[],"meta":{}},{"ancestorTitles":["Globe Space Weather Integration"],"fullName":"Globe Space Weather Integration should remove space weather overlays correctly","status":"passed","title":"should remove space weather overlays correctly","duration":0.6045840010046959,"failureMessages":[],"meta":{}},{"ancestorTitles":["Globe Space Weather Integration"],"fullName":"Globe Space Weather Integration should include space weather overlays in CyberCommand mode defaults","status":"passed","title":"should include space weather overlays in CyberCommand mode defaults","duration":0.6220420002937317,"failureMessages":[],"meta":{}},{"ancestorTitles":["Globe Space Weather Integration"],"fullName":"Globe Space Weather Integration should transform NOAA data to proper intelligence markers format","status":"passed","title":"should transform NOAA data to proper intelligence markers format","duration":0.7070840001106262,"failureMessages":[],"meta":{}}],"startTime":1750445511725,"endTime":1750445512032.707,"status":"passed","message":"","name":"/Users/jono/Documents/GitHub/starcom-app/starcom-mk2/src/globe-engine/GlobeEngine.spaceWeather.test.ts"},{"assertionResults":[{"ancestorTitles":["GlobeEngine Overlay Logic"],"fullName":"GlobeEngine Overlay Logic should add overlays and cache overlay data","status":"passed","title":"should add overlays and cache overlay data","duration":604.5454160049558,"failureMessages":[],"meta":{}},{"ancestorTitles":["GlobeEngine Overlay Logic"],"fullName":"GlobeEngine Overlay Logic should reset overlays to mode defaults on setMode","status":"passed","title":"should reset overlays to mode defaults on setMode","duration":601.4591670036316,"failureMessages":[],"meta":{}},{"ancestorTitles":["GlobeEngine Overlay Logic"],"fullName":"GlobeEngine Overlay Logic should emit overlayDataUpdated event","status":"passed","title":"should emit overlayDataUpdated event","duration":4.215833000838757,"failureMessages":[],"meta":{}},{"ancestorTitles":["GlobeEngine Integration (artifact-driven)"],"fullName":"GlobeEngine Integration (artifact-driven) should fetch and cache overlay data for weather and naturalEvents (mocked)","status":"passed","title":"should fetch and cache overlay data for weather and naturalEvents (mocked)","duration":699.6725419983268,"failureMessages":[],"meta":{}},{"ancestorTitles":["GlobeEngine Integration (artifact-driven)"],"fullName":"GlobeEngine Integration (artifact-driven) should allow toggling overlays and emit correct events","status":"passed","title":"should allow toggling overlays and emit correct events","duration":0.3614169955253601,"failureMessages":[],"meta":{}},{"ancestorTitles":["GlobeEngine Integration (artifact-driven)"],"fullName":"GlobeEngine Integration (artifact-driven) should fetch and cache overlay data for spaceAssets (mocked)","status":"passed","title":"should fetch and cache overlay data for spaceAssets (mocked)","duration":600.7060000002384,"failureMessages":[],"meta":{}},{"ancestorTitles":["GlobeEngine Integration (artifact-driven)"],"fullName":"GlobeEngine Integration (artifact-driven) should emit overlayDataLoading and overlayDataError for spaceAssets","status":"passed","title":"should emit overlayDataLoading and overlayDataError for spaceAssets","duration":602.437125004828,"failureMessages":[],"meta":{}},{"ancestorTitles":["GlobeEngine Integration (artifact-driven)"],"fullName":"GlobeEngine Integration (artifact-driven) should periodically update spaceAssets overlay (artifact-driven, fake timers)","status":"passed","title":"should periodically update spaceAssets overlay (artifact-driven, fake timers)","duration":2.4414170011878014,"failureMessages":[],"meta":{}}],"startTime":1750445506073,"endTime":1750445509188.4414,"status":"passed","message":"","name":"/Users/jono/Documents/GitHub/starcom-app/starcom-mk2/src/globe-engine/GlobeEngine.test.ts"},{"assertionResults":[{"ancestorTitles":["NOAAGeomagneticService"],"fullName":"NOAAGeomagneticService should have tests implemented","status":"passed","title":"should have tests implemented","duration":0.054457999765872955,"failureMessages":[],"meta":{}}],"startTime":1750445512999,"endTime":1750445512999.0544,"status":"passed","message":"","name":"/Users/jono/Documents/GitHub/starcom-app/starcom-mk2/src/services/NOAAGeomagneticService.test.ts"},{"assertionResults":[{"ancestorTitles":["EIADataProvider"],"fullName":"EIADataProvider returns data on success","status":"passed","title":"returns data on success","duration":494.06862500309944,"failureMessages":[],"meta":{}},{"ancestorTitles":["EIADataProvider"],"fullName":"EIADataProvider calls observer hooks","status":"passed","title":"calls observer hooks","duration":345.31166599690914,"failureMessages":[],"meta":{}},{"ancestorTitles":["EIADataProvider observability"],"fullName":"EIADataProvider observability calls observer hooks on fetch success","status":"passed","title":"calls observer hooks on fetch success","duration":387.4627090021968,"failureMessages":[],"meta":{}},{"ancestorTitles":["EIADataCacheService"],"fullName":"EIADataCacheService returns cached value on hit","status":"passed","title":"returns cached value on hit","duration":0.17020899802446365,"failureMessages":[],"meta":{}},{"ancestorTitles":["EIADataCacheService"],"fullName":"EIADataCacheService expires value after TTL","status":"passed","title":"expires value after TTL","duration":0.3508340045809746,"failureMessages":[],"meta":{}},{"ancestorTitles":["EIADataCacheService"],"fullName":"EIADataCacheService calls observer hooks","status":"passed","title":"calls observer hooks","duration":0.33066699653863907,"failureMessages":[],"meta":{}},{"ancestorTitles":["EIADataCacheService observability"],"fullName":"EIADataCacheService observability calls observer hooks on cache hit/miss/evict","status":"passed","title":"calls observer hooks on cache hit/miss/evict","duration":0.16575000435113907,"failureMessages":[],"meta":{}},{"ancestorTitles":["MarketDataProvider.unit (placeholder)"],"fullName":"MarketDataProvider.unit (placeholder) should have real tests implemented","status":"passed","title":"should have real tests implemented","duration":0.16316600143909454,"failureMessages":[],"meta":{}},{"ancestorTitles":["MarketDataCacheService.unit (placeholder)"],"fullName":"MarketDataCacheService.unit (placeholder) should have real tests implemented","status":"passed","title":"should have real tests implemented","duration":0.03995800018310547,"failureMessages":[],"meta":{}},{"ancestorTitles":["FallbackProvider"],"fullName":"FallbackProvider returns data from the first successful provider","status":"passed","title":"returns data from the first successful provider","duration":0.25212499499320984,"failureMessages":[],"meta":{}},{"ancestorTitles":["FallbackProvider"],"fullName":"FallbackProvider throws if all providers fail","status":"passed","title":"throws if all providers fail","duration":0.3172079995274544,"failureMessages":[],"meta":{}},{"ancestorTitles":["EIAService.e2e (placeholder)"],"fullName":"EIAService.e2e (placeholder) should have real tests implemented","status":"passed","title":"should have real tests implemented","duration":0.05304200202226639,"failureMessages":[],"meta":{}},{"ancestorTitles":["EIAService"],"fullName":"EIAService fetches the latest oil price successfully","status":"passed","title":"fetches the latest oil price successfully","duration":14.380791999399662,"failureMessages":[],"meta":{}},{"ancestorTitles":["EIAService"],"fullName":"EIAService fetches the latest gasoline price successfully","status":"passed","title":"fetches the latest gasoline price successfully","duration":1.534000001847744,"failureMessages":[],"meta":{}},{"ancestorTitles":["EIAService"],"fullName":"EIAService fetches the latest oil inventory successfully","status":"passed","title":"fetches the latest oil inventory successfully","duration":1.324083998799324,"failureMessages":[],"meta":{}},{"ancestorTitles":["EIAService"],"fullName":"EIAService handles fetch errors","status":"passed","title":"handles fetch errors","duration":1.4375419989228249,"failureMessages":[],"meta":{}}],"startTime":1750445509259,"endTime":1750445510507.4375,"status":"passed","message":"","name":"/Users/jono/Documents/GitHub/starcom-app/starcom-mk2/src/services/data-services.all.test.ts"},{"assertionResults":[{"ancestorTitles":["NOAA Electric Field Data - Real API Integration"],"fullName":"NOAA Electric Field Data - Real API Integration should discover what the NOAA InterMag directory actually contains","status":"passed","title":"should discover what the NOAA InterMag directory actually contains","duration":60.24437500536442,"failureMessages":[],"meta":{}},{"ancestorTitles":["NOAA Electric Field Data - Real API Integration"],"fullName":"NOAA Electric Field Data - Real API Integration should discover what the NOAA US-Canada directory actually contains","status":"passed","title":"should discover what the NOAA US-Canada directory actually contains","duration":15.385250002145767,"failureMessages":[],"meta":{}},{"ancestorTitles":["NOAA Electric Field Data - Real API Integration"],"fullName":"NOAA Electric Field Data - Real API Integration should fetch and parse actual InterMag electric field data","status":"passed","title":"should fetch and parse actual InterMag electric field data","duration":58.727374993264675,"failureMessages":[],"meta":{}},{"ancestorTitles":["NOAA Electric Field Data - Real API Integration"],"fullName":"NOAA Electric Field Data - Real API Integration should fetch and parse actual US-Canada electric field data","status":"passed","title":"should fetch and parse actual US-Canada electric field data","duration":49.847791001200676,"failureMessages":[],"meta":{}}],"startTime":1750445512466,"endTime":1750445512650.848,"status":"passed","message":"","name":"/Users/jono/Documents/GitHub/starcom-app/starcom-mk2/src/services/noaaSpaceWeather.integration.test.ts"},{"assertionResults":[{"ancestorTitles":["NOAA Electric Field Data Quality"],"fullName":"NOAA Electric Field Data Quality should validate InterMag data has reasonable electric field values","status":"failed","title":"should validate InterMag data has reasonable electric field values","duration":0.4627919942140579,"failureMessages":["TypeError: Cannot read properties of undefined (reading 'ok')\n    at fetchLatestElectricFieldData (/Users/jono/Documents/GitHub/starcom-app/starcom-mk2/src/services/noaaSpaceWeather.ts:74:20)\n    at processTicksAndRejections (node:internal/process/task_queues:95:5)\n    at /Users/jono/Documents/GitHub/starcom-app/starcom-mk2/src/services/noaaSpaceWeather.quality.test.ts:8:18\n    at file:///Users/jono/Documents/GitHub/starcom-app/starcom-mk2/node_modules/@vitest/runner/dist/chunk-hooks.js:752:20"],"meta":{}},{"ancestorTitles":["NOAA to Starcom Intelligence Integration"],"fullName":"NOAA to Starcom Intelligence Integration should transform NOAA electric field data into intelligence overlay markers","status":"failed","title":"should transform NOAA electric field data into intelligence overlay markers","duration":0.12487500160932541,"failureMessages":["TypeError: Cannot read properties of undefined (reading 'ok')\n    at fetchLatestElectricFieldData (/Users/jono/Documents/GitHub/starcom-app/starcom-mk2/src/services/noaaSpaceWeather.ts:74:20)\n    at processTicksAndRejections (node:internal/process/task_queues:95:5)\n    at /Users/jono/Documents/GitHub/starcom-app/starcom-mk2/src/services/noaaSpaceWeather.quality.test.ts:29:22\n    at file:///Users/jono/Documents/GitHub/starcom-app/starcom-mk2/node_modules/@vitest/runner/dist/chunk-hooks.js:752:20"],"meta":{}}],"startTime":1750445505883,"endTime":1750445505884.1248,"status":"failed","message":"","name":"/Users/jono/Documents/GitHub/starcom-app/starcom-mk2/src/services/noaaSpaceWeather.quality.test.ts"},{"assertionResults":[{"ancestorTitles":["NOAA Electric Field Data - Real API Discovery"],"fullName":"NOAA Electric Field Data - Real API Discovery should discover what the NOAA InterMag directory actually contains","status":"passed","title":"should discover what the NOAA InterMag directory actually contains","duration":568.3191249966621,"failureMessages":[],"meta":{}},{"ancestorTitles":["NOAA Electric Field Data - Real API Discovery"],"fullName":"NOAA Electric Field Data - Real API Discovery should discover what the NOAA US-Canada directory actually contains","status":"passed","title":"should discover what the NOAA US-Canada directory actually contains","duration":173.74262499809265,"failureMessages":[],"meta":{}},{"ancestorTitles":["NOAA Electric Field Data - Real API Discovery"],"fullName":"NOAA Electric Field Data - Real API Discovery should fetch and parse actual InterMag electric field data","status":"passed","title":"should fetch and parse actual InterMag electric field data","duration":815.4019169956446,"failureMessages":[],"meta":{}},{"ancestorTitles":["NOAA Electric Field Data - Real API Discovery"],"fullName":"NOAA Electric Field Data - Real API Discovery should fetch and parse actual US-Canada electric field data","status":"passed","title":"should fetch and parse actual US-Canada electric field data","duration":464.8194169998169,"failureMessages":[],"meta":{}},{"ancestorTitles":["NOAA Filename Extraction"],"fullName":"NOAA Filename Extraction should extract latest InterMag filename from real directory HTML","status":"passed","title":"should extract latest InterMag filename from real directory HTML","duration":45.75695800036192,"failureMessages":[],"meta":{}},{"ancestorTitles":["NOAA Filename Extraction"],"fullName":"NOAA Filename Extraction should extract latest US-Canada filename from real directory HTML","status":"passed","title":"should extract latest US-Canada filename from real directory HTML","duration":83.31666700541973,"failureMessages":[],"meta":{}},{"ancestorTitles":["NOAA Electric Field Data Fetcher"],"fullName":"NOAA Electric Field Data Fetcher should fetch latest InterMag electric field data","status":"failed","title":"should fetch latest InterMag electric field data","duration":4.289250001311302,"failureMessages":["TypeError: Cannot read properties of undefined (reading 'ok')\n    at fetchLatestElectricFieldData (/Users/jono/Documents/GitHub/starcom-app/starcom-mk2/src/services/noaaSpaceWeather.ts:74:20)\n    at processTicksAndRejections (node:internal/process/task_queues:95:5)\n    at /Users/jono/Documents/GitHub/starcom-app/starcom-mk2/src/services/noaaSpaceWeather.test.ts:168:18\n    at file:///Users/jono/Documents/GitHub/starcom-app/starcom-mk2/node_modules/@vitest/runner/dist/chunk-hooks.js:752:20"],"meta":{}},{"ancestorTitles":["NOAA Electric Field Data Fetcher"],"fullName":"NOAA Electric Field Data Fetcher should fetch latest US-Canada electric field data","status":"failed","title":"should fetch latest US-Canada electric field data","duration":0.2274169996380806,"failureMessages":["TypeError: Cannot read properties of undefined (reading 'ok')\n    at fetchLatestElectricFieldData (/Users/jono/Documents/GitHub/starcom-app/starcom-mk2/src/services/noaaSpaceWeather.ts:74:20)\n    at processTicksAndRejections (node:internal/process/task_queues:95:5)\n    at /Users/jono/Documents/GitHub/starcom-app/starcom-mk2/src/services/noaaSpaceWeather.test.ts:184:18\n    at file:///Users/jono/Documents/GitHub/starcom-app/starcom-mk2/node_modules/@vitest/runner/dist/chunk-hooks.js:752:20"],"meta":{}},{"ancestorTitles":["NOAA Electric Field Data Error Handling"],"fullName":"NOAA Electric Field Data Error Handling should throw error for invalid dataset type","status":"passed","title":"should throw error for invalid dataset type","duration":0.8194169998168945,"failureMessages":[],"meta":{}},{"ancestorTitles":["NOAA Electric Field Data Error Handling"],"fullName":"NOAA Electric Field Data Error Handling should handle network errors gracefully","status":"passed","title":"should handle network errors gracefully","duration":0.1110830008983612,"failureMessages":[],"meta":{}},{"ancestorTitles":["NOAA Electric Field Data Error Handling"],"fullName":"NOAA Electric Field Data Error Handling should handle empty directory listings","status":"passed","title":"should handle empty directory listings","duration":0.061041995882987976,"failureMessages":[],"meta":{}},{"ancestorTitles":["NOAA Electric Field Data Quality"],"fullName":"NOAA Electric Field Data Quality should validate InterMag data has reasonable electric field values","status":"failed","title":"should validate InterMag data has reasonable electric field values","duration":0.18283399939537048,"failureMessages":["TypeError: Cannot read properties of undefined (reading 'ok')\n    at fetchLatestElectricFieldData (/Users/jono/Documents/GitHub/starcom-app/starcom-mk2/src/services/noaaSpaceWeather.ts:74:20)\n    at processTicksAndRejections (node:internal/process/task_queues:95:5)\n    at /Users/jono/Documents/GitHub/starcom-app/starcom-mk2/src/services/noaaSpaceWeather.test.ts:239:18\n    at file:///Users/jono/Documents/GitHub/starcom-app/starcom-mk2/node_modules/@vitest/runner/dist/chunk-hooks.js:752:20"],"meta":{}},{"ancestorTitles":["NOAA Electric Field Data Quality"],"fullName":"NOAA Electric Field Data Quality should validate US-Canada data has reasonable electric field values","status":"failed","title":"should validate US-Canada data has reasonable electric field values","duration":0.4299589991569519,"failureMessages":["TypeError: Cannot read properties of undefined (reading 'ok')\n    at fetchLatestElectricFieldData (/Users/jono/Documents/GitHub/starcom-app/starcom-mk2/src/services/noaaSpaceWeather.ts:74:20)\n    at processTicksAndRejections (node:internal/process/task_queues:95:5)\n    at /Users/jono/Documents/GitHub/starcom-app/starcom-mk2/src/services/noaaSpaceWeather.test.ts:266:18\n    at file:///Users/jono/Documents/GitHub/starcom-app/starcom-mk2/node_modules/@vitest/runner/dist/chunk-hooks.js:752:20"],"meta":{}},{"ancestorTitles":["NOAA Electric Field Data Quality"],"fullName":"NOAA Electric Field Data Quality should have recent time_tag data","status":"failed","title":"should have recent time_tag data","duration":0.20504199713468552,"failureMessages":["TypeError: Cannot read properties of undefined (reading 'ok')\n    at fetchLatestElectricFieldData (/Users/jono/Documents/GitHub/starcom-app/starcom-mk2/src/services/noaaSpaceWeather.ts:74:20)\n    at processTicksAndRejections (node:internal/process/task_queues:95:5)\n    at /Users/jono/Documents/GitHub/starcom-app/starcom-mk2/src/services/noaaSpaceWeather.test.ts:290:26\n    at file:///Users/jono/Documents/GitHub/starcom-app/starcom-mk2/node_modules/@vitest/runner/dist/chunk-hooks.js:752:20"],"meta":{}},{"ancestorTitles":["NOAA to Starcom Intelligence Integration"],"fullName":"NOAA to Starcom Intelligence Integration should transform NOAA electric field data into intelligence overlay markers","status":"failed","title":"should transform NOAA electric field data into intelligence overlay markers","duration":0.2632090002298355,"failureMessages":["TypeError: Cannot read properties of undefined (reading 'ok')\n    at fetchLatestElectricFieldData (/Users/jono/Documents/GitHub/starcom-app/starcom-mk2/src/services/noaaSpaceWeather.ts:74:20)\n    at processTicksAndRejections (node:internal/process/task_queues:95:5)\n    at /Users/jono/Documents/GitHub/starcom-app/starcom-mk2/src/services/noaaSpaceWeather.test.ts:313:22\n    at file:///Users/jono/Documents/GitHub/starcom-app/starcom-mk2/node_modules/@vitest/runner/dist/chunk-hooks.js:752:20"],"meta":{}},{"ancestorTitles":["NOAA to Starcom Intelligence Integration"],"fullName":"NOAA to Starcom Intelligence Integration should create space weather alerts from high electric field values","status":"failed","title":"should create space weather alerts from high electric field values","duration":0.1974169984459877,"failureMessages":["TypeError: Cannot read properties of undefined (reading 'ok')\n    at fetchLatestElectricFieldData (/Users/jono/Documents/GitHub/starcom-app/starcom-mk2/src/services/noaaSpaceWeather.ts:74:20)\n    at processTicksAndRejections (node:internal/process/task_queues:95:5)\n    at /Users/jono/Documents/GitHub/starcom-app/starcom-mk2/src/services/noaaSpaceWeather.test.ts:346:22\n    at file:///Users/jono/Documents/GitHub/starcom-app/starcom-mk2/node_modules/@vitest/runner/dist/chunk-hooks.js:752:20"],"meta":{}},{"ancestorTitles":["NOAA to Starcom Intelligence Integration"],"fullName":"NOAA to Starcom Intelligence Integration should provide regional electric field analysis for intelligence","status":"failed","title":"should provide regional electric field analysis for intelligence","duration":0.17195900529623032,"failureMessages":["TypeError: Cannot read properties of undefined (reading 'ok')\n    at fetchLatestElectricFieldData (/Users/jono/Documents/GitHub/starcom-app/starcom-mk2/src/services/noaaSpaceWeather.ts:74:20)\n    at processTicksAndRejections (node:internal/process/task_queues:95:5)\n    at /Users/jono/Documents/GitHub/starcom-app/starcom-mk2/src/services/noaaSpaceWeather.test.ts:366:26\n    at file:///Users/jono/Documents/GitHub/starcom-app/starcom-mk2/node_modules/@vitest/runner/dist/chunk-hooks.js:752:20"],"meta":{}}],"startTime":1750445503124,"endTime":1750445505283.2632,"status":"failed","message":"","name":"/Users/jono/Documents/GitHub/starcom-app/starcom-mk2/src/services/noaaSpaceWeather.test.ts"},{"assertionResults":[{"ancestorTitles":["NOAA Filename Extraction"],"fullName":"NOAA Filename Extraction should extract latest InterMag filename from real directory HTML","status":"failed","title":"should extract latest InterMag filename from real directory HTML","duration":0.32750000059604645,"failureMessages":["TypeError: Cannot read properties of undefined (reading 'text')\n    at /Users/jono/Documents/GitHub/starcom-app/starcom-mk2/src/services/noaaSpaceWeather.unit.test.ts:9:33\n    at processTicksAndRejections (node:internal/process/task_queues:95:5)\n    at file:///Users/jono/Documents/GitHub/starcom-app/starcom-mk2/node_modules/@vitest/runner/dist/chunk-hooks.js:752:20"],"meta":{}},{"ancestorTitles":["NOAA Filename Extraction"],"fullName":"NOAA Filename Extraction should extract latest US-Canada filename from real directory HTML","status":"failed","title":"should extract latest US-Canada filename from real directory HTML","duration":0.1924160048365593,"failureMessages":["TypeError: Cannot read properties of undefined (reading 'text')\n    at /Users/jono/Documents/GitHub/starcom-app/starcom-mk2/src/services/noaaSpaceWeather.unit.test.ts:17:33\n    at processTicksAndRejections (node:internal/process/task_queues:95:5)\n    at file:///Users/jono/Documents/GitHub/starcom-app/starcom-mk2/node_modules/@vitest/runner/dist/chunk-hooks.js:752:20"],"meta":{}},{"ancestorTitles":["NOAA Filename Extraction"],"fullName":"NOAA Filename Extraction should handle malformed HTML and empty directory listings","status":"passed","title":"should handle malformed HTML and empty directory listings","duration":0.20350000262260437,"failureMessages":[],"meta":{}}],"startTime":1750445505865,"endTime":1750445505866.2036,"status":"failed","message":"","name":"/Users/jono/Documents/GitHub/starcom-app/starcom-mk2/src/services/noaaSpaceWeather.unit.test.ts"},{"assertionResults":[{"ancestorTitles":["Electric Field Normalization","Basic normalization functionality"],"fullName":"Electric Field Normalization Basic normalization functionality should normalize vectors with linear method","status":"passed","title":"should normalize vectors with linear method","duration":0.4519999995827675,"failureMessages":[],"meta":{}},{"ancestorTitles":["Electric Field Normalization","Basic normalization functionality"],"fullName":"Electric Field Normalization Basic normalization functionality should handle logarithmic normalization","status":"passed","title":"should handle logarithmic normalization","duration":0.2892080023884773,"failureMessages":[],"meta":{}},{"ancestorTitles":["Electric Field Normalization","Basic normalization functionality"],"fullName":"Electric Field Normalization Basic normalization functionality should detect outliers correctly","status":"passed","title":"should detect outliers correctly","duration":0.15354199707508087,"failureMessages":[],"meta":{}},{"ancestorTitles":["Electric Field Normalization","Basic normalization functionality"],"fullName":"Electric Field Normalization Basic normalization functionality should calculate percentile ranks correctly","status":"passed","title":"should calculate percentile ranks correctly","duration":0.1399580016732216,"failureMessages":[],"meta":{}},{"ancestorTitles":["Electric Field Normalization","Normalization presets"],"fullName":"Electric Field Normalization Normalization presets should apply conservative preset correctly","status":"passed","title":"should apply conservative preset correctly","duration":0.20833300054073334,"failureMessages":[],"meta":{}},{"ancestorTitles":["Electric Field Normalization","Normalization presets"],"fullName":"Electric Field Normalization Normalization presets should apply balanced preset correctly","status":"passed","title":"should apply balanced preset correctly","duration":0.2986670061945915,"failureMessages":[],"meta":{}},{"ancestorTitles":["Electric Field Normalization","Normalization presets"],"fullName":"Electric Field Normalization Normalization presets should apply aggressive preset correctly","status":"passed","title":"should apply aggressive preset correctly","duration":0.07674999535083771,"failureMessages":[],"meta":{}},{"ancestorTitles":["Electric Field Normalization","Edge cases"],"fullName":"Electric Field Normalization Edge cases should handle empty vector array","status":"passed","title":"should handle empty vector array","duration":0.05208300054073334,"failureMessages":[],"meta":{}},{"ancestorTitles":["Electric Field Normalization","Edge cases"],"fullName":"Electric Field Normalization Edge cases should handle single vector","status":"passed","title":"should handle single vector","duration":0.04604099690914154,"failureMessages":[],"meta":{}},{"ancestorTitles":["Electric Field Normalization","Edge cases"],"fullName":"Electric Field Normalization Edge cases should handle all zero magnitudes","status":"passed","title":"should handle all zero magnitudes","duration":0.06687500327825546,"failureMessages":[],"meta":{}},{"ancestorTitles":["Electric Field Normalization","Edge cases"],"fullName":"Electric Field Normalization Edge cases should handle identical magnitudes","status":"passed","title":"should handle identical magnitudes","duration":0.07533400505781174,"failureMessages":[],"meta":{}},{"ancestorTitles":["Electric Field Normalization","Edge cases"],"fullName":"Electric Field Normalization Edge cases should respect clamp maximum","status":"passed","title":"should respect clamp maximum","duration":0.11054100096225739,"failureMessages":[],"meta":{}},{"ancestorTitles":["Electric Field Normalization","Data distribution analysis"],"fullName":"Electric Field Normalization Data distribution analysis should handle normal distribution","status":"passed","title":"should handle normal distribution","duration":0.05958300083875656,"failureMessages":[],"meta":{}},{"ancestorTitles":["Electric Field Normalization","Data distribution analysis"],"fullName":"Electric Field Normalization Data distribution analysis should handle highly skewed distribution","status":"passed","title":"should handle highly skewed distribution","duration":0.0716250017285347,"failureMessages":[],"meta":{}},{"ancestorTitles":["Electric Field Normalization","Data distribution analysis"],"fullName":"Electric Field Normalization Data distribution analysis should handle high variability data","status":"passed","title":"should handle high variability data","duration":0.12824999541044235,"failureMessages":[],"meta":{}}],"startTime":1750445512928,"endTime":1750445512931.1282,"status":"passed","message":"","name":"/Users/jono/Documents/GitHub/starcom-app/starcom-mk2/src/utils/electricFieldNormalization.test.ts"},{"assertionResults":[{"ancestorTitles":["Web3Login AuthErrorBoundary"],"fullName":"Web3Login AuthErrorBoundary shows error boundary UI if an auth error occurs","status":"passed","title":"shows error boundary UI if an auth error occurs","duration":4.595792002975941,"failureMessages":[],"meta":{}},{"ancestorTitles":["Web3Login AuthErrorBoundary"],"fullName":"Web3Login AuthErrorBoundary renders children if no error is thrown","status":"passed","title":"renders children if no error is thrown","duration":0.5938339978456497,"failureMessages":[],"meta":{}},{"ancestorTitles":["Web3Login AuthErrorBoundary"],"fullName":"Web3Login AuthErrorBoundary resets error boundary on rerender","status":"passed","title":"resets error boundary on rerender","duration":1.8452500030398369,"failureMessages":[],"meta":{}}],"startTime":1750445512870,"endTime":1750445512876.8452,"status":"passed","message":"","name":"/Users/jono/Documents/GitHub/starcom-app/starcom-mk2/src/components/Auth/AuthErrorBoundary.test.tsx"},{"assertionResults":[{"ancestorTitles":["TermsModal (removed feature)"],"fullName":"TermsModal (removed feature) feature was removed - see artifact: removed-terms-modal-feature-2025-06-14.artifact","status":"passed","title":"feature was removed - see artifact: removed-terms-modal-feature-2025-06-14.artifact","duration":0.05595800280570984,"failureMessages":[],"meta":{}}],"startTime":1750445513038,"endTime":1750445513038.056,"status":"passed","message":"","name":"/Users/jono/Documents/GitHub/starcom-app/starcom-mk2/src/components/Auth/TermsModal.test.tsx"},{"assertionResults":[{"ancestorTitles":["WalletStatus (split tests)"],"fullName":"WalletStatus (split tests) tests split into category files - see other WalletStatus.*.test.tsx files","status":"passed","title":"tests split into category files - see other WalletStatus.*.test.tsx files","duration":0.06258299946784973,"failureMessages":[],"meta":{}}],"startTime":1750445513052,"endTime":1750445513052.0625,"status":"passed","message":"","name":"/Users/jono/Documents/GitHub/starcom-app/starcom-mk2/src/components/Auth/WalletStatus.test.tsx"},{"assertionResults":[{"ancestorTitles":["SessionExpiryCountdown"],"fullName":"SessionExpiryCountdown renders and updates countdown, triggers onWarning and onExpire","status":"passed","title":"renders and updates countdown, triggers onWarning and onExpire","duration":5.48658400028944,"failureMessages":[],"meta":{}}],"startTime":1750445512898,"endTime":1750445512903.4866,"status":"passed","message":"","name":"/Users/jono/Documents/GitHub/starcom-app/starcom-mk2/src/components/Shared/SessionExpiryCountdown.test.tsx"},{"assertionResults":[{"ancestorTitles":["TinyGlobe Mode Synchronization"],"fullName":"TinyGlobe Mode Synchronization renders without crashing","status":"passed","title":"renders without crashing","duration":14.759833000600338,"failureMessages":[],"meta":{}},{"ancestorTitles":["TinyGlobe Mode Synchronization"],"fullName":"TinyGlobe Mode Synchronization UI buttons update VisualizationMode context","status":"passed","title":"UI buttons update VisualizationMode context","duration":14.435958005487919,"failureMessages":[],"meta":{}}],"startTime":1750445512757,"endTime":1750445512786.436,"status":"passed","message":"","name":"/Users/jono/Documents/GitHub/starcom-app/starcom-mk2/src/components/TinyGlobe/TinyGlobe.test.tsx"},{"assertionResults":[{"ancestorTitles":["EIADataCacheService observability"],"fullName":"EIADataCacheService observability calls observer hooks on cache hit/miss/evict","status":"passed","title":"calls observer hooks on cache hit/miss/evict","duration":0.20112500339746475,"failureMessages":[],"meta":{}}],"startTime":1750445513011,"endTime":1750445513011.2012,"status":"passed","message":"","name":"/Users/jono/Documents/GitHub/starcom-app/starcom-mk2/src/services/eia/EIADataCacheService.observability.test.ts"},{"assertionResults":[{"ancestorTitles":["EIADataCacheService"],"fullName":"EIADataCacheService returns cached value on hit","status":"passed","title":"returns cached value on hit","duration":0.10316700488328934,"failureMessages":[],"meta":{}},{"ancestorTitles":["EIADataCacheService"],"fullName":"EIADataCacheService expires value after TTL","status":"passed","title":"expires value after TTL","duration":0.18124999850988388,"failureMessages":[],"meta":{}},{"ancestorTitles":["EIADataCacheService"],"fullName":"EIADataCacheService calls observer hooks","status":"passed","title":"calls observer hooks","duration":0.1570410057902336,"failureMessages":[],"meta":{}}],"startTime":1750445512971,"endTime":1750445512972.157,"status":"passed","message":"","name":"/Users/jono/Documents/GitHub/starcom-app/starcom-mk2/src/services/eia/EIADataCacheService.unit.test.ts"},{"assertionResults":[{"ancestorTitles":["EIADataProvider observability"],"fullName":"EIADataProvider observability calls observer hooks on fetch success","status":"passed","title":"calls observer hooks on fetch success","duration":359.6370830014348,"failureMessages":[],"meta":{}}],"startTime":1750445511339,"endTime":1750445511698.637,"status":"passed","message":"","name":"/Users/jono/Documents/GitHub/starcom-app/starcom-mk2/src/services/eia/EIADataProvider.observability.test.ts"},{"assertionResults":[{"ancestorTitles":["EIADataProvider"],"fullName":"EIADataProvider returns data on success","status":"passed","title":"returns data on success","duration":402.18479100614786,"failureMessages":[],"meta":{}},{"ancestorTitles":["EIADataProvider"],"fullName":"EIADataProvider calls observer hooks","status":"passed","title":"calls observer hooks","duration":389.5633750036359,"failureMessages":[],"meta":{}}],"startTime":1750445510520,"endTime":1750445511311.5635,"status":"passed","message":"","name":"/Users/jono/Documents/GitHub/starcom-app/starcom-mk2/src/services/eia/EIADataProvider.unit.test.ts"},{"assertionResults":[{"ancestorTitles":["EIAService.e2e (placeholder)"],"fullName":"EIAService.e2e (placeholder) should have real tests implemented","status":"passed","title":"should have real tests implemented","duration":0.04762500524520874,"failureMessages":[],"meta":{}}],"startTime":1750445513023,"endTime":1750445513023.0476,"status":"passed","message":"","name":"/Users/jono/Documents/GitHub/starcom-app/starcom-mk2/src/services/eia/EIAService.e2e.test.ts"},{"assertionResults":[{"ancestorTitles":["EIAService"],"fullName":"EIAService fetches the latest oil price successfully","status":"passed","title":"fetches the latest oil price successfully","duration":1.6477499976754189,"failureMessages":[],"meta":{}},{"ancestorTitles":["EIAService"],"fullName":"EIAService fetches the latest gasoline price successfully","status":"passed","title":"fetches the latest gasoline price successfully","duration":1.3243340030312538,"failureMessages":[],"meta":{}},{"ancestorTitles":["EIAService"],"fullName":"EIAService fetches the latest oil inventory successfully","status":"passed","title":"fetches the latest oil inventory successfully","duration":1.2849579975008965,"failureMessages":[],"meta":{}},{"ancestorTitles":["EIAService"],"fullName":"EIAService handles fetch errors","status":"passed","title":"handles fetch errors","duration":1.3382079973816872,"failureMessages":[],"meta":{}}],"startTime":1750445512801,"endTime":1750445512806.3381,"status":"passed","message":"","name":"/Users/jono/Documents/GitHub/starcom-app/starcom-mk2/src/services/eia/EIAService.test.ts"},{"assertionResults":[{"ancestorTitles":["MarketDataCacheService.unit (placeholder)"],"fullName":"MarketDataCacheService.unit (placeholder) should have real tests implemented","status":"passed","title":"should have real tests implemented","duration":0.048624999821186066,"failureMessages":[],"meta":{}}],"startTime":1750445513074,"endTime":1750445513074.0486,"status":"passed","message":"","name":"/Users/jono/Documents/GitHub/starcom-app/starcom-mk2/src/services/market/MarketDataCacheService.unit.test.ts"},{"assertionResults":[{"ancestorTitles":["MarketDataProvider.unit (placeholder)"],"fullName":"MarketDataProvider.unit (placeholder) should have real tests implemented","status":"passed","title":"should have real tests implemented","duration":0.05812499672174454,"failureMessages":[],"meta":{}}],"startTime":1750445513063,"endTime":1750445513063.058,"status":"passed","message":"","name":"/Users/jono/Documents/GitHub/starcom-app/starcom-mk2/src/services/market/MarketDataProvider.unit.test.ts"},{"assertionResults":[{"ancestorTitles":["FallbackProvider"],"fullName":"FallbackProvider returns data from the first successful provider","status":"passed","title":"returns data from the first successful provider","duration":0.17912499606609344,"failureMessages":[],"meta":{}},{"ancestorTitles":["FallbackProvider"],"fullName":"FallbackProvider throws if all providers fail","status":"passed","title":"throws if all providers fail","duration":0.1508750021457672,"failureMessages":[],"meta":{}}],"startTime":1750445512984,"endTime":1750445512984.1792,"status":"passed","message":"","name":"/Users/jono/Documents/GitHub/starcom-app/starcom-mk2/src/services/shared/FallbackProvider.unit.test.ts"},{"assertionResults":[{"ancestorTitles":["Marquee"],"fullName":"Marquee renders data points","status":"passed","title":"renders data points","duration":3.90854199975729,"failureMessages":[],"meta":{}},{"ancestorTitles":["Marquee"],"fullName":"Marquee shows loading state","status":"passed","title":"shows loading state","duration":1.5664590001106262,"failureMessages":[],"meta":{}},{"ancestorTitles":["Marquee"],"fullName":"Marquee shows error state","status":"passed","title":"shows error state","duration":0.9594999998807907,"failureMessages":[],"meta":{}},{"ancestorTitles":["Marquee"],"fullName":"Marquee shows empty state","status":"passed","title":"shows empty state","duration":0.4515409991145134,"failureMessages":[],"meta":{}},{"ancestorTitles":["Marquee"],"fullName":"Marquee is keyboard focusable and shows visible focus","status":"passed","title":"is keyboard focusable and shows visible focus","duration":7.885792002081871,"failureMessages":[],"meta":{}},{"ancestorTitles":["Marquee"],"fullName":"Marquee pauses and resumes on Space/Enter","status":"passed","title":"pauses and resumes on Space/Enter","duration":2.5105840042233467,"failureMessages":[],"meta":{}},{"ancestorTitles":["Marquee"],"fullName":"Marquee pauses on mouse enter and resumes on mouse leave","status":"passed","title":"pauses on mouse enter and resumes on mouse leave","duration":2.4484999999403954,"failureMessages":[],"meta":{}},{"ancestorTitles":["Marquee"],"fullName":"Marquee has aria-live polite for updates","status":"passed","title":"has aria-live polite for updates","duration":1.2272919937968254,"failureMessages":[],"meta":{}}],"startTime":1750445512680,"endTime":1750445512701.2273,"status":"passed","message":"","name":"/Users/jono/Documents/GitHub/starcom-app/starcom-mk2/src/components/HUD/Bars/TopBar/Marquee.test.tsx"},{"assertionResults":[{"ancestorTitles":["TopBar artifact-driven"],"fullName":"TopBar artifact-driven renders logo, settings button, and marquee","status":"failed","title":"renders logo, settings button, and marquee","duration":27.62016599625349,"failureMessages":["TestingLibraryElementError: Unable to find an element with the alt text: /wing commander logo/i\n\nIgnored nodes: comments, script, style\n\u001b[36m<body>\u001b[39m\n  \u001b[36m<div>\u001b[39m\n    \u001b[36m<header\u001b[39m\n      \u001b[33maria-label\u001b[39m=\u001b[32m\"Top navigation bar\"\u001b[39m\n      \u001b[33mclass\u001b[39m=\u001b[32m\"_topBar_5c5dbd\"\u001b[39m\n      \u001b[33mdata-testid\u001b[39m=\u001b[32m\"topbar-root\"\u001b[39m\n      \u001b[33mrole\u001b[39m=\u001b[32m\"banner\"\u001b[39m\n    \u001b[36m>\u001b[39m\n      \u001b[36m<button\u001b[39m\n        \u001b[33maria-expanded\u001b[39m=\u001b[32m\"false\"\u001b[39m\n        \u001b[33maria-haspopup\u001b[39m=\u001b[32m\"dialog\"\u001b[39m\n        \u001b[33maria-label\u001b[39m=\u001b[32m\"Open settings\"\u001b[39m\n        \u001b[33mclass\u001b[39m=\u001b[32m\"_settingsButton_5c5dbd\"\u001b[39m\n        \u001b[33mdata-testid\u001b[39m=\u001b[32m\"topbar-settings-btn\"\u001b[39m\n        \u001b[33mtabindex\u001b[39m=\u001b[32m\"0\"\u001b[39m\n      \u001b[36m>\u001b[39m\n        \u001b[36m<span\u001b[39m\n          \u001b[33maria-label\u001b[39m=\u001b[32m\"Settings\"\u001b[39m\n          \u001b[33mrole\u001b[39m=\u001b[32m\"img\"\u001b[39m\n        \u001b[36m>\u001b[39m\n          \u001b[0m⚙️\u001b[0m\n        \u001b[36m</span>\u001b[39m\n      \u001b[36m</button>\u001b[39m\n      \u001b[36m<div\u001b[39m\n        \u001b[33maria-label\u001b[39m=\u001b[32m\"News and data marquee\"\u001b[39m\n        \u001b[33mclass\u001b[39m=\u001b[32m\"_marqueeSection_5c5dbd\"\u001b[39m\n      \u001b[36m>\u001b[39m\n        \u001b[36m<div\u001b[39m\n          \u001b[33maria-describedby\u001b[39m=\u001b[32m\"marquee-desc\"\u001b[39m\n          \u001b[33maria-label\u001b[39m=\u001b[32m\"marquee\"\u001b[39m\n          \u001b[33maria-live\u001b[39m=\u001b[32m\"polite\"\u001b[39m\n          \u001b[33mclass\u001b[39m=\u001b[32m\"_marquee_ad001e \"\u001b[39m\n          \u001b[33mrole\u001b[39m=\u001b[32m\"region\"\u001b[39m\n          \u001b[33mtabindex\u001b[39m=\u001b[32m\"0\"\u001b[39m\n        \u001b[36m>\u001b[39m\n          \u001b[36m<span\u001b[39m\n            \u001b[33mclass\u001b[39m=\u001b[32m\"sr-only\"\u001b[39m\n            \u001b[33mid\u001b[39m=\u001b[32m\"marquee-desc\"\u001b[39m\n          \u001b[36m>\u001b[39m\n            \u001b[0mAuto-animating news ticker. Press Tab to focus, hover to pause.\u001b[0m\n          \u001b[36m</span>\u001b[39m\n          \u001b[36m<div\u001b[39m\n            \u001b[33mclass\u001b[39m=\u001b[32m\"_marqueeContent_ad001e\"\u001b[39m\n            \u001b[33mstyle\u001b[39m=\u001b[32m\"transform: translateX(0px);\"\u001b[39m\n          \u001b[36m>\u001b[39m\n            \u001b[36m<span\u001b[39m\n              \u001b[33maria-label\u001b[39m=\u001b[32m\"Commodities: N/A\"\u001b[39m\n              \u001b[33mclass\u001b[39m=\u001b[32m\"_marqueeItem_ad001e\"\u001b[39m\n            \u001b[36m>\u001b[39m\n              \u001b[36m<span\u001b[39m\n                \u001b[33maria-hidden\u001b[39m=\u001b[32m\"true\"\u001b[39m\n                \u001b[33mclass\u001b[39m=\u001b[32m\"_marqueeIcon_ad001e\"\u001b[39m\n              \u001b[36m>\u001b[39m\n                \u001b[0m🛢️\u001b[0m\n              \u001b[36m</span>\u001b[39m\n              \u001b[36m<span>\u001b[39m\n                \u001b[0mCommodities\u001b[0m\n              \u001b[36m</span>\u001b[39m\n              \u001b[36m<span\u001b[39m\n                \u001b[33mclass\u001b[39m=\u001b[32m\"_marqueeValue_ad001e\"\u001b[39m\n              \u001b[36m>\u001b[39m\n                \u001b[0mN/A\u001b[0m\n              \u001b[36m</span>\u001b[39m\n            \u001b[36m</span>\u001b[39m\n            \u001b[36m<span\u001b[39m\n              \u001b[33maria-label\u001b[39m=\u001b[32m\"Indices: N/A\"\u001b[39m\n              \u001b[33mclass\u001b[39m=\u001b[32m\"_marqueeItem_ad001e\"\u001b[39m\n            \u001b[36m>\u001b[39m\n              \u001b[36m<span\u001b[39m\n                \u001b[33maria-hidden\u001b[39m=\u001b[32m\"true\"\u001b[39m\n                \u001b[33mclass\u001b[39m=\u001b[32m\"_marqueeIcon_ad001e\"\u001b[39m\n              \u001b[36m>\u001b[39m\n                \u001b[0m📈\u001b[0m\n              \u001b[36m</span>\u001b[39m\n              \u001b[36m<span>\u001b[39m\n                \u001b[0mIndices\u001b[0m\n              \u001b[36m</span>\u001b[39m\n              \u001b[36m<span\u001b[39m\n                \u001b[33mclass\u001b[39m=\u001b[32m\"_marqueeValue_ad001e\"\u001b[39m\n              \u001b[36m>\u001b[39m\n                \u001b[0mN/A\u001b[0m\n              \u001b[36m</span>\u001b[39m\n            \u001b[36m</span>\u001b[39m\n            \u001b[36m<span\u001b[39m\n              \u001b[33maria-label\u001b[39m=\u001b[32m\"Crypto: N/A\"\u001b[39m\n              \u001b[33mclass\u001b[39m=\u001b[32m\"_marqueeItem_ad001e\"\u001b[39m\n            \u001b[36m>\u001b[39m\n              \u001b[36m<span\u001b[39m\n                \u001b[33maria-hidden\u001b[39m=\u001b[32m\"true\"\u001b[39m\n                \u001b[33mclass\u001b[39m=\u001b[32m\"_marqueeIcon_ad001e\"\u001b[39m\n              \u001b[36m>\u001b[39m\n                \u001b[0m₿\u001b[0m\n              \u001b[36m</span>\u001b[39m\n              \u001b[36m<span>\u001b[39m\n                \u001b[0mCrypto\u001b[0m\n              \u001b[36m</span>\u001b[39m\n              \u001b[36m<span\u001b[39m\n                \u001b[33mclass\u001b[39m=\u001b[32m\"_marqueeValue_ad001e\"\u001b[39m\n              \u001b[36m>\u001b[39m\n                \u001b[0mN/A\u001b[0m\n              \u001b[36m</span>\u001b[39m\n            \u001b[36m</span>\u001b[39m\n            \u001b[36m<span\u001b[39m\n              \u001b[33maria-label\u001b[39m=\u001b[32m\"Forex: N/A\"\u001b[39m\n              \u001b[33mclass\u001b[39m=\u001b[32m\"_marqueeItem_ad001e\"\u001b[39m\n            \u001b[36m>\u001b[39m\n              \u001b[36m<span\u001b[39m\n                \u001b[33maria-hidden\u001b[39m=\u001b[32m\"true\"\u001b[39m\n                \u001b[33mclass\u001b[39m=\u001b[32m\"_marqueeIcon_ad001e\"\u001b[39m\n              \u001b[36m>\u001b[39m\n                \u001b[0m💱\u001b[0m\n              \u001b[36m</span>\u001b[39m\n              \u001b[36m<span>\u001b[39m\n                \u001b[0mForex\u001b[0m\n              \u001b[36m</span>\u001b[39m\n              \u001b[36m<span\u001b[39m\n                \u001b[33mclass\u001b[39m=\u001b[32m\"_marqueeValue_ad001e\"\u001b[39m\n              \u001b[36m>\u001b[39m\n                \u001b[0mN/A\u001b[0m\n              \u001b[36m</span>\u001b[39m\n            \u001b[36m</span>\u001b[39m\n            \u001b[36m<span\u001b[39m\n              \u001b[33maria-label\u001b[39m=\u001b[32m\"Economic Indicators: N/A\"\u001b[39m\n              \u001b[33mclass\u001b[39m=\u001b[32m\"_marqueeItem_ad001e\"\u001b[39m\n            \u001b[36m>\u001b[39m\n              \u001b[36m<span\u001b[39m\n                \u001b[33maria-hidden\u001b[39m=\u001b[32m\"true\"\u001b[39m\n                \u001b[33mclass\u001b[39m=\u001b[32m\"_marqueeIcon_ad001e\"\u001b[39m\n              \u001b[36m>\u001b[39m\n                \u001b[0m📊\u001b[0m\n              \u001b[36m</span>\u001b[39m\n              \u001b[36m<span>\u001b[39m\n                \u001b[0mEconomic Indicators\u001b[0m\n              \u001b[36m</span>\u001b[39m\n              \u001b[36m<span\u001b[39m\n                \u001b[33mclass\u001b[39m=\u001b[32m\"_marqueeValue_ad001e\"\u001b[39m\n              \u001b[36m>\u001b[39m\n                \u001b[0mN/A\u001b[0m\n              \u001b[36m</span>\u001b[39m\n            \u001b[36m</span>\u001b[39m\n            \u001b[36m<span\u001b[39m\n              \u001b[33maria-label\u001b[39m=\u001b[32m\"News Headlines: N/A\"\u001b[39m\n              \u001b[33mclass\u001b[39m=\u001b[32m\"_marqueeItem_ad001e\"\u001b[39m\n            \u001b[36m>\u001b[39m\n              \u001b[36m<span\u001b[39m\n                \u001b[33maria-hidden\u001b[39m=\u001b[32m\"true\"\u001b[39m\n                \u001b[33mclass\u001b[39m=\u001b[32m\"_marqueeIcon_ad001e\"\u001b[39m\n              \u001b[36m>\u001b[39m\n                \u001b[0m📰\u001b[0m\n              \u001b[36m</span>\u001b[39m\n              \u001b[36m<span>\u001b[39m\n                \u001b[0mNews Headlines\u001b[0m\n              \u001b[36m</span>\u001b[39m\n              \u001b[36m<span\u001b[39m\n                \u001b[33mclass\u001b[39m=\u001b[32m\"_marqueeValue_ad001e\"\u001b[39m\n              \u001b[36m>\u001b[39m\n                \u001b[0mN/A\u001b[0m\n              \u001b[36m</span>\u001b[39m\n            \u001b[36m</span>\u001b[39m\n            \u001b[36m<span\u001b[39m\n              \u001b[33maria-label\u001b[39m=\u001b[32m\"Market Sentiment: N/A\"\u001b[39m\n              \u001b[33mclass\u001b[39m=\u001b[32m\"_marqueeItem_ad001e\"\u001b[39m\n            \u001b[36m>\u001b[39m\n              \u001b[36m<span\u001b[39m\n                \u001b[33maria-hidden\u001b[39m=\u001b[32m\"true\"\u001b[39m\n                \u001b[33mclass\u001b[39m=\u001b[32m\"_marqueeIcon_ad001e\"\u001b[39m\n              \u001b[36m>\u001b[39m\n                \u001b[0m📢\u001b[0m\n              \u001b[36m</span>\u001b[39m\n              \u001b[36m<span>\u001b[39m\n                \u001b[0mMarket Sentiment\u001b[0m\n              \u001b[36m</span>\u001b[39m\n              \u001b[36m<span\u001b[39m\n                \u001b[33mclass\u001b[39m=\u001b[32m\"_marqueeValue_ad001e\"\u001b[39m\n              \u001b[36m>\u001b[39m\n                \u001b[0mN/A\u001b[0m\n              \u001b[36m</span>\u001b[39m\n            \u001b[36m</span>\u001b[39m\n            \u001b[36m<span\u001b[39m\n              \u001b[33maria-hidden\u001b[39m=\u001b[32m\"true\"\u001b[39m\n              \u001b[33maria-label\u001b[39m=\u001b[32m\"Commodities: N/A\"\u001b[39m\n              \u001b[33mclass\u001b[39m=\u001b[32m\"_marqueeItem_ad001e\"\u001b[39m\n            \u001b[36m>\u001b[39m\n              \u001b[36m<span\u001b[39m\n                \u001b[33maria-hidden\u001b[39m=\u001b[32m\"true\"\u001b[39m\n                \u001b[33mclass\u001b[39m=\u001b[32m\"_marqueeIcon_ad001e\"\u001b[39m\n              \u001b[36m>\u001b[39m\n                \u001b[0m🛢️\u001b[0m\n              \u001b[36m</span>\u001b[39m\n              \u001b[36m<span>\u001b[39m\n                \u001b[0mCommodities\u001b[0m\n              \u001b[36m</span>\u001b[39m\n              \u001b[36m<span\u001b[39m\n                \u001b[33mclass\u001b[39m=\u001b[32m\"_marqueeValue_ad001e\"\u001b[39m\n              \u001b[36m>\u001b[39m\n                \u001b[0mN/A\u001b[0m\n              \u001b[36m</span>\u001b[39m\n            \u001b[36m</span>\u001b[39m\n            \u001b[36m<span\u001b[39m\n              \u001b[33maria-hidden\u001b[39m=\u001b[32m\"true\"\u001b[39m\n              \u001b[33maria-label\u001b[39m=\u001b[32m\"Indices: N/A\"\u001b[39m\n              \u001b[33mclass\u001b[39m=\u001b[32m\"_marqueeItem_ad001e\"\u001b[39m\n            \u001b[36m>\u001b[39m\n              \u001b[36m<span\u001b[39m\n                \u001b[33maria-hidden\u001b[39m=\u001b[32m\"true\"\u001b[39m\n                \u001b[33mclass\u001b[39m=\u001b[32m\"_marqueeIcon_ad001e\"\u001b[39m\n              \u001b[36m>\u001b[39m\n                \u001b[0m📈\u001b[0m\n              \u001b[36m</span>\u001b[39m\n              \u001b[36m<span>\u001b[39m\n                \u001b[0mIndices\u001b[0m\n              \u001b[36m</span>\u001b[39m\n              \u001b[36m<span\u001b[39m\n                \u001b[33mclass\u001b[39m=\u001b[32m\"_marqueeValue_ad001e\"\u001b[39m\n              \u001b[36m>\u001b[39m\n                \u001b[0mN/A\u001b[0m\n              \u001b[36m</span>\u001b[39m\n            \u001b[36m</span>\u001b[39m\n            \u001b[36m<span\u001b[39m\n              \u001b[33maria-hidden\u001b[39m=\u001b[32m\"true\"\u001b[39m\n              \u001b[33maria-label\u001b[39m=\u001b[32m\"Crypto: N/A\"\u001b[39m\n              \u001b[33mclass\u001b[39m=\u001b[32m\"_marqueeItem_ad001e\"\u001b[39m\n            \u001b[36m>\u001b[39m\n              \u001b[36m<span\u001b[39m\n                \u001b[33maria-hidden\u001b[39m=\u001b[32m\"true\"\u001b[39m\n                \u001b[33mclass\u001b[39m=\u001b[32m\"_marqueeIcon_ad001e\"\u001b[39m\n              \u001b[36m>\u001b[39m\n                \u001b[0m₿\u001b[0m\n              \u001b[36m</span>\u001b[39m\n              \u001b[36m<span>\u001b[39m\n                \u001b[0mCrypto\u001b[0m\n              \u001b[36m</span>\u001b[39m\n              \u001b[36m<span\u001b[39m\n                \u001b[33mclass\u001b[39m=\u001b[32m\"_marqueeValue_ad001e\"\u001b[39m\n              \u001b[36m>\u001b[39m\n                \u001b[0mN/A\u001b[0m\n              \u001b[36m</span>\u001b[39m\n            \u001b[36m</span>\u001b[39m\n            \u001b[36m<span\u001b[39m\n              \u001b[33maria-hidden\u001b[39m=\u001b[32m\"true\"\u001b[39m\n              \u001b[33maria-label\u001b[39m=\u001b[32m\"Forex: N/A\"\u001b[39m\n              \u001b[33mclass\u001b[39m=\u001b[32m\"_marqueeItem_ad001e\"\u001b[39m\n            \u001b[36m>\u001b[39m\n              \u001b[36m<span\u001b[39m\n                \u001b[33maria-hidden\u001b[39m=\u001b[32m\"true\"\u001b[39m\n                \u001b[33mclass\u001b[39m=\u001b[32m\"_marqueeIcon_ad001e\"\u001b[39m\n              \u001b[36m>\u001b[39m\n                \u001b[0m💱\u001b[0m\n              \u001b[36m</span>\u001b[39m\n              \u001b[36m<span>\u001b[39m\n                \u001b[0mForex\u001b[0m\n              \u001b[36m</span>\u001b[39m\n              \u001b[36m<span\u001b[39m\n                \u001b[33mclass\u001b[39m=\u001b[32m\"_marqueeValue_ad001e\"\u001b[39m\n              \u001b[36m>\u001b[39m\n                \u001b[0mN/A\u001b[0m\n              \u001b[36m</span>\u001b[39m\n            \u001b[36m</span>\u001b[39m\n            \u001b[36m<span\u001b[39m\n              \u001b[33maria-hidden\u001b[39m=\u001b[32m\"true\"\u001b[39m\n              \u001b[33maria-label\u001b[39m=\u001b[32m\"Economic Indicators: N/A\"\u001b[39m\n              \u001b[33mclass\u001b[39m=\u001b[32m\"_marqueeItem_ad001e\"\u001b[39m\n            \u001b[36m>\u001b[39m\n              \u001b[36m<span\u001b[39m\n                \u001b[33maria-hidden\u001b[39m=\u001b[32m\"true\"\u001b[39m\n                \u001b[33mclass\u001b[39m=\u001b[32m\"_marqueeIcon_ad001e\"\u001b[39m\n              \u001b[36m>\u001b[39m\n                \u001b[0m📊\u001b[0m\n              \u001b[36m</span>\u001b[39m\n              \u001b[36m<span>\u001b[39m\n                \u001b[0mEconomic Indicators\u001b[0m\n              \u001b[36m</span>\u001b[39m\n              \u001b[36m<span\u001b[39m\n                \u001b[33mclass\u001b[39m=\u001b[32m\"_marqueeValue_ad001e\"\u001b[39m\n              \u001b[36m>\u001b[39m\n                \u001b[0mN/A\u001b[0m\n              \u001b[36m</span>\u001b[39m\n            \u001b[36m</span>\u001b[39m\n            \u001b[36m<span\u001b[39m\n              \u001b[33maria-hidden\u001b[39m=\u001b[32m\"true\"\u001b[39m\n              \u001b[33maria-label\u001b[39m=\u001b[32m\"News Headlines: N/A\"\u001b[39m\n              \u001b[33mclass\u001b[39m=\u001b[32m\"_marqueeItem_ad001e\"\u001b[39m\n            \u001b[36m>\u001b[39m\n              \u001b[36m<span\u001b[39m\n                \u001b[33maria-hidden\u001b[39m=\u001b[32m\"true\"\u001b[39m\n                \u001b[33mclass\u001b[39m=\u001b[32m\"_marqueeIcon_ad001e\"\u001b[39m\n              \u001b[36m>\u001b[39m\n                \u001b[0m📰\u001b[0m\n              \u001b[36m</span>\u001b[39m\n              \u001b[36m<span>\u001b[39m\n                \u001b[0mNews Headlines\u001b[0m\n              \u001b[36m</span>\u001b[39m\n              \u001b[36m<span\u001b[39m\n                \u001b[33mclass\u001b[39m=\u001b[32m\"_marqueeValue_ad001e\"\u001b[39m\n              \u001b[36m>\u001b[39m\n                \u001b[0mN/A\u001b[0m\n              \u001b[36m</span>\u001b[39m\n            \u001b[36m</span>\u001b[39m\n            \u001b[36m<span\u001b[39m\n              \u001b[33maria-hidden\u001b[39m=\u001b[32m\"true\"\u001b[39m\n              \u001b[33maria-label\u001b[39m=\u001b[32m\"Market Sentiment: N/A\"\u001b[39m\n              \u001b[33mclass\u001b[39m=\u001b[32m\"_marqueeItem_ad001e\"\u001b[39m\n            \u001b[36m>\u001b[39m\n              \u001b[36m<span\u001b[39m\n                \u001b[33maria-hidden\u001b[39m=\u001b[32m\"true\"\u001b[39m\n                \u001b[33mclass\u001b[39m=\u001b[32m\"_marqueeIcon_ad001e\"\u001b[39m\n              \u001b[36m>\u001b[39m\n                \u001b[0m📢\u001b[0m\n              \u001b[36m</span>\u001b[39m\n              \u001b[36m<span>\u001b[39m\n                \u001b[0mMarket Sentiment\u001b[0m\n              \u001b[36m</span>\u001b[39m\n              \u001b[36m<span\u001b[39m\n                \u001b[33mclass\u001b[39m=\u001b[32m\"_marqueeValue_ad001e\"\u001b[39m\n              \u001b[36m>\u001b[39m\n                \u001b[0mN/A\u001b[0m\n              \u001b[36m</span>\u001b[39m\n            \u001b[36m</span>\u001b[39m\n          \u001b[36m</div>\u001b[39m\n        \u001b[36m</div>\u001b[39m\n      \u001b[36m</div>\u001b[39m\n    \u001b[36m</header>\u001b[39m\n  \u001b[36m</div>\u001b[39m\n\u001b[36m</body>\u001b[39m\n    at Object.getElementError (/Users/jono/Documents/GitHub/starcom-app/starcom-mk2/node_modules/@testing-library/dom/dist/config.js:37:19)\n    at /Users/jono/Documents/GitHub/starcom-app/starcom-mk2/node_modules/@testing-library/dom/dist/query-helpers.js:76:38\n    at /Users/jono/Documents/GitHub/starcom-app/starcom-mk2/node_modules/@testing-library/dom/dist/query-helpers.js:52:17\n    at getByAltText (/Users/jono/Documents/GitHub/starcom-app/starcom-mk2/node_modules/@testing-library/dom/dist/query-helpers.js:95:19)\n    at /Users/jono/Documents/GitHub/starcom-app/starcom-mk2/src/components/HUD/Bars/TopBar/TopBar.test.tsx:63:19\n    at file:///Users/jono/Documents/GitHub/starcom-app/starcom-mk2/node_modules/@vitest/runner/dist/chunk-hooks.js:155:11\n    at file:///Users/jono/Documents/GitHub/starcom-app/starcom-mk2/node_modules/@vitest/runner/dist/chunk-hooks.js:752:26\n    at file:///Users/jono/Documents/GitHub/starcom-app/starcom-mk2/node_modules/@vitest/runner/dist/chunk-hooks.js:1894:20\n    at new Promise (<anonymous>)\n    at runWithTimeout (file:///Users/jono/Documents/GitHub/starcom-app/starcom-mk2/node_modules/@vitest/runner/dist/chunk-hooks.js:1860:10)"],"meta":{}},{"ancestorTitles":["TopBar artifact-driven"],"fullName":"TopBar artifact-driven opens and closes the settings modal","status":"passed","title":"opens and closes the settings modal","duration":44.810499995946884,"failureMessages":[],"meta":{}},{"ancestorTitles":["TopBar artifact-driven"],"fullName":"TopBar artifact-driven toggles a category and updates marquee","status":"passed","title":"toggles a category and updates marquee","duration":36.74925000220537,"failureMessages":[],"meta":{}},{"ancestorTitles":["TopBar artifact-driven"],"fullName":"TopBar artifact-driven marquee pauses on hover and resumes on mouse leave","status":"passed","title":"marquee pauses on hover and resumes on mouse leave","duration":7.409749999642372,"failureMessages":[],"meta":{}},{"ancestorTitles":["TopBar artifact-driven"],"fullName":"TopBar artifact-driven shows \"No data selected\" when all categories are disabled","status":"passed","title":"shows \"No data selected\" when all categories are disabled","duration":30.411499999463558,"failureMessages":[],"meta":{}}],"startTime":1750445505690,"endTime":1750445505836.4116,"status":"failed","message":"","name":"/Users/jono/Documents/GitHub/starcom-app/starcom-mk2/src/components/HUD/Bars/TopBar/TopBar.test.tsx"}]}