{"numTotalTestSuites":44,"numPassedTestSuites":44,"numFailedTestSuites":0,"numPendingTestSuites":0,"numTotalTests":60,"numPassedTests":60,"numFailedTests":0,"numPendingTests":0,"numTodoTests":0,"snapshot":{"added":0,"failure":false,"filesAdded":0,"filesRemoved":0,"filesRemovedList":[],"filesUnmatched":0,"filesUpdated":0,"matched":0,"total":0,"unchecked":0,"uncheckedKeysByFile":[],"unmatched":0,"updated":0,"didUpdate":false},"startTime":1749770352420,"success":true,"testResults":[{"assertionResults":[{"ancestorTitles":["EIADataProvider"],"fullName":"EIADataProvider returns data on success","status":"passed","title":"returns data on success","duration":561.8430830091238,"failureMessages":[],"meta":{}},{"ancestorTitles":["EIADataProvider"],"fullName":"EIADataProvider calls observer hooks","status":"passed","title":"calls observer hooks","duration":393.1752080023289,"failureMessages":[],"meta":{}},{"ancestorTitles":["EIADataProvider observability"],"fullName":"EIADataProvider observability calls observer hooks on fetch success","status":"passed","title":"calls observer hooks on fetch success","duration":410.4319579899311,"failureMessages":[],"meta":{}},{"ancestorTitles":["EIADataCacheService"],"fullName":"EIADataCacheService returns cached value on hit","status":"passed","title":"returns cached value on hit","duration":0.2017500102519989,"failureMessages":[],"meta":{}},{"ancestorTitles":["EIADataCacheService"],"fullName":"EIADataCacheService expires value after TTL","status":"passed","title":"expires value after TTL","duration":1.3732500076293945,"failureMessages":[],"meta":{}},{"ancestorTitles":["EIADataCacheService"],"fullName":"EIADataCacheService calls observer hooks","status":"passed","title":"calls observer hooks","duration":0.724166989326477,"failureMessages":[],"meta":{}},{"ancestorTitles":["EIADataCacheService observability"],"fullName":"EIADataCacheService observability calls observer hooks on cache hit/miss/evict","status":"passed","title":"calls observer hooks on cache hit/miss/evict","duration":0.2725829929113388,"failureMessages":[],"meta":{}},{"ancestorTitles":["MarketDataProvider.unit (placeholder)"],"fullName":"MarketDataProvider.unit (placeholder) should have real tests implemented","status":"passed","title":"should have real tests implemented","duration":0.04891599714756012,"failureMessages":[],"meta":{}},{"ancestorTitles":["MarketDataCacheService.unit (placeholder)"],"fullName":"MarketDataCacheService.unit (placeholder) should have real tests implemented","status":"passed","title":"should have real tests implemented","duration":0.14654099941253662,"failureMessages":[],"meta":{}},{"ancestorTitles":["FallbackProvider"],"fullName":"FallbackProvider returns data from the first successful provider","status":"passed","title":"returns data from the first successful provider","duration":0.3098749965429306,"failureMessages":[],"meta":{}},{"ancestorTitles":["FallbackProvider"],"fullName":"FallbackProvider throws if all providers fail","status":"passed","title":"throws if all providers fail","duration":0.7107910066843033,"failureMessages":[],"meta":{}},{"ancestorTitles":["EIAService.e2e (placeholder)"],"fullName":"EIAService.e2e (placeholder) should have real tests implemented","status":"passed","title":"should have real tests implemented","duration":0.05058400332927704,"failureMessages":[],"meta":{}},{"ancestorTitles":["EIAService"],"fullName":"EIAService fetches the latest oil price successfully","status":"passed","title":"fetches the latest oil price successfully","duration":2.089042007923126,"failureMessages":[],"meta":{}},{"ancestorTitles":["EIAService"],"fullName":"EIAService fetches the latest gasoline price successfully","status":"passed","title":"fetches the latest gasoline price successfully","duration":1.6963750123977661,"failureMessages":[],"meta":{}},{"ancestorTitles":["EIAService"],"fullName":"EIAService fetches the latest oil inventory successfully","status":"passed","title":"fetches the latest oil inventory successfully","duration":1.6479579955339432,"failureMessages":[],"meta":{}},{"ancestorTitles":["EIAService"],"fullName":"EIAService handles fetch errors","status":"passed","title":"handles fetch errors","duration":1.4731249958276749,"failureMessages":[],"meta":{}}],"startTime":1749770357513,"endTime":1749770358890.4731,"status":"passed","message":"","name":"/Users/jono/Documents/GitHub/starcom-app/starcom-mk2/src/services/data-services.all.test.ts"},{"assertionResults":[{"ancestorTitles":["Web3Login AuthErrorBoundary"],"fullName":"Web3Login AuthErrorBoundary shows error boundary UI if an auth error occurs","status":"passed","title":"shows error boundary UI if an auth error occurs","duration":47.41912500560284,"failureMessages":[],"meta":{}},{"ancestorTitles":["Web3Login AuthErrorBoundary"],"fullName":"Web3Login AuthErrorBoundary renders children if no error is thrown","status":"passed","title":"renders children if no error is thrown","duration":3.867499992251396,"failureMessages":[],"meta":{}},{"ancestorTitles":["Web3Login AuthErrorBoundary"],"fullName":"Web3Login AuthErrorBoundary resets error boundary on rerender","status":"passed","title":"resets error boundary on rerender","duration":11.312374994158745,"failureMessages":[],"meta":{}}],"startTime":1749770356109,"endTime":1749770356171.3123,"status":"passed","message":"","name":"/Users/jono/Documents/GitHub/starcom-app/starcom-mk2/src/components/Auth/AuthErrorBoundary.test.tsx"},{"assertionResults":[{"ancestorTitles":["TermsModal Flows"],"fullName":"TermsModal Flows shows TermsModal if terms not accepted","status":"passed","title":"shows TermsModal if terms not accepted","duration":16.87100000679493,"failureMessages":[],"meta":{}},{"ancestorTitles":["TermsModal Flows"],"fullName":"TermsModal Flows accepts terms and calls onAccept","status":"passed","title":"accepts terms and calls onAccept","duration":6.232791990041733,"failureMessages":[],"meta":{}},{"ancestorTitles":["TermsModal Flows"],"fullName":"TermsModal Flows does not show TermsModal if terms already accepted","status":"passed","title":"does not show TermsModal if terms already accepted","duration":1.024375006556511,"failureMessages":[],"meta":{}},{"ancestorTitles":["TermsModal Flows"],"fullName":"TermsModal Flows TermsModal cannot be accepted twice","status":"passed","title":"TermsModal cannot be accepted twice","duration":3.829166993498802,"failureMessages":[],"meta":{}}],"startTime":1749770355603,"endTime":1749770355630.829,"status":"passed","message":"","name":"/Users/jono/Documents/GitHub/starcom-app/starcom-mk2/src/components/Auth/TermsModal.test.tsx"},{"assertionResults":[{"ancestorTitles":["TokenGatedPage"],"fullName":"TokenGatedPage prompts to connect wallet if not connected","status":"passed","title":"prompts to connect wallet if not connected","duration":70.29970799386501,"failureMessages":[],"meta":{}},{"ancestorTitles":["TokenGatedPage"],"fullName":"TokenGatedPage shows NFT access denied if user does not have NFT","status":"passed","title":"shows NFT access denied if user does not have NFT","duration":11.15174999833107,"failureMessages":[],"meta":{}},{"ancestorTitles":["TokenGatedPage"],"fullName":"TokenGatedPage shows admin access denied if user has NFT but not admin","status":"passed","title":"shows admin access denied if user has NFT but not admin","duration":11.945416003465652,"failureMessages":[],"meta":{}},{"ancestorTitles":["TokenGatedPage"],"fullName":"TokenGatedPage shows protected content if user has NFT and admin role","status":"passed","title":"shows protected content if user has NFT and admin role","duration":14.092875003814697,"failureMessages":[],"meta":{}}],"startTime":1749770358057,"endTime":1749770358165.0928,"status":"passed","message":"","name":"/Users/jono/Documents/GitHub/starcom-app/starcom-mk2/src/components/Auth/TokenGatedPage.test.tsx"},{"assertionResults":[{"ancestorTitles":["WalletStatus (unit, artifact-driven)"],"fullName":"WalletStatus (unit, artifact-driven) renders error state","status":"passed","title":"renders error state","duration":81.98783399164677,"failureMessages":[],"meta":{}},{"ancestorTitles":["WalletStatus (unit, artifact-driven)"],"fullName":"WalletStatus (unit, artifact-driven) renders connected state","status":"passed","title":"renders connected state","duration":41.99779100716114,"failureMessages":[],"meta":{}},{"ancestorTitles":["WalletStatus (unit, artifact-driven)"],"fullName":"WalletStatus (unit, artifact-driven) renders idle state (connect button)","status":"passed","title":"renders idle state (connect button)","duration":27.487415999174118,"failureMessages":[],"meta":{}}],"startTime":1749770358058,"endTime":1749770358209.4873,"status":"passed","message":"","name":"/Users/jono/Documents/GitHub/starcom-app/starcom-mk2/src/components/Auth/WalletStatus.test.tsx"},{"assertionResults":[{"ancestorTitles":["Web3Login Accessibility Flows"],"fullName":"Web3Login Accessibility Flows all modal dialogs have correct ARIA roles and are announced to screen readers","status":"passed","title":"all modal dialogs have correct ARIA roles and are announced to screen readers","duration":69.59958399832249,"failureMessages":[],"meta":{}},{"ancestorTitles":["Web3Login Accessibility Flows"],"fullName":"Web3Login Accessibility Flows tab order is correct: TermsModal accept → wallet connect → main app","status":"passed","title":"tab order is correct: TermsModal accept → wallet connect → main app","duration":87.2947910130024,"failureMessages":[],"meta":{}},{"ancestorTitles":["Web3Login Accessibility Flows"],"fullName":"Web3Login Accessibility Flows focus returns to connect button after closing TermsModal","status":"passed","title":"focus returns to connect button after closing TermsModal","duration":46.336416989564896,"failureMessages":[],"meta":{}},{"ancestorTitles":["Web3Login Accessibility Flows"],"fullName":"Web3Login Accessibility Flows TermsModal is not present after acceptance","status":"passed","title":"TermsModal is not present after acceptance","duration":34.71950000524521,"failureMessages":[],"meta":{}},{"ancestorTitles":["Web3Login Accessibility Flows"],"fullName":"Web3Login Accessibility Flows wallet connect button is accessible by keyboard","status":"passed","title":"wallet connect button is accessible by keyboard","duration":9.78541599214077,"failureMessages":[],"meta":{}}],"startTime":1749770358058,"endTime":1749770358306.7854,"status":"passed","message":"","name":"/Users/jono/Documents/GitHub/starcom-app/starcom-mk2/src/components/Auth/Web3Login.accessibility.test.tsx"},{"assertionResults":[{"ancestorTitles":["TokenGatedPage Protected Route Flows"],"fullName":"TokenGatedPage Protected Route Flows denies access to protected route and shows fallback UI if not authenticated","status":"passed","title":"denies access to protected route and shows fallback UI if not authenticated","duration":70.84770800173283,"failureMessages":[],"meta":{}},{"ancestorTitles":["TokenGatedPage Protected Route Flows"],"fullName":"TokenGatedPage Protected Route Flows protected route shows denial UI if user lacks required token or role","status":"passed","title":"protected route shows denial UI if user lacks required token or role","duration":11.29475000500679,"failureMessages":[],"meta":{}},{"ancestorTitles":["TokenGatedPage Protected Route Flows"],"fullName":"TokenGatedPage Protected Route Flows shows protected content if user is authenticated and has access","status":"passed","title":"shows protected content if user is authenticated and has access","duration":16.4622919857502,"failureMessages":[],"meta":{}}],"startTime":1749770358057,"endTime":1749770358155.4624,"status":"passed","message":"","name":"/Users/jono/Documents/GitHub/starcom-app/starcom-mk2/src/components/Auth/Web3Login.protected.test.tsx"},{"assertionResults":[{"ancestorTitles":["Web3Login Wallet Flows"],"fullName":"Web3Login Wallet Flows shows error if wallet provider is missing","status":"passed","title":"shows error if wallet provider is missing","duration":68.78241699934006,"failureMessages":[],"meta":{}},{"ancestorTitles":["Web3Login Wallet Flows"],"fullName":"Web3Login Wallet Flows shows error if user rejects connection","status":"passed","title":"shows error if user rejects connection","duration":10.10437498986721,"failureMessages":[],"meta":{}},{"ancestorTitles":["Web3Login Wallet Flows"],"fullName":"Web3Login Wallet Flows shows error if user is on the wrong network","status":"passed","title":"shows error if user is on the wrong network","duration":10.376292005181313,"failureMessages":[],"meta":{}},{"ancestorTitles":["Web3Login Wallet Flows"],"fullName":"Web3Login Wallet Flows disconnects wallet and returns to connect state","status":"passed","title":"disconnects wallet and returns to connect state","duration":52.923875004053116,"failureMessages":[],"meta":{}}],"startTime":1749770358061,"endTime":1749770358202.9238,"status":"passed","message":"","name":"/Users/jono/Documents/GitHub/starcom-app/starcom-mk2/src/components/Auth/Web3Login.wallet.test.tsx"},{"assertionResults":[{"ancestorTitles":["TinyGlobe Mode Synchronization"],"fullName":"TinyGlobe Mode Synchronization renders without crashing","status":"passed","title":"renders without crashing","duration":20.571792006492615,"failureMessages":[],"meta":{}},{"ancestorTitles":["TinyGlobe Mode Synchronization"],"fullName":"TinyGlobe Mode Synchronization UI buttons update VisualizationMode context","status":"passed","title":"UI buttons update VisualizationMode context","duration":20.300292000174522,"failureMessages":[],"meta":{}}],"startTime":1749770356708,"endTime":1749770356749.3003,"status":"passed","message":"","name":"/Users/jono/Documents/GitHub/starcom-app/starcom-mk2/src/components/TinyGlobe/TinyGlobe.test.tsx"},{"assertionResults":[{"ancestorTitles":["MarketDataCacheService.unit (placeholder)"],"fullName":"MarketDataCacheService.unit (placeholder) should have real tests implemented","status":"passed","title":"should have real tests implemented","duration":0.5019170045852661,"failureMessages":[],"meta":{}}],"startTime":1749770358797,"endTime":1749770358797.502,"status":"passed","message":"","name":"/Users/jono/Documents/GitHub/starcom-app/starcom-mk2/src/services/market/MarketDataCacheService.unit.test.ts"},{"assertionResults":[{"ancestorTitles":["MarketDataProvider.unit (placeholder)"],"fullName":"MarketDataProvider.unit (placeholder) should have real tests implemented","status":"passed","title":"should have real tests implemented","duration":0.5041670054197311,"failureMessages":[],"meta":{}}],"startTime":1749770358794,"endTime":1749770358794.5042,"status":"passed","message":"","name":"/Users/jono/Documents/GitHub/starcom-app/starcom-mk2/src/services/market/MarketDataProvider.unit.test.ts"},{"assertionResults":[{"ancestorTitles":["EIADataCacheService observability"],"fullName":"EIADataCacheService observability calls observer hooks on cache hit/miss/evict","status":"passed","title":"calls observer hooks on cache hit/miss/evict","duration":1.382541000843048,"failureMessages":[],"meta":{}}],"startTime":1749770357758,"endTime":1749770357759.3826,"status":"passed","message":"","name":"/Users/jono/Documents/GitHub/starcom-app/starcom-mk2/src/services/eia/EIADataCacheService.observability.test.ts"},{"assertionResults":[{"ancestorTitles":["EIADataCacheService"],"fullName":"EIADataCacheService returns cached value on hit","status":"passed","title":"returns cached value on hit","duration":0.5920840054750443,"failureMessages":[],"meta":{}},{"ancestorTitles":["EIADataCacheService"],"fullName":"EIADataCacheService expires value after TTL","status":"passed","title":"expires value after TTL","duration":0.8987500071525574,"failureMessages":[],"meta":{}},{"ancestorTitles":["EIADataCacheService"],"fullName":"EIADataCacheService calls observer hooks","status":"passed","title":"calls observer hooks","duration":0.9056670069694519,"failureMessages":[],"meta":{}}],"startTime":1749770357316,"endTime":1749770357317.9058,"status":"passed","message":"","name":"/Users/jono/Documents/GitHub/starcom-app/starcom-mk2/src/services/eia/EIADataCacheService.unit.test.ts"},{"assertionResults":[{"ancestorTitles":["EIADataProvider observability"],"fullName":"EIADataProvider observability calls observer hooks on fetch success","status":"passed","title":"calls observer hooks on fetch success","duration":384.28420799970627,"failureMessages":[],"meta":{}}],"startTime":1749770358570,"endTime":1749770358954.2842,"status":"passed","message":"","name":"/Users/jono/Documents/GitHub/starcom-app/starcom-mk2/src/services/eia/EIADataProvider.observability.test.ts"},{"assertionResults":[{"ancestorTitles":["EIADataProvider"],"fullName":"EIADataProvider returns data on success","status":"passed","title":"returns data on success","duration":346.70304200053215,"failureMessages":[],"meta":{}},{"ancestorTitles":["EIADataProvider"],"fullName":"EIADataProvider calls observer hooks","status":"passed","title":"calls observer hooks","duration":352.8595419973135,"failureMessages":[],"meta":{}}],"startTime":1749770358796,"endTime":1749770359495.8596,"status":"passed","message":"","name":"/Users/jono/Documents/GitHub/starcom-app/starcom-mk2/src/services/eia/EIADataProvider.unit.test.ts"},{"assertionResults":[{"ancestorTitles":["EIAService.e2e (placeholder)"],"fullName":"EIAService.e2e (placeholder) should have real tests implemented","status":"passed","title":"should have real tests implemented","duration":0.5285829901695251,"failureMessages":[],"meta":{}}],"startTime":1749770358786,"endTime":1749770358786.5286,"status":"passed","message":"","name":"/Users/jono/Documents/GitHub/starcom-app/starcom-mk2/src/services/eia/EIAService.e2e.test.ts"},{"assertionResults":[{"ancestorTitles":["EIAService"],"fullName":"EIAService fetches the latest oil price successfully","status":"passed","title":"fetches the latest oil price successfully","duration":24.54050000011921,"failureMessages":[],"meta":{}},{"ancestorTitles":["EIAService"],"fullName":"EIAService fetches the latest gasoline price successfully","status":"passed","title":"fetches the latest gasoline price successfully","duration":2.95966699719429,"failureMessages":[],"meta":{}},{"ancestorTitles":["EIAService"],"fullName":"EIAService fetches the latest oil inventory successfully","status":"passed","title":"fetches the latest oil inventory successfully","duration":1.8307090103626251,"failureMessages":[],"meta":{}},{"ancestorTitles":["EIAService"],"fullName":"EIAService handles fetch errors","status":"passed","title":"handles fetch errors","duration":2.4835419952869415,"failureMessages":[],"meta":{}}],"startTime":1749770355332,"endTime":1749770355364.4836,"status":"passed","message":"","name":"/Users/jono/Documents/GitHub/starcom-app/starcom-mk2/src/services/eia/EIAService.test.ts"},{"assertionResults":[{"ancestorTitles":["FallbackProvider"],"fullName":"FallbackProvider returns data from the first successful provider","status":"passed","title":"returns data from the first successful provider","duration":0.8461659997701645,"failureMessages":[],"meta":{}},{"ancestorTitles":["FallbackProvider"],"fullName":"FallbackProvider throws if all providers fail","status":"passed","title":"throws if all providers fail","duration":0.7872080057859421,"failureMessages":[],"meta":{}}],"startTime":1749770356993,"endTime":1749770356994.787,"status":"passed","message":"","name":"/Users/jono/Documents/GitHub/starcom-app/starcom-mk2/src/services/shared/FallbackProvider.unit.test.ts"}]}