{"numTotalTestSuites":97,"numPassedTestSuites":78,"numFailedTestSuites":19,"numPendingTestSuites":0,"numTotalTests":166,"numPassedTests":137,"numFailedTests":29,"numPendingTests":0,"numTodoTests":0,"snapshot":{"added":0,"failure":false,"filesAdded":0,"filesRemoved":0,"filesRemovedList":[],"filesUnmatched":0,"filesUpdated":0,"matched":0,"total":0,"unchecked":0,"uncheckedKeysByFile":[],"unmatched":0,"updated":0,"didUpdate":false},"startTime":1750615021652,"success":false,"testResults":[{"assertionResults":[{"ancestorTitles":["IntelReportData Models","IntelReportData interface"],"fullName":"IntelReportData Models IntelReportData interface should accept all required fields","status":"passed","title":"should accept all required fields","duration":0.18770799040794373,"failureMessages":[],"meta":{}},{"ancestorTitles":["IntelReportData Models","IntelReportData interface"],"fullName":"IntelReportData Models IntelReportData interface should accept optional fields","status":"passed","title":"should accept optional fields","duration":0.11179101467132568,"failureMessages":[],"meta":{}},{"ancestorTitles":["IntelReportData Models","IntelReportFormData interface"],"fullName":"IntelReportData Models IntelReportFormData interface should represent form data structure correctly","status":"passed","title":"should represent form data structure correctly","duration":0.10841599106788635,"failureMessages":[],"meta":{}},{"ancestorTitles":["IntelReportData Models","IntelReportTransformer","formToBlockchain"],"fullName":"IntelReportData Models IntelReportTransformer formToBlockchain should convert form data to blockchain data correctly","status":"passed","title":"should convert form data to blockchain data correctly","duration":0.14366698265075684,"failureMessages":[],"meta":{}},{"ancestorTitles":["IntelReportData Models","IntelReportTransformer","formToBlockchain"],"fullName":"IntelReportData Models IntelReportTransformer formToBlockchain should handle empty tags","status":"passed","title":"should handle empty tags","duration":0.0442500114440918,"failureMessages":[],"meta":{}},{"ancestorTitles":["IntelReportData Models","IntelReportTransformer","formToBlockchain"],"fullName":"IntelReportData Models IntelReportTransformer formToBlockchain should trim whitespace from tags","status":"passed","title":"should trim whitespace from tags","duration":0.04495799541473389,"failureMessages":[],"meta":{}},{"ancestorTitles":["IntelReportData Models","IntelReportTransformer","blockchainToData"],"fullName":"IntelReportData Models IntelReportTransformer blockchainToData should convert blockchain data to unified data correctly","status":"passed","title":"should convert blockchain data to unified data correctly","duration":0.16437500715255737,"failureMessages":[],"meta":{}},{"ancestorTitles":["IntelReportData Models","IntelReportTransformer","blockchainToData"],"fullName":"IntelReportData Models IntelReportTransformer blockchainToData should handle missing optional parameters","status":"passed","title":"should handle missing optional parameters","duration":0.09037500619888306,"failureMessages":[],"meta":{}},{"ancestorTitles":["IntelReportData Models","IntelReportTransformer","dataToOverlayMarker"],"fullName":"IntelReportData Models IntelReportTransformer dataToOverlayMarker should convert unified data to overlay marker correctly","status":"passed","title":"should convert unified data to overlay marker correctly","duration":0.1098330020904541,"failureMessages":[],"meta":{}},{"ancestorTitles":["IntelReportData Models","IntelReportTransformer","dataToOverlayMarker"],"fullName":"IntelReportData Models IntelReportTransformer dataToOverlayMarker should handle missing pubkey","status":"passed","title":"should handle missing pubkey","duration":0.035457998514175415,"failureMessages":[],"meta":{}},{"ancestorTitles":["IntelReportData Models","IntelReportTransformer","validate"],"fullName":"IntelReportData Models IntelReportTransformer validate should validate complete intel report data","status":"passed","title":"should validate complete intel report data","duration":0.07495799660682678,"failureMessages":[],"meta":{}},{"ancestorTitles":["IntelReportData Models","IntelReportTransformer","validate"],"fullName":"IntelReportData Models IntelReportTransformer validate should identify missing required fields","status":"passed","title":"should identify missing required fields","duration":0.1693750023841858,"failureMessages":[],"meta":{}},{"ancestorTitles":["IntelReportData Models","IntelReportTransformer","validate"],"fullName":"IntelReportData Models IntelReportTransformer validate should handle invalid numeric values","status":"passed","title":"should handle invalid numeric values","duration":0.07691699266433716,"failureMessages":[],"meta":{}}],"startTime":1750615036243,"endTime":1750615036245.1694,"status":"passed","message":"","name":"/Users/jono/Documents/GitHub/starcom-app/starcom-mk2/test/IntelReportData.test.ts"},{"assertionResults":[{"ancestorTitles":["IntelReportService","constructor"],"fullName":"IntelReportService constructor should initialize with valid connection and program ID","status":"passed","title":"should initialize with valid connection and program ID","duration":1.198291003704071,"failureMessages":[],"meta":{}},{"ancestorTitles":["IntelReportService","constructor"],"fullName":"IntelReportService constructor should handle invalid program ID gracefully","status":"passed","title":"should handle invalid program ID gracefully","duration":1.9608329832553864,"failureMessages":[],"meta":{}},{"ancestorTitles":["IntelReportService","enableAnchorMode"],"fullName":"IntelReportService enableAnchorMode should log message indicating Anchor mode is disabled for MVP","status":"passed","title":"should log message indicating Anchor mode is disabled for MVP","duration":0.9955829977989197,"failureMessages":[],"meta":{}},{"ancestorTitles":["IntelReportService","submitIntelReport"],"fullName":"IntelReportService submitIntelReport should successfully submit intel report with valid data","status":"passed","title":"should successfully submit intel report with valid data","duration":1.4793750047683716,"failureMessages":[],"meta":{}},{"ancestorTitles":["IntelReportService","submitIntelReport"],"fullName":"IntelReportService submitIntelReport should throw error when wallet is not connected","status":"passed","title":"should throw error when wallet is not connected","duration":2.702459007501602,"failureMessages":[],"meta":{}},{"ancestorTitles":["IntelReportService","submitIntelReport"],"fullName":"IntelReportService submitIntelReport should throw error when wallet does not support transaction signing","status":"passed","title":"should throw error when wallet does not support transaction signing","duration":2.2336669862270355,"failureMessages":[],"meta":{}},{"ancestorTitles":["IntelReportService","submitIntelReport"],"fullName":"IntelReportService submitIntelReport should handle connection errors gracefully","status":"passed","title":"should handle connection errors gracefully","duration":2.8684170246124268,"failureMessages":[],"meta":{}},{"ancestorTitles":["IntelReportService","fetchIntelReports"],"fullName":"IntelReportService fetchIntelReports should return placeholder data for MVP","status":"passed","title":"should return placeholder data for MVP","duration":1.2339999973773956,"failureMessages":[],"meta":{}},{"ancestorTitles":["IntelReportService","fetchIntelReports"],"fullName":"IntelReportService fetchIntelReports should handle errors gracefully and return placeholder data","status":"passed","title":"should handle errors gracefully and return placeholder data","duration":0.88816699385643,"failureMessages":[],"meta":{}},{"ancestorTitles":["IntelReportService","data validation"],"fullName":"IntelReportService data validation should handle intel report with all required fields","status":"passed","title":"should handle intel report with all required fields","duration":2.557167023420334,"failureMessages":[],"meta":{}},{"ancestorTitles":["IntelReportService","data validation"],"fullName":"IntelReportService data validation should handle intel report with optional fields","status":"passed","title":"should handle intel report with optional fields","duration":1.328374981880188,"failureMessages":[],"meta":{}}],"startTime":1750615035875,"endTime":1750615035894.3284,"status":"passed","message":"","name":"/Users/jono/Documents/GitHub/starcom-app/starcom-mk2/test/IntelReportService.test.ts"},{"assertionResults":[],"startTime":1750615021652,"endTime":1750615021652,"status":"failed","message":"  x Unterminated regexp literal\n    ,-[/Users/jono/Documents/GitHub/starcom-app/starcom-mk2/src/context/SpaceWeatherContext.test.ts:87:1]\n 84 | \n 85 | describe('SpaceWeatherContext Electric Field Toggle', () => {\n 86 |   const wrapper = ({ children }: { children: React.ReactNode }) => (\n 87 |     <SpaceWeatherProvider>{children}</SpaceWeatherProvider>\n    :                                      ^^^^^^^^^^^^^^^^^^^^^^\n 88 |   );\n 89 | \n 90 |   it('should show overlay when electric fields are enabled', () => {\n    `----\n\n\nCaused by:\n    Syntax Error","name":"/Users/jono/Documents/GitHub/starcom-app/starcom-mk2/src/context/SpaceWeatherContext.test.ts"},{"assertionResults":[{"ancestorTitles":["Globe Space Weather Integration"],"fullName":"Globe Space Weather Integration should add space weather InterMag overlay and fetch data","status":"passed","title":"should add space weather InterMag overlay and fetch data","duration":103.07754197716713,"failureMessages":[],"meta":{}},{"ancestorTitles":["Globe Space Weather Integration"],"fullName":"Globe Space Weather Integration should add space weather US-Canada overlay and fetch data","status":"passed","title":"should add space weather US-Canada overlay and fetch data","duration":100.4762080013752,"failureMessages":[],"meta":{}},{"ancestorTitles":["Globe Space Weather Integration"],"fullName":"Globe Space Weather Integration should handle space weather data fetch errors gracefully","status":"passed","title":"should handle space weather data fetch errors gracefully","duration":100.01179102063179,"failureMessages":[],"meta":{}},{"ancestorTitles":["Globe Space Weather Integration"],"fullName":"Globe Space Weather Integration should remove space weather overlays correctly","status":"passed","title":"should remove space weather overlays correctly","duration":0.7764999866485596,"failureMessages":[],"meta":{}},{"ancestorTitles":["Globe Space Weather Integration"],"fullName":"Globe Space Weather Integration should include space weather overlays in CyberCommand mode defaults","status":"passed","title":"should include space weather overlays in CyberCommand mode defaults","duration":0.5563330054283142,"failureMessages":[],"meta":{}},{"ancestorTitles":["Globe Space Weather Integration"],"fullName":"Globe Space Weather Integration should transform NOAA data to proper intelligence markers format","status":"passed","title":"should transform NOAA data to proper intelligence markers format","duration":0.7857919931411743,"failureMessages":[],"meta":{}}],"startTime":1750615034605,"endTime":1750615034910.786,"status":"passed","message":"","name":"/Users/jono/Documents/GitHub/starcom-app/starcom-mk2/src/globe-engine/GlobeEngine.spaceWeather.test.ts"},{"assertionResults":[{"ancestorTitles":["GlobeEngine Overlay Logic"],"fullName":"GlobeEngine Overlay Logic should add overlays and cache overlay data","status":"passed","title":"should add overlays and cache overlay data","duration":608.5739580094814,"failureMessages":[],"meta":{}},{"ancestorTitles":["GlobeEngine Overlay Logic"],"fullName":"GlobeEngine Overlay Logic should reset overlays to mode defaults on setMode","status":"passed","title":"should reset overlays to mode defaults on setMode","duration":601.1956660151482,"failureMessages":[],"meta":{}},{"ancestorTitles":["GlobeEngine Overlay Logic"],"fullName":"GlobeEngine Overlay Logic should emit overlayDataUpdated event","status":"passed","title":"should emit overlayDataUpdated event","duration":5.321125000715256,"failureMessages":[],"meta":{}},{"ancestorTitles":["GlobeEngine Integration (artifact-driven)"],"fullName":"GlobeEngine Integration (artifact-driven) should fetch and cache overlay data for weather and naturalEvents (mocked)","status":"passed","title":"should fetch and cache overlay data for weather and naturalEvents (mocked)","duration":702.0855830013752,"failureMessages":[],"meta":{}},{"ancestorTitles":["GlobeEngine Integration (artifact-driven)"],"fullName":"GlobeEngine Integration (artifact-driven) should allow toggling overlays and emit correct events","status":"passed","title":"should allow toggling overlays and emit correct events","duration":0.9368750154972076,"failureMessages":[],"meta":{}},{"ancestorTitles":["GlobeEngine Integration (artifact-driven)"],"fullName":"GlobeEngine Integration (artifact-driven) should fetch and cache overlay data for spaceAssets (mocked)","status":"passed","title":"should fetch and cache overlay data for spaceAssets (mocked)","duration":601.5293329954147,"failureMessages":[],"meta":{}},{"ancestorTitles":["GlobeEngine Integration (artifact-driven)"],"fullName":"GlobeEngine Integration (artifact-driven) should emit overlayDataLoading and overlayDataError for spaceAssets","status":"passed","title":"should emit overlayDataLoading and overlayDataError for spaceAssets","duration":601.3323749899864,"failureMessages":[],"meta":{}},{"ancestorTitles":["GlobeEngine Integration (artifact-driven)"],"fullName":"GlobeEngine Integration (artifact-driven) should periodically update spaceAssets overlay (artifact-driven, fake timers)","status":"passed","title":"should periodically update spaceAssets overlay (artifact-driven, fake timers)","duration":2.7033750116825104,"failureMessages":[],"meta":{}}],"startTime":1750615028567,"endTime":1750615031691.7034,"status":"passed","message":"","name":"/Users/jono/Documents/GitHub/starcom-app/starcom-mk2/src/globe-engine/GlobeEngine.test.ts"},{"assertionResults":[{"ancestorTitles":["NOAAGeomagneticService"],"fullName":"NOAAGeomagneticService should have tests implemented","status":"passed","title":"should have tests implemented","duration":0.26874998211860657,"failureMessages":[],"meta":{}}],"startTime":1750615036438,"endTime":1750615036438.2688,"status":"passed","message":"","name":"/Users/jono/Documents/GitHub/starcom-app/starcom-mk2/src/services/NOAAGeomagneticService.test.ts"},{"assertionResults":[{"ancestorTitles":["EIADataProvider"],"fullName":"EIADataProvider returns data on success","status":"passed","title":"returns data on success","duration":617.6228750050068,"failureMessages":[],"meta":{}},{"ancestorTitles":["EIADataProvider"],"fullName":"EIADataProvider calls observer hooks","status":"passed","title":"calls observer hooks","duration":438.59495797753334,"failureMessages":[],"meta":{}},{"ancestorTitles":["EIADataProvider observability"],"fullName":"EIADataProvider observability calls observer hooks on fetch success","status":"passed","title":"calls observer hooks on fetch success","duration":324.62691700458527,"failureMessages":[],"meta":{}},{"ancestorTitles":["EIADataCacheService"],"fullName":"EIADataCacheService returns cached value on hit","status":"passed","title":"returns cached value on hit","duration":0.2249169945716858,"failureMessages":[],"meta":{}},{"ancestorTitles":["EIADataCacheService"],"fullName":"EIADataCacheService expires value after TTL","status":"passed","title":"expires value after TTL","duration":0.45158299803733826,"failureMessages":[],"meta":{}},{"ancestorTitles":["EIADataCacheService"],"fullName":"EIADataCacheService calls observer hooks","status":"passed","title":"calls observer hooks","duration":0.2704160213470459,"failureMessages":[],"meta":{}},{"ancestorTitles":["EIADataCacheService observability"],"fullName":"EIADataCacheService observability calls observer hooks on cache hit/miss/evict","status":"passed","title":"calls observer hooks on cache hit/miss/evict","duration":0.16191700100898743,"failureMessages":[],"meta":{}},{"ancestorTitles":["MarketDataProvider.unit (placeholder)"],"fullName":"MarketDataProvider.unit (placeholder) should have real tests implemented","status":"passed","title":"should have real tests implemented","duration":0.045292019844055176,"failureMessages":[],"meta":{}},{"ancestorTitles":["MarketDataCacheService.unit (placeholder)"],"fullName":"MarketDataCacheService.unit (placeholder) should have real tests implemented","status":"passed","title":"should have real tests implemented","duration":0.03491702675819397,"failureMessages":[],"meta":{}},{"ancestorTitles":["FallbackProvider"],"fullName":"FallbackProvider returns data from the first successful provider","status":"passed","title":"returns data from the first successful provider","duration":0.35170799493789673,"failureMessages":[],"meta":{}},{"ancestorTitles":["FallbackProvider"],"fullName":"FallbackProvider throws if all providers fail","status":"passed","title":"throws if all providers fail","duration":0.5476250052452087,"failureMessages":[],"meta":{}},{"ancestorTitles":["EIAService.e2e (placeholder)"],"fullName":"EIAService.e2e (placeholder) should have real tests implemented","status":"passed","title":"should have real tests implemented","duration":0.18799999356269836,"failureMessages":[],"meta":{}},{"ancestorTitles":["EIAService"],"fullName":"EIAService fetches the latest oil price successfully","status":"passed","title":"fetches the latest oil price successfully","duration":24.29074999690056,"failureMessages":[],"meta":{}},{"ancestorTitles":["EIAService"],"fullName":"EIAService fetches the latest gasoline price successfully","status":"passed","title":"fetches the latest gasoline price successfully","duration":2.1834590137004852,"failureMessages":[],"meta":{}},{"ancestorTitles":["EIAService"],"fullName":"EIAService fetches the latest oil inventory successfully","status":"passed","title":"fetches the latest oil inventory successfully","duration":1.6095409989356995,"failureMessages":[],"meta":{}},{"ancestorTitles":["EIAService"],"fullName":"EIAService handles fetch errors","status":"passed","title":"handles fetch errors","duration":1.5721669793128967,"failureMessages":[],"meta":{}}],"startTime":1750615031841,"endTime":1750615033253.5723,"status":"passed","message":"","name":"/Users/jono/Documents/GitHub/starcom-app/starcom-mk2/src/services/data-services.all.test.ts"},{"assertionResults":[{"ancestorTitles":["NOAA Electric Field Data - Real API Integration"],"fullName":"NOAA Electric Field Data - Real API Integration should discover what the NOAA InterMag directory actually contains","status":"passed","title":"should discover what the NOAA InterMag directory actually contains","duration":50.031458020210266,"failureMessages":[],"meta":{}},{"ancestorTitles":["NOAA Electric Field Data - Real API Integration"],"fullName":"NOAA Electric Field Data - Real API Integration should discover what the NOAA US-Canada directory actually contains","status":"passed","title":"should discover what the NOAA US-Canada directory actually contains","duration":19.07958298921585,"failureMessages":[],"meta":{}},{"ancestorTitles":["NOAA Electric Field Data - Real API Integration"],"fullName":"NOAA Electric Field Data - Real API Integration should fetch and parse actual InterMag electric field data","status":"passed","title":"should fetch and parse actual InterMag electric field data","duration":43.489000022411346,"failureMessages":[],"meta":{}},{"ancestorTitles":["NOAA Electric Field Data - Real API Integration"],"fullName":"NOAA Electric Field Data - Real API Integration should fetch and parse actual US-Canada electric field data","status":"passed","title":"should fetch and parse actual US-Canada electric field data","duration":50.07283300161362,"failureMessages":[],"meta":{}}],"startTime":1750615035357,"endTime":1750615035520.0728,"status":"passed","message":"","name":"/Users/jono/Documents/GitHub/starcom-app/starcom-mk2/src/services/noaaSpaceWeather.integration.test.ts"},{"assertionResults":[{"ancestorTitles":["NOAA Electric Field Data Quality"],"fullName":"NOAA Electric Field Data Quality should validate InterMag data has reasonable electric field values","status":"failed","title":"should validate InterMag data has reasonable electric field values","duration":0.5607079863548279,"failureMessages":["TypeError: Cannot read properties of undefined (reading 'ok')\n    at fetchLatestElectricFieldData (/Users/jono/Documents/GitHub/starcom-app/starcom-mk2/src/services/noaaSpaceWeather.ts:74:20)\n    at processTicksAndRejections (node:internal/process/task_queues:95:5)\n    at /Users/jono/Documents/GitHub/starcom-app/starcom-mk2/src/services/noaaSpaceWeather.quality.test.ts:8:18\n    at file:///Users/jono/Documents/GitHub/starcom-app/starcom-mk2/node_modules/@vitest/runner/dist/chunk-hooks.js:752:20"],"meta":{}},{"ancestorTitles":["NOAA to Starcom Intelligence Integration"],"fullName":"NOAA to Starcom Intelligence Integration should transform NOAA electric field data into intelligence overlay markers","status":"failed","title":"should transform NOAA electric field data into intelligence overlay markers","duration":0.25279200077056885,"failureMessages":["TypeError: Cannot read properties of undefined (reading 'ok')\n    at fetchLatestElectricFieldData (/Users/jono/Documents/GitHub/starcom-app/starcom-mk2/src/services/noaaSpaceWeather.ts:74:20)\n    at processTicksAndRejections (node:internal/process/task_queues:95:5)\n    at /Users/jono/Documents/GitHub/starcom-app/starcom-mk2/src/services/noaaSpaceWeather.quality.test.ts:29:22\n    at file:///Users/jono/Documents/GitHub/starcom-app/starcom-mk2/node_modules/@vitest/runner/dist/chunk-hooks.js:752:20"],"meta":{}}],"startTime":1750615028235,"endTime":1750615028236.2527,"status":"failed","message":"","name":"/Users/jono/Documents/GitHub/starcom-app/starcom-mk2/src/services/noaaSpaceWeather.quality.test.ts"},{"assertionResults":[{"ancestorTitles":["NOAA Electric Field Data - Real API Discovery"],"fullName":"NOAA Electric Field Data - Real API Discovery should discover what the NOAA InterMag directory actually contains","status":"passed","title":"should discover what the NOAA InterMag directory actually contains","duration":414.1760409772396,"failureMessages":[],"meta":{}},{"ancestorTitles":["NOAA Electric Field Data - Real API Discovery"],"fullName":"NOAA Electric Field Data - Real API Discovery should discover what the NOAA US-Canada directory actually contains","status":"passed","title":"should discover what the NOAA US-Canada directory actually contains","duration":437.65625,"failureMessages":[],"meta":{}},{"ancestorTitles":["NOAA Electric Field Data - Real API Discovery"],"fullName":"NOAA Electric Field Data - Real API Discovery should fetch and parse actual InterMag electric field data","status":"passed","title":"should fetch and parse actual InterMag electric field data","duration":346.62758299708366,"failureMessages":[],"meta":{}},{"ancestorTitles":["NOAA Electric Field Data - Real API Discovery"],"fullName":"NOAA Electric Field Data - Real API Discovery should fetch and parse actual US-Canada electric field data","status":"passed","title":"should fetch and parse actual US-Canada electric field data","duration":1182.9457499980927,"failureMessages":[],"meta":{}},{"ancestorTitles":["NOAA Filename Extraction"],"fullName":"NOAA Filename Extraction should extract latest InterMag filename from real directory HTML","status":"passed","title":"should extract latest InterMag filename from real directory HTML","duration":140.94816702604294,"failureMessages":[],"meta":{}},{"ancestorTitles":["NOAA Filename Extraction"],"fullName":"NOAA Filename Extraction should extract latest US-Canada filename from real directory HTML","status":"passed","title":"should extract latest US-Canada filename from real directory HTML","duration":122.82520800828934,"failureMessages":[],"meta":{}},{"ancestorTitles":["NOAA Electric Field Data Fetcher"],"fullName":"NOAA Electric Field Data Fetcher should fetch latest InterMag electric field data","status":"failed","title":"should fetch latest InterMag electric field data","duration":8.430167019367218,"failureMessages":["TypeError: Cannot read properties of undefined (reading 'ok')\n    at fetchLatestElectricFieldData (/Users/jono/Documents/GitHub/starcom-app/starcom-mk2/src/services/noaaSpaceWeather.ts:74:20)\n    at processTicksAndRejections (node:internal/process/task_queues:95:5)\n    at /Users/jono/Documents/GitHub/starcom-app/starcom-mk2/src/services/noaaSpaceWeather.test.ts:168:18\n    at file:///Users/jono/Documents/GitHub/starcom-app/starcom-mk2/node_modules/@vitest/runner/dist/chunk-hooks.js:752:20"],"meta":{}},{"ancestorTitles":["NOAA Electric Field Data Fetcher"],"fullName":"NOAA Electric Field Data Fetcher should fetch latest US-Canada electric field data","status":"failed","title":"should fetch latest US-Canada electric field data","duration":0.31166699528694153,"failureMessages":["TypeError: Cannot read properties of undefined (reading 'ok')\n    at fetchLatestElectricFieldData (/Users/jono/Documents/GitHub/starcom-app/starcom-mk2/src/services/noaaSpaceWeather.ts:74:20)\n    at processTicksAndRejections (node:internal/process/task_queues:95:5)\n    at /Users/jono/Documents/GitHub/starcom-app/starcom-mk2/src/services/noaaSpaceWeather.test.ts:184:18\n    at file:///Users/jono/Documents/GitHub/starcom-app/starcom-mk2/node_modules/@vitest/runner/dist/chunk-hooks.js:752:20"],"meta":{}},{"ancestorTitles":["NOAA Electric Field Data Error Handling"],"fullName":"NOAA Electric Field Data Error Handling should throw error for invalid dataset type","status":"passed","title":"should throw error for invalid dataset type","duration":1.0938329994678497,"failureMessages":[],"meta":{}},{"ancestorTitles":["NOAA Electric Field Data Error Handling"],"fullName":"NOAA Electric Field Data Error Handling should handle network errors gracefully","status":"passed","title":"should handle network errors gracefully","duration":0.18299999833106995,"failureMessages":[],"meta":{}},{"ancestorTitles":["NOAA Electric Field Data Error Handling"],"fullName":"NOAA Electric Field Data Error Handling should handle empty directory listings","status":"passed","title":"should handle empty directory listings","duration":0.06562501192092896,"failureMessages":[],"meta":{}},{"ancestorTitles":["NOAA Electric Field Data Quality"],"fullName":"NOAA Electric Field Data Quality should validate InterMag data has reasonable electric field values","status":"failed","title":"should validate InterMag data has reasonable electric field values","duration":0.288750022649765,"failureMessages":["TypeError: Cannot read properties of undefined (reading 'ok')\n    at fetchLatestElectricFieldData (/Users/jono/Documents/GitHub/starcom-app/starcom-mk2/src/services/noaaSpaceWeather.ts:74:20)\n    at processTicksAndRejections (node:internal/process/task_queues:95:5)\n    at /Users/jono/Documents/GitHub/starcom-app/starcom-mk2/src/services/noaaSpaceWeather.test.ts:239:18\n    at file:///Users/jono/Documents/GitHub/starcom-app/starcom-mk2/node_modules/@vitest/runner/dist/chunk-hooks.js:752:20"],"meta":{}},{"ancestorTitles":["NOAA Electric Field Data Quality"],"fullName":"NOAA Electric Field Data Quality should validate US-Canada data has reasonable electric field values","status":"failed","title":"should validate US-Canada data has reasonable electric field values","duration":0.4180000126361847,"failureMessages":["TypeError: Cannot read properties of undefined (reading 'ok')\n    at fetchLatestElectricFieldData (/Users/jono/Documents/GitHub/starcom-app/starcom-mk2/src/services/noaaSpaceWeather.ts:74:20)\n    at processTicksAndRejections (node:internal/process/task_queues:95:5)\n    at /Users/jono/Documents/GitHub/starcom-app/starcom-mk2/src/services/noaaSpaceWeather.test.ts:266:18\n    at file:///Users/jono/Documents/GitHub/starcom-app/starcom-mk2/node_modules/@vitest/runner/dist/chunk-hooks.js:752:20"],"meta":{}},{"ancestorTitles":["NOAA Electric Field Data Quality"],"fullName":"NOAA Electric Field Data Quality should have recent time_tag data","status":"failed","title":"should have recent time_tag data","duration":0.22454199194908142,"failureMessages":["TypeError: Cannot read properties of undefined (reading 'ok')\n    at fetchLatestElectricFieldData (/Users/jono/Documents/GitHub/starcom-app/starcom-mk2/src/services/noaaSpaceWeather.ts:74:20)\n    at processTicksAndRejections (node:internal/process/task_queues:95:5)\n    at /Users/jono/Documents/GitHub/starcom-app/starcom-mk2/src/services/noaaSpaceWeather.test.ts:290:26\n    at file:///Users/jono/Documents/GitHub/starcom-app/starcom-mk2/node_modules/@vitest/runner/dist/chunk-hooks.js:752:20"],"meta":{}},{"ancestorTitles":["NOAA to Starcom Intelligence Integration"],"fullName":"NOAA to Starcom Intelligence Integration should transform NOAA electric field data into intelligence overlay markers","status":"failed","title":"should transform NOAA electric field data into intelligence overlay markers","duration":0.3104579746723175,"failureMessages":["TypeError: Cannot read properties of undefined (reading 'ok')\n    at fetchLatestElectricFieldData (/Users/jono/Documents/GitHub/starcom-app/starcom-mk2/src/services/noaaSpaceWeather.ts:74:20)\n    at processTicksAndRejections (node:internal/process/task_queues:95:5)\n    at /Users/jono/Documents/GitHub/starcom-app/starcom-mk2/src/services/noaaSpaceWeather.test.ts:313:22\n    at file:///Users/jono/Documents/GitHub/starcom-app/starcom-mk2/node_modules/@vitest/runner/dist/chunk-hooks.js:752:20"],"meta":{}},{"ancestorTitles":["NOAA to Starcom Intelligence Integration"],"fullName":"NOAA to Starcom Intelligence Integration should create space weather alerts from high electric field values","status":"failed","title":"should create space weather alerts from high electric field values","duration":0.21837499737739563,"failureMessages":["TypeError: Cannot read properties of undefined (reading 'ok')\n    at fetchLatestElectricFieldData (/Users/jono/Documents/GitHub/starcom-app/starcom-mk2/src/services/noaaSpaceWeather.ts:74:20)\n    at processTicksAndRejections (node:internal/process/task_queues:95:5)\n    at /Users/jono/Documents/GitHub/starcom-app/starcom-mk2/src/services/noaaSpaceWeather.test.ts:346:22\n    at file:///Users/jono/Documents/GitHub/starcom-app/starcom-mk2/node_modules/@vitest/runner/dist/chunk-hooks.js:752:20"],"meta":{}},{"ancestorTitles":["NOAA to Starcom Intelligence Integration"],"fullName":"NOAA to Starcom Intelligence Integration should provide regional electric field analysis for intelligence","status":"failed","title":"should provide regional electric field analysis for intelligence","duration":0.18787500262260437,"failureMessages":["TypeError: Cannot read properties of undefined (reading 'ok')\n    at fetchLatestElectricFieldData (/Users/jono/Documents/GitHub/starcom-app/starcom-mk2/src/services/noaaSpaceWeather.ts:74:20)\n    at processTicksAndRejections (node:internal/process/task_queues:95:5)\n    at /Users/jono/Documents/GitHub/starcom-app/starcom-mk2/src/services/noaaSpaceWeather.test.ts:366:26\n    at file:///Users/jono/Documents/GitHub/starcom-app/starcom-mk2/node_modules/@vitest/runner/dist/chunk-hooks.js:752:20"],"meta":{}}],"startTime":1750615024481,"endTime":1750615027144.3105,"status":"failed","message":"","name":"/Users/jono/Documents/GitHub/starcom-app/starcom-mk2/src/services/noaaSpaceWeather.test.ts"},{"assertionResults":[{"ancestorTitles":["NOAA Filename Extraction"],"fullName":"NOAA Filename Extraction should extract latest InterMag filename from real directory HTML","status":"failed","title":"should extract latest InterMag filename from real directory HTML","duration":0.44200000166893005,"failureMessages":["TypeError: Cannot read properties of undefined (reading 'text')\n    at /Users/jono/Documents/GitHub/starcom-app/starcom-mk2/src/services/noaaSpaceWeather.unit.test.ts:9:33\n    at processTicksAndRejections (node:internal/process/task_queues:95:5)\n    at file:///Users/jono/Documents/GitHub/starcom-app/starcom-mk2/node_modules/@vitest/runner/dist/chunk-hooks.js:752:20"],"meta":{}},{"ancestorTitles":["NOAA Filename Extraction"],"fullName":"NOAA Filename Extraction should extract latest US-Canada filename from real directory HTML","status":"failed","title":"should extract latest US-Canada filename from real directory HTML","duration":0.12583398818969727,"failureMessages":["TypeError: Cannot read properties of undefined (reading 'text')\n    at /Users/jono/Documents/GitHub/starcom-app/starcom-mk2/src/services/noaaSpaceWeather.unit.test.ts:17:33\n    at processTicksAndRejections (node:internal/process/task_queues:95:5)\n    at file:///Users/jono/Documents/GitHub/starcom-app/starcom-mk2/node_modules/@vitest/runner/dist/chunk-hooks.js:752:20"],"meta":{}},{"ancestorTitles":["NOAA Filename Extraction"],"fullName":"NOAA Filename Extraction should handle malformed HTML and empty directory listings","status":"passed","title":"should handle malformed HTML and empty directory listings","duration":0.14091601967811584,"failureMessages":[],"meta":{}}],"startTime":1750615028211,"endTime":1750615028211.442,"status":"failed","message":"","name":"/Users/jono/Documents/GitHub/starcom-app/starcom-mk2/src/services/noaaSpaceWeather.unit.test.ts"},{"assertionResults":[{"ancestorTitles":["Electric Field Normalization","Basic normalization functionality"],"fullName":"Electric Field Normalization Basic normalization functionality should normalize vectors with linear method","status":"passed","title":"should normalize vectors with linear method","duration":0.5978330075740814,"failureMessages":[],"meta":{}},{"ancestorTitles":["Electric Field Normalization","Basic normalization functionality"],"fullName":"Electric Field Normalization Basic normalization functionality should handle logarithmic normalization","status":"passed","title":"should handle logarithmic normalization","duration":0.36854100227355957,"failureMessages":[],"meta":{}},{"ancestorTitles":["Electric Field Normalization","Basic normalization functionality"],"fullName":"Electric Field Normalization Basic normalization functionality should detect outliers correctly","status":"passed","title":"should detect outliers correctly","duration":0.19483298063278198,"failureMessages":[],"meta":{}},{"ancestorTitles":["Electric Field Normalization","Basic normalization functionality"],"fullName":"Electric Field Normalization Basic normalization functionality should calculate percentile ranks correctly","status":"passed","title":"should calculate percentile ranks correctly","duration":0.15004199743270874,"failureMessages":[],"meta":{}},{"ancestorTitles":["Electric Field Normalization","Normalization presets"],"fullName":"Electric Field Normalization Normalization presets should apply conservative preset correctly","status":"passed","title":"should apply conservative preset correctly","duration":0.37162500619888306,"failureMessages":[],"meta":{}},{"ancestorTitles":["Electric Field Normalization","Normalization presets"],"fullName":"Electric Field Normalization Normalization presets should apply balanced preset correctly","status":"passed","title":"should apply balanced preset correctly","duration":0.3793330192565918,"failureMessages":[],"meta":{}},{"ancestorTitles":["Electric Field Normalization","Normalization presets"],"fullName":"Electric Field Normalization Normalization presets should apply aggressive preset correctly","status":"passed","title":"should apply aggressive preset correctly","duration":0.09799998998641968,"failureMessages":[],"meta":{}},{"ancestorTitles":["Electric Field Normalization","Edge cases"],"fullName":"Electric Field Normalization Edge cases should handle empty vector array","status":"passed","title":"should handle empty vector array","duration":0.06741702556610107,"failureMessages":[],"meta":{}},{"ancestorTitles":["Electric Field Normalization","Edge cases"],"fullName":"Electric Field Normalization Edge cases should handle single vector","status":"passed","title":"should handle single vector","duration":0.05316600203514099,"failureMessages":[],"meta":{}},{"ancestorTitles":["Electric Field Normalization","Edge cases"],"fullName":"Electric Field Normalization Edge cases should handle all zero magnitudes","status":"passed","title":"should handle all zero magnitudes","duration":0.07349997758865356,"failureMessages":[],"meta":{}},{"ancestorTitles":["Electric Field Normalization","Edge cases"],"fullName":"Electric Field Normalization Edge cases should handle identical magnitudes","status":"passed","title":"should handle identical magnitudes","duration":0.08070799708366394,"failureMessages":[],"meta":{}},{"ancestorTitles":["Electric Field Normalization","Edge cases"],"fullName":"Electric Field Normalization Edge cases should respect clamp maximum","status":"passed","title":"should respect clamp maximum","duration":0.12141600251197815,"failureMessages":[],"meta":{}},{"ancestorTitles":["Electric Field Normalization","Data distribution analysis"],"fullName":"Electric Field Normalization Data distribution analysis should handle normal distribution","status":"passed","title":"should handle normal distribution","duration":0.06604200601577759,"failureMessages":[],"meta":{}},{"ancestorTitles":["Electric Field Normalization","Data distribution analysis"],"fullName":"Electric Field Normalization Data distribution analysis should handle highly skewed distribution","status":"passed","title":"should handle highly skewed distribution","duration":0.08220800757408142,"failureMessages":[],"meta":{}},{"ancestorTitles":["Electric Field Normalization","Data distribution analysis"],"fullName":"Electric Field Normalization Data distribution analysis should handle high variability data","status":"passed","title":"should handle high variability data","duration":0.14429199695587158,"failureMessages":[],"meta":{}}],"startTime":1750615036156,"endTime":1750615036159.1443,"status":"passed","message":"","name":"/Users/jono/Documents/GitHub/starcom-app/starcom-mk2/src/utils/electricFieldNormalization.test.ts"},{"assertionResults":[{"ancestorTitles":["Unified Global Command Context Migration"],"fullName":"Unified Global Command Context Migration should provide unified context with default state","status":"passed","title":"should provide unified context with default state","duration":4.400166988372803,"failureMessages":[],"meta":{}},{"ancestorTitles":["Unified Global Command Context Migration"],"fullName":"Unified Global Command Context Migration should render without throwing errors","status":"passed","title":"should render without throwing errors","duration":1.5884999930858612,"failureMessages":[],"meta":{}},{"ancestorTitles":["Unified Global Command Context Migration"],"fullName":"Unified Global Command Context Migration should provide context methods","status":"passed","title":"should provide context methods","duration":0.8884579837322235,"failureMessages":[],"meta":{}}],"startTime":1750615036201,"endTime":1750615036207.8884,"status":"passed","message":"","name":"/Users/jono/Documents/GitHub/starcom-app/starcom-mk2/test/integration/migration/UnifiedContextMigration.test.tsx"},{"assertionResults":[],"startTime":1750615021652,"endTime":1750615021652,"status":"failed","message":"Failed to resolve import \"../../../src/context/EnhancedGlobalCommandContext\" from \"test/integration/phase4/Phase4Integration.test.tsx\". Does the file exist?","name":"/Users/jono/Documents/GitHub/starcom-app/starcom-mk2/test/integration/phase4/Phase4Integration.test.tsx"},{"assertionResults":[{"ancestorTitles":["Phase5Integration"],"fullName":"Phase5Integration renders without crashing","status":"passed","title":"renders without crashing","duration":4.572041004896164,"failureMessages":[],"meta":{}},{"ancestorTitles":["Phase5Integration"],"fullName":"Phase5Integration displays the Phase 5 control panel","status":"passed","title":"displays the Phase 5 control panel","duration":3.2198749780654907,"failureMessages":[],"meta":{}},{"ancestorTitles":["Phase5Integration"],"fullName":"Phase5Integration toggles dashboard visibility when control button is clicked","status":"passed","title":"toggles dashboard visibility when control button is clicked","duration":11.246083974838257,"failureMessages":[],"meta":{}},{"ancestorTitles":["Phase5Integration"],"fullName":"Phase5Integration displays performance and security dashboards when enabled","status":"passed","title":"displays performance and security dashboards when enabled","duration":5.345999985933304,"failureMessages":[],"meta":{}},{"ancestorTitles":["Phase5Integration"],"fullName":"Phase5Integration does not display performance dashboard when disabled","status":"passed","title":"does not display performance dashboard when disabled","duration":5.191834002733231,"failureMessages":[],"meta":{}},{"ancestorTitles":["Phase5Integration"],"fullName":"Phase5Integration displays system metrics in the dashboard","status":"passed","title":"displays system metrics in the dashboard","duration":10.699457973241806,"failureMessages":[],"meta":{}},{"ancestorTitles":["Phase5Integration"],"fullName":"Phase5Integration handles real-time monitoring when enabled","status":"passed","title":"handles real-time monitoring when enabled","duration":4.196958005428314,"failureMessages":[],"meta":{}},{"ancestorTitles":["Phase5Integration"],"fullName":"Phase5Integration disables real-time monitoring when feature flag is disabled","status":"passed","title":"disables real-time monitoring when feature flag is disabled","duration":1.3358330130577087,"failureMessages":[],"meta":{}},{"ancestorTitles":["Phase5Integration"],"fullName":"Phase5Integration allows clearing alerts","status":"passed","title":"allows clearing alerts","duration":9.420208007097244,"failureMessages":[],"meta":{}},{"ancestorTitles":["Phase5Integration"],"fullName":"Phase5Integration handles custom performance thresholds","status":"passed","title":"handles custom performance thresholds","duration":1.3439579904079437,"failureMessages":[],"meta":{}},{"ancestorTitles":["Phase5Integration"],"fullName":"Phase5Integration disables automatic optimizations when configured","status":"passed","title":"disables automatic optimizations when configured","duration":0.906125009059906,"failureMessages":[],"meta":{}},{"ancestorTitles":["Phase5Integration"],"fullName":"Phase5Integration disables security alerts when configured","status":"passed","title":"disables security alerts when configured","duration":0.760915994644165,"failureMessages":[],"meta":{}},{"ancestorTitles":["Phase5Integration"],"fullName":"Phase5Integration closes dashboard when close button is clicked","status":"passed","title":"closes dashboard when close button is clicked","duration":10.728375017642975,"failureMessages":[],"meta":{}},{"ancestorTitles":["Phase5Integration"],"fullName":"Phase5Integration maintains dashboard state correctly","status":"passed","title":"maintains dashboard state correctly","duration":10.037709027528763,"failureMessages":[],"meta":{}}],"startTime":1750615035601,"endTime":1750615035680.0376,"status":"passed","message":"","name":"/Users/jono/Documents/GitHub/starcom-app/starcom-mk2/test/integration/phase5/Phase5Integration.test.tsx"},{"assertionResults":[],"startTime":1750615021652,"endTime":1750615021652,"status":"failed","message":"Failed to resolve import \"../../../src/context/GlobalCommandContext\" from \"test/integration/adaptive/BridgeProviderTest.test.tsx\". Does the file exist?","name":"/Users/jono/Documents/GitHub/starcom-app/starcom-mk2/test/integration/adaptive/BridgeProviderTest.test.tsx"},{"assertionResults":[{"ancestorTitles":["Enhanced Adaptive Interface Integration"],"fullName":"Enhanced Adaptive Interface Integration should render enhanced adaptive interface provider without errors","status":"failed","title":"should render enhanced adaptive interface provider without errors","duration":11.807166010141373,"failureMessages":["Error: Element type is invalid: expected a string (for built-in components) or a class/function (for composite components) but got: undefined. You likely forgot to export your component from the file it's defined in, or you might have mixed up default and named imports.\n\nCheck the render method of `TestWrapper`.\n    at createFiberFromTypeAndProps (/Users/jono/Documents/GitHub/starcom-app/starcom-mk2/node_modules/react-dom/cjs/react-dom.development.js:28478:17)\n    at createFiberFromElement (/Users/jono/Documents/GitHub/starcom-app/starcom-mk2/node_modules/react-dom/cjs/react-dom.development.js:28504:15)\n    at reconcileSingleElement (/Users/jono/Documents/GitHub/starcom-app/starcom-mk2/node_modules/react-dom/cjs/react-dom.development.js:13986:23)\n    at reconcileChildFibers (/Users/jono/Documents/GitHub/starcom-app/starcom-mk2/node_modules/react-dom/cjs/react-dom.development.js:14044:35)\n    at reconcileChildren (/Users/jono/Documents/GitHub/starcom-app/starcom-mk2/node_modules/react-dom/cjs/react-dom.development.js:19186:28)\n    at updateContextProvider (/Users/jono/Documents/GitHub/starcom-app/starcom-mk2/node_modules/react-dom/cjs/react-dom.development.js:21193:3)\n    at beginWork (/Users/jono/Documents/GitHub/starcom-app/starcom-mk2/node_modules/react-dom/cjs/react-dom.development.js:21688:14)\n    at beginWork$1 (/Users/jono/Documents/GitHub/starcom-app/starcom-mk2/node_modules/react-dom/cjs/react-dom.development.js:27465:14)\n    at performUnitOfWork (/Users/jono/Documents/GitHub/starcom-app/starcom-mk2/node_modules/react-dom/cjs/react-dom.development.js:26599:12)\n    at workLoopSync (/Users/jono/Documents/GitHub/starcom-app/starcom-mk2/node_modules/react-dom/cjs/react-dom.development.js:26505:5)"],"meta":{}},{"ancestorTitles":["Enhanced Adaptive Interface Integration"],"fullName":"Enhanced Adaptive Interface Integration should provide enhanced adaptive utilities","status":"failed","title":"should provide enhanced adaptive utilities","duration":2.2218329906463623,"failureMessages":["Error: Element type is invalid: expected a string (for built-in components) or a class/function (for composite components) but got: undefined. You likely forgot to export your component from the file it's defined in, or you might have mixed up default and named imports.\n\nCheck the render method of `TestWrapper`.\n    at createFiberFromTypeAndProps (/Users/jono/Documents/GitHub/starcom-app/starcom-mk2/node_modules/react-dom/cjs/react-dom.development.js:28478:17)\n    at createFiberFromElement (/Users/jono/Documents/GitHub/starcom-app/starcom-mk2/node_modules/react-dom/cjs/react-dom.development.js:28504:15)\n    at reconcileSingleElement (/Users/jono/Documents/GitHub/starcom-app/starcom-mk2/node_modules/react-dom/cjs/react-dom.development.js:13986:23)\n    at reconcileChildFibers (/Users/jono/Documents/GitHub/starcom-app/starcom-mk2/node_modules/react-dom/cjs/react-dom.development.js:14044:35)\n    at reconcileChildren (/Users/jono/Documents/GitHub/starcom-app/starcom-mk2/node_modules/react-dom/cjs/react-dom.development.js:19186:28)\n    at updateContextProvider (/Users/jono/Documents/GitHub/starcom-app/starcom-mk2/node_modules/react-dom/cjs/react-dom.development.js:21193:3)\n    at beginWork (/Users/jono/Documents/GitHub/starcom-app/starcom-mk2/node_modules/react-dom/cjs/react-dom.development.js:21688:14)\n    at beginWork$1 (/Users/jono/Documents/GitHub/starcom-app/starcom-mk2/node_modules/react-dom/cjs/react-dom.development.js:27465:14)\n    at performUnitOfWork (/Users/jono/Documents/GitHub/starcom-app/starcom-mk2/node_modules/react-dom/cjs/react-dom.development.js:26599:12)\n    at workLoopSync (/Users/jono/Documents/GitHub/starcom-app/starcom-mk2/node_modules/react-dom/cjs/react-dom.development.js:26505:5)"],"meta":{}},{"ancestorTitles":["Enhanced Adaptive Interface Integration"],"fullName":"Enhanced Adaptive Interface Integration should adapt interface complexity based on context","status":"failed","title":"should adapt interface complexity based on context","duration":1.943875014781952,"failureMessages":["Error: Element type is invalid: expected a string (for built-in components) or a class/function (for composite components) but got: undefined. You likely forgot to export your component from the file it's defined in, or you might have mixed up default and named imports.\n\nCheck the render method of `TestWrapper`.\n    at createFiberFromTypeAndProps (/Users/jono/Documents/GitHub/starcom-app/starcom-mk2/node_modules/react-dom/cjs/react-dom.development.js:28478:17)\n    at createFiberFromElement (/Users/jono/Documents/GitHub/starcom-app/starcom-mk2/node_modules/react-dom/cjs/react-dom.development.js:28504:15)\n    at reconcileSingleElement (/Users/jono/Documents/GitHub/starcom-app/starcom-mk2/node_modules/react-dom/cjs/react-dom.development.js:13986:23)\n    at reconcileChildFibers (/Users/jono/Documents/GitHub/starcom-app/starcom-mk2/node_modules/react-dom/cjs/react-dom.development.js:14044:35)\n    at reconcileChildren (/Users/jono/Documents/GitHub/starcom-app/starcom-mk2/node_modules/react-dom/cjs/react-dom.development.js:19186:28)\n    at updateContextProvider (/Users/jono/Documents/GitHub/starcom-app/starcom-mk2/node_modules/react-dom/cjs/react-dom.development.js:21193:3)\n    at beginWork (/Users/jono/Documents/GitHub/starcom-app/starcom-mk2/node_modules/react-dom/cjs/react-dom.development.js:21688:14)\n    at beginWork$1 (/Users/jono/Documents/GitHub/starcom-app/starcom-mk2/node_modules/react-dom/cjs/react-dom.development.js:27465:14)\n    at performUnitOfWork (/Users/jono/Documents/GitHub/starcom-app/starcom-mk2/node_modules/react-dom/cjs/react-dom.development.js:26599:12)\n    at workLoopSync (/Users/jono/Documents/GitHub/starcom-app/starcom-mk2/node_modules/react-dom/cjs/react-dom.development.js:26505:5)"],"meta":{}},{"ancestorTitles":["Enhanced Adaptive Interface Integration"],"fullName":"Enhanced Adaptive Interface Integration should provide contextual recommendations","status":"failed","title":"should provide contextual recommendations","duration":1.9672079980373383,"failureMessages":["Error: Element type is invalid: expected a string (for built-in components) or a class/function (for composite components) but got: undefined. You likely forgot to export your component from the file it's defined in, or you might have mixed up default and named imports.\n\nCheck the render method of `TestWrapper`.\n    at createFiberFromTypeAndProps (/Users/jono/Documents/GitHub/starcom-app/starcom-mk2/node_modules/react-dom/cjs/react-dom.development.js:28478:17)\n    at createFiberFromElement (/Users/jono/Documents/GitHub/starcom-app/starcom-mk2/node_modules/react-dom/cjs/react-dom.development.js:28504:15)\n    at reconcileSingleElement (/Users/jono/Documents/GitHub/starcom-app/starcom-mk2/node_modules/react-dom/cjs/react-dom.development.js:13986:23)\n    at reconcileChildFibers (/Users/jono/Documents/GitHub/starcom-app/starcom-mk2/node_modules/react-dom/cjs/react-dom.development.js:14044:35)\n    at reconcileChildren (/Users/jono/Documents/GitHub/starcom-app/starcom-mk2/node_modules/react-dom/cjs/react-dom.development.js:19186:28)\n    at updateContextProvider (/Users/jono/Documents/GitHub/starcom-app/starcom-mk2/node_modules/react-dom/cjs/react-dom.development.js:21193:3)\n    at beginWork (/Users/jono/Documents/GitHub/starcom-app/starcom-mk2/node_modules/react-dom/cjs/react-dom.development.js:21688:14)\n    at beginWork$1 (/Users/jono/Documents/GitHub/starcom-app/starcom-mk2/node_modules/react-dom/cjs/react-dom.development.js:27465:14)\n    at performUnitOfWork (/Users/jono/Documents/GitHub/starcom-app/starcom-mk2/node_modules/react-dom/cjs/react-dom.development.js:26599:12)\n    at workLoopSync (/Users/jono/Documents/GitHub/starcom-app/starcom-mk2/node_modules/react-dom/cjs/react-dom.development.js:26505:5)"],"meta":{}},{"ancestorTitles":["Enhanced Adaptive Interface Integration"],"fullName":"Enhanced Adaptive Interface Integration should enable guidance for novice users","status":"failed","title":"should enable guidance for novice users","duration":3.562041997909546,"failureMessages":["Error: Element type is invalid: expected a string (for built-in components) or a class/function (for composite components) but got: undefined. You likely forgot to export your component from the file it's defined in, or you might have mixed up default and named imports.\n\nCheck the render method of `TestWrapper`.\n    at createFiberFromTypeAndProps (/Users/jono/Documents/GitHub/starcom-app/starcom-mk2/node_modules/react-dom/cjs/react-dom.development.js:28478:17)\n    at createFiberFromElement (/Users/jono/Documents/GitHub/starcom-app/starcom-mk2/node_modules/react-dom/cjs/react-dom.development.js:28504:15)\n    at reconcileSingleElement (/Users/jono/Documents/GitHub/starcom-app/starcom-mk2/node_modules/react-dom/cjs/react-dom.development.js:13986:23)\n    at reconcileChildFibers (/Users/jono/Documents/GitHub/starcom-app/starcom-mk2/node_modules/react-dom/cjs/react-dom.development.js:14044:35)\n    at reconcileChildren (/Users/jono/Documents/GitHub/starcom-app/starcom-mk2/node_modules/react-dom/cjs/react-dom.development.js:19186:28)\n    at updateContextProvider (/Users/jono/Documents/GitHub/starcom-app/starcom-mk2/node_modules/react-dom/cjs/react-dom.development.js:21193:3)\n    at beginWork (/Users/jono/Documents/GitHub/starcom-app/starcom-mk2/node_modules/react-dom/cjs/react-dom.development.js:21688:14)\n    at beginWork$1 (/Users/jono/Documents/GitHub/starcom-app/starcom-mk2/node_modules/react-dom/cjs/react-dom.development.js:27465:14)\n    at performUnitOfWork (/Users/jono/Documents/GitHub/starcom-app/starcom-mk2/node_modules/react-dom/cjs/react-dom.development.js:26599:12)\n    at workLoopSync (/Users/jono/Documents/GitHub/starcom-app/starcom-mk2/node_modules/react-dom/cjs/react-dom.development.js:26505:5)"],"meta":{}},{"ancestorTitles":["Enhanced Adaptive Interface Integration"],"fullName":"Enhanced Adaptive Interface Integration should calculate adaptation score correctly","status":"failed","title":"should calculate adaptation score correctly","duration":1.9720840156078339,"failureMessages":["Error: Element type is invalid: expected a string (for built-in components) or a class/function (for composite components) but got: undefined. You likely forgot to export your component from the file it's defined in, or you might have mixed up default and named imports.\n\nCheck the render method of `TestWrapper`.\n    at createFiberFromTypeAndProps (/Users/jono/Documents/GitHub/starcom-app/starcom-mk2/node_modules/react-dom/cjs/react-dom.development.js:28478:17)\n    at createFiberFromElement (/Users/jono/Documents/GitHub/starcom-app/starcom-mk2/node_modules/react-dom/cjs/react-dom.development.js:28504:15)\n    at reconcileSingleElement (/Users/jono/Documents/GitHub/starcom-app/starcom-mk2/node_modules/react-dom/cjs/react-dom.development.js:13986:23)\n    at reconcileChildFibers (/Users/jono/Documents/GitHub/starcom-app/starcom-mk2/node_modules/react-dom/cjs/react-dom.development.js:14044:35)\n    at reconcileChildren (/Users/jono/Documents/GitHub/starcom-app/starcom-mk2/node_modules/react-dom/cjs/react-dom.development.js:19186:28)\n    at updateContextProvider (/Users/jono/Documents/GitHub/starcom-app/starcom-mk2/node_modules/react-dom/cjs/react-dom.development.js:21193:3)\n    at beginWork (/Users/jono/Documents/GitHub/starcom-app/starcom-mk2/node_modules/react-dom/cjs/react-dom.development.js:21688:14)\n    at beginWork$1 (/Users/jono/Documents/GitHub/starcom-app/starcom-mk2/node_modules/react-dom/cjs/react-dom.development.js:27465:14)\n    at performUnitOfWork (/Users/jono/Documents/GitHub/starcom-app/starcom-mk2/node_modules/react-dom/cjs/react-dom.development.js:26599:12)\n    at workLoopSync (/Users/jono/Documents/GitHub/starcom-app/starcom-mk2/node_modules/react-dom/cjs/react-dom.development.js:26505:5)"],"meta":{}},{"ancestorTitles":["Enhanced Adaptive Interface Integration"],"fullName":"Enhanced Adaptive Interface Integration should handle DOM manipulation for theming","status":"failed","title":"should handle DOM manipulation for theming","duration":1.7507080137729645,"failureMessages":["Error: Element type is invalid: expected a string (for built-in components) or a class/function (for composite components) but got: undefined. You likely forgot to export your component from the file it's defined in, or you might have mixed up default and named imports.\n\nCheck the render method of `TestWrapper`.\n    at createFiberFromTypeAndProps (/Users/jono/Documents/GitHub/starcom-app/starcom-mk2/node_modules/react-dom/cjs/react-dom.development.js:28478:17)\n    at createFiberFromElement (/Users/jono/Documents/GitHub/starcom-app/starcom-mk2/node_modules/react-dom/cjs/react-dom.development.js:28504:15)\n    at reconcileSingleElement (/Users/jono/Documents/GitHub/starcom-app/starcom-mk2/node_modules/react-dom/cjs/react-dom.development.js:13986:23)\n    at reconcileChildFibers (/Users/jono/Documents/GitHub/starcom-app/starcom-mk2/node_modules/react-dom/cjs/react-dom.development.js:14044:35)\n    at reconcileChildren (/Users/jono/Documents/GitHub/starcom-app/starcom-mk2/node_modules/react-dom/cjs/react-dom.development.js:19186:28)\n    at updateContextProvider (/Users/jono/Documents/GitHub/starcom-app/starcom-mk2/node_modules/react-dom/cjs/react-dom.development.js:21193:3)\n    at beginWork (/Users/jono/Documents/GitHub/starcom-app/starcom-mk2/node_modules/react-dom/cjs/react-dom.development.js:21688:14)\n    at beginWork$1 (/Users/jono/Documents/GitHub/starcom-app/starcom-mk2/node_modules/react-dom/cjs/react-dom.development.js:27465:14)\n    at performUnitOfWork (/Users/jono/Documents/GitHub/starcom-app/starcom-mk2/node_modules/react-dom/cjs/react-dom.development.js:26599:12)\n    at workLoopSync (/Users/jono/Documents/GitHub/starcom-app/starcom-mk2/node_modules/react-dom/cjs/react-dom.development.js:26505:5)"],"meta":{}},{"ancestorTitles":["Enhanced Adaptive Interface Integration"],"fullName":"Enhanced Adaptive Interface Integration should support feature flag integration","status":"failed","title":"should support feature flag integration","duration":1.3711660206317902,"failureMessages":["Error: Element type is invalid: expected a string (for built-in components) or a class/function (for composite components) but got: undefined. You likely forgot to export your component from the file it's defined in, or you might have mixed up default and named imports.\n\nCheck the render method of `TestWrapper`.\n    at createFiberFromTypeAndProps (/Users/jono/Documents/GitHub/starcom-app/starcom-mk2/node_modules/react-dom/cjs/react-dom.development.js:28478:17)\n    at createFiberFromElement (/Users/jono/Documents/GitHub/starcom-app/starcom-mk2/node_modules/react-dom/cjs/react-dom.development.js:28504:15)\n    at reconcileSingleElement (/Users/jono/Documents/GitHub/starcom-app/starcom-mk2/node_modules/react-dom/cjs/react-dom.development.js:13986:23)\n    at reconcileChildFibers (/Users/jono/Documents/GitHub/starcom-app/starcom-mk2/node_modules/react-dom/cjs/react-dom.development.js:14044:35)\n    at reconcileChildren (/Users/jono/Documents/GitHub/starcom-app/starcom-mk2/node_modules/react-dom/cjs/react-dom.development.js:19186:28)\n    at updateContextProvider (/Users/jono/Documents/GitHub/starcom-app/starcom-mk2/node_modules/react-dom/cjs/react-dom.development.js:21193:3)\n    at beginWork (/Users/jono/Documents/GitHub/starcom-app/starcom-mk2/node_modules/react-dom/cjs/react-dom.development.js:21688:14)\n    at beginWork$1 (/Users/jono/Documents/GitHub/starcom-app/starcom-mk2/node_modules/react-dom/cjs/react-dom.development.js:27465:14)\n    at performUnitOfWork (/Users/jono/Documents/GitHub/starcom-app/starcom-mk2/node_modules/react-dom/cjs/react-dom.development.js:26599:12)\n    at workLoopSync (/Users/jono/Documents/GitHub/starcom-app/starcom-mk2/node_modules/react-dom/cjs/react-dom.development.js:26505:5)"],"meta":{}},{"ancestorTitles":["Enhanced Adaptive Interface Integration"],"fullName":"Enhanced Adaptive Interface Integration should provide bridge integration utilities","status":"failed","title":"should provide bridge integration utilities","duration":1.136957973241806,"failureMessages":["Error: Element type is invalid: expected a string (for built-in components) or a class/function (for composite components) but got: undefined. You likely forgot to export your component from the file it's defined in, or you might have mixed up default and named imports.\n\nCheck the render method of `TestWrapper`.\n    at createFiberFromTypeAndProps (/Users/jono/Documents/GitHub/starcom-app/starcom-mk2/node_modules/react-dom/cjs/react-dom.development.js:28478:17)\n    at createFiberFromElement (/Users/jono/Documents/GitHub/starcom-app/starcom-mk2/node_modules/react-dom/cjs/react-dom.development.js:28504:15)\n    at reconcileSingleElement (/Users/jono/Documents/GitHub/starcom-app/starcom-mk2/node_modules/react-dom/cjs/react-dom.development.js:13986:23)\n    at reconcileChildFibers (/Users/jono/Documents/GitHub/starcom-app/starcom-mk2/node_modules/react-dom/cjs/react-dom.development.js:14044:35)\n    at reconcileChildren (/Users/jono/Documents/GitHub/starcom-app/starcom-mk2/node_modules/react-dom/cjs/react-dom.development.js:19186:28)\n    at updateContextProvider (/Users/jono/Documents/GitHub/starcom-app/starcom-mk2/node_modules/react-dom/cjs/react-dom.development.js:21193:3)\n    at beginWork (/Users/jono/Documents/GitHub/starcom-app/starcom-mk2/node_modules/react-dom/cjs/react-dom.development.js:21688:14)\n    at beginWork$1 (/Users/jono/Documents/GitHub/starcom-app/starcom-mk2/node_modules/react-dom/cjs/react-dom.development.js:27465:14)\n    at performUnitOfWork (/Users/jono/Documents/GitHub/starcom-app/starcom-mk2/node_modules/react-dom/cjs/react-dom.development.js:26599:12)\n    at workLoopSync (/Users/jono/Documents/GitHub/starcom-app/starcom-mk2/node_modules/react-dom/cjs/react-dom.development.js:26505:5)"],"meta":{}},{"ancestorTitles":["Enhanced Adaptive Interface Integration"],"fullName":"Enhanced Adaptive Interface Integration should handle multi-context scenarios","status":"failed","title":"should handle multi-context scenarios","duration":1.7395000159740448,"failureMessages":["Error: Element type is invalid: expected a string (for built-in components) or a class/function (for composite components) but got: undefined. You likely forgot to export your component from the file it's defined in, or you might have mixed up default and named imports.\n\nCheck the render method of `TestWrapper`.\n    at createFiberFromTypeAndProps (/Users/jono/Documents/GitHub/starcom-app/starcom-mk2/node_modules/react-dom/cjs/react-dom.development.js:28478:17)\n    at createFiberFromElement (/Users/jono/Documents/GitHub/starcom-app/starcom-mk2/node_modules/react-dom/cjs/react-dom.development.js:28504:15)\n    at reconcileSingleElement (/Users/jono/Documents/GitHub/starcom-app/starcom-mk2/node_modules/react-dom/cjs/react-dom.development.js:13986:23)\n    at reconcileChildFibers (/Users/jono/Documents/GitHub/starcom-app/starcom-mk2/node_modules/react-dom/cjs/react-dom.development.js:14044:35)\n    at reconcileChildren (/Users/jono/Documents/GitHub/starcom-app/starcom-mk2/node_modules/react-dom/cjs/react-dom.development.js:19186:28)\n    at updateContextProvider (/Users/jono/Documents/GitHub/starcom-app/starcom-mk2/node_modules/react-dom/cjs/react-dom.development.js:21193:3)\n    at beginWork (/Users/jono/Documents/GitHub/starcom-app/starcom-mk2/node_modules/react-dom/cjs/react-dom.development.js:21688:14)\n    at beginWork$1 (/Users/jono/Documents/GitHub/starcom-app/starcom-mk2/node_modules/react-dom/cjs/react-dom.development.js:27465:14)\n    at performUnitOfWork (/Users/jono/Documents/GitHub/starcom-app/starcom-mk2/node_modules/react-dom/cjs/react-dom.development.js:26599:12)\n    at workLoopSync (/Users/jono/Documents/GitHub/starcom-app/starcom-mk2/node_modules/react-dom/cjs/react-dom.development.js:26505:5)"],"meta":{}},{"ancestorTitles":["Enhanced Adaptive Interface Integration"],"fullName":"Enhanced Adaptive Interface Integration should maintain performance with complex state","status":"failed","title":"should maintain performance with complex state","duration":1.3227500021457672,"failureMessages":["Error: Element type is invalid: expected a string (for built-in components) or a class/function (for composite components) but got: undefined. You likely forgot to export your component from the file it's defined in, or you might have mixed up default and named imports.\n\nCheck the render method of `TestWrapper`.\n    at createFiberFromTypeAndProps (/Users/jono/Documents/GitHub/starcom-app/starcom-mk2/node_modules/react-dom/cjs/react-dom.development.js:28478:17)\n    at createFiberFromElement (/Users/jono/Documents/GitHub/starcom-app/starcom-mk2/node_modules/react-dom/cjs/react-dom.development.js:28504:15)\n    at reconcileSingleElement (/Users/jono/Documents/GitHub/starcom-app/starcom-mk2/node_modules/react-dom/cjs/react-dom.development.js:13986:23)\n    at reconcileChildFibers (/Users/jono/Documents/GitHub/starcom-app/starcom-mk2/node_modules/react-dom/cjs/react-dom.development.js:14044:35)\n    at reconcileChildren (/Users/jono/Documents/GitHub/starcom-app/starcom-mk2/node_modules/react-dom/cjs/react-dom.development.js:19186:28)\n    at updateContextProvider (/Users/jono/Documents/GitHub/starcom-app/starcom-mk2/node_modules/react-dom/cjs/react-dom.development.js:21193:3)\n    at beginWork (/Users/jono/Documents/GitHub/starcom-app/starcom-mk2/node_modules/react-dom/cjs/react-dom.development.js:21688:14)\n    at beginWork$1 (/Users/jono/Documents/GitHub/starcom-app/starcom-mk2/node_modules/react-dom/cjs/react-dom.development.js:27465:14)\n    at performUnitOfWork (/Users/jono/Documents/GitHub/starcom-app/starcom-mk2/node_modules/react-dom/cjs/react-dom.development.js:26599:12)\n    at workLoopSync (/Users/jono/Documents/GitHub/starcom-app/starcom-mk2/node_modules/react-dom/cjs/react-dom.development.js:26505:5)"],"meta":{}},{"ancestorTitles":["Enhanced Adaptive Interface Error Handling"],"fullName":"Enhanced Adaptive Interface Error Handling should handle missing context gracefully","status":"failed","title":"should handle missing context gracefully","duration":11.50025001168251,"failureMessages":["AssertionError: expected [Function] to throw error including 'useAdaptiveInterface must be used wit…' but got 'useGlobalCommand must be used within …'\n    at Proxy.<anonymous> (file:///Users/jono/Documents/GitHub/starcom-app/starcom-mk2/node_modules/@vitest/expect/dist/index.js:1411:16)\n    at Proxy.<anonymous> (file:///Users/jono/Documents/GitHub/starcom-app/starcom-mk2/node_modules/@vitest/expect/dist/index.js:1022:14)\n    at Proxy.toThrow (file:///Users/jono/Documents/GitHub/starcom-app/starcom-mk2/node_modules/chai/chai.js:1618:25)\n    at /Users/jono/Documents/GitHub/starcom-app/starcom-mk2/test/integration/adaptive/EnhancedAdaptiveInterface.test.tsx:238:8\n    at file:///Users/jono/Documents/GitHub/starcom-app/starcom-mk2/node_modules/@vitest/runner/dist/chunk-hooks.js:155:11\n    at file:///Users/jono/Documents/GitHub/starcom-app/starcom-mk2/node_modules/@vitest/runner/dist/chunk-hooks.js:752:26\n    at file:///Users/jono/Documents/GitHub/starcom-app/starcom-mk2/node_modules/@vitest/runner/dist/chunk-hooks.js:1894:20\n    at new Promise (<anonymous>)\n    at runWithTimeout (file:///Users/jono/Documents/GitHub/starcom-app/starcom-mk2/node_modules/@vitest/runner/dist/chunk-hooks.js:1860:10)\n    at runTest (file:///Users/jono/Documents/GitHub/starcom-app/starcom-mk2/node_modules/@vitest/runner/dist/chunk-hooks.js:1571:12)"],"meta":{}},{"ancestorTitles":["Enhanced Adaptive Interface Error Handling"],"fullName":"Enhanced Adaptive Interface Error Handling should handle feature flag failures gracefully","status":"failed","title":"should handle feature flag failures gracefully","duration":2.5056249797344208,"failureMessages":["AssertionError: expected [Function] to not throw an error but 'Error: Element type is invalid: expec…' was thrown\n    at Proxy.<anonymous> (file:///Users/jono/Documents/GitHub/starcom-app/starcom-mk2/node_modules/@vitest/expect/dist/index.js:1411:16)\n    at Proxy.<anonymous> (file:///Users/jono/Documents/GitHub/starcom-app/starcom-mk2/node_modules/@vitest/expect/dist/index.js:1022:14)\n    at Proxy.toThrow (file:///Users/jono/Documents/GitHub/starcom-app/starcom-mk2/node_modules/chai/chai.js:1618:25)\n    at /Users/jono/Documents/GitHub/starcom-app/starcom-mk2/test/integration/adaptive/EnhancedAdaptiveInterface.test.tsx:259:12\n    at file:///Users/jono/Documents/GitHub/starcom-app/starcom-mk2/node_modules/@vitest/runner/dist/chunk-hooks.js:155:11\n    at file:///Users/jono/Documents/GitHub/starcom-app/starcom-mk2/node_modules/@vitest/runner/dist/chunk-hooks.js:752:26\n    at file:///Users/jono/Documents/GitHub/starcom-app/starcom-mk2/node_modules/@vitest/runner/dist/chunk-hooks.js:1894:20\n    at new Promise (<anonymous>)\n    at runWithTimeout (file:///Users/jono/Documents/GitHub/starcom-app/starcom-mk2/node_modules/@vitest/runner/dist/chunk-hooks.js:1860:10)\n    at runTest (file:///Users/jono/Documents/GitHub/starcom-app/starcom-mk2/node_modules/@vitest/runner/dist/chunk-hooks.js:1571:12)"],"meta":{}},{"ancestorTitles":["Enhanced Adaptive Interface Accessibility"],"fullName":"Enhanced Adaptive Interface Accessibility should support keyboard navigation preferences","status":"failed","title":"should support keyboard navigation preferences","duration":1.1683329939842224,"failureMessages":["Error: Element type is invalid: expected a string (for built-in components) or a class/function (for composite components) but got: undefined. You likely forgot to export your component from the file it's defined in, or you might have mixed up default and named imports.\n\nCheck the render method of `TestWrapper`.\n    at createFiberFromTypeAndProps (/Users/jono/Documents/GitHub/starcom-app/starcom-mk2/node_modules/react-dom/cjs/react-dom.development.js:28478:17)\n    at createFiberFromElement (/Users/jono/Documents/GitHub/starcom-app/starcom-mk2/node_modules/react-dom/cjs/react-dom.development.js:28504:15)\n    at reconcileSingleElement (/Users/jono/Documents/GitHub/starcom-app/starcom-mk2/node_modules/react-dom/cjs/react-dom.development.js:13986:23)\n    at reconcileChildFibers (/Users/jono/Documents/GitHub/starcom-app/starcom-mk2/node_modules/react-dom/cjs/react-dom.development.js:14044:35)\n    at reconcileChildren (/Users/jono/Documents/GitHub/starcom-app/starcom-mk2/node_modules/react-dom/cjs/react-dom.development.js:19186:28)\n    at updateContextProvider (/Users/jono/Documents/GitHub/starcom-app/starcom-mk2/node_modules/react-dom/cjs/react-dom.development.js:21193:3)\n    at beginWork (/Users/jono/Documents/GitHub/starcom-app/starcom-mk2/node_modules/react-dom/cjs/react-dom.development.js:21688:14)\n    at beginWork$1 (/Users/jono/Documents/GitHub/starcom-app/starcom-mk2/node_modules/react-dom/cjs/react-dom.development.js:27465:14)\n    at performUnitOfWork (/Users/jono/Documents/GitHub/starcom-app/starcom-mk2/node_modules/react-dom/cjs/react-dom.development.js:26599:12)\n    at workLoopSync (/Users/jono/Documents/GitHub/starcom-app/starcom-mk2/node_modules/react-dom/cjs/react-dom.development.js:26505:5)"],"meta":{}},{"ancestorTitles":["Enhanced Adaptive Interface Accessibility"],"fullName":"Enhanced Adaptive Interface Accessibility should support high contrast mode","status":"failed","title":"should support high contrast mode","duration":2.701416015625,"failureMessages":["Error: Element type is invalid: expected a string (for built-in components) or a class/function (for composite components) but got: undefined. You likely forgot to export your component from the file it's defined in, or you might have mixed up default and named imports.\n\nCheck the render method of `TestWrapper`.\n    at createFiberFromTypeAndProps (/Users/jono/Documents/GitHub/starcom-app/starcom-mk2/node_modules/react-dom/cjs/react-dom.development.js:28478:17)\n    at createFiberFromElement (/Users/jono/Documents/GitHub/starcom-app/starcom-mk2/node_modules/react-dom/cjs/react-dom.development.js:28504:15)\n    at reconcileSingleElement (/Users/jono/Documents/GitHub/starcom-app/starcom-mk2/node_modules/react-dom/cjs/react-dom.development.js:13986:23)\n    at reconcileChildFibers (/Users/jono/Documents/GitHub/starcom-app/starcom-mk2/node_modules/react-dom/cjs/react-dom.development.js:14044:35)\n    at reconcileChildren (/Users/jono/Documents/GitHub/starcom-app/starcom-mk2/node_modules/react-dom/cjs/react-dom.development.js:19186:28)\n    at updateContextProvider (/Users/jono/Documents/GitHub/starcom-app/starcom-mk2/node_modules/react-dom/cjs/react-dom.development.js:21193:3)\n    at beginWork (/Users/jono/Documents/GitHub/starcom-app/starcom-mk2/node_modules/react-dom/cjs/react-dom.development.js:21688:14)\n    at beginWork$1 (/Users/jono/Documents/GitHub/starcom-app/starcom-mk2/node_modules/react-dom/cjs/react-dom.development.js:27465:14)\n    at performUnitOfWork (/Users/jono/Documents/GitHub/starcom-app/starcom-mk2/node_modules/react-dom/cjs/react-dom.development.js:26599:12)\n    at workLoopSync (/Users/jono/Documents/GitHub/starcom-app/starcom-mk2/node_modules/react-dom/cjs/react-dom.development.js:26505:5)"],"meta":{}},{"ancestorTitles":["Enhanced Adaptive Interface Accessibility"],"fullName":"Enhanced Adaptive Interface Accessibility should support reduced motion preferences","status":"failed","title":"should support reduced motion preferences","duration":0.9177919924259186,"failureMessages":["Error: Element type is invalid: expected a string (for built-in components) or a class/function (for composite components) but got: undefined. You likely forgot to export your component from the file it's defined in, or you might have mixed up default and named imports.\n\nCheck the render method of `TestWrapper`.\n    at createFiberFromTypeAndProps (/Users/jono/Documents/GitHub/starcom-app/starcom-mk2/node_modules/react-dom/cjs/react-dom.development.js:28478:17)\n    at createFiberFromElement (/Users/jono/Documents/GitHub/starcom-app/starcom-mk2/node_modules/react-dom/cjs/react-dom.development.js:28504:15)\n    at reconcileSingleElement (/Users/jono/Documents/GitHub/starcom-app/starcom-mk2/node_modules/react-dom/cjs/react-dom.development.js:13986:23)\n    at reconcileChildFibers (/Users/jono/Documents/GitHub/starcom-app/starcom-mk2/node_modules/react-dom/cjs/react-dom.development.js:14044:35)\n    at reconcileChildren (/Users/jono/Documents/GitHub/starcom-app/starcom-mk2/node_modules/react-dom/cjs/react-dom.development.js:19186:28)\n    at updateContextProvider (/Users/jono/Documents/GitHub/starcom-app/starcom-mk2/node_modules/react-dom/cjs/react-dom.development.js:21193:3)\n    at beginWork (/Users/jono/Documents/GitHub/starcom-app/starcom-mk2/node_modules/react-dom/cjs/react-dom.development.js:21688:14)\n    at beginWork$1 (/Users/jono/Documents/GitHub/starcom-app/starcom-mk2/node_modules/react-dom/cjs/react-dom.development.js:27465:14)\n    at performUnitOfWork (/Users/jono/Documents/GitHub/starcom-app/starcom-mk2/node_modules/react-dom/cjs/react-dom.development.js:26599:12)\n    at workLoopSync (/Users/jono/Documents/GitHub/starcom-app/starcom-mk2/node_modules/react-dom/cjs/react-dom.development.js:26505:5)"],"meta":{}}],"startTime":1750615028129,"endTime":1750615028178.9177,"status":"failed","message":"","name":"/Users/jono/Documents/GitHub/starcom-app/starcom-mk2/test/integration/adaptive/EnhancedAdaptiveInterface.test.tsx"},{"assertionResults":[],"startTime":1750615021652,"endTime":1750615021652,"status":"failed","message":"Failed to resolve import \"../../../src/context/GlobalCommandContext\" from \"test/integration/adaptive/ProviderTest.test.tsx\". Does the file exist?","name":"/Users/jono/Documents/GitHub/starcom-app/starcom-mk2/test/integration/adaptive/ProviderTest.test.tsx"},{"assertionResults":[{"ancestorTitles":["Web3Login AuthErrorBoundary"],"fullName":"Web3Login AuthErrorBoundary shows error boundary UI if an auth error occurs","status":"passed","title":"shows error boundary UI if an auth error occurs","duration":4.405000001192093,"failureMessages":[],"meta":{}},{"ancestorTitles":["Web3Login AuthErrorBoundary"],"fullName":"Web3Login AuthErrorBoundary renders children if no error is thrown","status":"passed","title":"renders children if no error is thrown","duration":0.9709579944610596,"failureMessages":[],"meta":{}},{"ancestorTitles":["Web3Login AuthErrorBoundary"],"fullName":"Web3Login AuthErrorBoundary resets error boundary on rerender","status":"passed","title":"resets error boundary on rerender","duration":3.2192499935626984,"failureMessages":[],"meta":{}}],"startTime":1750615036023,"endTime":1750615036031.2192,"status":"passed","message":"","name":"/Users/jono/Documents/GitHub/starcom-app/starcom-mk2/src/components/Auth/AuthErrorBoundary.test.tsx"},{"assertionResults":[{"ancestorTitles":["TermsModal (removed feature)"],"fullName":"TermsModal (removed feature) feature was removed - see artifact: removed-terms-modal-feature-2025-06-14.artifact","status":"passed","title":"feature was removed - see artifact: removed-terms-modal-feature-2025-06-14.artifact","duration":0.08966699242591858,"failureMessages":[],"meta":{}}],"startTime":1750615036371,"endTime":1750615036371.0896,"status":"passed","message":"","name":"/Users/jono/Documents/GitHub/starcom-app/starcom-mk2/src/components/Auth/TermsModal.test.tsx"},{"assertionResults":[{"ancestorTitles":["WalletStatus (split tests)"],"fullName":"WalletStatus (split tests) tests split into category files - see other WalletStatus.*.test.tsx files","status":"passed","title":"tests split into category files - see other WalletStatus.*.test.tsx files","duration":0.07808399200439453,"failureMessages":[],"meta":{}}],"startTime":1750615036413,"endTime":1750615036413.0781,"status":"passed","message":"","name":"/Users/jono/Documents/GitHub/starcom-app/starcom-mk2/src/components/Auth/WalletStatus.test.tsx"},{"assertionResults":[{"ancestorTitles":["SessionExpiryCountdown"],"fullName":"SessionExpiryCountdown renders and updates countdown, triggers onWarning and onExpire","status":"passed","title":"renders and updates countdown, triggers onWarning and onExpire","duration":4.976042002439499,"failureMessages":[],"meta":{}}],"startTime":1750615036066,"endTime":1750615036070.976,"status":"passed","message":"","name":"/Users/jono/Documents/GitHub/starcom-app/starcom-mk2/src/components/Shared/SessionExpiryCountdown.test.tsx"},{"assertionResults":[{"ancestorTitles":["TinyGlobe Mode Synchronization"],"fullName":"TinyGlobe Mode Synchronization renders without crashing","status":"passed","title":"renders without crashing","duration":18.013125002384186,"failureMessages":[],"meta":{}},{"ancestorTitles":["TinyGlobe Mode Synchronization"],"fullName":"TinyGlobe Mode Synchronization UI buttons update VisualizationMode context","status":"passed","title":"UI buttons update VisualizationMode context","duration":23.163165986537933,"failureMessages":[],"meta":{}}],"startTime":1750615035794,"endTime":1750615035835.163,"status":"passed","message":"","name":"/Users/jono/Documents/GitHub/starcom-app/starcom-mk2/src/components/TinyGlobe/TinyGlobe.test.tsx"},{"assertionResults":[{"ancestorTitles":["MarketDataCacheService.unit (placeholder)"],"fullName":"MarketDataCacheService.unit (placeholder) should have real tests implemented","status":"passed","title":"should have real tests implemented","duration":0.07816699147224426,"failureMessages":[],"meta":{}}],"startTime":1750615036390,"endTime":1750615036390.0781,"status":"passed","message":"","name":"/Users/jono/Documents/GitHub/starcom-app/starcom-mk2/src/services/market/MarketDataCacheService.unit.test.ts"},{"assertionResults":[{"ancestorTitles":["MarketDataPro
[...]
"ancestorTitles":["TopBar artifact-driven"],"fullName":"TopBar artifact-driven renders logo, settings button, and marquee","status":"failed","title":"renders logo, settings button, and marquee","duration":42.762957990169525,"failureMessages":["TestingLibraryElementError: Unable to find an element with the alt text: /wing commander logo/i\n\nIgnored nodes: comments, script, style\n\u001b[36m<body>\u001b[39m\n  \u001b[36m<div>\u001b[39m\n    \u001b[36m<header\u001b[39m\n      \u001b[33maria-label\u001b[39m=\u001b[32m\"Top navigation bar\"\u001b[39m\n      \u001b[33mclass\u001b[39m=\u001b[32m\"_topBar_5c5dbd\"\u001b[39m\n      \u001b[33mdata-testid\u001b[39m=\u001b[32m\"topbar-root\"\u001b[39m\n      \u001b[33mrole\u001b[39m=\u001b[32m\"banner\"\u001b[39m\n    \u001b[36m>\u001b[39m\n      \u001b[36m<button\u001b[39m\n        \u001b[33maria-expanded\u001b[39m=\u001b[32m\"false\"\u001b[39m\n        \u001b[33maria-haspopup\u001b[39m=\u001b[32m\"dialog\"\u001b[39m\n        \u001b[33maria-label\u001b[39m=\u001b[32m\"Open settings\"\u001b[39m\n        \u001b[33mclass\u001b[39m=\u001b[32m\"_settingsButton_5c5dbd\"\u001b[39m\n        \u001b[33mdata-testid\u001b[39m=\u001b[32m\"topbar-settings-btn\"\u001b[39m\n        \u001b[33mtabindex\u001b[39m=\u001b[32m\"0\"\u001b[39m\n      \u001b[36m>\u001b[39m\n        \u001b[36m<span\u001b[39m\n          \u001b[33maria-label\u001b[39m=\u001b[32m\"Settings\"\u001b[39m\n          \u001b[33mrole\u001b[39m=\u001b[32m\"img\"\u001b[39m\n        \u001b[36m>\u001b[39m\n          \u001b[0m⚙️\u001b[0m\n        \u001b[36m</span>\u001b[39m\n      \u001b[36m</button>\u001b[39m\n      \u001b[36m<div\u001b[39m\n        \u001b[33maria-label\u001b[39m=\u001b[32m\"News and data marquee\"\u001b[39m\n        \u001b[33mclass\u001b[39m=\u001b[32m\"_marqueeSection_5c5dbd\"\u001b[39m\n      \u001b[36m>\u001b[39m\n        \u001b[36m<div\u001b[39m\n          \u001b[33maria-describedby\u001b[39m=\u001b[32m\"marquee-desc\"\u001b[39m\n          \u001b[33maria-label\u001b[39m=\u001b[32m\"marquee\"\u001b[39m\n          \u001b[33maria-live\u001b[39m=\u001b[32m\"polite\"\u001b[39m\n          \u001b[33mclass\u001b[39m=\u001b[32m\"_marquee_ad001e \"\u001b[39m\n          \u001b[33mrole\u001b[39m=\u001b[32m\"region\"\u001b[39m\n          \u001b[33mtabindex\u001b[39m=\u001b[32m\"0\"\u001b[39m\n        \u001b[36m>\u001b[39m\n          \u001b[36m<span\u001b[39m\n            \u001b[33mclass\u001b[39m=\u001b[32m\"sr-only\"\u001b[39m\n            \u001b[33mid\u001b[39m=\u001b[32m\"marquee-desc\"\u001b[39m\n          \u001b[36m>\u001b[39m\n            \u001b[0mAuto-animating news ticker. Press Tab to focus, hover to pause.\u001b[0m\n          \u001b[36m</span>\u001b[39m\n          \u001b[36m<div\u001b[39m\n            \u001b[33mclass\u001b[39m=\u001b[32m\"_marqueeContent_ad001e\"\u001b[39m\n            \u001b[33mstyle\u001b[39m=\u001b[32m\"transform: translateX(0px);\"\u001b[39m\n          \u001b[36m>\u001b[39m\n            \u001b[36m<span\u001b[39m\n              \u001b[33maria-label\u001b[39m=\u001b[32m\"Commodities: N/A\"\u001b[39m\n              \u001b[33mclass\u001b[39m=\u001b[32m\"_marqueeItem_ad001e\"\u001b[39m\n            \u001b[36m>\u001b[39m\n              \u001b[36m<span\u001b[39m\n                \u001b[33maria-hidden\u001b[39m=\u001b[32m\"true\"\u001b[39m\n                \u001b[33mclass\u001b[39m=\u001b[32m\"_marqueeIcon_ad001e\"\u001b[39m\n              \u001b[36m>\u001b[39m\n                \u001b[0m🛢️\u001b[0m\n              \u001b[36m</span>\u001b[39m\n              \u001b[36m<span>\u001b[39m\n                \u001b[0mCommodities\u001b[0m\n              \u001b[36m</span>\u001b[39m\n              \u001b[36m<span\u001b[39m\n                \u001b[33mclass\u001b[39m=\u001b[32m\"_marqueeValue_ad001e\"\u001b[39m\n              \u001b[36m>\u001b[39m\n                \u001b[0mN/A\u001b[0m\n              \u001b[36m</span>\u001b[39m\n            \u001b[36m</span>\u001b[39m\n            \u001b[36m<span\u001b[39m\n              \u001b[33maria-label\u001b[39m=\u001b[32m\"Indices: N/A\"\u001b[39m\n              \u001b[33mclass\u001b[39m=\u001b[32m\"_marqueeItem_ad001e\"\u001b[39m\n            \u001b[36m>\u001b[39m\n              \u001b[36m<span\u001b[39m\n                \u001b[33maria-hidden\u001b[39m=\u001b[32m\"true\"\u001b[39m\n                \u001b[33mclass\u001b[39m=\u001b[32m\"_marqueeIcon_ad001e\"\u001b[39m\n              \u001b[36m>\u001b[39m\n                \u001b[0m📈\u001b[0m\n              \u001b[36m</span>\u001b[39m\n              \u001b[36m<span>\u001b[39m\n                \u001b[0mIndices\u001b[0m\n              \u001b[36m</span>\u001b[39m\n              \u001b[36m<span\u001b[39m\n                \u001b[33mclass\u001b[39m=\u001b[32m\"_marqueeValue_ad001e\"\u001b[39m\n              \u001b[36m>\u001b[39m\n                \u001b[0mN/A\u001b[0m\n              \u001b[36m</span>\u001b[39m\n            \u001b[36m</span>\u001b[39m\n            \u001b[36m<span\u001b[39m\n              \u001b[33maria-label\u001b[39m=\u001b[32m\"Crypto: N/A\"\u001b[39m\n              \u001b[33mclass\u001b[39m=\u001b[32m\"_marqueeItem_ad001e\"\u001b[39m\n            \u001b[36m>\u001b[39m\n              \u001b[36m<span\u001b[39m\n                \u001b[33maria-hidden\u001b[39m=\u001b[32m\"true\"\u001b[39m\n                \u001b[33mclass\u001b[39m=\u001b[32m\"_marqueeIcon_ad001e\"\u001b[39m\n              \u001b[36m>\u001b[39m\n                \u001b[0m₿\u001b[0m\n              \u001b[36m</span>\u001b[39m\n              \u001b[36m<span>\u001b[39m\n                \u001b[0mCrypto\u001b[0m\n              \u001b[36m</span>\u001b[39m\n              \u001b[36m<span\u001b[39m\n                \u001b[33mclass\u001b[39m=\u001b[32m\"_marqueeValue_ad001e\"\u001b[39m\n              \u001b[36m>\u001b[39m\n                \u001b[0mN/A\u001b[0m\n              \u001b[36m</span>\u001b[39m\n            \u001b[36m</span>\u001b[39m\n            \u001b[36m<span\u001b[39m\n              \u001b[33maria-label\u001b[39m=\u001b[32m\"Forex: N/A\"\u001b[39m\n              \u001b[33mclass\u001b[39m=\u001b[32m\"_marqueeItem_ad001e\"\u001b[39m\n            \u001b[36m>\u001b[39m\n              \u001b[36m<span\u001b[39m\n                \u001b[33maria-hidden\u001b[39m=\u001b[32m\"true\"\u001b[39m\n                \u001b[33mclass\u001b[39m=\u001b[32m\"_marqueeIcon_ad001e\"\u001b[39m\n              \u001b[36m>\u001b[39m\n                \u001b[0m💱\u001b[0m\n              \u001b[36m</span>\u001b[39m\n              \u001b[36m<span>\u001b[39m\n                \u001b[0mForex\u001b[0m\n              \u001b[36m</span>\u001b[39m\n              \u001b[36m<span\u001b[39m\n                \u001b[33mclass\u001b[39m=\u001b[32m\"_marqueeValue_ad001e\"\u001b[39m\n              \u001b[36m>\u001b[39m\n                \u001b[0mN/A\u001b[0m\n              \u001b[36m</span>\u001b[39m\n            \u001b[36m</span>\u001b[39m\n            \u001b[36m<span\u001b[39m\n              \u001b[33maria-label\u001b[39m=\u001b[32m\"Economic Indicators: N/A\"\u001b[39m\n              \u001b[33mclass\u001b[39m=\u001b[32m\"_marqueeItem_ad001e\"\u001b[39m\n            \u001b[36m>\u001b[39m\n              \u001b[36m<span\u001b[39m\n                \u001b[33maria-hidden\u001b[39m=\u001b[32m\"true\"\u001b[39m\n                \u001b[33mclass\u001b[39m=\u001b[32m\"_marqueeIcon_ad001e\"\u001b[39m\n              \u001b[36m>\u001b[39m\n                \u001b[0m📊\u001b[0m\n              \u001b[36m</span>\u001b[39m\n              \u001b[36m<span>\u001b[39m\n                \u001b[0mEconomic Indicators\u001b[0m\n              \u001b[36m</span>\u001b[39m\n              \u001b[36m<span\u001b[39m\n                \u001b[33mclass\u001b[39m=\u001b[32m\"_marqueeValue_ad001e\"\u001b[39m\n              \u001b[36m>\u001b[39m\n                \u001b[0mN/A\u001b[0m\n              \u001b[36m</span>\u001b[39m\n            \u001b[36m</span>\u001b[39m\n            \u001b[36m<span\u001b[39m\n              \u001b[33maria-label\u001b[39m=\u001b[32m\"News Headlines: N/A\"\u001b[39m\n              \u001b[33mclass\u001b[39m=\u001b[32m\"_marqueeItem_ad001e\"\u001b[39m\n            \u001b[36m>\u001b[39m\n              \u001b[36m<span\u001b[39m\n                \u001b[33maria-hidden\u001b[39m=\u001b[32m\"true\"\u001b[39m\n                \u001b[33mclass\u001b[39m=\u001b[32m\"_marqueeIcon_ad001e\"\u001b[39m\n              \u001b[36m>\u001b[39m\n                \u001b[0m📰\u001b[0m\n              \u001b[36m</span>\u001b[39m\n              \u001b[36m<span>\u001b[39m\n                \u001b[0mNews Headlines\u001b[0m\n              \u001b[36m</span>\u001b[39m\n              \u001b[36m<span\u001b[39m\n                \u001b[33mclass\u001b[39m=\u001b[32m\"_marqueeValue_ad001e\"\u001b[39m\n              \u001b[36m>\u001b[39m\n                \u001b[0mN/A\u001b[0m\n              \u001b[36m</span>\u001b[39m\n            \u001b[36m</span>\u001b[39m\n            \u001b[36m<span\u001b[39m\n              \u001b[33maria-label\u001b[39m=\u001b[32m\"Market Sentiment: N/A\"\u001b[39m\n              \u001b[33mclass\u001b[39m=\u001b[32m\"_marqueeItem_ad001e\"\u001b[39m\n            \u001b[36m>\u001b[39m\n              \u001b[36m<span\u001b[39m\n                \u001b[33maria-hidden\u001b[39m=\u001b[32m\"true\"\u001b[39m\n                \u001b[33mclass\u001b[39m=\u001b[32m\"_marqueeIcon_ad001e\"\u001b[39m\n              \u001b[36m>\u001b[39m\n                \u001b[0m📢\u001b[0m\n              \u001b[36m</span>\u001b[39m\n              \u001b[36m<span>\u001b[39m\n                \u001b[0mMarket Sentiment\u001b[0m\n              \u001b[36m</span>\u001b[39m\n              \u001b[36m<span\u001b[39m\n                \u001b[33mclass\u001b[39m=\u001b[32m\"_marqueeValue_ad001e\"\u001b[39m\n              \u001b[36m>\u001b[39m\n                \u001b[0mN/A\u001b[0m\n              \u001b[36m</span>\u001b[39m\n            \u001b[36m</span>\u001b[39m\n            \u001b[36m<span\u001b[39m\n              \u001b[33maria-hidden\u001b[39m=\u001b[32m\"true\"\u001b[39m\n              \u001b[33maria-label\u001b[39m=\u001b[32m\"Commodities: N/A\"\u001b[39m\n              \u001b[33mclass\u001b[39m=\u001b[32m\"_marqueeItem_ad001e\"\u001b[39m\n            \u001b[36m>\u001b[39m\n              \u001b[36m<span\u001b[39m\n                \u001b[33maria-hidden\u001b[39m=\u001b[32m\"true\"\u001b[39m\n                \u001b[33mclass\u001b[39m=\u001b[32m\"_marqueeIcon_ad001e\"\u001b[39m\n              \u001b[36m>\u001b[39m\n                \u001b[0m🛢️\u001b[0m\n              \u001b[36m</span>\u001b[39m\n              \u001b[36m<span>\u001b[39m\n                \u001b[0mCommodities\u001b[0m\n              \u001b[36m</span>\u001b[39m\n              \u001b[36m<span\u001b[39m\n                \u001b[33mclass\u001b[39m=\u001b[32m\"_marqueeValue_ad001e\"\u001b[39m\n              \u001b[36m>\u001b[39m\n                \u001b[0mN/A\u001b[0m\n              \u001b[36m</span>\u001b[39m\n            \u001b[36m</span>\u001b[39m\n            \u001b[36m<span\u001b[39m\n              \u001b[33maria-hidden\u001b[39m=\u001b[32m\"true\"\u001b[39m\n              \u001b[33maria-label\u001b[39m=\u001b[32m\"Indices: N/A\"\u001b[39m\n              \u001b[33mclass\u001b[39m=\u001b[32m\"_marqueeItem_ad001e\"\u001b[39m\n            \u001b[36m>\u001b[39m\n              \u001b[36m<span\u001b[39m\n                \u001b[33maria-hidden\u001b[39m=\u001b[32m\"true\"\u001b[39m\n                \u001b[33mclass\u001b[39m=\u001b[32m\"_marqueeIcon_ad001e\"\u001b[39m\n              \u001b[36m>\u001b[39m\n                \u001b[0m📈\u001b[0m\n              \u001b[36m</span>\u001b[39m\n              \u001b[36m<span>\u001b[39m\n                \u001b[0mIndices\u001b[0m\n              \u001b[36m</span>\u001b[39m\n              \u001b[36m<span\u001b[39m\n                \u001b[33mclass\u001b[39m=\u001b[32m\"_marqueeValue_ad001e\"\u001b[39m\n              \u001b[36m>\u001b[39m\n                \u001b[0mN/A\u001b[0m\n              \u001b[36m</span>\u001b[39m\n            \u001b[36m</span>\u001b[39m\n            \u001b[36m<span\u001b[39m\n              \u001b[33maria-hidden\u001b[39m=\u001b[32m\"true\"\u001b[39m\n              \u001b[33maria-label\u001b[39m=\u001b[32m\"Crypto: N/A\"\u001b[39m\n              \u001b[33mclass\u001b[39m=\u001b[32m\"_marqueeItem_ad001e\"\u001b[39m\n            \u001b[36m>\u001b[39m\n              \u001b[36m<span\u001b[39m\n                \u001b[33maria-hidden\u001b[39m=\u001b[32m\"true\"\u001b[39m\n                \u001b[33mclass\u001b[39m=\u001b[32m\"_marqueeIcon_ad001e\"\u001b[39m\n              \u001b[36m>\u001b[39m\n                \u001b[0m₿\u001b[0m\n              \u001b[36m</span>\u001b[39m\n              \u001b[36m<span>\u001b[39m\n                \u001b[0mCrypto\u001b[0m\n              \u001b[36m</span>\u001b[39m\n              \u001b[36m<span\u001b[39m\n                \u001b[33mclass\u001b[39m=\u001b[32m\"_marqueeValue_ad001e\"\u001b[39m\n              \u001b[36m>\u001b[39m\n                \u001b[0mN/A\u001b[0m\n              \u001b[36m</span>\u001b[39m\n            \u001b[36m</span>\u001b[39m\n            \u001b[36m<span\u001b[39m\n              \u001b[33maria-hidden\u001b[39m=\u001b[32m\"true\"\u001b[39m\n              \u001b[33maria-label\u001b[39m=\u001b[32m\"Forex: N/A\"\u001b[39m\n              \u001b[33mclass\u001b[39m=\u001b[32m\"_marqueeItem_ad001e\"\u001b[39m\n            \u001b[36m>\u001b[39m\n              \u001b[36m<span\u001b[39m\n                \u001b[33maria-hidden\u001b[39m=\u001b[32m\"true\"\u001b[39m\n                \u001b[33mclass\u001b[39m=\u001b[32m\"_marqueeIcon_ad001e\"\u001b[39m\n              \u001b[36m>\u001b[39m\n                \u001b[0m💱\u001b[0m\n              \u001b[36m</span>\u001b[39m\n              \u001b[36m<span>\u001b[39m\n                \u001b[0mForex\u001b[0m\n              \u001b[36m</span>\u001b[39m\n              \u001b[36m<span\u001b[39m\n                \u001b[33mclass\u001b[39m=\u001b[32m\"_marqueeValue_ad001e\"\u001b[39m\n              \u001b[36m>\u001b[39m\n                \u001b[0mN/A\u001b[0m\n              \u001b[36m</span>\u001b[39m\n            \u001b[36m</span>\u001b[39m\n            \u001b[36m<span\u001b[39m\n              \u001b[33maria-hidden\u001b[39m=\u001b[32m\"true\"\u001b[39m\n              \u001b[33maria-label\u001b[39m=\u001b[32m\"Economic Indicators: N/A\"\u001b[39m\n              \u001b[33mclass\u001b[39m=\u001b[32m\"_marqueeItem_ad001e\"\u001b[39m\n            \u001b[36m>\u001b[39m\n              \u001b[36m<span\u001b[39m\n                \u001b[33maria-hidden\u001b[39m=\u001b[32m\"true\"\u001b[39m\n                \u001b[33mclass\u001b[39m=\u001b[32m\"_marqueeIcon_ad001e\"\u001b[39m\n              \u001b[36m>\u001b[39m\n                \u001b[0m📊\u001b[0m\n              \u001b[36m</span>\u001b[39m\n              \u001b[36m<span>\u001b[39m\n                \u001b[0mEconomic Indicators\u001b[0m\n              \u001b[36m</span>\u001b[39m\n              \u001b[36m<span\u001b[39m\n                \u001b[33mclass\u001b[39m=\u001b[32m\"_marqueeValue_ad001e\"\u001b[39m\n              \u001b[36m>\u001b[39m\n                \u001b[0mN/A\u001b[0m\n              \u001b[36m</span>\u001b[39m\n            \u001b[36m</span>\u001b[39m\n            \u001b[36m<span\u001b[39m\n              \u001b[33maria-hidden\u001b[39m=\u001b[32m\"true\"\u001b[39m\n              \u001b[33maria-label\u001b[39m=\u001b[32m\"News Headlines: N/A\"\u001b[39m\n              \u001b[33mclass\u001b[39m=\u001b[32m\"_marqueeItem_ad001e\"\u001b[39m\n            \u001b[36m>\u001b[39m\n              \u001b[36m<span\u001b[39m\n                \u001b[33maria-hidden\u001b[39m=\u001b[32m\"true\"\u001b[39m\n                \u001b[33mclass\u001b[39m=\u001b[32m\"_marqueeIcon_ad001e\"\u001b[39m\n              \u001b[36m>\u001b[39m\n                \u001b[0m📰\u001b[0m\n              \u001b[36m</span>\u001b[39m\n              \u001b[36m<span>\u001b[39m\n                \u001b[0mNews Headlines\u001b[0m\n              \u001b[36m</span>\u001b[39m\n              \u001b[36m<span\u001b[39m\n                \u001b[33mclass\u001b[39m=\u001b[32m\"_marqueeValue_ad001e\"\u001b[39m\n              \u001b[36m>\u001b[39m\n                \u001b[0mN/A\u001b[0m\n              \u001b[36m</span>\u001b[39m\n            \u001b[36m</span>\u001b[39m\n            \u001b[36m<span\u001b[39m\n              \u001b[33maria-hidden\u001b[39m=\u001b[32m\"true\"\u001b[39m\n              \u001b[33maria-label\u001b[39m=\u001b[32m\"Market Sentiment: N/A\"\u001b[39m\n              \u001b[33mclass\u001b[39m=\u001b[32m\"_marqueeItem_ad001e\"\u001b[39m\n            \u001b[36m>\u001b[39m\n              \u001b[36m<span\u001b[39m\n                \u001b[33maria-hidden\u001b[39m=\u001b[32m\"true\"\u001b[39m\n                \u001b[33mclass\u001b[39m=\u001b[32m\"_marqueeIcon_ad001e\"\u001b[39m\n              \u001b[36m>\u001b[39m\n                \u001b[0m📢\u001b[0m\n              \u001b[36m</span>\u001b[39m\n              \u001b[36m<span>\u001b[39m\n                \u001b[0mMarket Sentiment\u001b[0m\n              \u001b[36m</span>\u001b[39m\n              \u001b[36m<span\u001b[39m\n                \u001b[33mclass\u001b[39m=\u001b[32m\"_marqueeValue_ad001e\"\u001b[39m\n              \u001b[36m>\u001b[39m\n                \u001b[0mN/A\u001b[0m\n              \u001b[36m</span>\u001b[39m\n            \u001b[36m</span>\u001b[39m\n          \u001b[36m</div>\u001b[39m\n        \u001b[36m</div>\u001b[39m\n      \u001b[36m</div>\u001b[39m\n    \u001b[36m</header>\u001b[39m\n  \u001b[36m</div>\u001b[39m\n\u001b[36m</body>\u001b[39m\n    at Object.getElementError (/Users/jono/Documents/GitHub/starcom-app/starcom-mk2/node_modules/@testing-library/dom/dist/config.js:37:19)\n    at /Users/jono/Documents/GitHub/starcom-app/starcom-mk2/node_modules/@testing-library/dom/dist/query-helpers.js:76:38\n    at /Users/jono/Documents/GitHub/starcom-app/starcom-mk2/node_modules/@testing-library/dom/dist/query-helpers.js:52:17\n    at getByAltText (/Users/jono/Documents/GitHub/starcom-app/starcom-mk2/node_modules/@testing-library/dom/dist/query-helpers.js:95:19)\n    at /Users/jono/Documents/GitHub/starcom-app/starcom-mk2/src/components/HUD/Bars/TopBar/TopBar.test.tsx:63:19\n    at file:///Users/jono/Documents/GitHub/starcom-app/starcom-mk2/node_modules/@vitest/runner/dist/chunk-hooks.js:155:11\n    at file:///Users/jono/Documents/GitHub/starcom-app/starcom-mk2/node_modules/@vitest/runner/dist/chunk-hooks.js:752:26\n    at file:///Users/jono/Documents/GitHub/starcom-app/starcom-mk2/node_modules/@vitest/runner/dist/chunk-hooks.js:1894:20\n    at new Promise (<anonymous>)\n    at runWithTimeout (file:///Users/jono/Documents/GitHub/starcom-app/starcom-mk2/node_modules/@vitest/runner/dist/chunk-hooks.js:1860:10)"],"meta":{}},{"ancestorTitles":["TopBar artifact-driven"],"fullName":"TopBar artifact-driven opens and closes the settings modal","status":"passed","title":"opens and closes the settings modal","duration":67.22979098558426,"failureMessages":[],"meta":{}},{"ancestorTitles":["TopBar artifact-driven"],"fullName":"TopBar artifact-driven toggles a category and updates marquee","status":"passed","title":"toggles a category and updates marquee","duration":63.366625010967255,"failureMessages":[],"meta":{}},{"ancestorTitles":["TopBar artifact-driven"],"fullName":"TopBar artifact-driven marquee pauses on hover and resumes on mouse leave","status":"passed","title":"marquee pauses on hover and resumes on mouse leave","duration":63.71983298659325,"failureMessages":[],"meta":{}},{"ancestorTitles":["TopBar artifact-driven"],"fullName":"TopBar artifact-driven shows \"No data selected\" when all categories are disabled","status":"passed","title":"shows \"No data selected\" when all categories are disabled","duration":106.86470898985863,"failureMessages":[],"meta":{}}],"startTime":1750615027617,"endTime":1750615027960.8647,"status":"failed","message":"","name":"/Users/jono/Documents/GitHub/starcom-app/starcom-mk2/src/components/HUD/Bars/TopBar/TopBar.test.tsx"}]}