{"numTotalTestSuites":51,"numPassedTestSuites":41,"numFailedTestSuites":10,"numPendingTestSuites":0,"numTotalTests":81,"numPassedTests":73,"numFailedTests":8,"numPendingTests":0,"numTodoTests":0,"snapshot":{"added":0,"failure":false,"filesAdded":0,"filesRemoved":0,"filesRemovedList":[],"filesUnmatched":0,"filesUpdated":0,"matched":0,"total":0,"unchecked":0,"uncheckedKeysByFile":[],"unmatched":0,"updated":0,"didUpdate":false},"startTime":1749826843777,"success":false,"testResults":[{"assertionResults":[{"ancestorTitles":["GlobeEngine Overlay Logic"],"fullName":"GlobeEngine Overlay Logic should add overlays and cache overlay data","status":"passed","title":"should add overlays and cache overlay data","duration":644.4535830000002,"failureMessages":[],"meta":{}},{"ancestorTitles":["GlobeEngine Overlay Logic"],"fullName":"GlobeEngine Overlay Logic should reset overlays to mode defaults on setMode","status":"passed","title":"should reset overlays to mode defaults on setMode","duration":605.2710419999999,"failureMessages":[],"meta":{}},{"ancestorTitles":["GlobeEngine Overlay Logic"],"fullName":"GlobeEngine Overlay Logic should emit overlayDataUpdated event","status":"passed","title":"should emit overlayDataUpdated event","duration":19.776124999999865,"failureMessages":[],"meta":{}},{"ancestorTitles":["GlobeEngine Integration (artifact-driven)"],"fullName":"GlobeEngine Integration (artifact-driven) should fetch and cache overlay data for weather and naturalEvents (mocked)","status":"passed","title":"should fetch and cache overlay data for weather and naturalEvents (mocked)","duration":702.3641249999996,"failureMessages":[],"meta":{}},{"ancestorTitles":["GlobeEngine Integration (artifact-driven)"],"fullName":"GlobeEngine Integration (artifact-driven) should allow toggling overlays and emit correct events","status":"passed","title":"should allow toggling overlays and emit correct events","duration":1.199999999999818,"failureMessages":[],"meta":{}},{"ancestorTitles":["GlobeEngine Integration (artifact-driven)"],"fullName":"GlobeEngine Integration (artifact-driven) should fetch and cache overlay data for spaceAssets (mocked)","status":"passed","title":"should fetch and cache overlay data for spaceAssets (mocked)","duration":601.1961249999999,"failureMessages":[],"meta":{}},{"ancestorTitles":["GlobeEngine Integration (artifact-driven)"],"fullName":"GlobeEngine Integration (artifact-driven) should emit overlayDataLoading and overlayDataError for spaceAssets","status":"passed","title":"should emit overlayDataLoading and overlayDataError for spaceAssets","duration":602.2861249999996,"failureMessages":[],"meta":{}},{"ancestorTitles":["GlobeEngine Integration (artifact-driven)"],"fullName":"GlobeEngine Integration (artifact-driven) should periodically update spaceAssets overlay (artifact-driven, fake timers)","status":"passed","title":"should periodically update spaceAssets overlay (artifact-driven, fake timers)","duration":2.9919580000005226,"failureMessages":[],"meta":{}}],"startTime":1749826846183,"endTime":1749826849363.992,"status":"passed","message":"","name":"/Users/jono/Documents/GitHub/starcom-app/starcom-mk2/src/globe-engine/GlobeEngine.test.ts"},{"assertionResults":[{"ancestorTitles":["EIADataProvider"],"fullName":"EIADataProvider returns data on success","status":"failed","title":"returns data on success","duration":5010.384333,"failureMessages":["Error: Test timed out in 5000ms.\nIf this is a long-running test, pass a timeout value as the last argument or configure it globally with \"testTimeout\".\n    at makeTimeoutError (file:///Users/jono/Documents/GitHub/starcom-app/starcom-mk2/node_modules/@vitest/runner/dist/index.js:915:16)\n    at rejectTimeoutError (file:///Users/jono/Documents/GitHub/starcom-app/starcom-mk2/node_modules/@vitest/runner/dist/index.js:858:13)\n    at Timeout.<anonymous> (file:///Users/jono/Documents/GitHub/starcom-app/starcom-mk2/node_modules/@vitest/runner/dist/index.js:854:5)\n    at listOnTimeout (node:internal/timers:594:17)\n    at processTimers (node:internal/timers:529:7)"],"meta":{}},{"ancestorTitles":["EIADataProvider"],"fullName":"EIADataProvider calls observer hooks","status":"failed","title":"calls observer hooks","duration":5003.611458,"failureMessages":["Error: Test timed out in 5000ms.\nIf this is a long-running test, pass a timeout value as the last argument or configure it globally with \"testTimeout\".\n    at makeTimeoutError (file:///Users/jono/Documents/GitHub/starcom-app/starcom-mk2/node_modules/@vitest/runner/dist/index.js:915:16)\n    at rejectTimeoutError (file:///Users/jono/Documents/GitHub/starcom-app/starcom-mk2/node_modules/@vitest/runner/dist/index.js:858:13)\n    at Timeout.<anonymous> (file:///Users/jono/Documents/GitHub/starcom-app/starcom-mk2/node_modules/@vitest/runner/dist/index.js:854:5)\n    at listOnTimeout (node:internal/timers:594:17)\n    at processTimers (node:internal/timers:529:7)"],"meta":{}},{"ancestorTitles":["EIADataProvider observability"],"fullName":"EIADataProvider observability calls observer hooks on fetch success","status":"passed","title":"calls observer hooks on fetch success","duration":1045.5256659999995,"failureMessages":[],"meta":{}},{"ancestorTitles":["EIADataCacheService"],"fullName":"EIADataCacheService returns cached value on hit","status":"passed","title":"returns cached value on hit","duration":0.5935829999998532,"failureMessages":[],"meta":{}},{"ancestorTitles":["EIADataCacheService"],"fullName":"EIADataCacheService expires value after TTL","status":"passed","title":"expires value after TTL","duration":1.576374999998734,"failureMessages":[],"meta":{}},{"ancestorTitles":["EIADataCacheService"],"fullName":"EIADataCacheService calls observer hooks","status":"passed","title":"calls observer hooks","duration":0.5527910000000702,"failureMessages":[],"meta":{}},{"ancestorTitles":["EIADataCacheService observability"],"fullName":"EIADataCacheService observability calls observer hooks on cache hit/miss/evict","status":"passed","title":"calls observer hooks on cache hit/miss/evict","duration":0.3337919999994483,"failureMessages":[],"meta":{}},{"ancestorTitles":["MarketDataProvider.unit (placeholder)"],"fullName":"MarketDataProvider.unit (placeholder) should have real tests implemented","status":"passed","title":"should have real tests implemented","duration":0.12358300000050804,"failureMessages":[],"meta":{}},{"ancestorTitles":["MarketDataCacheService.unit (placeholder)"],"fullName":"MarketDataCacheService.unit (placeholder) should have real tests implemented","status":"passed","title":"should have real tests implemented","duration":0.20112499999959255,"failureMessages":[],"meta":{}},{"ancestorTitles":["FallbackProvider"],"fullName":"FallbackProvider returns data from the first successful provider","status":"passed","title":"returns data from the first successful provider","duration":0.28841599999941536,"failureMessages":[],"meta":{}},{"ancestorTitles":["FallbackProvider"],"fullName":"FallbackProvider throws if all providers fail","status":"passed","title":"throws if all providers fail","duration":0.8152920000011363,"failureMessages":[],"meta":{}},{"ancestorTitles":["EIAService.e2e (placeholder)"],"fullName":"EIAService.e2e (placeholder) should have real tests implemented","status":"passed","title":"should have real tests implemented","duration":0.05270899999959511,"failureMessages":[],"meta":{}},{"ancestorTitles":["EIAService"],"fullName":"EIAService fetches the latest oil price successfully","status":"passed","title":"fetches the latest oil price successfully","duration":9.645290999998906,"failureMessages":[],"meta":{}},{"ancestorTitles":["EIAService"],"fullName":"EIAService fetches the latest gasoline price successfully","status":"passed","title":"fetches the latest gasoline price successfully","duration":1.396083000001454,"failureMessages":[],"meta":{}},{"ancestorTitles":["EIAService"],"fullName":"EIAService fetches the latest oil inventory successfully","status":"passed","title":"fetches the latest oil inventory successfully","duration":1.0239590000001044,"failureMessages":[],"meta":{}},{"ancestorTitles":["EIAService"],"fullName":"EIAService handles fetch errors","status":"passed","title":"handles fetch errors","duration":0.9943340000008902,"failureMessages":[],"meta":{}}],"startTime":1749826851691,"endTime":1749826862769.9944,"status":"failed","message":"","name":"/Users/jono/Documents/GitHub/starcom-app/starcom-mk2/src/services/data-services.all.test.ts"},{"assertionResults":[{"ancestorTitles":["Web3Login AuthErrorBoundary"],"fullName":"Web3Login AuthErrorBoundary shows error boundary UI if an auth error occurs","status":"passed","title":"shows error boundary UI if an auth error occurs","duration":36.69058299999983,"failureMessages":[],"meta":{}},{"ancestorTitles":["Web3Login AuthErrorBoundary"],"fullName":"Web3Login AuthErrorBoundary renders children if no error is thrown","status":"passed","title":"renders children if no error is thrown","duration":5.723333000000139,"failureMessages":[],"meta":{}},{"ancestorTitles":["Web3Login AuthErrorBoundary"],"fullName":"Web3Login AuthErrorBoundary resets error boundary on rerender","status":"passed","title":"resets error boundary on rerender","duration":8.456916000000092,"failureMessages":[],"meta":{}}],"startTime":1749826850486,"endTime":1749826850537.457,"status":"passed","message":"","name":"/Users/jono/Documents/GitHub/starcom-app/starcom-mk2/src/components/Auth/AuthErrorBoundary.test.tsx"},{"assertionResults":[{"ancestorTitles":["TermsModal Flows"],"fullName":"TermsModal Flows shows TermsModal if terms not accepted","status":"passed","title":"shows TermsModal if terms not accepted","duration":27.36824999999999,"failureMessages":[],"meta":{}},{"ancestorTitles":["TermsModal Flows"],"fullName":"TermsModal Flows accepts terms and calls onAccept","status":"passed","title":"accepts terms and calls onAccept","duration":10.79141699999991,"failureMessages":[],"meta":{}},{"ancestorTitles":["TermsModal Flows"],"fullName":"TermsModal Flows does not show TermsModal if terms already accepted","status":"passed","title":"does not show TermsModal if terms already accepted","duration":1.177500000000009,"failureMessages":[],"meta":{}},{"ancestorTitles":["TermsModal Flows"],"fullName":"TermsModal Flows TermsModal cannot be accepted twice","status":"passed","title":"TermsModal cannot be accepted twice","duration":3.265916000000061,"failureMessages":[],"meta":{}}],"startTime":1749826850433,"endTime":1749826850475.2659,"status":"passed","message":"","name":"/Users/jono/Documents/GitHub/starcom-app/starcom-mk2/src/components/Auth/TermsModal.test.tsx"},{"assertionResults":[{"ancestorTitles":["TokenGatedPage"],"fullName":"TokenGatedPage prompts to connect wallet if not connected","status":"passed","title":"prompts to connect wallet if not connected","duration":61.75679200000013,"failureMessages":[],"meta":{}},{"ancestorTitles":["TokenGatedPage"],"fullName":"TokenGatedPage shows NFT access denied if user does not have NFT","status":"passed","title":"shows NFT access denied if user does not have NFT","duration":20.786749999999756,"failureMessages":[],"meta":{}},{"ancestorTitles":["TokenGatedPage"],"fullName":"TokenGatedPage shows admin access denied if user has NFT but not admin","status":"passed","title":"shows admin access denied if user has NFT but not admin","duration":6.686166999999841,"failureMessages":[],"meta":{}},{"ancestorTitles":["TokenGatedPage"],"fullName":"TokenGatedPage shows protected content if user has NFT and admin role","status":"passed","title":"shows protected content if user has NFT and admin role","duration":28.45720799999981,"failureMessages":[],"meta":{}}],"startTime":1749826847840,"endTime":1749826847957.4573,"status":"passed","message":"","name":"/Users/jono/Documents/GitHub/starcom-app/starcom-mk2/src/components/Auth/TokenGatedPage.test.tsx"},{"assertionResults":[{"ancestorTitles":["WalletStatus (unit, artifact-driven)"],"fullName":"WalletStatus (unit, artifact-driven) renders error state","status":"passed","title":"renders error state","duration":124.85412499999984,"failureMessages":[],"meta":{}},{"ancestorTitles":["WalletStatus (unit, artifact-driven)"],"fullName":"WalletStatus (unit, artifact-driven) renders connected state","status":"passed","title":"renders connected state","duration":58.7454580000001,"failureMessages":[],"meta":{}},{"ancestorTitles":["WalletStatus (unit, artifact-driven)"],"fullName":"WalletStatus (unit, artifact-driven) renders idle state (connect button)","status":"passed","title":"renders idle state (connect button)","duration":32.11320899999987,"failureMessages":[],"meta":{}}],"startTime":1749826847839,"endTime":1749826848055.1133,"status":"passed","message":"","name":"/Users/jono/Documents/GitHub/starcom-app/starcom-mk2/src/components/Auth/WalletStatus.test.tsx"},{"assertionResults":[{"ancestorTitles":["Web3Login Accessibility Flows"],"fullName":"Web3Login Accessibility Flows all modal dialogs have correct ARIA roles and are announced to screen readers","status":"passed","title":"all modal dialogs have correct ARIA roles and are announced to screen readers","duration":90.06237499999997,"failureMessages":[],"meta":{}},{"ancestorTitles":["Web3Login Accessibility Flows"],"fullName":"Web3Login Accessibility Flows tab order is correct: TermsModal accept → wallet connect → main app","status":"passed","title":"tab order is correct: TermsModal accept → wallet connect → main app","duration":65.78833299999997,"failureMessages":[],"meta":{}},{"ancestorTitles":["Web3Login Accessibility Flows"],"fullName":"Web3Login Accessibility Flows focus returns to connect button after closing TermsModal","status":"passed","title":"focus returns to connect button after closing TermsModal","duration":36.67716699999983,"failureMessages":[],"meta":{}},{"ancestorTitles":["Web3Login Accessibility Flows"],"fullName":"Web3Login Accessibility Flows TermsModal is not present after acceptance","status":"passed","title":"TermsModal is not present after acceptance","duration":15.044082999999773,"failureMessages":[],"meta":{}},{"ancestorTitles":["Web3Login Accessibility Flows"],"fullName":"Web3Login Accessibility Flows wallet connect button is accessible by keyboard","status":"passed","title":"wallet connect button is accessible by keyboard","duration":24.608624999999847,"failureMessages":[],"meta":{}}],"startTime":1749826847849,"endTime":1749826848081.6086,"status":"passed","message":"","name":"/Users/jono/Documents/GitHub/starcom-app/starcom-mk2/src/components/Auth/Web3Login.accessibility.test.tsx"},{"assertionResults":[{"ancestorTitles":["TokenGatedPage Protected Route Flows"],"fullName":"TokenGatedPage Protected Route Flows denies access to protected route and shows fallback UI if not authenticated","status":"passed","title":"denies access to protected route and shows fallback UI if not authenticated","duration":82.35224999999991,"failureMessages":[],"meta":{}},{"ancestorTitles":["TokenGatedPage Protected Route Flows"],"fullName":"TokenGatedPage Protected Route Flows protected route shows denial UI if user lacks required token or role","status":"passed","title":"protected route shows denial UI if user lacks required token or role","duration":26.610249999999724,"failureMessages":[],"meta":{}},{"ancestorTitles":["TokenGatedPage Protected Route Flows"],"fullName":"TokenGatedPage Protected Route Flows shows protected content if user is authenticated and has access","status":"passed","title":"shows protected content if user is authenticated and has access","duration":8.81816600000002,"failureMessages":[],"meta":{}}],"startTime":1749826847840,"endTime":1749826847957.818,"status":"passed","message":"","name":"/Users/jono/Documents/GitHub/starcom-app/starcom-mk2/src/components/Auth/Web3Login.protected.test.tsx"},{"assertionResults":[{"ancestorTitles":["Web3Login Wallet Flows"],"fullName":"Web3Login Wallet Flows shows error if wallet provider is missing","status":"passed","title":"shows error if wallet provider is missing","duration":93.53120900000022,"failureMessages":[],"meta":{}},{"ancestorTitles":["Web3Login Wallet Flows"],"fullName":"Web3Login Wallet Flows shows error if user rejects connection","status":"passed","title":"shows error if user rejects connection","duration":16.186833000000206,"failureMessages":[],"meta":{}},{"ancestorTitles":["Web3Login Wallet Flows"],"fullName":"Web3Login Wallet Flows shows error if user is on the wrong network","status":"passed","title":"shows error if user is on the wrong network","duration":1890.987583,"failureMessages":[],"meta":{}},{"ancestorTitles":["Web3Login Wallet Flows"],"fullName":"Web3Login Wallet Flows disconnects wallet and returns to connect state","status":"passed","title":"disconnects wallet and returns to connect state","duration":30.57183299999997,"failureMessages":[],"meta":{}}],"startTime":1749826847844,"endTime":1749826849875.5718,"status":"passed","message":"","name":"/Users/jono/Documents/GitHub/starcom-app/starcom-mk2/src/components/Auth/Web3Login.wallet.test.tsx"},{"assertionResults":[{"ancestorTitles":["TinyGlobe Mode Synchronization"],"fullName":"TinyGlobe Mode Synchronization renders without crashing","status":"passed","title":"renders without crashing","duration":28.347167000000127,"failureMessages":[],"meta":{}},{"ancestorTitles":["TinyGlobe Mode Synchronization"],"fullName":"TinyGlobe Mode Synchronization UI buttons update VisualizationMode context","status":"passed","title":"UI buttons update VisualizationMode context","duration":16.367291000000023,"failureMessages":[],"meta":{}}],"startTime":1749826851810,"endTime":1749826851854.3672,"status":"passed","message":"","name":"/Users/jono/Documents/GitHub/starcom-app/starcom-mk2/src/components/TinyGlobe/TinyGlobe.test.tsx"},{"assertionResults":[{"ancestorTitles":["MarketDataCacheService.unit (placeholder)"],"fullName":"MarketDataCacheService.unit (placeholder) should have real tests implemented","status":"passed","title":"should have real tests implemented","duration":0.5615000000000236,"failureMessages":[],"meta":{}}],"startTime":1749826852160,"endTime":1749826852160.5615,"status":"passed","message":"","name":"/Users/jono/Documents/GitHub/starcom-app/starcom-mk2/src/services/market/MarketDataCacheService.unit.test.ts"},{"assertionResults":[{"ancestorTitles":["MarketDataProvider.unit (placeholder)"],"fullName":"MarketDataProvider.unit (placeholder) should have real tests implemented","status":"passed","title":"should have real tests implemented","duration":0.5258749999999281,"failureMessages":[],"meta":{}}],"startTime":1749826852151,"endTime":1749826852151.526,"status":"passed","message":"","name":"/Users/jono/Documents/GitHub/starcom-app/starcom-mk2/src/services/market/MarketDataProvider.unit.test.ts"},{"assertionResults":[{"ancestorTitles":["EIADataCacheService observability"],"fullName":"EIADataCacheService observability calls observer hooks on cache hit/miss/evict","status":"passed","title":"calls observer hooks on cache hit/miss/evict","duration":2.595542000000023,"failureMessages":[],"meta":{}}],"startTime":1749826851220,"endTime":1749826851222.5955,"status":"passed","message":"","name":"/Users/jono/Documents/GitHub/starcom-app/starcom-mk2/src/services/eia/EIADataCacheService.observability.test.ts"},{"assertionResults":[{"ancestorTitles":["EIADataCacheService"],"fullName":"EIADataCacheService returns cached value on hit","status":"passed","title":"returns cached value on hit","duration":0.6500839999998789,"failureMessages":[],"meta":{}},{"ancestorTitles":["EIADataCacheService"],"fullName":"EIADataCacheService expires value after TTL","status":"passed","title":"expires value after TTL","duration":2.5334589999999935,"failureMessages":[],"meta":{}},{"ancestorTitles":["EIADataCacheService"],"fullName":"EIADataCacheService calls observer hooks","status":"passed","title":"calls observer hooks","duration":1.4412919999999758,"failureMessages":[],"meta":{}}],"startTime":1749826851220,"endTime":1749826851224.4414,"status":"passed","message":"","name":"/Users/jono/Documents/GitHub/starcom-app/starcom-mk2/src/services/eia/EIADataCacheService.unit.test.ts"},{"assertionResults":[{"ancestorTitles":["EIADataProvider observability"],"fullName":"EIADataProvider observability calls observer hooks on fetch success","status":"failed","title":"calls observer hooks on fetch success","duration":5011.721667,"failureMessages":["Error: Test timed out in 5000ms.\nIf this is a long-running test, pass a timeout value as the last argument or configure it globally with \"testTimeout\".\n    at makeTimeoutError (file:///Users/jono/Documents/GitHub/starcom-app/starcom-mk2/node_modules/@vitest/runner/dist/index.js:915:16)\n    at rejectTimeoutError (file:///Users/jono/Documents/GitHub/starcom-app/starcom-mk2/node_modules/@vitest/runner/dist/index.js:858:13)\n    at Timeout.<anonymous> (file:///Users/jono/Documents/GitHub/starcom-app/starcom-mk2/node_modules/@vitest/runner/dist/index.js:854:5)\n    at listOnTimeout (node:internal/timers:594:17)\n    at processTimers (node:internal/timers:529:7)"],"meta":{}}],"startTime":1749826851808,"endTime":1749826856819.7217,"status":"failed","message":"","name":"/Users/jono/Documents/GitHub/starcom-app/starcom-mk2/src/services/eia/EIADataProvider.observability.test.ts"},{"assertionResults":[{"ancestorTitles":["EIADataProvider"],"fullName":"EIADataProvider returns data on success","status":"failed","title":"returns data on success","duration":5005.683125,"failureMessages":["Error: Test timed out in 5000ms.\nIf this is a long-running test, pass a timeout value as the last argument or configure it globally with \"testTimeout\".\n    at makeTimeoutError (file:///Users/jono/Documents/GitHub/starcom-app/starcom-mk2/node_modules/@vitest/runner/dist/index.js:915:16)\n    at rejectTimeoutError (file:///Users/jono/Documents/GitHub/starcom-app/starcom-mk2/node_modules/@vitest/runner/dist/index.js:858:13)\n    at Timeout.<anonymous> (file:///Users/jono/Documents/GitHub/starcom-app/starcom-mk2/node_modules/@vitest/runner/dist/index.js:854:5)\n    at listOnTimeout (node:internal/timers:594:17)\n    at processTimers (node:internal/timers:529:7)"],"meta":{}},{"ancestorTitles":["EIADataProvider"],"fullName":"EIADataProvider calls observer hooks","status":"failed","title":"calls observer hooks","duration":5002.44925,"failureMessages":["Error: Test timed out in 5000ms.\nIf this is a long-running test, pass a timeout value as the last argument or configure it globally with \"testTimeout\".\n    at makeTimeoutError (file:///Users/jono/Documents/GitHub/starcom-app/starcom-mk2/node_modules/@vitest/runner/dist/index.js:915:16)\n    at rejectTimeoutError (file:///Users/jono/Documents/GitHub/starcom-app/starcom-mk2/node_modules/@vitest/runner/dist/index.js:858:13)\n    at Timeout.<anonymous> (file:///Users/jono/Documents/GitHub/starcom-app/starcom-mk2/node_modules/@vitest/runner/dist/index.js:854:5)\n    at listOnTimeout (node:internal/timers:594:17)\n    at processTimers (node:internal/timers:529:7)"],"meta":{}}],"startTime":1749826851825,"endTime":1749826861833.4492,"status":"failed","message":"","name":"/Users/jono/Documents/GitHub/starcom-app/starcom-mk2/src/services/eia/EIADataProvider.unit.test.ts"},{"assertionResults":[{"ancestorTitles":["EIAService.e2e (placeholder)"],"fullName":"EIAService.e2e (placeholder) should have real tests implemented","status":"passed","title":"should have real tests implemented","duration":1.1775420000000167,"failureMessages":[],"meta":{}}],"startTime":1749826852145,"endTime":1749826852146.1775,"status":"passed","message":"","name":"/Users/jono/Documents/GitHub/starcom-app/starcom-mk2/src/services/eia/EIAService.e2e.test.ts"},{"assertionResults":[{"ancestorTitles":["EIAService"],"fullName":"EIAService fetches the latest oil price successfully","status":"passed","title":"fetches the latest oil price successfully","duration":26.731500000000096,"failureMessages":[],"meta":{}},{"ancestorTitles":["EIAService"],"fullName":"EIAService fetches the latest gasoline price successfully","status":"passed","title":"fetches the latest gasoline price successfully","duration":1.537708000000066,"failureMessages":[],"meta":{}},{"ancestorTitles":["EIAService"],"fullName":"EIAService fetches the latest oil inventory successfully","status":"passed","title":"fetches the latest oil inventory successfully","duration":1.1653329999999187,"failureMessages":[],"meta":{}},{"ancestorTitles":["EIAService"],"fullName":"EIAService handles fetch errors","status":"passed","title":"handles fetch errors","duration":1.4425830000000133,"failureMessages":[],"meta":{}}],"startTime":1749826846073,"endTime":1749826846104.4426,"status":"passed","message":"","name":"/Users/jono/Documents/GitHub/starcom-app/starcom-mk2/src/services/eia/EIAService.test.ts"},{"assertionResults":[{"ancestorTitles":["FallbackProvider"],"fullName":"FallbackProvider returns data from the first successful provider","status":"passed","title":"returns data from the first successful provider","duration":2.166917000000012,"failureMessages":[],"meta":{}},{"ancestorTitles":["FallbackProvider"],"fullName":"FallbackProvider throws if all providers fail","status":"passed","title":"throws if all providers fail","duration":4.413833000000068,"failureMessages":[],"meta":{}}],"startTime":1749826851240,"endTime":1749826851246.4138,"status":"passed","message":"","name":"/Users/jono/Documents/GitHub/starcom-app/starcom-mk2/src/services/shared/FallbackProvider.unit.test.ts"},{"assertionResults":[{"ancestorTitles":["Marquee"],"fullName":"Marquee renders data points","status":"failed","title":"renders data points","duration":32.13037499999996,"failureMessages":["TestingLibraryElementError: Found multiple elements with the text of: Oil: $75.00\n\nHere are the matching elements:\n\nIgnored nodes: comments, script, style\n\u001b[36m<span\u001b[39m\n  \u001b[33maria-label\u001b[39m=\u001b[32m\"Oil: $75.00\"\u001b[39m\n  \u001b[33mclass\u001b[39m=\u001b[32m\"_marqueeItem_8a437e\"\u001b[39m\n\u001b[36m>\u001b[39m\n  \u001b[36m<span\u001b[39m\n    \u001b[33maria-hidden\u001b[39m=\u001b[32m\"true\"\u001b[39m\n    \u001b[33mclass\u001b[39m=\u001b[32m\"_marqueeIcon_8a437e\"\u001b[39m\n  \u001b[36m>\u001b[39m\n    \u001b[0m🛢️\u001b[0m\n  \u001b[36m</span>\u001b[39m\n  \u001b[36m<span>\u001b[39m\n    \u001b[0mOil\u001b[0m\n  \u001b[36m</span>\u001b[39m\n  \u001b[36m<span\u001b[39m\n    \u001b[33mclass\u001b[39m=\u001b[32m\"_marqueeValue_8a437e\"\u001b[39m\n  \u001b[36m>\u001b[39m\n    \u001b[0m$75.00\u001b[0m\n  \u001b[36m</span>\u001b[39m\n\u001b[36m</span>\u001b[39m\n\nIgnored nodes: comments, script, style\n\u001b[36m<span\u001b[39m\n  \u001b[33maria-hidden\u001b[39m=\u001b[32m\"true\"\u001b[39m\n  \u001b[33maria-label\u001b[39m=\u001b[32m\"Oil: $75.00\"\u001b[39m\n  \u001b[33mclass\u001b[39m=\u001b[32m\"_marqueeItem_8a437e\"\u001b[39m\n\u001b[36m>\u001b[39m\n  \u001b[36m<span\u001b[39m\n    \u001b[33maria-hidden\u001b[39m=\u001b[32m\"true\"\u001b[39m\n    \u001b[33mclass\u001b[39m=\u001b[32m\"_marqueeIcon_8a437e\"\u001b[39m\n  \u001b[36m>\u001b[39m\n    \u001b[0m🛢️\u001b[0m\n  \u001b[36m</span>\u001b[39m\n  \u001b[36m<span>\u001b[39m\n    \u001b[0mOil\u001b[0m\n  \u001b[36m</span>\u001b[39m\n  \u001b[36m<span\u001b[39m\n    \u001b[33mclass\u001b[39m=\u001b[32m\"_marqueeValue_8a437e\"\u001b[39m\n  \u001b[36m>\u001b[39m\n    \u001b[0m$75.00\u001b[0m\n  \u001b[36m</span>\u001b[39m\n\u001b[36m</span>\u001b[39m\n\n(If this is intentional, then use the `*AllBy*` variant of the query (like `queryAllByText`, `getAllByText`, or `findAllByText`)).\n\nIgnored nodes: comments, script, style\n\u001b[36m<body>\u001b[39m\n  \u001b[36m<div>\u001b[39m\n    \u001b[36m<div\u001b[39m\n      \u001b[33maria-describedby\u001b[39m=\u001b[32m\"marquee-desc\"\u001b[39m\n      \u001b[33maria-label\u001b[39m=\u001b[32m\"marquee\"\u001b[39m\n      \u001b[33maria-live\u001b[39m=\u001b[32m\"polite\"\u001b[39m\n      \u001b[33mclass\u001b[39m=\u001b[32m\"_marquee_8a437e\"\u001b[39m\n      \u001b[33mrole\u001b[39m=\u001b[32m\"region\"\u001b[39m\n      \u001b[33mtabindex\u001b[39m=\u001b[32m\"0\"\u001b[39m\n    \u001b[36m>\u001b[39m\n      \u001b[36m<span\u001b[39m\n        \u001b[33mclass\u001b[39m=\u001b[32m\"sr-only\"\u001b[39m\n        \u001b[33mid\u001b[39m=\u001b[32m\"marquee-desc\"\u001b[39m\n      \u001b[36m>\u001b[39m\n        \u001b[0mAuto-animating news ticker. Press Tab to focus, hover to pause.\u001b[0m\n      \u001b[36m</span>\u001b[39m\n      \u001b[36m<div\u001b[39m\n        \u001b[33mclass\u001b[39m=\u001b[32m\"_marqueeContent_8a437e\"\u001b[39m\n        \u001b[33mstyle\u001b[39m=\u001b[32m\"transform: translateX(0px);\"\u001b[39m\n      \u001b[36m>\u001b[39m\n        \u001b[36m<span\u001b[39m\n          \u001b[33maria-label\u001b[39m=\u001b[32m\"Oil: $75.00\"\u001b[39m\n          \u001b[33mclass\u001b[39m=\u001b[32m\"_marqueeItem_8a437e\"\u001b[39m\n        \u001b[36m>\u001b[39m\n          \u001b[36m<span\u001b[39m\n            \u001b[33maria-hidden\u001b[39m=\u001b[32m\"true\"\u001b[39m\n            \u001b[33mclass\u001b[39m=\u001b[32m\"_marqueeIcon_8a437e\"\u001b[39m\n          \u001b[36m>\u001b[39m\n            \u001b[0m🛢️\u001b[0m\n          \u001b[36m</span>\u001b[39m\n          \u001b[36m<span>\u001b[39m\n            \u001b[0mOil\u001b[0m\n          \u001b[36m</span>\u001b[39m\n          \u001b[36m<span\u001b[39m\n            \u001b[33mclass\u001b[39m=\u001b[32m\"_marqueeValue_8a437e\"\u001b[39m\n          \u001b[36m>\u001b[39m\n            \u001b[0m$75.00\u001b[0m\n          \u001b[36m</span>\u001b[39m\n        \u001b[36m</span>\u001b[39m\n        \u001b[36m<span\u001b[39m\n          \u001b[33maria-label\u001b[39m=\u001b[32m\"S&P500: +0.5%\"\u001b[39m\n          \u001b[33mclass\u001b[39m=\u001b[32m\"_marqueeItem_8a437e\"\u001b[39m\n        \u001b[36m>\u001b[39m\n          \u001b[36m<span\u001b[39m\n            \u001b[33maria-hidden\u001b[39m=\u001b[32m\"true\"\u001b[39m\n            \u001b[33mclass\u001b[39m=\u001b[32m\"_marqueeIcon_8a437e\"\u001b[39m\n          \u001b[36m>\u001b[39m\n            \u001b[0m📈\u001b[0m\n          \u001b[36m</span>\u001b[39m\n          \u001b[36m<span>\u001b[39m\n            \u001b[0mS&P500\u001b[0m\n          \u001b[36m</span>\u001b[39m\n          \u001b[36m<span\u001b[39m\n            \u001b[33mclass\u001b[39m=\u001b[32m\"_marqueeValue_8a437e\"\u001b[39m\n          \u001b[36m>\u001b[39m\n            \u001b[0m+0.5%\u001b[0m\n          \u001b[36m</span>\u001b[39m\n        \u001b[36m</span>\u001b[39m\n        \u001b[36m<span\u001b[39m\n          \u001b[33maria-label\u001b[39m=\u001b[32m\"BTC: $67k\"\u001b[39m\n          \u001b[33mclass\u001b[39m=\u001b[32m\"_marqueeItem_8a437e\"\u001b[39m\n        \u001b[36m>\u001b[39m\n          \u001b[36m<span\u001b[39m\n            \u001b[33maria-hidden\u001b[39m=\u001b[32m\"true\"\u001b[39m\n            \u001b[33mclass\u001b[39m=\u001b[32m\"_marqueeIcon_8a437e\"\u001b[39m\n          \u001b[36m>\u001b[39m\n            \u001b[0m₿\u001b[0m\n          \u001b[36m</span>\u001b[39m\n          \u001b[36m<span>\u001b[39m\n            \u001b[0mBTC\u001b[0m\n          \u001b[36m</span>\u001b[39m\n          \u001b[36m<span\u001b[39m\n            \u001b[33mclass\u001b[39m=\u001b[32m\"_marqueeValue_8a437e\"\u001b[39m\n          \u001b[36m>\u001b[39m\n            \u001b[0m$67k\u001b[0m\n          \u001b[36m</span>\u001b[39m\n        \u001b[36m</span>\u001b[39m\n        \u001b[36m<span\u001b[39m\n          \u001b[33maria-hidden\u001b[39m=\u001b[32m\"true\"\u001b[39m\n          \u001b[33maria-label\u001b[39m=\u001b[32m\"Oil: $75.00\"\u001b[39m\n          \u001b[33mclass\u001b[39m=\u001b[32m\"_marqueeItem_8a437e\"\u001b[39m\n        \u001b[36m>\u001b[39m\n          \u001b[36m<span\u001b[39m\n            \u001b[33maria-hidden\u001b[39m=\u001b[32m\"true\"\u001b[39m\n            \u001b[33mclass\u001b[39m=\u001b[32m\"_marqueeIcon_8a437e\"\u001b[39m\n          \u001b[36m>\u001b[39m\n            \u001b[0m🛢️\u001b[0m\n          \u001b[36m</span>\u001b[39m\n          \u001b[36m<span>\u001b[39m\n            \u001b[0mOil\u001b[0m\n          \u001b[36m</span>\u001b[39m\n          \u001b[36m<span\u001b[39m\n            \u001b[33mclass\u001b[39m=\u001b[32m\"_marqueeValue_8a437e\"\u001b[39m\n          \u001b[36m>\u001b[39m\n            \u001b[0m$75.00\u001b[0m\n          \u001b[36m</span>\u001b[39m\n        \u001b[36m</span>\u001b[39m\n        \u001b[36m<span\u001b[39m\n          \u001b[33maria-hidden\u001b[39m=\u001b[32m\"true\"\u001b[39m\n          \u001b[33maria-label\u001b[39m=\u001b[32m\"S&P500: +0.5%\"\u001b[39m\n          \u001b[33mclass\u001b[39m=\u001b[32m\"_marqueeItem_8a437e\"\u001b[39m\n        \u001b[36m>\u001b[39m\n          \u001b[36m<span\u001b[39m\n            \u001b[33maria-hidden\u001b[39m=\u001b[32m\"true\"\u001b[39m\n            \u001b[33mclass\u001b[39m=\u001b[32m\"_marqueeIcon_8a437e\"\u001b[39m\n          \u001b[36m>\u001b[39m\n            \u001b[0m📈\u001b[0m\n          \u001b[36m</span>\u001b[39m\n          \u001b[36m<span>\u001b[39m\n            \u001b[0mS&P500\u001b[0m\n          \u001b[36m</span>\u001b[39m\n          \u001b[36m<span\u001b[39m\n            \u001b[33mclass\u001b[39m=\u001b[32m\"_marqueeValue_8a437e\"\u001b[39m\n          \u001b[36m>\u001b[39m\n            \u001b[0m+0.5%\u001b[0m\n          \u001b[36m</span>\u001b[39m\n        \u001b[36m</span>\u001b[39m\n        \u001b[36m<span\u001b[39m\n          \u001b[33maria-hidden\u001b[39m=\u001b[32m\"true\"\u001b[39m\n          \u001b[33maria-label\u001b[39m=\u001b[32m\"BTC: $67k\"\u001b[39m\n          \u001b[33mclass\u001b[39m=\u001b[32m\"_marqueeItem_8a437e\"\u001b[39m\n        \u001b[36m>\u001b[39m\n          \u001b[36m<span\u001b[39m\n            \u001b[33maria-hidden\u001b[39m=\u001b[32m\"true\"\u001b[39m\n            \u001b[33mclass\u001b[39m=\u001b[32m\"_marqueeIcon_8a437e\"\u001b[39m\n          \u001b[36m>\u001b[39m\n            \u001b[0m₿\u001b[0m\n          \u001b[36m</span>\u001b[39m\n          \u001b[36m<span>\u001b[39m\n            \u001b[0mBTC\u001b[0m\n          \u001b[36m</span>\u001b[39m\n          \u001b[36m<span\u001b[39m\n            \u001b[33mclass\u001b[39m=\u001b[32m\"_marqueeValue_8a437e\"\u001b[39m\n          \u001b[36m>\u001b[39m\n            \u001b[0m$67k\u001b[0m\n          \u001b[36m</span>\u001b[39m\n        \u001b[36m</span>\u001b[39m\n      \u001b[36m</div>\u001b[39m\n    \u001b[36m</div>\u001b[39m\n  \u001b[36m</div>\u001b[39m\n\u001b[36m</body>\u001b[39m\n    at Object.getElementError (/Users/jono/Documents/GitHub/starcom-app/starcom-mk2/node_modules/@testing-library/dom/dist/config.js:37:19)\n    at getElementError (/Users/jono/Documents/GitHub/starcom-app/starcom-mk2/node_modules/@testing-library/dom/dist/query-helpers.js:20:35)\n    at getMultipleElementsFoundError (/Users/jono/Documents/GitHub/starcom-app/starcom-mk2/node_modules/@testing-library/dom/dist/query-helpers.js:23:10)\n    at /Users/jono/Documents/GitHub/starcom-app/starcom-mk2/node_modules/@testing-library/dom/dist/query-helpers.js:55:13\n    at getByLabelText (/Users/jono/Documents/GitHub/starcom-app/starcom-mk2/node_modules/@testing-library/dom/dist/query-helpers.js:95:19)\n    at forEach (/Users/jono/Documents/GitHub/starcom-app/starcom-mk2/src/components/HUD/Bars/TopBar/Marquee.test.tsx:17:21)\n    at Array.forEach (<anonymous>)\n    at /Users/jono/Documents/GitHub/starcom-app/starcom-mk2/src/components/HUD/Bars/TopBar/Marquee.test.tsx:16:16\n    at file:///Users/jono/Documents/GitHub/starcom-app/starcom-mk2/node_modules/@vitest/runner/dist/index.js:103:11\n    at file:///Users/jono/Documents/GitHub/starcom-app/starcom-mk2/node_modules/@vitest/runner/dist/index.js:595:26"],"meta":{}},{"ancestorTitles":["Marquee"],"fullName":"Marquee shows loading state","status":"passed","title":"shows loading state","duration":20.097500000000082,"failureMessages":[],"meta":{}},{"ancestorTitles":["Marquee"],"fullName":"Marquee shows error state","status":"passed","title":"shows error state","duration":4.47158300000001,"failureMessages":[],"meta":{}},{"ancestorTitles":["Marquee"],"fullName":"Marquee shows empty state","status":"passed","title":"shows empty state","duration":1.7877500000001874,"failureMessages":[],"meta":{}},{"ancestorTitles":["Marquee"],"fullName":"Marquee is keyboard focusable and shows visible focus","status":"failed","title":"is keyboard focusable and shows visible focus","duration":1021.3569590000002,"failureMessages":["AssertionError: expected '_marquee_8a437e' to match /ring-2/\n\nIgnored nodes: comments, script, style\n\u001b[36m<html>\u001b[39m\n  \u001b[36m<head />\u001b[39m\n  \u001b[36m<body>\u001b[39m\n    \u001b[36m<div>\u001b[39m\n      \u001b[36m<div\u001b[39m\n        \u001b[33maria-describedby\u001b[39m=\u001b[32m\"marquee-desc\"\u001b[39m\n        \u001b[33maria-label\u001b[39m=\u001b[32m\"marquee\"\u001b[39m\n        \u001b[33maria-live\u001b[39m=\u001b[32m\"polite\"\u001b[39m\n        \u001b[33mclass\u001b[39m=\u001b[32m\"_marquee_8a437e\"\u001b[39m\n        \u001b[33mrole\u001b[39m=\u001b[32m\"region\"\u001b[39m\n        \u001b[33mtabindex\u001b[39m=\u001b[32m\"0\"\u001b[39m\n      \u001b[36m>\u001b[39m\n        \u001b[36m<span\u001b[39m\n          \u001b[33mclass\u001b[39m=\u001b[32m\"sr-only\"\u001b[39m\n          \u001b[33mid\u001b[39m=\u001b[32m\"marquee-desc\"\u001b[39m\n        \u001b[36m>\u001b[39m\n          \u001b[0mAuto-animating news ticker. Press Tab to focus, hover to pause.\u001b[0m\n        \u001b[36m</span>\u001b[39m\n        \u001b[36m<div\u001b[39m\n          \u001b[33mclass\u001b[39m=\u001b[32m\"_marqueeContent_8a437e\"\u001b[39m\n          \u001b[33mstyle\u001b[39m=\u001b[32m\"transform: translateX(0px);\"\u001b[39m\n        \u001b[36m>\u001b[39m\n          \u001b[36m<span\u001b[39m\n            \u001b[33maria-label\u001b[39m=\u001b[32m\"Oil: $75.00\"\u001b[39m\n            \u001b[33mclass\u001b[39m=\u001b[32m\"_marqueeItem_8a437e\"\u001b[39m\n          \u001b[36m>\u001b[39m\n            \u001b[36m<span\u001b[39m\n              \u001b[33maria-hidden\u001b[39m=\u001b[32m\"true\"\u001b[39m\n              \u001b[33mclass\u001b[39m=\u001b[32m\"_marqueeIcon_8a437e\"\u001b[39m\n            \u001b[36m>\u001b[39m\n              \u001b[0m🛢️\u001b[0m\n            \u001b[36m</span>\u001b[39m\n            \u001b[36m<span>\u001b[39m\n              \u001b[0mOil\u001b[0m\n            \u001b[36m</span>\u001b[39m\n            \u001b[36m<span\u001b[39m\n              \u001b[33mclass\u001b[39m=\u001b[32m\"_marqueeValue_8a437e\"\u001b[39m\n            \u001b[36m>\u001b[39m\n              \u001b[0m$75.00\u001b[0m\n            \u001b[36m</span>\u001b[39m\n          \u001b[36m</span>\u001b[39m\n          \u001b[36m<span\u001b[39m\n            \u001b[33maria-label\u001b[39m=\u001b[32m\"S&P500: +0.5%\"\u001b[39m\n            \u001b[33mclass\u001b[39m=\u001b[32m\"_marqueeItem_8a437e\"\u001b[39m\n          \u001b[36m>\u001b[39m\n            \u001b[36m<span\u001b[39m\n              \u001b[33maria-hidden\u001b[39m=\u001b[32m\"true\"\u001b[39m\n              \u001b[33mclass\u001b[39m=\u001b[32m\"_marqueeIcon_8a437e\"\u001b[39m\n            \u001b[36m>\u001b[39m\n              \u001b[0m📈\u001b[0m\n            \u001b[36m</span>\u001b[39m\n            \u001b[36m<span>\u001b[39m\n              \u001b[0mS&P500\u001b[0m\n            \u001b[36m</span>\u001b[39m\n            \u001b[36m<span\u001b[39m\n              \u001b[33mclass\u001b[39m=\u001b[32m\"_marqueeValue_8a437e\"\u001b[39m\n            \u001b[36m>\u001b[39m\n              \u001b[0m+0.5%\u001b[0m\n            \u001b[36m</span>\u001b[39m\n          \u001b[36m</span>\u001b[39m\n          \u001b[36m<span\u001b[39m\n            \u001b[33maria-label\u001b[39m=\u001b[32m\"BTC: $67k\"\u001b[39m\n            \u001b[33mclass\u001b[39m=\u001b[32m\"_marqueeItem_8a437e\"\u001b[39m\n          \u001b[36m>\u001b[39m\n            \u001b[36m<span\u001b[39m\n              \u001b[33maria-hidden\u001b[39m=\u001b[32m\"true\"\u001b[39m\n              \u001b[33mclass\u001b[39m=\u001b[32m\"_marqueeIcon_8a437e\"\u001b[39m\n            \u001b[36m>\u001b[39m\n              \u001b[0m₿\u001b[0m\n            \u001b[36m</span>\u001b[39m\n            \u001b[36m<span>\u001b[39m\n              \u001b[0mBTC\u001b[0m\n            \u001b[36m</span>\u001b[39m\n            \u001b[36m<span\u001b[39m\n              \u001b[33mclass\u001b[39m=\u001b[32m\"_marqueeValue_8a437e\"\u001b[39m\n            \u001b[36m>\u001b[39m\n              \u001b[0m$67k\u001b[0m\n            \u001b[36m</span>\u001b[39m\n          \u001b[36m</span>\u001b[39m\n          \u001b[36m<span\u001b[39m\n            \u001b[33maria-hidden\u001b[39m=\u001b[32m\"true\"\u001b[39m\n            \u001b[33maria-label\u001b[39m=\u001b[32m\"Oil: $75.00\"\u001b[39m\n            \u001b[33mclass\u001b[39m=\u001b[32m\"_marqueeItem_8a437e\"\u001b[39m\n          \u001b[36m>\u001b[39m\n            \u001b[36m<span\u001b[39m\n              \u001b[33maria-hidden\u001b[39m=\u001b[32m\"true\"\u001b[39m\n              \u001b[33mclass\u001b[39m=\u001b[32m\"_marqueeIcon_8a437e\"\u001b[39m\n            \u001b[36m>\u001b[39m\n              \u001b[0m🛢️\u001b[0m\n            \u001b[36m</span>\u001b[39m\n            \u001b[36m<span>\u001b[39m\n              \u001b[0mOil\u001b[0m\n            \u001b[36m</span>\u001b[39m\n            \u001b[36m<span\u001b[39m\n              \u001b[33mclass\u001b[39m=\u001b[32m\"_marqueeValue_8a437e\"\u001b[39m\n            \u001b[36m>\u001b[39m\n              \u001b[0m$75.00\u001b[0m\n            \u001b[36m</span>\u001b[39m\n          \u001b[36m</span>\u001b[39m\n          \u001b[36m<span\u001b[39m\n            \u001b[33maria-hidden\u001b[39m=\u001b[32m\"true\"\u001b[39m\n            \u001b[33maria-label\u001b[39m=\u001b[32m\"S&P500: +0.5%\"\u001b[39m\n            \u001b[33mclass\u001b[39m=\u001b[32m\"_marqueeItem_8a437e\"\u001b[39m\n          \u001b[36m>\u001b[39m\n            \u001b[36m<span\u001b[39m\n              \u001b[33maria-hidden\u001b[39m=\u001b[32m\"true\"\u001b[39m\n              \u001b[33mclass\u001b[39m=\u001b[32m\"_marqueeIcon_8a437e\"\u001b[39m\n            \u001b[36m>\u001b[39m\n              \u001b[0m📈\u001b[0m\n            \u001b[36m</span>\u001b[39m\n            \u001b[36m<span>\u001b[39m\n              \u001b[0mS&P500\u001b[0m\n            \u001b[36m</span>\u001b[39m\n            \u001b[36m<span\u001b[39m\n              \u001b[33mclass\u001b[39m=\u001b[32m\"_marqueeValue_8a437e\"\u001b[39m\n            \u001b[36m>\u001b[39m\n              \u001b[0m+0.5%\u001b[0m\n            \u001b[36m</span>\u001b[39m\n          \u001b[36m</span>\u001b[39m\n          \u001b[36m<span\u001b[39m\n            \u001b[33maria-hidden\u001b[39m=\u001b[32m\"true\"\u001b[39m\n            \u001b[33maria-label\u001b[39m=\u001b[32m\"BTC: $67k\"\u001b[39m\n            \u001b[33mclass\u001b[39m=\u001b[32m\"_marqueeItem_8a437e\"\u001b[39m\n          \u001b[36m>\u001b[39m\n            \u001b[36m<span\u001b[39m\n              \u001b[33maria-hidden\u001b[39m=\u001b[32m\"true\"\u001b[39m\n              \u001b[33mclass\u001b[39m=\u001b[32m\"_marqueeIcon_8a437e\"\u001b[39m\n            \u001b[36m>\u001b[39m\n              \u001b[0m₿\u001b[0m\n            \u001b[36m</span>\u001b[39m\n            \u001b[36m<span>\u001b[39m\n              \u001b[0mBTC\u001b[0m\n            \u001b[36m</span>\u001b[39m\n            \u001b[36m<span\u001b[39m\n              \u001b[33mclass\u001b[39m=\u001b[32m\"_marqueeValue_8a437e\"\u001b[39m\n            \u001b[36m>\u001b[39m\n              \u001b[0m$67k\u001b[0m\n            \u001b[36m</span>\u001b[39m\n          \u001b[36m</span>\u001b[39m\n        \u001b[36m</div>\u001b[39m\n      \u001b[36m</div>\u001b[39m\n    \u001b[36m</div>\u001b[39m\n  \u001b[36m</body>\u001b[39m\n\u001b[36m</html>\u001b[39m\n    at /Users/jono/Documents/GitHub/starcom-app/starcom-mk2/src/components/HUD/Bars/TopBar/Marquee.test.tsx:41:51\n    at runWithExpensiveErrorDiagnosticsDisabled (/Users/jono/Documents/GitHub/starcom-app/starcom-mk2/node_modules/@testing-library/dom/dist/config.js:47:12)\n    at checkCallback (/Users/jono/Documents/GitHub/starcom-app/starcom-mk2/node_modules/@testing-library/dom/dist/wait-for.js:124:77)\n    at Timeout.checkRealTimersCallback (/Users/jono/Documents/GitHub/starcom-app/starcom-mk2/node_modules/@testing-library/dom/dist/wait-for.js:118:16)\n    at listOnTimeout (node:internal/timers:594:17)\n    at processTimers (node:internal/timers:529:7)"],"meta":{}},{"ancestorTitles":["Marquee"],"fullName":"Marquee pauses and resumes on Space/Enter","status":"passed","title":"pauses and resumes on Space/Enter","duration":5.170416999999816,"failureMessages":[],"meta":{}},{"ancestorTitles":["Marquee"],"fullName":"Marquee pauses on mouse enter and resumes on mouse leave","status":"passed","title":"pauses on mouse enter and resumes on mouse leave","duration":10.147750000000087,"failureMessages":[],"meta":{}},{"ancestorTitles":["Marquee"],"fullName":"Marquee has aria-live polite for updates","status":"passed","title":"has aria-live polite for updates","duration":2.8973339999997734,"failureMessages":[],"meta":{}}],"startTime":1749826848160,"endTime":1749826849258.8972,"status":"failed","message":"","name":"/Users/jono/Documents/GitHub/starcom-app/starcom-mk2/src/components/HUD/Bars/TopBar/Marquee.test.tsx"},{"assertionResults":[{"ancestorTitles":["TopBar artifact-driven"],"fullName":"TopBar artifact-driven renders logo, settings button, and marquee","status":"failed","title":"renders logo, settings button, and marquee","duration":44.98837500000036,"failureMessages":["TestingLibraryElementError: Unable to find an element with the alt text: /wing commander logo/i\n\nIgnored nodes: comments, script, style\n\u001b[36m<body>\u001b[39m\n  \u001b[36m<div>\u001b[39m\n    \u001b[36m<header\u001b[39m\n      \u001b[33maria-label\u001b[39m=\u001b[32m\"Top navigation bar\"\u001b[39m\n      \u001b[33mclass\u001b[39m=\u001b[32m\"_topBar_d74dcf\"\u001b[39m\n      \u001b[33mdata-testid\u001b[39m=\u001b[32m\"topbar-root\"\u001b[39m\n      \u001b[33mrole\u001b[39m=\u001b[32m\"banner\"\u001b[39m\n    \u001b[36m>\u001b[39m\n      \u001b[36m<div\u001b[39m\n        \u001b[33maria-label\u001b[39m=\u001b[32m\"News and data marquee\"\u001b[39m\n        \u001b[33mclass\u001b[39m=\u001b[32m\"_marqueeSection_d74dcf\"\u001b[39m\n      \u001b[36m>\u001b[39m\n        \u001b[36m<div\u001b[39m\n          \u001b[33maria-describedby\u001b[39m=\u001b[32m\"marquee-desc\"\u001b[39m\n          \u001b[33maria-label\u001b[39m=\u001b[32m\"marquee\"\u001b[39m\n          \u001b[33maria-live\u001b[39m=\u001b[32m\"polite\"\u001b[39m\n          \u001b[33mclass\u001b[39m=\u001b[32m\"_marquee_8a437e\"\u001b[39m\n          \u001b[33mrole\u001b[39m=\u001b[32m\"region\"\u001b[39m\n          \u001b[33mtabindex\u001b[39m=\u001b[32m\"0\"\u001b[39m\n        \u001b[36m>\u001b[39m\n          \u001b[36m<span\u001b[39m\n            \u001b[33mclass\u001b[39m=\u001b[32m\"sr-only\"\u001b[39m\n            \u001b[33mid\u001b[39m=\u001b[32m\"marquee-desc\"\u001b[39m\n          \u001b[36m>\u001b[39m\n            \u001b[0mAuto-animating news ticker. Press Tab to focus, hover to pause.\u001b[0m\n          \u001b[36m</span>\u001b[39m\n          \u001b[36m<div\u001b[39m\n            \u001b[33mclass\u001b[39m=\u001b[32m\"_marqueeContent_8a437e\"\u001b[39m\n            \u001b[33mstyle\u001b[39m=\u001b[32m\"transform: translateX(0px);\"\u001b[39m\n          \u001b[36m>\u001b[39m\n            \u001b[36m<span\u001b[39m\n              \u001b[33maria-label\u001b[39m=\u001b[32m\"Commodities: N/A\"\u001b[39m\n              \u001b[33mclass\u001b[39m=\u001b[32m\"_marqueeItem_8a437e\"\u001b[39m\n            \u001b[36m>\u001b[39m\n              \u001b[36m<span\u001b[39m\n                \u001b[33maria-hidden\u001b[39m=\u001b[32m\"true\"\u001b[39m\n                \u001b[33mclass\u001b[39m=\u001b[32m\"_marqueeIcon_8a437e\"\u001b[39m\n              \u001b[36m>\u001b[39m\n                \u001b[0m🛢️\u001b[0m\n              \u001b[36m</span>\u001b[39m\n              \u001b[36m<span>\u001b[39m\n                \u001b[0mCommodities\u001b[0m\n              \u001b[36m</span>\u001b[39m\n              \u001b[36m<span\u001b[39m\n                \u001b[33mclass\u001b[39m=\u001b[32m\"_marqueeValue_8a437e\"\u001b[39m\n              \u001b[36m>\u001b[39m\n                \u001b[0mN/A\u001b[0m\n              \u001b[36m</span>\u001b[39m\n            \u001b[36m</span>\u001b[39m\n            \u001b[36m<span\u001b[39m\n              \u001b[33maria-label\u001b[39m=\u001b[32m\"Indices: N/A\"\u001b[39m\n              \u001b[33mclass\u001b[39m=\u001b[32m\"_marqueeItem_8a437e\"\u001b[39m\n            \u001b[36m>\u001b[39m\n              \u001b[36m<span\u001b[39m\n                \u001b[33maria-hidden\u001b[39m=\u001b[32m\"true\"\u001b[39m\n                \u001b[33mclass\u001b[39m=\u001b[32m\"_marqueeIcon_8a437e\"\u001b[39m\n              \u001b[36m>\u001b[39m\n                \u001b[0m📈\u001b[0m\n              \u001b[36m</span>\u001b[39m\n              \u001b[36m<span>\u001b[39m\n                \u001b[0mIndices\u001b[0m\n              \u001b[36m</span>\u001b[39m\n              \u001b[36m<span\u001b[39m\n                \u001b[33mclass\u001b[39m=\u001b[32m\"_marqueeValue_8a437e\"\u001b[39m\n              \u001b[36m>\u001b[39m\n                \u001b[0mN/A\u001b[0m\n              \u001b[36m</span>\u001b[39m\n            \u001b[36m</span>\u001b[39m\n            \u001b[36m<span\u001b[39m\n              \u001b[33maria-label\u001b[39m=\u001b[32m\"Crypto: N/A\"\u001b[39m\n              \u001b[33mclass\u001b[39m=\u001b[32m\"_marqueeItem_8a437e\"\u001b[39m\n            \u001b[36m>\u001b[39m\n              \u001b[36m<span\u001b[39m\n                \u001b[33maria-hidden\u001b[39m=\u001b[32m\"true\"\u001b[39m\n                \u001b[33mclass\u001b[39m=\u001b[32m\"_marqueeIcon_8a437e\"\u001b[39m\n              \u001b[36m>\u001b[39m\n                \u001b[0m₿\u001b[0m\n              \u001b[36m</span>\u001b[39m\n              \u001b[36m<span>\u001b[39m\n                \u001b[0mCrypto\u001b[0m\n              \u001b[36m</span>\u001b[39m\n              \u001b[36m<span\u001b[39m\n                \u001b[33mclass\u001b[39m=\u001b[32m\"_marqueeValue_8a437e\"\u001b[39m\n              \u001b[36m>\u001b[39m\n                \u001b[0mN/A\u001b[0m\n              \u001b[36m</span>\u001b[39m\n            \u001b[36m</span>\u001b[39m\n            \u001b[36m<span\u001b[39m\n              \u001b[33maria-label\u001b[39m=\u001b[32m\"Forex: N/A\"\u001b[39m\n              \u001b[33mclass\u001b[39m=\u001b[32m\"_marqueeItem_8a437e\"\u001b[39m\n            \u001b[36m>\u001b[39m\n              \u001b[36m<span\u001b[39m\n                \u001b[33maria-hidden\u001b[39m=\u001b[32m\"true\"\u001b[39m\n                \u001b[33mclass\u001b[39m=\u001b[32m\"_marqueeIcon_8a437e\"\u001b[39m\n              \u001b[36m>\u001b[39m\n                \u001b[0m💱\u001b[0m\n              \u001b[36m</span>\u001b[39m\n              \u001b[36m<span>\u001b[39m\n                \u001b[0mForex\u001b[0m\n              \u001b[36m</span>\u001b[39m\n              \u001b[36m<span\u001b[39m\n                \u001b[33mclass\u001b[39m=\u001b[32m\"_marqueeValue_8a437e\"\u001b[39m\n              \u001b[36m>\u001b[39m\n                \u001b[0mN/A\u001b[0m\n              \u001b[36m</span>\u001b[39m\n            \u001b[36m</span>\u001b[39m\n            \u001b[36m<span\u001b[39m\n              \u001b[33maria-label\u001b[39m=\u001b[32m\"Economic Indicators: N/A\"\u001b[39m\n              \u001b[33mclass\u001b[39m=\u001b[32m\"_marqueeItem_8a437e\"\u001b[39m\n            \u001b[36m>\u001b[39m\n              \u001b[36m<span\u001b[39m\n                \u001b[33maria-hidden\u001b[39m=\u001b[32m\"true\"\u001b[39m\n                \u001b[33mclass\u001b[39m=\u001b[32m\"_marqueeIcon_8a437e\"\u001b[39m\n              \u001b[36m>\u001b[39m\n                \u001b[0m📊\u001b[0m\n              \u001b[36m</span>\u001b[39m\n              \u001b[36m<span>\u001b[39m\n                \u001b[0mEconomic Indicators\u001b[0m\n              \u001b[36m</span>\u001b[39m\n              \u001b[36m<span\u001b[39m\n                \u001b[33mclass\u001b[39m=\u001b[32m\"_marqueeValue_8a437e\"\u001b[39m\n              \u001b[36m>\u001b[39m\n                \u001b[0mN/A\u001b[0m\n              \u001b[36m</span>\u001b[39m\n            \u001b[36m</span>\u001b[39m\n            \u001b[36m<span\u001b[39m\n              \u001b[33maria-label\u001b[39m=\u001b[32m\"News Headlines: N/A\"\u001b[39m\n              \u001b[33mclass\u001b[39m=\u001b[32m\"_marqueeItem_8a437e\"\u001b[39m\n            \u001b[36m>\u001b[39m\n              \u001b[36m<span\u001b[39m\n                \u001b[33maria-hidden\u001b[39m=\u001b[32m\"true\"\u001b[39m\n                \u001b[33mclass\u001b[39m=\u001b[32m\"_marqueeIcon_8a437e\"\u001b[39m\n              \u001b[36m>\u001b[39m\n                \u001b[0m📰\u001b[0m\n              \u001b[36m</span>\u001b[39m\n              \u001b[36m<span>\u001b[39m\n                \u001b[0mNews Headlines\u001b[0m\n              \u001b[36m</span>\u001b[39m\n              \u001b[36m<span\u001b[39m\n                \u001b[33mclass\u001b[39m=\u001b[32m\"_marqueeValue_8a437e\"\u001b[39m\n              \u001b[36m>\u001b[39m\n                \u001b[0mN/A\u001b[0m\n              \u001b[36m</span>\u001b[39m\n            \u001b[36m</span>\u001b[39m\n            \u001b[36m<span\u001b[39m\n              \u001b[33maria-label\u001b[39m=\u001b[32m\"Market Sentiment: N/A\"\u001b[39m\n              \u001b[33mclass\u001b[39m=\u001b[32m\"_marqueeItem_8a437e\"\u001b[39m\n            \u001b[36m>\u001b[39m\n              \u001b[36m<span\u001b[39m\n                \u001b[33maria-hidden\u001b[39m=\u001b[32m\"true\"\u001b[39m\n                \u001b[33mclass\u001b[39m=\u001b[32m\"_marqueeIcon_8a437e\"\u001b[39m\n              \u001b[36m>\u001b[39m\n                \u001b[0m📢\u001b[0m\n              \u001b[36m</span>\u001b[39m\n              \u001b[36m<span>\u001b[39m\n                \u001b[0mMarket Sentiment\u001b[0m\n              \u001b[36m</span>\u001b[39m\n              \u001b[36m<span\u001b[39m\n                \u001b[33mclass\u001b[39m=\u001b[32m\"_marqueeValue_8a437e\"\u001b[39m\n              \u001b[36m>\u001b[39m\n                \u001b[0mN/A\u001b[0m\n              \u001b[36m</span>\u001b[39m\n            \u001b[36m</span>\u001b[39m\n            \u001b[36m<span\u001b[39m\n              \u001b[33maria-hidden\u001b[39m=\u001b[32m\"true\"\u001b[39m\n              \u001b[33maria-label\u001b[39m=\u001b[32m\"Commodities: N/A\"\u001b[39m\n              \u001b[33mclass\u001b[39m=\u001b[32m\"_marqueeItem_8a437e\"\u001b[39m\n            \u001b[36m>\u001b[39m\n              \u001b[36m<span\u001b[39m\n                \u001b[33maria-hidden\u001b[39m=\u001b[32m\"true\"\u001b[39m\n                \u001b[33mclass\u001b[39m=\u001b[32m\"_marqueeIcon_8a437e\"\u001b[39m\n              \u001b[36m>\u001b[39m\n                \u001b[0m🛢️\u001b[0m\n              \u001b[36m</span>\u001b[39m\n              \u001b[36m<span>\u001b[39m\n                \u001b[0mCommodities\u001b[0m\n              \u001b[36m</span>\u001b[39m\n              \u001b[36m<span\u001b[39m\n                \u001b[33mclass\u001b[39m=\u001b[32m\"_marqueeValue_8a437e\"\u001b[39m\n              \u001b[36m>\u001b[39m\n                \u001b[0mN/A\u001b[0m\n              \u001b[36m</span>\u001b[39m\n            \u001b[36m</span>\u001b[39m\n            \u001b[36m<span\u001b[39m\n              \u001b[33maria-hidden\u001b[39m=\u001b[32m\"true\"\u001b[39m\n              \u001b[33maria-label\u001b[39m=\u001b[32m\"Indices: N/A\"\u001b[39m\n              \u001b[33mclass\u001b[39m=\u001b[32m\"_marqueeItem_8a437e\"\u001b[39m\n            \u001b[36m>\u001b[39m\n              \u001b[36m<span\u001b[39m\n                \u001b[33maria-hidden\u001b[39m=\u001b[32m\"true\"\u001b[39m\n                \u001b[33mclass\u001b[39m=\u001b[32m\"_marqueeIcon_8a437e\"\u001b[39m\n              \u001b[36m>\u001b[39m\n                \u001b[0m📈\u001b[0m\n              \u001b[36m</span>\u001b[39m\n              \u001b[36m<span>\u001b[39m\n                \u001b[0mIndices\u001b[0m\n              \u001b[36m</span>\u001b[39m\n              \u001b[36m<span\u001b[39m\n                \u001b[33mclass\u001b[39m=\u001b[32m\"_marqueeValue_8a437e\"\u001b[39m\n              \u001b[36m>\u001b[39m\n                \u001b[0mN/A\u001b[0m\n              \u001b[36m</span>\u001b[39m\n            \u001b[36m</span>\u001b[39m\n            \u001b[36m<span\u001b[39m\n              \u001b[33maria-hidden\u001b[39m=\u001b[32m\"true\"\u001b[39m\n              \u001b[33maria-label\u001b[39m=\u001b[32m\"Crypto: N/A\"\u001b[39m\n              \u001b[33mclass\u001b[39m=\u001b[32m\"_marqueeItem_8a437e\"\u001b[39m\n            \u001b[36m>\u001b[39m\n              \u001b[36m<span\u001b[39m\n                \u001b[33maria-hidden\u001b[39m=\u001b[32m\"true\"\u001b[39m\n                \u001b[33mclass\u001b[39m=\u001b[32m\"_marqueeIcon_8a437e\"\u001b[39m\n              \u001b[36m>\u001b[39m\n                \u001b[0m₿\u001b[0m\n              \u001b[36m</span>\u001b[39m\n              \u001b[36m<span>\u001b[39m\n                \u001b[0mCrypto\u001b[0m\n              \u001b[36m</span>\u001b[39m\n              \u001b[36m<span\u001b[39m\n                \u001b[33mclass\u001b[39m=\u001b[32m\"_marqueeValue_8a437e\"\u001b[39m\n              \u001b[36m>\u001b[39m\n                \u001b[0mN/A\u001b[0m\n              \u001b[36m</span>\u001b[39m\n            \u001b[36m</span>\u001b[39m\n            \u001b[36m<span\u001b[39m\n              \u001b[33maria-hidden\u001b[39m=\u001b[32m\"true\"\u001b[39m\n              \u001b[33maria-label\u001b[39m=\u001b[32m\"Forex: N/A\"\u001b[39m\n              \u001b[33mclass\u001b[39m=\u001b[32m\"_marqueeItem_8a437e\"\u001b[39m\n            \u001b[36m>\u001b[39m\n              \u001b[36m<span\u001b[39m\n                \u001b[33maria-hidden\u001b[39m=\u001b[32m\"true\"\u001b[39m\n                \u001b[33mclass\u001b[39m=\u001b[32m\"_marqueeIcon_8a437e\"\u001b[39m\n              \u001b[36m>\u001b[39m\n                \u001b[0m💱\u001b[0m\n              \u001b[36m</span>\u001b[39m\n              \u001b[36m<span>\u001b[39m\n                \u001b[0mForex\u001b[0m\n              \u001b[36m</span>\u001b[39m\n              \u001b[36m<span\u001b[39m\n                \u001b[33mclass\u001b[39m=\u001b[32m\"_marqueeValue_8a437e\"\u001b[39m\n              \u001b[36m>\u001b[39m\n                \u001b[0mN/A\u001b[0m\n              \u001b[36m</span>\u001b[39m\n            \u001b[36m</span>\u001b[39m\n            \u001b[36m<span\u001b[39m\n              \u001b[33maria-hidden\u001b[39m=\u001b[32m\"true\"\u001b[39m\n              \u001b[33maria-label\u001b[39m=\u001b[32m\"Economic Indicators: N/A\"\u001b[39m\n              \u001b[33mclass\u001b[39m=\u001b[32m\"_marqueeItem_8a437e\"\u001b[39m\n            \u001b[36m>\u001b[39m\n              \u001b[36m<span\u001b[39m\n                \u001b[33maria-hidden\u001b[39m=\u001b[32m\"true\"\u001b[39m\n                \u001b[33mclass\u001b[39m=\u001b[32m\"_marqueeIcon_8a437e\"\u001b[39m\n              \u001b[36m>\u001b[39m\n                \u001b[0m📊\u001b[0m\n              \u001b[36m</span>\u001b[39m\n              \u001b[36m<span>\u001b[39m\n                \u001b[0mEconomic Indicators\u001b[0m\n              \u001b[36m</span>\u001b[39m\n              \u001b[36m<span\u001b[39m\n                \u001b[33mclass\u001b[39m=\u001b[32m\"_marqueeValue_8a437e\"\u001b[39m\n              \u001b[36m>\u001b[39m\n                \u001b[0mN/A\u001b[0m\n              \u001b[36m</span>\u001b[39m\n            \u001b[36m</span>\u001b[39m\n            \u001b[36m<span\u001b[39m\n              \u001b[33maria-hidden\u001b[39m=\u001b[32m\"true\"\u001b[39m\n              \u001b[33maria-label\u001b[39m=\u001b[32m\"News Headlines: N/A\"\u001b[39m\n              \u001b[33mclass\u001b[39m=\u001b[32m\"_marqueeItem_8a437e\"\u001b[39m\n            \u001b[36m>\u001b[39m\n              \u001b[36m<span\u001b[39m\n                \u001b[33maria-hidden\u001b[39m=\u001b[32m\"true\"\u001b[39m\n                \u001b[33mclass\u001b[39m=\u001b[32m\"_marqueeIcon_8a437e\"\u001b[39m\n              \u001b[36m>\u001b[39m\n                \u001b[0m📰\u001b[0m\n              \u001b[36m</span>\u001b[39m\n              \u001b[36m<span>\u001b[39m\n                \u001b[0mNews Headlines\u001b[0m\n              \u001b[36m</span>\u001b[39m\n              \u001b[36m<span\u001b[39m\n                \u001b[33mclass\u001b[39m=\u001b[32m\"_marqueeValue_8a437e\"\u001b[39m\n              \u001b[36m>\u001b[39m\n                \u001b[0mN/A\u001b[0m\n              \u001b[36m</span>\u001b[39m\n            \u001b[36m</span>\u001b[39m\n            \u001b[36m<span\u001b[39m\n              \u001b[33maria-hidden\u001b[39m=\u001b[32m\"true\"\u001b[39m\n              \u001b[33maria-label\u001b[39m=\u001b[32m\"Market Sentiment: N/A\"\u001b[39m\n              \u001b[33mclass\u001b[39m=\u001b[32m\"_marqueeItem_8a437e\"\u001b[39m\n            \u001b[36m>\u001b[39m\n              \u001b[36m<span\u001b[39m\n                \u001b[33maria-hidden\u001b[39m=\u001b[32m\"true\"\u001b[39m\n                \u001b[33mclass\u001b[39m=\u001b[32m\"_marqueeIcon_8a437e\"\u001b[39m\n              \u001b[36m>\u001b[39m\n                \u001b[0m📢\u001b[0m\n              \u001b[36m</span>\u001b[39m\n              \u001b[36m<span>\u001b[39m\n                \u001b[0mMarket Sentiment\u001b[0m\n              \u001b[36m</span>\u001b[39m\n              \u001b[36m<span\u001b[39m\n                \u001b[33mclass\u001b[39m=\u001b[32m\"_marqueeValue_8a437e\"\u001b[39m\n              \u001b[36m>\u001b[39m\n                \u001b[0mN/A\u001b[0m\n              \u001b[36m</span>\u001b[39m\n            \u001b[36m</span>\u001b[39m\n          \u001b[36m</div>\u001b[39m\n        \u001b[36m</div>\u001b[39m\n      \u001b[36m</div>\u001b[39m\n      \u001b[36m<button\u001b[39m\n        \u001b[33maria-expanded\u001b[39m=\u001b[32m\"false\"\u001b[39m\n        \u001b[33maria-haspopup\u001b[39m=\u001b[32m\"dialog\"\u001b[39m\n        \u001b[33maria-label\u001b[39m=\u001b[32m\"Open settings\"\u001b[39m\n        \u001b[33mclass\u001b[39m=\u001b[32m\"_settingsButton_d74dcf\"\u001b[39m\n        \u001b[33mdata-testid\u001b[39m=\u001b[32m\"topbar-settings-btn\"\u001b[39m\n        \u001b[33mtabindex\u001b[39m=\u001b[32m\"0\"\u001b[39m\n      \u001b[36m>\u001b[39m\n        \u001b[36m<span\u001b[39m\n          \u001b[33maria-label\u001b[39m=\u001b[32m\"Settings\"\u001b[39m\n          \u001b[33mrole\u001b[39m=\u001b[32m\"img\"\u001b[39m\n        \u001b[36m>\u001b[39m\n          \u001b[0m⚙️\u001b[0m\n        \u001b[36m</span>\u001b[39m\n      \u001b[36m</button>\u001b[39m\n    \u001b[36m</header>\u001b[39m\n  \u001b[36m</div>\u001b[39m\n\u001b[36m</body>\u001b[39m\n    at Object.getElementError (/Users/jono/Documents/GitHub/starcom-app/starcom-mk2/node_modules/@testing-library/dom/dist/config.js:37:19)\n    at /Users/jono/Documents/GitHub/starcom-app/starcom-mk2/node_modules/@testing-library/dom/dist/query-helpers.js:76:38\n    at /Users/jono/Documents/GitHub/starcom-app/starcom-mk2/node_modules/@testing-library/dom/dist/query-helpers.js:52:17\n    at getByAltText (/Users/jono/Documents/GitHub/starcom-app/starcom-mk2/node_modules/@testing-library/dom/dist/query-helpers.js:95:19)\n    at /Users/jono/Documents/GitHub/starcom-app/starcom-mk2/src/components/HUD/Bars/TopBar/TopBar.test.tsx:53:19\n    at file:///Users/jono/Documents/GitHub/starcom-app/starcom-mk2/node_modules/@vitest/runner/dist/index.js:103:11\n    at file:///Users/jono/Documents/GitHub/starcom-app/starcom-mk2/node_modules/@vitest/runner/dist/index.js:595:26\n    at file:///Users/jono/Documents/GitHub/starcom-app/starcom-mk2/node_modules/@vitest/runner/dist/index.js:877:20\n    at new Promise (<anonymous>)\n    at runWithTimeout (file:///Users/jono/Documents/GitHub/starcom-app/starcom-mk2/node_modules/@vitest/runner/dist/index.js:850:10)"],"meta":{}},{"ancestorTitles":["TopBar artifact-driven"],"fullName":"TopBar artifact-driven opens and closes the settings modal","status":"passed","title":"opens and closes the settings modal","duration":69.05045800000016,"failureMessages":[],"meta":{}},{"ancestorTitles":["TopBar artifact-driven"],"fullName":"TopBar artifact-driven toggles a category and updates marquee","status":"passed","title":"toggles a category and updates marquee","duration":80.400709,"failureMessages":[],"meta":{}},{"ancestorTitles":["TopBar artifact-driven"],"fullName":"TopBar artifact-driven marquee pauses on hover and resumes on mouse leave","status":"passed","title":"marquee pauses on hover and resumes on mouse leave","duration":12.520166000000245,"failureMessages":[],"meta":{}},{"ancestorTitles":["TopBar artifact-driven"],"fullName":"TopBar artifact-driven shows \"No data selected\" when all categories are disabled","status":"passed","title":"shows \"No data selected\" when all categories are disabled","duration":112.83424999999988,"failureMessages":[],"meta":{}}],"startTime":1749826846663,"endTime":1749826846982.8342,"status":"failed","message":"","name":"/Users/jono/Documents/GitHub/starcom-app/starcom-mk2/src/components/HUD/Bars/TopBar/TopBar.test.tsx"}]}