<testsuites id="" name="" tests="115" failures="0" skipped="115" errors="0" time="0.13062199999999996">
<testsuite name="ai-agent-phase2.spec.ts" timestamp="2025-06-22T13:27:52.372Z" hostname="chromium" tests="5" failures="0" skipped="5" time="0" errors="0">
<testcase name="AI Agent Phase 2 Advanced UI Testing › should perform advanced component detection with multiple strategies" classname="ai-agent-phase2.spec.ts" time="0">
<skipped>
</skipped>
</testcase>
<testcase name="AI Agent Phase 2 Advanced UI Testing › should perform intelligent interaction testing" classname="ai-agent-phase2.spec.ts" time="0">
<skipped>
</skipped>
</testcase>
<testcase name="AI Agent Phase 2 Advanced UI Testing › should perform UI pattern recognition and classification" classname="ai-agent-phase2.spec.ts" time="0">
<skipped>
</skipped>
</testcase>
<testcase name="AI Agent Phase 2 Advanced UI Testing › should perform automated accessibility analysis" classname="ai-agent-phase2.spec.ts" time="0">
<skipped>
</skipped>
</testcase>
<testcase name="AI Agent Phase 2 Advanced UI Testing › should perform performance-aware component testing" classname="ai-agent-phase2.spec.ts" time="0">
<skipped>
</skipped>
</testcase>
</testsuite>
<testsuite name="ai-agent.spec.ts" timestamp="2025-06-22T13:27:52.372Z" hostname="chromium" tests="5" failures="0" skipped="5" time="0" errors="0">
<testcase name="AI Agent Autonomous UI Testing › should detect and test UI components autonomously" classname="ai-agent.spec.ts" time="0">
<skipped>
</skipped>
</testcase>
<testcase name="AI Agent Autonomous UI Testing › should handle complex user workflows" classname="ai-agent.spec.ts" time="0">
<skipped>
</skipped>
</testcase>
<testcase name="AI Agent Autonomous UI Testing › should perform accessibility analysis" classname="ai-agent.spec.ts" time="0">
<skipped>
</skipped>
</testcase>
<testcase name="AI Agent Autonomous UI Testing › should detect performance issues" classname="ai-agent.spec.ts" time="0">
<skipped>
</skipped>
</testcase>
<testcase name="AI Agent Autonomous UI Testing › should handle error conditions gracefully" classname="ai-agent.spec.ts" time="0">
<skipped>
</skipped>
</testcase>
</testsuite>
<testsuite name="basic-ui.spec.ts" timestamp="2025-06-22T13:27:52.372Z" hostname="chromium" tests="4" failures="0" skipped="4" time="0" errors="0">
<testcase name="AI Agent Testing Infrastructure › should load the application homepage" classname="basic-ui.spec.ts" time="0">
<skipped>
</skipped>
</testcase>
<testcase name="AI Agent Testing Infrastructure › should detect basic UI elements" classname="basic-ui.spec.ts" time="0">
<skipped>
</skipped>
</testcase>
<testcase name="AI Agent Testing Infrastructure › should be accessible to screen readers" classname="basic-ui.spec.ts" time="0">
<skipped>
</skipped>
</testcase>
<testcase name="AI Agent Testing Infrastructure › should complete a basic interaction workflow" classname="basic-ui.spec.ts" time="0">
<skipped>
</skipped>
</testcase>
</testsuite>
<testsuite name="deep-react-debug.spec.ts" timestamp="2025-06-22T13:27:52.372Z" hostname="chromium" tests="1" failures="0" skipped="1" time="0" errors="0">
<testcase name="Deep React Debug Analysis › diagnose React mounting issues in detail" classname="deep-react-debug.spec.ts" time="0">
<skipped>
</skipped>
</testcase>
</testsuite>
<testsuite name="enhanced-component-detection.spec.ts" timestamp="2025-06-22T13:27:52.372Z" hostname="chromium" tests="3" failures="0" skipped="3" time="0" errors="0">
<testcase name="Enhanced Component Detection › should wait for React app to load and detect components" classname="enhanced-component-detection.spec.ts" time="0">
<skipped>
</skipped>
</testcase>
<testcase name="Enhanced Component Detection › should detect different component types" classname="enhanced-component-detection.spec.ts" time="0">
<skipped>
</skipped>
</testcase>
<testcase name="Enhanced Component Detection › should work with AgentInterface using enhanced detection" classname="enhanced-component-detection.spec.ts" time="0">
<skipped>
</skipped>
</testcase>
</testsuite>
<testsuite name="page-structure-analysis.spec.ts" timestamp="2025-06-22T13:27:52.372Z" hostname="chromium" tests="1" failures="0" skipped="1" time="0" errors="0">
<testcase name="Page Structure Analysis" classname="page-structure-analysis.spec.ts" time="0">
<skipped>
</skipped>
</testcase>
</testsuite>
<testsuite name="react-app-debug.spec.ts" timestamp="2025-06-22T13:27:52.372Z" hostname="chromium" tests="1" failures="0" skipped="1" time="0" errors="0">
<testcase name="React App Debug Analysis › analyze why React app root is empty" classname="react-app-debug.spec.ts" time="0">
<skipped>
</skipped>
</testcase>
</testsuite>
<testsuite name="universal-component-detection.spec.ts" timestamp="2025-06-22T13:27:52.372Z" hostname="chromium" tests="2" failures="0" skipped="2" time="0" errors="0">
<testcase name="AI Agent Interface - Universal Component Detection › should detect components using universal detector" classname="universal-component-detection.spec.ts" time="0">
<skipped>
</skipped>
</testcase>
<testcase name="AI Agent Interface - Universal Component Detection › should handle pages with no detectable components gracefully" classname="universal-component-detection.spec.ts" time="0">
<skipped>
</skipped>
</testcase>
</testsuite>
<testsuite name="ai-agent-phase2.spec.ts" timestamp="2025-06-22T13:27:52.372Z" hostname="firefox" tests="5" failures="0" skipped="5" time="0" errors="0">
<testcase name="AI Agent Phase 2 Advanced UI Testing › should perform advanced component detection with multiple strategies" classname="ai-agent-phase2.spec.ts" time="0">
<skipped>
</skipped>
</testcase>
<testcase name="AI Agent Phase 2 Advanced UI Testing › should perform intelligent interaction testing" classname="ai-agent-phase2.spec.ts" time="0">
<skipped>
</skipped>
</testcase>
<testcase name="AI Agent Phase 2 Advanced UI Testing › should perform UI pattern recognition and classification" classname="ai-agent-phase2.spec.ts" time="0">
<skipped>
</skipped>
</testcase>
<testcase name="AI Agent Phase 2 Advanced UI Testing › should perform automated accessibility analysis" classname="ai-agent-phase2.spec.ts" time="0">
<skipped>
</skipped>
</testcase>
<testcase name="AI Agent Phase 2 Advanced UI Testing › should perform performance-aware component testing" classname="ai-agent-phase2.spec.ts" time="0">
<skipped>
</skipped>
</testcase>
</testsuite>
<testsuite name="ai-agent.spec.ts" timestamp="2025-06-22T13:27:52.372Z" hostname="firefox" tests="5" failures="0" skipped="5" time="0" errors="0">
<testcase name="AI Agent Autonomous UI Testing › should detect and test UI components autonomously" classname="ai-agent.spec.ts" time="0">
<skipped>
</skipped>
</testcase>
<testcase name="AI Agent Autonomous UI Testing › should handle complex user workflows" classname="ai-agent.spec.ts" time="0">
<skipped>
</skipped>
</testcase>
<testcase name="AI Agent Autonomous UI Testing › should perform accessibility analysis" classname="ai-agent.spec.ts" time="0">
<skipped>
</skipped>
</testcase>
<testcase name="AI Agent Autonomous UI Testing › should detect performance issues" classname="ai-agent.spec.ts" time="0">
<skipped>
</skipped>
</testcase>
<testcase name="AI Agent Autonomous UI Testing › should handle error conditions gracefully" classname="ai-agent.spec.ts" time="0">
<skipped>
</skipped>
</testcase>
</testsuite>
<testsuite name="basic-ui.spec.ts" timestamp="2025-06-22T13:27:52.372Z" hostname="firefox" tests="4" failures="0" skipped="4" time="0" errors="0">
<testcase name="AI Agent Testing Infrastructure › should load the application homepage" classname="basic-ui.spec.ts" time="0">
<skipped>
</skipped>
</testcase>
<testcase name="AI Agent Testing Infrastructure › should detect basic UI elements" classname="basic-ui.spec.ts" time="0">
<skipped>
</skipped>
</testcase>
<testcase name="AI Agent Testing Infrastructure › should be accessible to screen readers" classname="basic-ui.spec.ts" time="0">
<skipped>
</skipped>
</testcase>
<testcase name="AI Agent Testing Infrastructure › should complete a basic interaction workflow" classname="basic-ui.spec.ts" time="0">
<skipped>
</skipped>
</testcase>
</testsuite>
<testsuite name="deep-react-debug.spec.ts" timestamp="2025-06-22T13:27:52.372Z" hostname="firefox" tests="1" failures="0" skipped="1" time="0" errors="0">
<testcase name="Deep React Debug Analysis › diagnose React mounting issues in detail" classname="deep-react-debug.spec.ts" time="0">
<skipped>
</skipped>
</testcase>
</testsuite>
<testsuite name="enhanced-component-detection.spec.ts" timestamp="2025-06-22T13:27:52.372Z" hostname="firefox" tests="3" failures="0" skipped="3" time="0" errors="0">
<testcase name="Enhanced Component Detection › should wait for React app to load and detect components" classname="enhanced-component-detection.spec.ts" time="0">
<skipped>
</skipped>
</testcase>
<testcase name="Enhanced Component Detection › should detect different component types" classname="enhanced-component-detection.spec.ts" time="0">
<skipped>
</skipped>
</testcase>
<testcase name="Enhanced Component Detection › should work with AgentInterface using enhanced detection" classname="enhanced-component-detection.spec.ts" time="0">
<skipped>
</skipped>
</testcase>
</testsuite>
<testsuite name="page-structure-analysis.spec.ts" timestamp="2025-06-22T13:27:52.372Z" hostname="firefox" tests="1" failures="0" skipped="1" time="0" errors="0">
<testcase name="Page Structure Analysis" classname="page-structure-analysis.spec.ts" time="0">
<skipped>
</skipped>
</testcase>
</testsuite>
<testsuite name="react-app-debug.spec.ts" timestamp="2025-06-22T13:27:52.372Z" hostname="firefox" tests="1" failures="0" skipped="1" time="0" errors="0">
<testcase name="React App Debug Analysis › analyze why React app root is empty" classname="react-app-debug.spec.ts" time="0">
<skipped>
</skipped>
</testcase>
</testsuite>
<testsuite name="universal-component-detection.spec.ts" timestamp="2025-06-22T13:27:52.372Z" hostname="firefox" tests="2" failures="0" skipped="2" time="0" errors="0">
<testcase name="AI Agent Interface - Universal Component Detection › should detect components using universal detector" classname="universal-component-detection.spec.ts" time="0">
<skipped>
</skipped>
</testcase>
<testcase name="AI Agent Interface - Universal Component Detection › should handle pages with no detectable components gracefully" classname="universal-component-detection.spec.ts" time="0">
<skipped>
</skipped>
</testcase>
</testsuite>
<testsuite name="ai-agent-phase2.spec.ts" timestamp="2025-06-22T13:27:52.372Z" hostname="webkit" tests="5" failures="0" skipped="5" time="0" errors="0">
<testcase name="AI Agent Phase 2 Advanced UI Testing › should perform advanced component detection with multiple strategies" classname="ai-agent-phase2.spec.ts" time="0">
<skipped>
</skipped>
</testcase>
<testcase name="AI Agent Phase 2 Advanced UI Testing › should perform intelligent interaction testing" classname="ai-agent-phase2.spec.ts" time="0">
<skipped>
</skipped>
</testcase>
<testcase name="AI Agent Phase 2 Advanced UI Testing › should perform UI pattern recognition and classification" classname="ai-agent-phase2.spec.ts" time="0">
<skipped>
</skipped>
</testcase>
<testcase name="AI Agent Phase 2 Advanced UI Testing › should perform automated accessibility analysis" classname="ai-agent-phase2.spec.ts" time="0">
<skipped>
</skipped>
</testcase>
<testcase name="AI Agent Phase 2 Advanced UI Testing › should perform performance-aware component testing" classname="ai-agent-phase2.spec.ts" time="0">
<skipped>
</skipped>
</testcase>
</testsuite>
<testsuite name="ai-agent.spec.ts" timestamp="2025-06-22T13:27:52.372Z" hostname="webkit" tests="5" failures="0" skipped="5" time="0" errors="0">
<testcase name="AI Agent Autonomous UI Testing › should detect and test UI components autonomously" classname="ai-agent.spec.ts" time="0">
<skipped>
</skipped>
</testcase>
<testcase name="AI Agent Autonomous UI Testing › should handle complex user workflows" classname="ai-agent.spec.ts" time="0">
<skipped>
</skipped>
</testcase>
<testcase name="AI Agent Autonomous UI Testing › should perform accessibility analysis" classname="ai-agent.spec.ts" time="0">
<skipped>
</skipped>
</testcase>
<testcase name="AI Agent Autonomous UI Testing › should detect performance issues" classname="ai-agent.spec.ts" time="0">
<skipped>
</skipped>
</testcase>
<testcase name="AI Agent Autonomous UI Testing › should handle error conditions gracefully" classname="ai-agent.spec.ts" time="0">
<skipped>
</skipped>
</testcase>
</testsuite>
<testsuite name="basic-ui.spec.ts" timestamp="2025-06-22T13:27:52.372Z" hostname="webkit" tests="4" failures="0" skipped="4" time="0" errors="0">
<testcase name="AI Agent Testing Infrastructure › should load the application homepage" classname="basic-ui.spec.ts" time="0">
<skipped>
</skipped>
</testcase>
<testcase name="AI Agent Testing Infrastructure › should detect basic UI elements" classname="basic-ui.spec.ts" time="0">
<skipped>
</skipped>
</testcase>
<testcase name="AI Agent Testing Infrastructure › should be accessible to screen readers" classname="basic-ui.spec.ts" time="0">
<skipped>
</skipped>
</testcase>
<testcase name="AI Agent Testing Infrastructure › should complete a basic interaction workflow" classname="basic-ui.spec.ts" time="0">
<skipped>
</skipped>
</testcase>
</testsuite>
<testsuite name="deep-react-debug.spec.ts" timestamp="2025-06-22T13:27:52.372Z" hostname="webkit" tests="1" failures="0" skipped="1" time="0" errors="0">
<testcase name="Deep React Debug Analysis › diagnose React mounting issues in detail" classname="deep-react-debug.spec.ts" time="0">
<skipped>
</skipped>
</testcase>
</testsuite>
<testsuite name="enhanced-component-detection.spec.ts" timestamp="2025-06-22T13:27:52.372Z" hostname="webkit" tests="3" failures="0" skipped="3" time="0" errors="0">
<testcase name="Enhanced Component Detection › should wait for React app to load and detect components" classname="enhanced-component-detection.spec.ts" time="0">
<skipped>
</skipped>
</testcase>
<testcase name="Enhanced Component Detection › should detect different component types" classname="enhanced-component-detection.spec.ts" time="0">
<skipped>
</skipped>
</testcase>
<testcase name="Enhanced Component Detection › should work with AgentInterface using enhanced detection" classname="enhanced-component-detection.spec.ts" time="0">
<skipped>
</skipped>
</testcase>
</testsuite>
<testsuite name="page-structure-analysis.spec.ts" timestamp="2025-06-22T13:27:52.372Z" hostname="webkit" tests="1" failures="0" skipped="1" time="0" errors="0">
<testcase name="Page Structure Analysis" classname="page-structure-analysis.spec.ts" time="0">
<skipped>
</skipped>
</testcase>
</testsuite>
<testsuite name="react-app-debug.spec.ts" timestamp="2025-06-22T13:27:52.372Z" hostname="webkit" tests="1" failures="0" skipped="1" time="0" errors="0">
<testcase name="React App Debug Analysis › analyze why React app root is empty" classname="react-app-debug.spec.ts" time="0">
<skipped>
</skipped>
</testcase>
</testsuite>
<testsuite name="universal-component-detection.spec.ts" timestamp="2025-06-22T13:27:52.372Z" hostname="webkit" tests="2" failures="0" skipped="2" time="0" errors="0">
<testcase name="AI Agent Interface - Universal Component Detection › should detect components using universal detector" classname="universal-component-detection.spec.ts" time="0">
<skipped>
</skipped>
</testcase>
<testcase name="AI Agent Interface - Universal Component Detection › should handle pages with no detectable components gracefully" classname="universal-component-detection.spec.ts" time="0">
<skipped>
</skipped>
</testcase>
</testsuite>
<testsuite name="ai-agent-phase2.spec.ts" timestamp="2025-06-22T13:27:52.372Z" hostname="mobile-chrome" tests="5" failures="0" skipped="5" time="0" errors="0">
<testcase name="AI Agent Phase 2 Advanced UI Testing › should perform advanced component detection with multiple strategies" classname="ai-agent-phase2.spec.ts" time="0">
<skipped>
</skipped>
</testcase>
<testcase name="AI Agent Phase 2 Advanced UI Testing › should perform intelligent interaction testing" classname="ai-agent-phase2.spec.ts" time="0">
<skipped>
</skipped>
</testcase>
<testcase name="AI Agent Phase 2 Advanced UI Testing › should perform UI pattern recognition and classification" classname="ai-agent-phase2.spec.ts" time="0">
<skipped>
</skipped>
</testcase>
<testcase name="AI Agent Phase 2 Advanced UI Testing › should perform automated accessibility analysis" classname="ai-agent-phase2.spec.ts" time="0">
<skipped>
</skipped>
</testcase>
<testcase name="AI Agent Phase 2 Advanced UI Testing › should perform performance-aware component testing" classname="ai-agent-phase2.spec.ts" time="0">
<skipped>
</skipped>
</testcase>
</testsuite>
<testsuite name="ai-agent.spec.ts" timestamp="2025-06-22T13:27:52.372Z" hostname="mobile-chrome" tests="5" failures="0" skipped="5" time="0" errors="0">
<testcase name="AI Agent Autonomous UI Testing › should detect and test UI components autonomously" classname="ai-agent.spec.ts" time="0">
<skipped>
</skipped>
</testcase>
<testcase name="AI Agent Autonomous UI Testing › should handle complex user workflows" classname="ai-agent.spec.ts" time="0">
<skipped>
</skipped>
</testcase>
<testcase name="AI Agent Autonomous UI Testing › should perform accessibility analysis" classname="ai-agent.spec.ts" time="0">
<skipped>
</skipped>
</testcase>
<testcase name="AI Agent Autonomous UI Testing › should detect performance issues" classname="ai-agent.spec.ts" time="0">
<skipped>
</skipped>
</testcase>
<testcase name="AI Agent Autonomous UI Testing › should handle error conditions gracefully" classname="ai-agent.spec.ts" time="0">
<skipped>
</skipped>
</testcase>
</testsuite>
<testsuite name="basic-ui.spec.ts" timestamp="2025-06-22T13:27:52.372Z" hostname="mobile-chrome" tests="4" failures="0" skipped="4" time="0" errors="0">
<testcase name="AI Agent Testing Infrastructure › should load the application homepage" classname="basic-ui.spec.ts" time="0">
<skipped>
</skipped>
</testcase>
<testcase name="AI Agent Testing Infrastructure › should detect basic UI elements" classname="basic-ui.spec.ts" time="0">
<skipped>
</skipped>
</testcase>
<testcase name="AI Agent Testing Infrastructure › should be accessible to screen readers" classname="basic-ui.spec.ts" time="0">
<skipped>
</skipped>
</testcase>
<testcase name="AI Agent Testing Infrastructure › should complete a basic interaction workflow" classname="basic-ui.spec.ts" time="0">
<skipped>
</skipped>
</testcase>
</testsuite>
<testsuite name="deep-react-debug.spec.ts" timestamp="2025-06-22T13:27:52.372Z" hostname="mobile-chrome" tests="1" failures="0" skipped="1" time="0" errors="0">
<testcase name="Deep React Debug Analysis › diagnose React mounting issues in detail" classname="deep-react-debug.spec.ts" time="0">
<skipped>
</skipped>
</testcase>
</testsuite>
<testsuite name="enhanced-component-detection.spec.ts" timestamp="2025-06-22T13:27:52.372Z" hostname="mobile-chrome" tests="3" failures="0" skipped="3" time="0" errors="0">
<testcase name="Enhanced Component Detection › should wait for React app to load and detect components" classname="enhanced-component-detection.spec.ts" time="0">
<skipped>
</skipped>
</testcase>
<testcase name="Enhanced Component Detection › should detect different component types" classname="enhanced-component-detection.spec.ts" time="0">
<skipped>
</skipped>
</testcase>
<testcase name="Enhanced Component Detection › should work with AgentInterface using enhanced detection" classname="enhanced-component-detection.spec.ts" time="0">
<skipped>
</skipped>
</testcase>
</testsuite>
<testsuite name="page-structure-analysis.spec.ts" timestamp="2025-06-22T13:27:52.372Z" hostname="mobile-chrome" tests="1" failures="0" skipped="1" time="0" errors="0">
<testcase name="Page Structure Analysis" classname="page-structure-analysis.spec.ts" time="0">
<skipped>
</skipped>
</testcase>
</testsuite>
<testsuite name="react-app-debug.spec.ts" timestamp="2025-06-22T13:27:52.372Z" hostname="mobile-chrome" tests="1" failures="0" skipped="1" time="0" errors="0">
<testcase name="React App Debug Analysis › analyze why React app root is empty" classname="react-app-debug.spec.ts" time="0">
<skipped>
</skipped>
</testcase>
</testsuite>
<testsuite name="universal-component-detection.spec.ts" timestamp="2025-06-22T13:27:52.372Z" hostname="mobile-chrome" tests="2" failures="0" skipped="2" time="0" errors="0">
<testcase name="AI Agent Interface - Universal Component Detection › should detect components using universal detector" classname="universal-component-detection.spec.ts" time="0">
<skipped>
</skipped>
</testcase>
<testcase name="AI Agent Interface - Universal Component Detection › should handle pages with no detectable components gracefully" classname="universal-component-detection.spec.ts" time="0">
<skipped>
</skipped>
</testcase>
</testsuite>
<testsuite name="ai-agent-phase2.spec.ts" timestamp="2025-06-22T13:27:52.372Z" hostname="mobile-safari" tests="5" failures="0" skipped="5" time="0" errors="0">
<testcase name="AI Agent Phase 2 Advanced UI Testing › should perform advanced component detection with multiple strategies" classname="ai-agent-phase2.spec.ts" time="0">
<skipped>
</skipped>
</testcase>
<testcase name="AI Agent Phase 2 Advanced UI Testing › should perform intelligent interaction testing" classname="ai-agent-phase2.spec.ts" time="0">
<skipped>
</skipped>
</testcase>
<testcase name="AI Agent Phase 2 Advanced UI Testing › should perform UI pattern recognition and classification" classname="ai-agent-phase2.spec.ts" time="0">
<skipped>
</skipped>
</testcase>
<testcase name="AI Agent Phase 2 Advanced UI Testing › should perform automated accessibility analysis" classname="ai-agent-phase2.spec.ts" time="0">
<skipped>
</skipped>
</testcase>
<testcase name="AI Agent Phase 2 Advanced UI Testing › should perform performance-aware component testing" classname="ai-agent-phase2.spec.ts" time="0">
<skipped>
</skipped>
</testcase>
</testsuite>
<testsuite name="ai-agent.spec.ts" timestamp="2025-06-22T13:27:52.372Z" hostname="mobile-safari" tests="5" failures="0" skipped="5" time="0" errors="0">
<testcase name="AI Agent Autonomous UI Testing › should detect and test UI components autonomously" classname="ai-agent.spec.ts" time="0">
<skipped>
</skipped>
</testcase>
<testcase name="AI Agent Autonomous UI Testing › should handle complex user workflows" classname="ai-agent.spec.ts" time="0">
<skipped>
</skipped>
</testcase>
<testcase name="AI Agent Autonomous UI Testing › should perform accessibility analysis" classname="ai-agent.spec.ts" time="0">
<skipped>
</skipped>
</testcase>
<testcase name="AI Agent Autonomous UI Testing › should detect performance issues" classname="ai-agent.spec.ts" time="0">
<skipped>
</skipped>
</testcase>
<testcase name="AI Agent Autonomous UI Testing › should handle error conditions gracefully" classname="ai-agent.spec.ts" time="0">
<skipped>
</skipped>
</testcase>
</testsuite>
<testsuite name="basic-ui.spec.ts" timestamp="2025-06-22T13:27:52.372Z" hostname="mobile-safari" tests="4" failures="0" skipped="4" time="0" errors="0">
<testcase name="AI Agent Testing Infrastructure › should load the application homepage" classname="basic-ui.spec.ts" time="0">
<skipped>
</skipped>
</testcase>
<testcase name="AI Agent Testing Infrastructure › should detect basic UI elements" classname="basic-ui.spec.ts" time="0">
<skipped>
</skipped>
</testcase>
<testcase name="AI Agent Testing Infrastructure › should be accessible to screen readers" classname="basic-ui.spec.ts" time="0">
<skipped>
</skipped>
</testcase>
<testcase name="AI Agent Testing Infrastructure › should complete a basic interaction workflow" classname="basic-ui.spec.ts" time="0">
<skipped>
</skipped>
</testcase>
</testsuite>
<testsuite name="deep-react-debug.spec.ts" timestamp="2025-06-22T13:27:52.372Z" hostname="mobile-safari" tests="1" failures="0" skipped="1" time="0" errors="0">
<testcase name="Deep React Debug Analysis › diagnose React mounting issues in detail" classname="deep-react-debug.spec.ts" time="0">
<skipped>
</skipped>
</testcase>
</testsuite>
<testsuite name="enhanced-component-detection.spec.ts" timestamp="2025-06-22T13:27:52.372Z" hostname="mobile-safari" tests="3" failures="0" skipped="3" time="0" errors="0">
<testcase name="Enhanced Component Detection › should wait for React app to load and detect components" classname="enhanced-component-detection.spec.ts" time="0">
<skipped>
</skipped>
</testcase>
<testcase name="Enhanced Component Detection › should detect different component types" classname="enhanced-component-detection.spec.ts" time="0">
<skipped>
</skipped>
</testcase>
<testcase name="Enhanced Component Detection › should work with AgentInterface using enhanced detection" classname="enhanced-component-detection.spec.ts" time="0">
<skipped>
</skipped>
</testcase>
</testsuite>
<testsuite name="page-structure-analysis.spec.ts" timestamp="2025-06-22T13:27:52.372Z" hostname="mobile-safari" tests="1" failures="0" skipped="1" time="0" errors="0">
<testcase name="Page Structure Analysis" classname="page-structure-analysis.spec.ts" time="0">
<skipped>
</skipped>
</testcase>
</testsuite>
<testsuite name="react-app-debug.spec.ts" timestamp="2025-06-22T13:27:52.372Z" hostname="mobile-safari" tests="1" failures="0" skipped="1" time="0" errors="0">
<testcase name="React App Debug Analysis › analyze why React app root is empty" classname="react-app-debug.spec.ts" time="0">
<skipped>
</skipped>
</testcase>
</testsuite>
<testsuite name="universal-component-detection.spec.ts" timestamp="2025-06-22T13:27:52.372Z" hostname="mobile-safari" tests="2" failures="0" skipped="2" time="0" errors="0">
<testcase name="AI Agent Interface - Universal Component Detection › should detect components using universal detector" classname="universal-component-detection.spec.ts" time="0">
<skipped>
</skipped>
</testcase>
<testcase name="AI Agent Interface - Universal Component Detection › should handle pages with no detectable components gracefully" classname="universal-component-detection.spec.ts" time="0">
<skipped>
</skipped>
</testcase>
</testsuite>
<testsuite name="ai-agent.spec.ts" timestamp="2025-06-22T13:27:52.372Z" hostname="ai-agent" tests="5" failures="0" skipped="5" time="0" errors="0">
<testcase name="AI Agent Autonomous UI Testing › should detect and test UI components autonomously" classname="ai-agent.spec.ts" time="0">
<skipped>
</skipped>
</testcase>
<testcase name="AI Agent Autonomous UI Testing › should handle complex user workflows" classname="ai-agent.spec.ts" time="0">
<skipped>
</skipped>
</testcase>
<testcase name="AI Agent Autonomous UI Testing › should perform accessibility analysis" classname="ai-agent.spec.ts" time="0">
<skipped>
</skipped>
</testcase>
<testcase name="AI Agent Autonomous UI Testing › should detect performance issues" classname="ai-agent.spec.ts" time="0">
<skipped>
</skipped>
</testcase>
<testcase name="AI Agent Autonomous UI Testing › should handle error conditions gracefully" classname="ai-agent.spec.ts" time="0">
<skipped>
</skipped>
</testcase>
</testsuite>
</testsuites>